#
# There is insufficient memory for the Java Runtime Environment to continue.
# Native memory allocation (mmap) failed to map 112197632 bytes for committing reserved memory.
# Possible reasons:
#   The system is out of physical RAM or swap space
#   In 32 bit mode, the process size limit was hit
# Possible solutions:
#   Reduce memory load on the system
#   Increase physical memory or swap space
#   Check if swap backing store is full
#   Use 64 bit Java on a 64 bit OS
#   Decrease Java heap size (-Xmx/-Xms)
#   Decrease number of Java threads
#   Decrease Java thread stack sizes (-Xss)
#   Set larger code cache with -XX:ReservedCodeCacheSize=
# This output file may be truncated or incomplete.
#
#  Out of Memory Error (os_linux.cpp:2673), pid=9923, tid=140203707209472
#
# JRE version: Java(TM) SE Runtime Environment (8.0_45-b14) (build 1.8.0_45-b14)
# Java VM: Java HotSpot(TM) 64-Bit Server VM (25.45-b02 mixed mode linux-amd64 compressed oops)
# Failed to write core dump. Core dumps have been disabled. To enable core dumping, try "ulimit -c unlimited" before starting Java again
#

---------------  T H R E A D  ---------------

Current thread (0x00007f83b4079800):  VMThread [stack: 0x00007f83b81a1000,0x00007f83b82a2000] [id=9932]

Stack: [0x00007f83b81a1000,0x00007f83b82a2000],  sp=0x00007f83b829ffa0,  free space=1019k
Native frames: (J=compiled Java code, j=interpreted, Vv=VM code, C=native code)
V  [libjvm.so+0xaac99a]  VMError::report_and_die()+0x2ba
V  [libjvm.so+0x4f333b]  report_vm_out_of_memory(char const*, int, unsigned long, VMErrorType, char const*)+0x8b
V  [libjvm.so+0x90e7c3]  os::Linux::commit_memory_impl(char*, unsigned long, bool)+0x103
V  [libjvm.so+0x90ed19]  os::pd_commit_memory(char*, unsigned long, unsigned long, bool)+0x29
V  [libjvm.so+0x90867a]  os::commit_memory(char*, unsigned long, unsigned long, bool)+0x2a
V  [libjvm.so+0x97bac3]  PSVirtualSpace::expand_by(unsigned long)+0x53
V  [libjvm.so+0x97cec8]  PSYoungGen::resize_generation(unsigned long, unsigned long)+0xf8
V  [libjvm.so+0x97c022]  PSYoungGen::resize(unsigned long, unsigned long)+0x22
V  [libjvm.so+0x9792fb]  PSScavenge::invoke_no_policy()+0xf7b
V  [libjvm.so+0x979a81]  PSScavenge::invoke()+0x41
V  [libjvm.so+0x932050]  ParallelScavengeHeap::failed_mem_allocate(unsigned long)+0x70
V  [libjvm.so+0xaae1d7]  VM_ParallelGCFailedAllocation::doit()+0x97
V  [libjvm.so+0xab59c5]  VM_Operation::evaluate()+0x55
V  [libjvm.so+0xab3d9a]  VMThread::evaluate_operation(VM_Operation*)+0xba
V  [libjvm.so+0xab411e]  VMThread::loop()+0x1ce
V  [libjvm.so+0xab4590]  VMThread::run()+0x70
V  [libjvm.so+0x910de8]  java_start(Thread*)+0x108

VM_Operation (0x00007f83bd2e80d0): ParallelGCFailedAllocation, mode: safepoint, requested by thread 0x00007f83b400b000


---------------  P R O C E S S  ---------------

Java Threads: ( => current thread )
  0x00007f83b40c2000 JavaThread "Service Thread" daemon [_thread_blocked, id=9939, stack(0x00007f83a49fa000,0x00007f83a4afb000)]
  0x00007f83b40bd000 JavaThread "C1 CompilerThread2" daemon [_thread_blocked, id=9938, stack(0x00007f83a4afb000,0x00007f83a4bfc000)]
  0x00007f83b40bb000 JavaThread "C2 CompilerThread1" daemon [_thread_blocked, id=9937, stack(0x00007f83a4bfc000,0x00007f83a4cfd000)]
  0x00007f83b40b8000 JavaThread "C2 CompilerThread0" daemon [_thread_blocked, id=9936, stack(0x00007f83a4cfd000,0x00007f83a4dfe000)]
  0x00007f83b40b6800 JavaThread "Signal Dispatcher" daemon [_thread_blocked, id=9935, stack(0x00007f83a4dfe000,0x00007f83a4eff000)]
  0x00007f83b4080800 JavaThread "Finalizer" daemon [_thread_blocked, id=9934, stack(0x00007f83a4eff000,0x00007f83a5000000)]
  0x00007f83b407e800 JavaThread "Reference Handler" daemon [_thread_blocked, id=9933, stack(0x00007f83b80a0000,0x00007f83b81a1000)]
  0x00007f83b400b000 JavaThread "main" [_thread_blocked, id=9927, stack(0x00007f83bd1e9000,0x00007f83bd2ea000)]

Other Threads:
=>0x00007f83b4079800 VMThread [stack: 0x00007f83b81a1000,0x00007f83b82a2000] [id=9932]
  0x00007f83b40c4800 WatcherThread [stack: 0x00007f83a48f9000,0x00007f83a49fa000] [id=9940]

VM state:at safepoint (normal execution)

VM Mutex/Monitor currently owned by a thread:  ([mutex/lock_event])
[0x00007f83b4008950] Threads_lock - owner thread: 0x00007f83b4079800
[0x00007f83b4008e50] Heap_lock - owner thread: 0x00007f83b400b000

Heap:
 PSYoungGen      total 107520K, used 11263K [0x00000000eab00000, 0x00000000f1f00000, 0x0000000100000000)
  eden space 96256K, 0% used [0x00000000eab00000,0x00000000eab00000,0x00000000f0900000)
  from space 11264K, 99% used [0x00000000f0900000,0x00000000f13ffcf8,0x00000000f1400000)
  to   space 11264K, 0% used [0x00000000f1400000,0x00000000f1400000,0x00000000f1f00000)
 ParOldGen       total 62976K, used 31480K [0x00000000c0000000, 0x00000000c3d80000, 0x00000000eab00000)
  object space 62976K, 49% used [0x00000000c0000000,0x00000000c1ebe2a0,0x00000000c3d80000)
 Metaspace       used 7763K, capacity 8138K, committed 8320K, reserved 1056768K
  class space    used 757K, capacity 821K, committed 896K, reserved 1048576K

Card table byte_map: [0x00007f83ba3fe000,0x00007f83ba5ff000] byte_map_base: 0x00007f83b9dfe000

Marking Bits: (ParMarkBitMap*) 0x00007f83bc6cf760
 Begin Bits: [0x00007f839e000000, 0x00007f839f000000)
 End Bits:   [0x00007f839f000000, 0x00007f83a0000000)

Polling page: 0x00007f83bd30c000

CodeCache: size=245760Kb used=8718Kb max_used=8733Kb free=237041Kb
 bounds [0x00007f83a5000000, 0x00007f83a58a0000, 0x00007f83b4000000]
 total_blobs=2807 nmethods=2511 adapters=210
 compilation: enabled

Compilation events (10 events):
Event: 4,268 Thread 0x00007f83b40bb000 nmethod 2514 0x00007f83a5885990 code [0x00007f83a5885ae0, 0x00007f83a5885c38]
Event: 4,268 Thread 0x00007f83b40bb000 2515       4       com.android.dx.io.instructions.InstructionCodec$3::encode (25 bytes)
Event: 4,270 Thread 0x00007f83b40bb000 nmethod 2515 0x00007f83a5885350 code [0x00007f83a58854c0, 0x00007f83a58856d8]
Event: 4,270 Thread 0x00007f83b40bb000 2507       4       com.android.dx.merge.SortableType::<init> (20 bytes)
Event: 4,271 Thread 0x00007f83b40bb000 nmethod 2507 0x00007f83a5844750 code [0x00007f83a58448a0, 0x00007f83a5844938]
Event: 4,271 Thread 0x00007f83b40bb000 2511       4       com.android.dex.Dex$Section::readClassData (66 bytes)
Event: 4,293 Thread 0x00007f83b40bd000 2522       3       java.lang.Long::numberOfTrailingZeros (116 bytes)
Event: 4,293 Thread 0x00007f83b40bd000 nmethod 2522 0x00007f83a5884e50 code [0x00007f83a5884fc0, 0x00007f83a58852d0]
Event: 4,303 Thread 0x00007f83b40bb000 nmethod 2511 0x00007f83a588f2d0 code [0x00007f83a588f4c0, 0x00007f83a5890490]
Event: 4,303 Thread 0x00007f83b40bb000 2489       4       com.android.dx.merge.DexMerger$7::updateIndex (16 bytes)

GC Heap History (10 events):
Event: 2,409 GC heap after
Heap after GC invocations=2 (full 0):
 PSYoungGen      total 27648K, used 3575K [0x00000000eab00000, 0x00000000ee100000, 0x0000000100000000)
  eden space 24064K, 0% used [0x00000000eab00000,0x00000000eab00000,0x00000000ec280000)
  from space 3584K, 99% used [0x00000000ec600000,0x00000000ec97dcb0,0x00000000ec980000)
  to   space 3584K, 0% used [0x00000000ec280000,0x00000000ec280000,0x00000000ec600000)
 ParOldGen       total 62976K, used 8603K [0x00000000c0000000, 0x00000000c3d80000, 0x00000000eab00000)
  object space 62976K, 13% used [0x00000000c0000000,0x00000000c0866d90,0x00000000c3d80000)
 Metaspace       used 5603K, capacity 6896K, committed 7040K, reserved 1056768K
  class space    used 545K, capacity 616K, committed 640K, reserved 1048576K
}
Event: 2,834 GC heap before
{Heap before GC invocations=3 (full 0):
 PSYoungGen      total 27648K, used 27639K [0x00000000eab00000, 0x00000000ee100000, 0x0000000100000000)
  eden space 24064K, 100% used [0x00000000eab00000,0x00000000ec280000,0x00000000ec280000)
  from space 3584K, 99% used [0x00000000ec600000,0x00000000ec97dcb0,0x00000000ec980000)
  to   space 3584K, 0% used [0x00000000ec280000,0x00000000ec280000,0x00000000ec600000)
 ParOldGen       total 62976K, used 8603K [0x00000000c0000000, 0x00000000c3d80000, 0x00000000eab00000)
  object space 62976K, 13% used [0x00000000c0000000,0x00000000c0866d90,0x00000000c3d80000)
 Metaspace       used 6043K, capacity 7216K, committed 7296K, reserved 1056768K
  class space    used 571K, capacity 616K, committed 640K, reserved 1048576K
Event: 2,843 GC heap after
Heap after GC invocations=3 (full 0):
 PSYoungGen      total 27648K, used 3564K [0x00000000eab00000, 0x00000000ee100000, 0x0000000100000000)
  eden space 24064K, 0% used [0x00000000eab00000,0x00000000eab00000,0x00000000ec280000)
  from space 3584K, 99% used [0x00000000ec280000,0x00000000ec5fb288,0x00000000ec600000)
  to   space 3584K, 0% used [0x00000000edd80000,0x00000000edd80000,0x00000000ee100000)
 ParOldGen       total 62976K, used 14980K [0x00000000c0000000, 0x00000000c3d80000, 0x00000000eab00000)
  object space 62976K, 23% used [0x00000000c0000000,0x00000000c0ea13f0,0x00000000c3d80000)
 Metaspace       used 6043K, capacity 7216K, committed 7296K, reserved 1056768K
  class space    used 571K, capacity 616K, committed 640K, reserved 1048576K
}
Event: 3,480 GC heap before
{Heap before GC invocations=4 (full 0):
 PSYoungGen      total 27648K, used 27422K [0x00000000eab00000, 0x00000000ee100000, 0x0000000100000000)
  eden space 24064K, 99% used [0x00000000eab00000,0x00000000ec24c770,0x00000000ec280000)
  from space 3584K, 99% used [0x00000000ec280000,0x00000000ec5fb288,0x00000000ec600000)
  to   space 3584K, 0% used [0x00000000edd80000,0x00000000edd80000,0x00000000ee100000)
 ParOldGen       total 62976K, used 14980K [0x00000000c0000000, 0x00000000c3d80000, 0x00000000eab00000)
  object space 62976K, 23% used [0x00000000c0000000,0x00000000c0ea13f0,0x00000000c3d80000)
 Metaspace       used 7619K, capacity 8036K, committed 8320K, reserved 1056768K
  class space    used 748K, capacity 788K, committed 896K, reserved 1048576K
Event: 3,490 GC heap after
Heap after GC invocations=4 (full 0):
 PSYoungGen      total 51712K, used 3557K [0x00000000eab00000, 0x00000000ee100000, 0x0000000100000000)
  eden space 48128K, 0% used [0x00000000eab00000,0x00000000eab00000,0x00000000eda00000)
  from space 3584K, 99% used [0x00000000edd80000,0x00000000ee0f9680,0x00000000ee100000)
  to   space 3584K, 0% used [0x00000000eda00000,0x00000000eda00000,0x00000000edd80000)
 ParOldGen       total 62976K, used 17095K [0x00000000c0000000, 0x00000000c3d80000, 0x00000000eab00000)
  object space 62976K, 27% used [0x00000000c0000000,0x00000000c10b1ca8,0x00000000c3d80000)
 Metaspace       used 7619K, capacity 8036K, committed 8320K, reserved 1056768K
  class space    used 748K, capacity 788K, committed 896K, reserved 1048576K
}
Event: 3,770 GC heap before
{Heap before GC invocations=5 (full 0):
 PSYoungGen      total 51712K, used 51685K [0x00000000eab00000, 0x00000000ee100000, 0x0000000100000000)
  eden space 48128K, 100% used [0x00000000eab00000,0x00000000eda00000,0x00000000eda00000)
  from space 3584K, 99% used [0x00000000edd80000,0x00000000ee0f9680,0x00000000ee100000)
  to   space 3584K, 0% used [0x00000000eda00000,0x00000000eda00000,0x00000000edd80000)
 ParOldGen       total 62976K, used 17095K [0x00000000c0000000, 0x00000000c3d80000, 0x00000000eab00000)
  object space 62976K, 27% used [0x00000000c0000000,0x00000000c10b1ca8,0x00000000c3d80000)
 Metaspace       used 7734K, capacity 8074K, committed 8320K, reserved 1056768K
  class space    used 757K, capacity 821K, committed 896K, reserved 1048576K
Event: 3,781 GC heap after
Heap after GC invocations=5 (full 0):
 PSYoungGen      total 51712K, used 3572K [0x00000000eab00000, 0x00000000f1f00000, 0x0000000100000000)
  eden space 48128K, 0% used [0x00000000eab00000,0x00000000eab00000,0x00000000eda00000)
  from space 3584K, 99% used [0x00000000eda00000,0x00000000edd7d078,0x00000000edd80000)
  to   space 11264K, 0% used [0x00000000f1400000,0x00000000f1400000,0x00000000f1f00000)
 ParOldGen       total 62976K, used 21064K [0x00000000c0000000, 0x00000000c3d80000, 0x00000000eab00000)
  object space 62976K, 33% used [0x00000000c0000000,0x00000000c1492188,0x00000000c3d80000)
 Metaspace       used 7734K, capacity 8074K, committed 8320K, reserved 1056768K
  class space    used 757K, capacity 821K, committed 896K, reserved 1048576K
}
Event: 3,965 GC heap before
{Heap before GC invocations=6 (full 0):
 PSYoungGen      total 51712K, used 51700K [0x00000000eab00000, 0x00000000f1f00000, 0x0000000100000000)
  eden space 48128K, 100% used [0x00000000eab00000,0x00000000eda00000,0x00000000eda00000)
  from space 3584K, 99% used [0x00000000eda00000,0x00000000edd7d078,0x00000000edd80000)
  to   space 11264K, 0% used [0x00000000f1400000,0x00000000f1400000,0x00000000f1f00000)
 ParOldGen       total 62976K, used 21064K [0x00000000c0000000, 0x00000000c3d80000, 0x00000000eab00000)
  object space 62976K, 33% used [0x00000000c0000000,0x00000000c1492188,0x00000000c3d80000)
 Metaspace       used 7751K, capacity 8138K, committed 8320K, reserved 1056768K
  class space    used 757K, capacity 821K, committed 896K, reserved 1048576K
Event: 3,975 GC heap after
Heap after GC invocations=6 (full 0):
 PSYoungGen      total 107520K, used 5948K [0x00000000eab00000, 0x00000000f1f00000, 0x0000000100000000)
  eden space 96256K, 0% used [0x00000000eab00000,0x00000000eab00000,0x00000000f0900000)
  from space 11264K, 52% used [0x00000000f1400000,0x00000000f19cf0c8,0x00000000f1f00000)
  to   space 11264K, 0% used [0x00000000f0900000,0x00000000f0900000,0x00000000f1400000)
 ParOldGen       total 62976K, used 21064K [0x00000000c0000000, 0x00000000c3d80000, 0x00000000eab00000)
  object space 62976K, 33% used [0x00000000c0000000,0x00000000c1492188,0x00000000c3d80000)
 Metaspace       used 7751K, capacity 8138K, committed 8320K, reserved 1056768K
  class space    used 757K, capacity 821K, committed 896K, reserved 1048576K
}
Event: 4,304 GC heap before
{Heap before GC invocations=7 (full 0):
 PSYoungGen      total 107520K, used 102204K [0x00000000eab00000, 0x00000000f1f00000, 0x0000000100000000)
  eden space 96256K, 100% used [0x00000000eab00000,0x00000000f0900000,0x00000000f0900000)
  from space 11264K, 52% used [0x00000000f1400000,0x00000000f19cf0c8,0x00000000f1f00000)
  to   space 11264K, 0% used [0x00000000f0900000,0x00000000f0900000,0x00000000f1400000)
 ParOldGen       total 62976K, used 21064K [0x00000000c0000000, 0x00000000c3d80000, 0x00000000eab00000)
  object space 62976K, 33% used [0x00000000c0000000,0x00000000c1492188,0x00000000c3d80000)
 Metaspace       used 7763K, capacity 8138K, committed 8320K, reserved 1056768K
  class space    used 757K, capacity 821K, committed 896K, reserved 1048576K

Deoptimization events (10 events):
Event: 3,119 Thread 0x00007f83b400b000 Uncommon trap: reason=unstable_if action=reinterpret pc=0x00007f83a565e5f8 method=sun.misc.MetaIndex.mayContain(Ljava/lang/String;)Z @ 13
Event: 3,121 Thread 0x00007f83b400b000 Uncommon trap: reason=class_check action=maybe_recompile pc=0x00007f83a5522338 method=java.util.ArrayList.<init>(Ljava/util/Collection;)V @ 6
Event: 3,186 Thread 0x00007f83b400b000 Uncommon trap: reason=class_check action=maybe_recompile pc=0x00007f83a5522338 method=java.util.ArrayList.<init>(Ljava/util/Collection;)V @ 6
Event: 3,241 Thread 0x00007f83b400b000 Uncommon trap: reason=predicate action=maybe_recompile pc=0x00007f83a56ec198 method=com.android.dex.Leb128.readUnsignedLeb128(Lcom/android/dex/util/ByteInput;)I @ 41
Event: 3,379 Thread 0x00007f83b400b000 Uncommon trap: reason=unstable_if action=reinterpret pc=0x00007f83a56bfb4c method=java.util.HashMap.getNode(ILjava/lang/Object;)Ljava/util/HashMap$Node; @ 84
Event: 3,379 Thread 0x00007f83b400b000 Uncommon trap: reason=unstable_if action=reinterpret pc=0x00007f83a556eb2c method=java.util.HashMap.getNode(ILjava/lang/Object;)Ljava/util/HashMap$Node; @ 84
Event: 3,494 Thread 0x00007f83b400b000 Uncommon trap: reason=unstable_if action=reinterpret pc=0x00007f83a56f9760 method=com.android.dex.FieldId.compareTo(Lcom/android/dex/FieldId;)I @ 8
Event: 3,494 Thread 0x00007f83b400b000 Uncommon trap: reason=unstable_if action=reinterpret pc=0x00007f83a5712614 method=com.android.dex.FieldId.compareTo(Lcom/android/dex/FieldId;)I @ 8
Event: 3,824 Thread 0x00007f83b400b000 Uncommon trap: reason=unstable_if action=reinterpret pc=0x00007f83a57e5958 method=com.android.dex.EncodedValueCodec.readUnsignedInt(Lcom/android/dex/util/ByteInput;IZ)I @ 3
Event: 4,096 Thread 0x00007f83b400b000 Uncommon trap: reason=unstable_if action=reinterpret pc=0x00007f83a54536dc method=java.lang.Long.numberOfTrailingZeros(J)I @ 3

Internal exceptions (7 events):
Event: 0,495 Thread 0x00007f83b400b000 Exception <a 'java/lang/NoSuchMethodError': Method sun.misc.Unsafe.defineClass(Ljava/lang/String;[BII)Ljava/lang/Class; name or signature does not match> (0x00000000eab128a0) thrown at [/RE-WORK/workspace/8-2-build-linux-amd64/jdk8u45/3457/hotspot/src/sha
Event: 0,495 Thread 0x00007f83b400b000 Exception <a 'java/lang/NoSuchMethodError': Method sun.misc.Unsafe.prefetchRead(Ljava/lang/Object;J)V name or signature does not match> (0x00000000eab12b30) thrown at [/RE-WORK/workspace/8-2-build-linux-amd64/jdk8u45/3457/hotspot/src/share/vm/prims/jni.cp
Event: 1,880 Thread 0x00007f83b400b000 Implicit null exception at 0x00007f83a54488a2 to 0x00007f83a5448993
Event: 3,119 Thread 0x00007f83b400b000 Exception <a 'java/security/PrivilegedActionException'> (0x00000000eaf5a9a0) thrown at [/RE-WORK/workspace/8-2-build-linux-amd64/jdk8u45/3457/hotspot/src/share/vm/prims/jvm.cpp, line 1382]
Event: 3,119 Thread 0x00007f83b400b000 Exception <a 'java/security/PrivilegedActionException'> (0x00000000eaf5ace8) thrown at [/RE-WORK/workspace/8-2-build-linux-amd64/jdk8u45/3457/hotspot/src/share/vm/prims/jvm.cpp, line 1382]
Event: 3,120 Thread 0x00007f83b400b000 Exception <a 'java/security/PrivilegedActionException'> (0x00000000eaf5d198) thrown at [/RE-WORK/workspace/8-2-build-linux-amd64/jdk8u45/3457/hotspot/src/share/vm/prims/jvm.cpp, line 1382]
Event: 3,120 Thread 0x00007f83b400b000 Exception <a 'java/security/PrivilegedActionException'> (0x00000000eaf5d4e0) thrown at [/RE-WORK/workspace/8-2-build-linux-amd64/jdk8u45/3457/hotspot/src/share/vm/prims/jvm.cpp, line 1382]

Events (10 events):
Event: 3,781 Executing VM operation: ParallelGCFailedAllocation done
Event: 3,824 Thread 0x00007f83b400b000 Uncommon trap: trap_request=0xffffff65 fr.pc=0x00007f83a57e5958
Event: 3,824 Thread 0x00007f83b400b000 DEOPT PACKING pc=0x00007f83a57e5958 sp=0x00007f83bd2e82e0
Event: 3,824 Thread 0x00007f83b400b000 DEOPT UNPACKING pc=0x00007f83a5005229 sp=0x00007f83bd2e82b8 mode 2
Event: 3,965 Executing VM operation: ParallelGCFailedAllocation
Event: 3,975 Executing VM operation: ParallelGCFailedAllocation done
Event: 4,096 Thread 0x00007f83b400b000 Uncommon trap: trap_request=0xffffff65 fr.pc=0x00007f83a54536dc
Event: 4,096 Thread 0x00007f83b400b000 DEOPT PACKING pc=0x00007f83a54536dc sp=0x00007f83bd2e81b0
Event: 4,096 Thread 0x00007f83b400b000 DEOPT UNPACKING pc=0x00007f83a5005229 sp=0x00007f83bd2e8160 mode 2
Event: 4,304 Executing VM operation: ParallelGCFailedAllocation


Dynamic libraries:
00400000-00401000 r-xp 00000000 08:06 3283318                            /usr/java/jdk1.8.0_45/bin/java
00600000-00601000 rw-p 00000000 08:06 3283318                            /usr/java/jdk1.8.0_45/bin/java
021d6000-021f7000 rw-p 00000000 00:00 0                                  [heap]
c0000000-c3d80000 rw-p 00000000 00:00 0 
c3d80000-eab00000 ---p 00000000 00:00 0 
eab00000-f1f00000 rw-p 00000000 00:00 0 
f8a00000-100000000 ---p 00000000 00:00 0 
100000000-1000e0000 rw-p 00000000 00:00 0 
1000e0000-140000000 ---p 00000000 00:00 0 
7f835c000000-7f835c021000 rw-p 00000000 00:00 0 
7f835c021000-7f8360000000 ---p 00000000 00:00 0 
7f8364000000-7f836473d000 rw-p 00000000 00:00 0 
7f836473d000-7f8368000000 ---p 00000000 00:00 0 
7f8368000000-7f8368021000 rw-p 00000000 00:00 0 
7f8368021000-7f836c000000 ---p 00000000 00:00 0 
7f836c000000-7f836c7c9000 rw-p 00000000 00:00 0 
7f836c7c9000-7f8370000000 ---p 00000000 00:00 0 
7f8370000000-7f837055a000 rw-p 00000000 00:00 0 
7f837055a000-7f8374000000 ---p 00000000 00:00 0 
7f8374000000-7f8374021000 rw-p 00000000 00:00 0 
7f8374021000-7f8378000000 ---p 00000000 00:00 0 
7f8379a8d000-7f8380000000 r--p 00000000 08:06 3155507                    /usr/lib/locale/locale-archive
7f8380000000-7f8380021000 rw-p 00000000 00:00 0 
7f8380021000-7f8384000000 ---p 00000000 00:00 0 
7f8384000000-7f8384021000 rw-p 00000000 00:00 0 
7f8384021000-7f8388000000 ---p 00000000 00:00 0 
7f8388000000-7f8388021000 rw-p 00000000 00:00 0 
7f8388021000-7f838c000000 ---p 00000000 00:00 0 
7f838c000000-7f838c295000 rw-p 00000000 00:00 0 
7f838c295000-7f8390000000 ---p 00000000 00:00 0 
7f8390000000-7f8390021000 rw-p 00000000 00:00 0 
7f8390021000-7f8394000000 ---p 00000000 00:00 0 
7f8398000000-7f8398021000 rw-p 00000000 00:00 0 
7f8398021000-7f839c000000 ---p 00000000 00:00 0 
7f839e000000-7f83a0000000 rw-p 00000000 00:00 0 
7f83a0000000-7f83a0021000 rw-p 00000000 00:00 0 
7f83a0021000-7f83a4000000 ---p 00000000 00:00 0 
7f83a46f6000-7f83a46f8000 r-xp 00000000 08:06 3410305                    /usr/lib64/gconv/ISO8859-1.so
7f83a46f8000-7f83a48f7000 ---p 00002000 08:06 3410305                    /usr/lib64/gconv/ISO8859-1.so
7f83a48f7000-7f83a48f8000 r--p 00001000 08:06 3410305                    /usr/lib64/gconv/ISO8859-1.so
7f83a48f8000-7f83a48f9000 rw-p 00002000 08:06 3410305                    /usr/lib64/gconv/ISO8859-1.so
7f83a48f9000-7f83a48fa000 ---p 00000000 00:00 0 
7f83a48fa000-7f83a49fa000 rw-p 00000000 00:00 0                          [stack:9940]
7f83a49fa000-7f83a49fd000 ---p 00000000 00:00 0 
7f83a49fd000-7f83a4afb000 rw-p 00000000 00:00 0                          [stack:9939]
7f83a4afb000-7f83a4afe000 ---p 00000000 00:00 0 
7f83a4afe000-7f83a4bfc000 rw-p 00000000 00:00 0                          [stack:9938]
7f83a4bfc000-7f83a4bff000 ---p 00000000 00:00 0 
7f83a4bff000-7f83a4cfd000 rw-p 00000000 00:00 0                          [stack:9937]
7f83a4cfd000-7f83a4d00000 ---p 00000000 00:00 0 
7f83a4d00000-7f83a4dfe000 rw-p 00000000 00:00 0                          [stack:9936]
7f83a4dfe000-7f83a4e01000 ---p 00000000 00:00 0 
7f83a4e01000-7f83a4eff000 rw-p 00000000 00:00 0                          [stack:9935]
7f83a4eff000-7f83a4f02000 ---p 00000000 00:00 0 
7f83a4f02000-7f83a5000000 rw-p 00000000 00:00 0                          [stack:9934]
7f83a5000000-7f83a58a0000 rwxp 00000000 00:00 0 
7f83a58a0000-7f83b4000000 ---p 00000000 00:00 0 
7f83b4000000-7f83b4390000 rw-p 00000000 00:00 0 
7f83b4390000-7f83b8000000 ---p 00000000 00:00 0 
7f83b806c000-7f83b8073000 r--s 00000000 08:06 3410368                    /usr/lib64/gconv/gconv-modules.cache
7f83b8073000-7f83b8088000 r--p 00000000 08:06 4723113                    /usr/share/locale/pt_BR/LC_MESSAGES/libc.mo
7f83b8088000-7f83b8092000 r--s 0021b000 08:06 3283510                    /usr/java/jdk1.8.0_45/jre/lib/ext/localedata.jar
7f83b8092000-7f83b80a0000 r--s 000dc000 08:05 1088367                    /home/arthur/android-sdk/build-tools/21.0.2/lib/dx.jar
7f83b80a0000-7f83b80a3000 ---p 00000000 00:00 0 
7f83b80a3000-7f83b81a1000 rw-p 00000000 00:00 0                          [stack:9933]
7f83b81a1000-7f83b81a2000 ---p 00000000 00:00 0 
7f83b81a2000-7f83b9256000 rw-p 00000000 00:00 0                          [stack:9932]
7f83b9256000-7f83b942e000 r--s 03cc3000 08:06 3283766                    /usr/java/jdk1.8.0_45/jre/lib/rt.jar
7f83b942e000-7f83b9be4000 rw-p 00000000 00:00 0 
7f83b9be4000-7f83b9ca4000 ---p 00000000 00:00 0 
7f83b9ca4000-7f83b9ea4000 rw-p 00000000 00:00 0 
7f83b9ea4000-7f83b9ea5000 ---p 00000000 00:00 0 
7f83b9ea5000-7f83b9fa5000 rw-p 00000000 00:00 0                          [stack:9931]
7f83b9fa5000-7f83b9fa6000 ---p 00000000 00:00 0 
7f83b9fa6000-7f83ba0a6000 rw-p 00000000 00:00 0                          [stack:9930]
7f83ba0a6000-7f83ba0a7000 ---p 00000000 00:00 0 
7f83ba0a7000-7f83ba1a7000 rw-p 00000000 00:00 0                          [stack:9929]
7f83ba1a7000-7f83ba1a8000 ---p 00000000 00:00 0 
7f83ba1a8000-7f83ba2c7000 rw-p 00000000 00:00 0                          [stack:9928]
7f83ba2c7000-7f83ba3fe000 ---p 00000000 00:00 0 
7f83ba3fe000-7f83ba41d000 rw-p 00000000 00:00 0 
7f83ba41d000-7f83ba553000 ---p 00000000 00:00 0 
7f83ba553000-7f83ba58e000 rw-p 00000000 00:00 0 
7f83ba58e000-7f83ba5fe000 ---p 00000000 00:00 0 
7f83ba5fe000-7f83ba622000 rw-p 00000000 00:00 0 
7f83ba622000-7f83ba9bf000 ---p 00000000 00:00 0 
7f83ba9bf000-7f83ba9d9000 r-xp 00000000 08:06 3283503                    /usr/java/jdk1.8.0_45/jre/lib/amd64/libzip.so
7f83ba9d9000-7f83babd9000 ---p 0001a000 08:06 3283503                    /usr/java/jdk1.8.0_45/jre/lib/amd64/libzip.so
7f83babd9000-7f83babda000 rw-p 0001a000 08:06 3283503                    /usr/java/jdk1.8.0_45/jre/lib/amd64/libzip.so
7f83babda000-7f83babe6000 r-xp 00000000 08:06 3153063                    /usr/lib64/libnss_files-2.20.so
7f83babe6000-7f83bade5000 ---p 0000c000 08:06 3153063                    /usr/lib64/libnss_files-2.20.so
7f83bade5000-7f83bade6000 r--p 0000b000 08:06 3153063                    /usr/lib64/libnss_files-2.20.so
7f83bade6000-7f83bade7000 rw-p 0000c000 08:06 3153063                    /usr/lib64/libnss_files-2.20.so
7f83bade7000-7f83bae11000 r-xp 00000000 08:06 3283467                    /usr/java/jdk1.8.0_45/jre/lib/amd64/libjava.so
7f83bae11000-7f83bb011000 ---p 0002a000 08:06 3283467                    /usr/java/jdk1.8.0_45/jre/lib/amd64/libjava.so
7f83bb011000-7f83bb013000 rw-p 0002a000 08:06 3283467                    /usr/java/jdk1.8.0_45/jre/lib/amd64/libjava.so
7f83bb013000-7f83bb020000 r-xp 00000000 08:06 3283502                    /usr/java/jdk1.8.0_45/jre/lib/amd64/libverify.so
7f83bb020000-7f83bb220000 ---p 0000d000 08:06 3283502                    /usr/java/jdk1.8.0_45/jre/lib/amd64/libverify.so
7f83bb220000-7f83bb222000 rw-p 0000d000 08:06 3283502                    /usr/java/jdk1.8.0_45/jre/lib/amd64/libverify.so
7f83bb222000-7f83bb229000 r-xp 00000000 08:06 3153178                    /usr/lib64/librt-2.20.so
7f83bb229000-7f83bb428000 ---p 00007000 08:06 3153178                    /usr/lib64/librt-2.20.so
7f83bb428000-7f83bb429000 r--p 00006000 08:06 3153178                    /usr/lib64/librt-2.20.so
7f83bb429000-7f83bb42a000 rw-p 00007000 08:06 3153178                    /usr/lib64/librt-2.20.so
7f83bb42a000-7f83bb531000 r-xp 00000000 08:06 3152668                    /usr/lib64/libm-2.20.so
7f83bb531000-7f83bb730000 ---p 00107000 08:06 3152668                    /usr/lib64/libm-2.20.so
7f83bb730000-7f83bb731000 r--p 00106000 08:06 3152668                    /usr/lib64/libm-2.20.so
7f83bb731000-7f83bb732000 rw-p 00107000 08:06 3152668                    /usr/lib64/libm-2.20.so
7f83bb732000-7f83bc3e0000 r-xp 00000000 08:06 3283507                    /usr/java/jdk1.8.0_45/jre/lib/amd64/server/libjvm.so
7f83bc3e0000-7f83bc5df000 ---p 00cae000 08:06 3283507                    /usr/java/jdk1.8.0_45/jre/lib/amd64/server/libjvm.so
7f83bc5df000-7f83bc6b6000 rw-p 00cad000 08:06 3283507                    /usr/java/jdk1.8.0_45/jre/lib/amd64/server/libjvm.so
7f83bc6b6000-7f83bc6fa000 rw-p 00000000 00:00 0 
7f83bc6fa000-7f83bc8ad000 r-xp 00000000 08:06 3152535                    /usr/lib64/libc-2.20.so
7f83bc8ad000-7f83bcaad000 ---p 001b3000 08:06 3152535                    /usr/lib64/libc-2.20.so
7f83bcaad000-7f83bcab1000 r--p 001b3000 08:06 3152535                    /usr/lib64/libc-2.20.so
7f83bcab1000-7f83bcab3000 rw-p 001b7000 08:06 3152535                    /usr/lib64/libc-2.20.so
7f83bcab3000-7f83bcab7000 rw-p 00000000 00:00 0 
7f83bcab7000-7f83bcaba000 r-xp 00000000 08:06 3152645                    /usr/lib64/libdl-2.20.so
7f83bcaba000-7f83bccb9000 ---p 00003000 08:06 3152645                    /usr/lib64/libdl-2.20.so
7f83bccb9000-7f83bccba000 r--p 00002000 08:06 3152645                    /usr/lib64/libdl-2.20.so
7f83bccba000-7f83bccbb000 rw-p 00003000 08:06 3152645                    /usr/lib64/libdl-2.20.so
7f83bccbb000-7f83bccd0000 r-xp 00000000 08:06 3414647                    /usr/java/jdk1.8.0_45/lib/amd64/jli/libjli.so
7f83bccd0000-7f83bced0000 ---p 00015000 08:06 3414647                    /usr/java/jdk1.8.0_45/lib/amd64/jli/libjli.so
7f83bced0000-7f83bced1000 rw-p 00015000 08:06 3414647                    /usr/java/jdk1.8.0_45/lib/amd64/jli/libjli.so
7f83bced1000-7f83bcee8000 r-xp 00000000 08:06 3153067                    /usr/lib64/libpthread-2.20.so
7f83bcee8000-7f83bd0e7000 ---p 00017000 08:06 3153067                    /usr/lib64/libpthread-2.20.so
7f83bd0e7000-7f83bd0e8000 r--p 00016000 08:06 3153067                    /usr/lib64/libpthread-2.20.so
7f83bd0e8000-7f83bd0e9000 rw-p 00017000 08:06 3153067                    /usr/lib64/libpthread-2.20.so
7f83bd0e9000-7f83bd0ed000 rw-p 00000000 00:00 0 
7f83bd0ed000-7f83bd10e000 r-xp 00000000 08:06 3155505                    /usr/lib64/ld-2.20.so
7f83bd112000-7f83bd117000 r--s 00093000 08:06 3283751                    /usr/java/jdk1.8.0_45/jre/lib/jsse.jar
7f83bd117000-7f83bd1e9000 rw-p 00000000 00:00 0 
7f83bd1e9000-7f83bd1ec000 ---p 00000000 00:00 0 
7f83bd1ec000-7f83bd303000 rw-p 00000000 00:00 0                          [stack:9927]
7f83bd303000-7f83bd30b000 rw-s 00000000 00:23 346711                     /tmp/hsperfdata_arthur/9923
7f83bd30b000-7f83bd30c000 rw-p 00000000 00:00 0 
7f83bd30c000-7f83bd30d000 ---p 00000000 00:00 0 
7f83bd30d000-7f83bd30e000 rw-p 00000000 00:00 0 
7f83bd30e000-7f83bd30f000 r--p 00021000 08:06 3155505                    /usr/lib64/ld-2.20.so
7f83bd30f000-7f83bd310000 rw-p 00022000 08:06 3155505                    /usr/lib64/ld-2.20.so
7f83bd310000-7f83bd311000 rw-p 00000000 00:00 0 
7ffe9e810000-7ffe9e832000 rw-p 00000000 00:00 0                          [stack]
7ffe9e9fc000-7ffe9e9fe000 r--p 00000000 00:00 0                          [vvar]
7ffe9e9fe000-7ffe9ea00000 r-xp 00000000 00:00 0                          [vdso]
ffffffffff600000-ffffffffff601000 r-xp 00000000 00:00 0                  [vsyscall]

VM Arguments:
jvm_args: -Xmx1024M -Dfile.encoding=UTF-8 -Duser.country=BR -Duser.language=pt -Duser.variant 
java_command: com.android.dx.command.Main --dex --output /home/arthur/AndroidStudioProjects/Graficos/app/build/intermediates/dex/debug /home/arthur/AndroidStudioProjects/Graficos/app/build/intermediates/classes/debug /home/arthur/AndroidStudioProjects/Graficos/app/build/intermediates/pre-dexed/debug/classes-6dbcd39732ccedf9de35d9313785dc74560af202.jar /home/arthur/AndroidStudioProjects/Graficos/app/build/intermediates/pre-dexed/debug/support-annotations-22.1.1-696002db50393f713df89bdb3659e9f64e86c272.jar /home/arthur/AndroidStudioProjects/Graficos/app/build/intermediates/pre-dexed/debug/google-http-client-jackson2-1.19.0-68a06eb2bb5fcfa1ebc7b912926438cf9bfb3512.jar /home/arthur/AndroidStudioProjects/Graficos/app/build/intermediates/pre-dexed/debug/classes-d9e542844eabbf3d925446c1903893ed89e7029c.jar /home/arthur/AndroidStudioProjects/Graficos/app/build/intermediates/pre-dexed/debug/google-api-client-android-1.19.0-32ea0dbdce9544ba71a73c114bfc9fb0a2bf62fc.jar /home/arthur/AndroidStudioProjects/Graficos/app/build/intermediates/pre-dexed/debug/classes-541fdd0d348d04c1af70aa67677dcb5ef519cb3b.jar /home/arthur/AndroidStudioProjects/Graficos/app/build/intermediates/pre-dexed/debug/classes-e1ebf394073b0d0b4fd74fe842c16b5d3a0bc9ac.jar /home/arthur/AndroidStudioProjects/Graficos/app/build/intermediates/pre-dexed/debug/google-http-client-android-1.19.0-7f8030e01d5a681659c210a0ea052e95b4e72a3d.jar /home/arthur/AndroidStudioProjects/Graficos/app/build/intermediates/pre-dexed/debug/classes-648d34fae86c3372b7fad1cb4e91939de6d5af34.jar /home/arthur/AndroidStudioProjects/Graficos/app/build/intermediates/pre-dexed/debug/backend-android-endpoints-33c815a7ee186e74ca64215615b6952d391d7834.jar /home/arthur/AndroidStudioProjects/Graficos/app/build/intermediates/pre-dexed/debug/classes-97caa0a0bf8b85dff29139b0dedfe00255c00a1e.jar /home/arthur/AndroidStudioProjects/Graficos/app/build/intermediates/pre-dexed/debug/jsr305-1.3.9-ef2a9e1cd17bdf46c18e4f5154bc840f6a56ed25.jar /home/arthur/Andr
java_class_path (initial): /home/arthur/android-sdk/build-tools/21.0.2/lib/dx.jar
Launcher Type: SUN_STANDARD

Environment Variables:
PATH=/usr/lib64/qt-3.3/bin:/usr/local/bin:/usr/local/sbin:/usr/bin:/usr/sbin:/bin:/sbin:/home/arthur/.local/bin:/home/arthur/bin
USERNAME=arthur
LD_LIBRARY_PATH=/home/arthur/android-studio/bin:
SHELL=/bin/bash
DISPLAY=:0

Signal Handlers:
SIGSEGV: [libjvm.so+0xaad1e0], sa_mask[0]=11111111011111111101111111111110, sa_flags=SA_RESTART|SA_SIGINFO
SIGBUS: [libjvm.so+0xaad1e0], sa_mask[0]=11111111011111111101111111111110, sa_flags=SA_RESTART|SA_SIGINFO
SIGFPE: [libjvm.so+0x90b450], sa_mask[0]=11111111011111111101111111111110, sa_flags=SA_RESTART|SA_SIGINFO
SIGPIPE: [libjvm.so+0x90b450], sa_mask[0]=11111111011111111101111111111110, sa_flags=SA_RESTART|SA_SIGINFO
SIGXFSZ: [libjvm.so+0x90b450], sa_mask[0]=11111111011111111101111111111110, sa_flags=SA_RESTART|SA_SIGINFO
SIGILL: [libjvm.so+0x90b450], sa_mask[0]=11111111011111111101111111111110, sa_flags=SA_RESTART|SA_SIGINFO
SIGUSR1: SIG_DFL, sa_mask[0]=00000000000000000000000000000000, sa_flags=none
SIGUSR2: [libjvm.so+0x90ca90], sa_mask[0]=00100000000000000000000000000000, sa_flags=SA_RESTART|SA_SIGINFO
SIGHUP: [libjvm.so+0x90dde0], sa_mask[0]=11111111011111111101111111111110, sa_flags=SA_RESTART|SA_SIGINFO
SIGINT: SIG_IGN, sa_mask[0]=00000000000000000000000000000000, sa_flags=none
SIGTERM: [libjvm.so+0x90dde0], sa_mask[0]=11111111011111111101111111111110, sa_flags=SA_RESTART|SA_SIGINFO
SIGQUIT: [libjvm.so+0x90dde0], sa_mask[0]=11111111011111111101111111111110, sa_flags=SA_RESTART|SA_SIGINFO


---------------  S Y S T E M  ---------------

OS:Fedora release 21 (Twenty One)

uname:Linux 3.19.7-200.fc21.x86_64 #1 SMP Thu May 7 22:00:21 UTC 2015 x86_64
libc:glibc 2.20 NPTL 2.20 
rlimit: STACK 8192k, CORE 0k, NPROC 4096, NOFILE 4096, AS infinity
load average:2,55 4,18 4,88

/proc/meminfo:
MemTotal:        5978080 kB
MemFree:          120196 kB
MemAvailable:      79568 kB
Buffers:            1272 kB
Cached:          1240024 kB
SwapCached:         1544 kB
Active:          4490608 kB
Inactive:        1143232 kB
Active(anon):    4479144 kB
Inactive(anon):  1124988 kB
Active(file):      11464 kB
Inactive(file):    18244 kB
Unevictable:         256 kB
Mlocked:             256 kB
SwapTotal:        511996 kB
SwapFree:              0 kB
Dirty:              3440 kB
Writeback:             0 kB
AnonPages:       4392148 kB
Mapped:           167552 kB
Shmem:           1210716 kB
Slab:              98640 kB
SReclaimable:      57968 kB
SUnreclaim:        40672 kB
KernelStack:       10400 kB
PageTables:        49324 kB
NFS_Unstable:          0 kB
Bounce:                0 kB
WritebackTmp:          0 kB
CommitLimit:     3501036 kB
Committed_AS:   11104232 kB
VmallocTotal:   34359738367 kB
VmallocUsed:      394272 kB
VmallocChunk:   34359247888 kB
HardwareCorrupted:     0 kB
AnonHugePages:         0 kB
HugePages_Total:       0
HugePages_Free:        0
HugePages_Rsvd:        0
HugePages_Surp:        0
Hugepagesize:       2048 kB
DirectMap4k:      220908 kB
DirectMap2M:     5937152 kB


CPU:total 4 (2 cores per cpu, 2 threads per core) family 6 model 58 stepping 9, cmov, cx8, fxsr, mmx, sse, sse2, sse3, ssse3, sse4.1, sse4.2, popcnt, avx, aes, clmul, erms, ht, tsc, tscinvbit, tscinv

/proc/cpuinfo:
processor	: 0
vendor_id	: GenuineIntel
cpu family	: 6
model		: 58
model name	: Intel(R) Core(TM) i5-3210M CPU @ 2.50GHz
stepping	: 9
microcode	: 0x1b
cpu MHz		: 1240.917
cache size	: 3072 KB
physical id	: 0
siblings	: 4
core id		: 0
cpu cores	: 2
apicid		: 0
initial apicid	: 0
fpu		: yes
fpu_exception	: yes
cpuid level	: 13
wp		: yes
flags		: fpu vme de pse tsc msr pae mce cx8 apic sep mtrr pge mca cmov pat pse36 clflush dts acpi mmx fxsr sse sse2 ss ht tm pbe syscall nx rdtscp lm constant_tsc arch_perfmon pebs bts rep_good nopl xtopology nonstop_tsc aperfmperf eagerfpu pni pclmulqdq dtes64 monitor ds_cpl vmx est tm2 ssse3 cx16 xtpr pdcm pcid sse4_1 sse4_2 x2apic popcnt tsc_deadline_timer aes xsave avx f16c rdrand lahf_lm ida arat epb pln pts dtherm tpr_shadow vnmi flexpriority ept vpid fsgsbase smep erms xsaveopt
bugs		:
bogomips	: 4989.06
clflush size	: 64
cache_alignment	: 64
address sizes	: 36 bits physical, 48 bits virtual
power management:

processor	: 1
vendor_id	: GenuineIntel
cpu family	: 6
model		: 58
model name	: Intel(R) Core(TM) i5-3210M CPU @ 2.50GHz
stepping	: 9
microcode	: 0x1b
cpu MHz		: 1319.824
cache size	: 3072 KB
physical id	: 0
siblings	: 4
core id		: 0
cpu cores	: 2
apicid		: 1
initial apicid	: 1
fpu		: yes
fpu_exception	: yes
cpuid level	: 13
wp		: yes
flags		: fpu vme de pse tsc msr pae mce cx8 apic sep mtrr pge mca cmov pat pse36 clflush dts acpi mmx fxsr sse sse2 ss ht tm pbe syscall nx rdtscp lm constant_tsc arch_perfmon pebs bts rep_good nopl xtopology nonstop_tsc aperfmperf eagerfpu pni pclmulqdq dtes64 monitor ds_cpl vmx est tm2 ssse3 cx16 xtpr pdcm pcid sse4_1 sse4_2 x2apic popcnt tsc_deadline_timer aes xsave avx f16c rdrand lahf_lm ida arat epb pln pts dtherm tpr_shadow vnmi flexpriority ept vpid fsgsbase smep erms xsaveopt
bugs		:
bogomips	: 4989.06
clflush size	: 64
cache_alignment	: 64
address sizes	: 36 bits physical, 48 bits virtual
power management:

processor	: 2
vendor_id	: GenuineIntel
cpu family	: 6
model		: 58
model name	: Intel(R) Core(TM) i5-3210M CPU @ 2.50GHz
stepping	: 9
microcode	: 0x1b
cpu MHz		: 1246.582
cache size	: 3072 KB
physical id	: 0
siblings	: 4
core id		: 1
cpu cores	: 2
apicid		: 2
initial apicid	: 2
fpu		: yes
fpu_exception	: yes
cpuid level	: 13
wp		: yes
flags		: fpu vme de pse tsc msr pae mce cx8 apic sep mtrr pge mca cmov pat pse36 clflush dts acpi mmx fxsr sse sse2 ss ht tm pbe syscall nx rdtscp lm constant_tsc arch_perfmon pebs bts rep_good nopl xtopology nonstop_tsc aperfmperf eagerfpu pni pclmulqdq dtes64 monitor ds_cpl vmx est tm2 ssse3 cx16 xtpr pdcm pcid sse4_1 sse4_2 x2apic popcnt tsc_deadline_timer aes xsave avx f16c rdrand lahf_lm ida arat epb pln pts dtherm tpr_shadow vnmi flexpriority ept vpid fsgsbase smep erms xsaveopt
bugs		:
bogomips	: 4989.06
clflush size	: 64
cache_alignment	: 64
address sizes	: 36 bits physical, 48 bits virtual
power management:

processor	: 3
vendor_id	: GenuineIntel
cpu family	: 6
model		: 58
model name	: Intel(R) Core(TM) i5-3210M CPU @ 2.50GHz
stepping	: 9
microcode	: 0x1b
cpu MHz		: 1730.371
cache size	: 3072 KB
physical id	: 0
siblings	: 4
core id		: 1
cpu cores	: 2
apicid		: 3
initial apicid	: 3
fpu		: yes
fpu_exception	: yes
cpuid level	: 13
wp		: yes
flags		: fpu vme de pse tsc msr pae mce cx8 apic sep mtrr pge mca cmov pat pse36 clflush dts acpi mmx fxsr sse sse2 ss ht tm pbe syscall nx rdtscp lm constant_tsc arch_perfmon pebs bts rep_good nopl xtopology nonstop_tsc aperfmperf eagerfpu pni pclmulqdq dtes64 monitor ds_cpl vmx est tm2 ssse3 cx16 xtpr pdcm pcid sse4_1 sse4_2 x2apic popcnt tsc_deadline_timer aes xsave avx f16c rdrand lahf_lm ida arat epb pln pts dtherm tpr_shadow vnmi flexpriority ept vpid fsgsbase smep erms xsaveopt
bugs		:
bogomips	: 4989.06
clflush size	: 64
cache_alignment	: 64
address sizes	: 36 bits physical, 48 bits virtual
power management:



Memory: 4k page, physical 5978080k(120196k free), swap 511996k(0k free)

vm_info: Java HotSpot(TM) 64-Bit Server VM (25.45-b02) for linux-amd64 JRE (1.8.0_45-b14), built on Apr 10 2015 10:07:45 by "java_re" with gcc 4.3.0 20080428 (Red Hat 4.3.0-8)

time: Wed May 13 23:23:49 2015
elapsed time: 7 seconds (0d 0h 0m 7s)

