#
# There is insufficient memory for the Java Runtime Environment to continue.
# Native memory allocation (mmap) failed to map 165675008 bytes for committing reserved memory.
# Possible reasons:
#   The system is out of physical RAM or swap space
#   In 32 bit mode, the process size limit was hit
# Possible solutions:
#   Reduce memory load on the system
#   Increase physical memory or swap space
#   Check if swap backing store is full
#   Use 64 bit Java on a 64 bit OS
#   Decrease Java heap size (-Xmx/-Xms)
#   Decrease number of Java threads
#   Decrease Java thread stack sizes (-Xss)
#   Set larger code cache with -XX:ReservedCodeCacheSize=
# This output file may be truncated or incomplete.
#
#  Out of Memory Error (os_linux.cpp:2673), pid=24976, tid=140139678566144
#
# JRE version: OpenJDK Runtime Environment (8.0_45-b13) (build 1.8.0_45-b13)
# Java VM: OpenJDK 64-Bit Server VM (25.45-b02 mixed mode linux-amd64 compressed oops)
# Failed to write core dump. Core dumps have been disabled. To enable core dumping, try "ulimit -c unlimited" before starting Java again
#

---------------  T H R E A D  ---------------

Current thread (0x00007f74f4085000):  VMThread [stack: 0x00007f74cfb28000,0x00007f74cfc29000] [id=24986]

Stack: [0x00007f74cfb28000,0x00007f74cfc29000],  sp=0x00007f74cfc27490,  free space=1021k
Native frames: (J=compiled Java code, j=interpreted, Vv=VM code, C=native code)
V  [libjvm.so+0xa5fa9d]
V  [libjvm.so+0x4d5dbc]
V  [libjvm.so+0x8ba400]
V  [libjvm.so+0x8b4bfe]
V  [libjvm.so+0x92865b]
V  [libjvm.so+0x9293a3]
V  [libjvm.so+0x9296eb]
V  [libjvm.so+0x926304]
V  [libjvm.so+0x91f740]
V  [libjvm.so+0x459583]
V  [libjvm.so+0xa60ee9]
V  [libjvm.so+0xa65ba7]
V  [libjvm.so+0xa642c6]
V  [libjvm.so+0xa649b6]
V  [libjvm.so+0xa64e81]
V  [libjvm.so+0x8b7902]

VM_Operation (0x00007f74ce6abc30): CollectForMetadataAllocation, mode: safepoint, requested by thread 0x00007f74f4ca3000


---------------  P R O C E S S  ---------------

Java Threads: ( => current thread )
  0x00007f74a0d02800 JavaThread "Java2D Disposer" daemon [_thread_blocked, id=25002, stack(0x00007f74cc3a6000,0x00007f74cc4a7000)]
  0x00007f74f4ccb000 JavaThread "/0:0:0:0:0:0:0:1:51445 to /0:0:0:0:0:0:0:1%lo:43399 workers Thread 3" [_thread_in_native, id=25000, stack(0x00007f74ce3b1000,0x00007f74ce4b2000)]
  0x00007f74f4cc9800 JavaThread "/0:0:0:0:0:0:0:1:51445 to /0:0:0:0:0:0:0:1%lo:43399 workers Thread 2" [_thread_blocked, id=24999, stack(0x00007f74ce4b2000,0x00007f74ce5b3000)]
  0x00007f74f4ca3000 JavaThread "Test worker" [_thread_blocked, id=24998, stack(0x00007f74ce5b3000,0x00007f74ce6b4000)]
  0x00007f74f4132800 JavaThread "Service Thread" daemon [_thread_blocked, id=24993, stack(0x00007f74cf21e000,0x00007f74cf31f000)]
  0x00007f74f412d800 JavaThread "C1 CompilerThread2" daemon [_thread_blocked, id=24992, stack(0x00007f74cf31f000,0x00007f74cf420000)]
  0x00007f74f412b800 JavaThread "C2 CompilerThread1" daemon [_thread_blocked, id=24991, stack(0x00007f74cf420000,0x00007f74cf521000)]
  0x00007f74f4129800 JavaThread "C2 CompilerThread0" daemon [_thread_blocked, id=24990, stack(0x00007f74cf521000,0x00007f74cf622000)]
  0x00007f74f4128000 JavaThread "Signal Dispatcher" daemon [_thread_blocked, id=24989, stack(0x00007f74cf622000,0x00007f74cf723000)]
  0x00007f74f408c000 JavaThread "Finalizer" daemon [_thread_blocked, id=24988, stack(0x00007f74cf926000,0x00007f74cfa27000)]
  0x00007f74f408a000 JavaThread "Reference Handler" daemon [_thread_blocked, id=24987, stack(0x00007f74cfa27000,0x00007f74cfb28000)]
  0x00007f74f4009000 JavaThread "main" [_thread_blocked, id=24978, stack(0x00007f74fc45c000,0x00007f74fc55d000)]

Other Threads:
=>0x00007f74f4085000 VMThread [stack: 0x00007f74cfb28000,0x00007f74cfc29000] [id=24986]
  0x00007f74f4135000 WatcherThread [stack: 0x00007f74cf11d000,0x00007f74cf21e000] [id=24994]

VM state:at safepoint (normal execution)

VM Mutex/Monitor currently owned by a thread:  ([mutex/lock_event])
[0x00007f74f40068f0] Threads_lock - owner thread: 0x00007f74f4085000
[0x00007f74f4006df0] Heap_lock - owner thread: 0x00007f74f4ca3000

Heap:
 PSYoungGen      total 477696K, used 18645K [0x00000000d7780000, 0x00000000f5f80000, 0x0000000100000000)
  eden space 455680K, 0% used [0x00000000d7780000,0x00000000d7780000,0x00000000f3480000)
  from space 22016K, 84% used [0x00000000f3480000,0x00000000f46b5660,0x00000000f4a00000)
  to   space 19968K, 0% used [0x00000000f4a00000,0x00000000f4a00000,0x00000000f5d80000)
 ParOldGen       total 68608K, used 55485K [0x0000000086600000, 0x000000008a900000, 0x00000000d7780000)
  object space 68608K, 80% used [0x0000000086600000,0x0000000089c2f600,0x000000008a900000)
 Metaspace       used 34651K, capacity 35135K, committed 35416K, reserved 1081344K
  class space    used 2965K, capacity 3108K, committed 3200K, reserved 1048576K

Card table byte_map: [0x00007f74f8def000,0x00007f74f91bd000] byte_map_base: 0x00007f74f89bc000

Marking Bits: (ParMarkBitMap*) 0x00007f74fb744e40
 Begin Bits: [0x00007f74d0330000, 0x00007f74d2198000)
 End Bits:   [0x00007f74d2198000, 0x00007f74d4000000)

Polling page: 0x00007f74fc581000

CodeCache: size=245760Kb used=15486Kb max_used=16215Kb free=230273Kb
 bounds [0x00007f74e5000000, 0x00007f74e5ff0000, 0x00007f74f4000000]
 total_blobs=3920 nmethods=3397 adapters=437
 compilation: enabled

Compilation events (10 events):
Event: 6,710 Thread 0x00007f74f412d800 nmethod 3716 0x00007f74e52917d0 code [0x00007f74e5291a60, 0x00007f74e5292c88]
Event: 6,711 Thread 0x00007f74f412d800 3717       3       org.objectweb.asm.FieldWriter::a (475 bytes)
Event: 6,711 Thread 0x00007f74f412d800 nmethod 3717 0x00007f74e53b7a90 code [0x00007f74e53b7e40, 0x00007f74e53b9598]
Event: 6,714 Thread 0x00007f74f412b800 nmethod 3713 0x00007f74e5522690 code [0x00007f74e5522820, 0x00007f74e5522db8]
Event: 6,715 Thread 0x00007f74f412b800 3718       4       java.lang.AbstractStringBuilder::<init> (12 bytes)
Event: 6,715 Thread 0x00007f74f412b800 nmethod 3718 0x00007f74e52c2d90 code [0x00007f74e52c2ee0, 0x00007f74e52c2ff8]
Event: 6,715 Thread 0x00007f74f412b800 3719       4       org.objectweb.asm.commons.Method::<init> (15 bytes)
Event: 6,716 Thread 0x00007f74f412b800 nmethod 3719 0x00007f74e52c5d90 code [0x00007f74e52c5ee0, 0x00007f74e52c5f58]
Event: 6,716 Thread 0x00007f74f412b800 3696       4       java.util.zip.ZipFile$ZipFileInputStream::<init> (41 bytes)
Event: 6,716 Thread 0x00007f74f412b800 nmethod 3696 0x00007f74e53178d0 code [0x00007f74e5317a20, 0x00007f74e5317b18]

GC Heap History (10 events):
Event: 2,357 GC heap after
Heap after GC invocations=9 (full 1):
 PSYoungGen      total 263680K, used 0K [0x00000000d7780000, 0x00000000e8f80000, 0x0000000100000000)
  eden space 243712K, 0% used [0x00000000d7780000,0x00000000d7780000,0x00000000e6580000)
  from space 19968K, 0% used [0x00000000e7a00000,0x00000000e7a00000,0x00000000e8d80000)
  to   space 20992K, 0% used [0x00000000e6580000,0x00000000e6580000,0x00000000e7a00000)
 ParOldGen       total 68608K, used 19856K [0x0000000086600000, 0x000000008a900000, 0x00000000d7780000)
  object space 68608K, 28% used [0x0000000086600000,0x00000000879641b0,0x000000008a900000)
 Metaspace       used 20771K, capacity 21097K, committed 21248K, reserved 1069056K
  class space    used 1857K, capacity 1953K, committed 2048K, reserved 1048576K
}
Event: 2,954 GC heap before
{Heap before GC invocations=10 (full 1):
 PSYoungGen      total 263680K, used 243712K [0x00000000d7780000, 0x00000000e8f80000, 0x0000000100000000)
  eden space 243712K, 100% used [0x00000000d7780000,0x00000000e6580000,0x00000000e6580000)
  from space 19968K, 0% used [0x00000000e7a00000,0x00000000e7a00000,0x00000000e8d80000)
  to   space 20992K, 0% used [0x00000000e6580000,0x00000000e6580000,0x00000000e7a00000)
 ParOldGen       total 68608K, used 19856K [0x0000000086600000, 0x000000008a900000, 0x00000000d7780000)
  object space 68608K, 28% used [0x0000000086600000,0x00000000879641b0,0x000000008a900000)
 Metaspace       used 26699K, capacity 27073K, committed 27264K, reserved 1075200K
  class space    used 2236K, capacity 2341K, committed 2432K, reserved 1048576K
Event: 2,958 GC heap after
Heap after GC invocations=10 (full 1):
 PSYoungGen      total 264704K, used 4577K [0x00000000d7780000, 0x00000000ee800000, 0x0000000100000000)
  eden space 243712K, 0% used [0x00000000d7780000,0x00000000d7780000,0x00000000e6580000)
  from space 20992K, 21% used [0x00000000e6580000,0x00000000e69f8410,0x00000000e7a00000)
  to   space 20992K, 0% used [0x00000000ed380000,0x00000000ed380000,0x00000000ee800000)
 ParOldGen       total 68608K, used 19864K [0x0000000086600000, 0x000000008a900000, 0x00000000d7780000)
  object space 68608K, 28% used [0x0000000086600000,0x00000000879661b0,0x000000008a900000)
 Metaspace       used 26699K, capacity 27073K, committed 27264K, reserved 1075200K
  class space    used 2236K, capacity 2341K, committed 2432K, reserved 1048576K
}
Event: 3,560 GC heap before
{Heap before GC invocations=11 (full 1):
 PSYoungGen      total 264704K, used 248289K [0x00000000d7780000, 0x00000000ee800000, 0x0000000100000000)
  eden space 243712K, 100% used [0x00000000d7780000,0x00000000e6580000,0x00000000e6580000)
  from space 20992K, 21% used [0x00000000e6580000,0x00000000e69f8410,0x00000000e7a00000)
  to   space 20992K, 0% used [0x00000000ed380000,0x00000000ed380000,0x00000000ee800000)
 ParOldGen       total 68608K, used 19864K [0x0000000086600000, 0x000000008a900000, 0x00000000d7780000)
  object space 68608K, 28% used [0x0000000086600000,0x00000000879661b0,0x000000008a900000)
 Metaspace       used 26992K, capacity 27361K, committed 27520K, reserved 1075200K
  class space    used 2273K, capacity 2373K, committed 2432K, reserved 1048576K
Event: 3,586 GC heap after
Heap after GC invocations=11 (full 1):
 PSYoungGen      total 352256K, used 11619K [0x00000000d7780000, 0x00000000ee580000, 0x0000000100000000)
  eden space 333824K, 0% used [0x00000000d7780000,0x00000000d7780000,0x00000000ebd80000)
  from space 18432K, 63% used [0x00000000ed380000,0x00000000eded8f98,0x00000000ee580000)
  to   space 20480K, 0% used [0x00000000ebd80000,0x00000000ebd80000,0x00000000ed180000)
 ParOldGen       total 68608K, used 19872K [0x0000000086600000, 0x000000008a900000, 0x00000000d7780000)
  object space 68608K, 28% used [0x0000000086600000,0x00000000879681b0,0x000000008a900000)
 Metaspace       used 26992K, capacity 27361K, committed 27520K, reserved 1075200K
  class space    used 2273K, capacity 2373K, committed 2432K, reserved 1048576K
}
Event: 4,060 GC heap before
{Heap before GC invocations=12 (full 1):
 PSYoungGen      total 352256K, used 345443K [0x00000000d7780000, 0x00000000ee580000, 0x0000000100000000)
  eden space 333824K, 100% used [0x00000000d7780000,0x00000000ebd80000,0x00000000ebd80000)
  from space 18432K, 63% used [0x00000000ed380000,0x00000000eded8f98,0x00000000ee580000)
  to   space 20480K, 0% used [0x00000000ebd80000,0x00000000ebd80000,0x00000000ed180000)
 ParOldGen       total 68608K, used 19872K [0x0000000086600000, 0x000000008a900000, 0x00000000d7780000)
  object space 68608K, 28% used [0x0000000086600000,0x00000000879681b0,0x000000008a900000)
 Metaspace       used 27000K, capacity 27361K, committed 27520K, reserved 1075200K
  class space    used 2273K, capacity 2373K, committed 2432K, reserved 1048576K
Event: 4,086 GC heap after
Heap after GC invocations=12 (full 1):
 PSYoungGen      total 354304K, used 11036K [0x00000000d7780000, 0x00000000f5d80000, 0x0000000100000000)
  eden space 333824K, 0% used [0x00000000d7780000,0x00000000d7780000,0x00000000ebd80000)
  from space 20480K, 53% used [0x00000000ebd80000,0x00000000ec8472e0,0x00000000ed180000)
  to   space 19968K, 0% used [0x00000000f4a00000,0x00000000f4a00000,0x00000000f5d80000)
 ParOldGen       total 68608K, used 30381K [0x0000000086600000, 0x000000008a900000, 0x00000000d7780000)
  object space 68608K, 44% used [0x0000000086600000,0x00000000883ab5e0,0x000000008a900000)
 Metaspace       used 27000K, capacity 27361K, committed 27520K, reserved 1075200K
  class space    used 2273K, capacity 2373K, committed 2432K, reserved 1048576K
}
Event: 4,692 GC heap before
{Heap before GC invocations=13 (full 1):
 PSYoungGen      total 354304K, used 344860K [0x00000000d7780000, 0x00000000f5d80000, 0x0000000100000000)
  eden space 333824K, 100% used [0x00000000d7780000,0x00000000ebd80000,0x00000000ebd80000)
  from space 20480K, 53% used [0x00000000ebd80000,0x00000000ec8472e0,0x00000000ed180000)
  to   space 19968K, 0% used [0x00000000f4a00000,0x00000000f4a00000,0x00000000f5d80000)
 ParOldGen       total 68608K, used 30381K [0x0000000086600000, 0x000000008a900000, 0x00000000d7780000)
  object space 68608K, 44% used [0x0000000086600000,0x00000000883ab5e0,0x000000008a900000)
 Metaspace       used 27110K, capacity 27489K, committed 27776K, reserved 1075200K
  class space    used 2273K, capacity 2373K, committed 2432K, reserved 1048576K
Event: 4,719 GC heap after
Heap after GC invocations=13 (full 1):
 PSYoungGen      total 475648K, used 17372K [0x00000000d7780000, 0x00000000f5f80000, 0x0000000100000000)
  eden space 455680K, 0% used [0x00000000d7780000,0x00000000d7780000,0x00000000f3480000)
  from space 19968K, 86% used [0x00000000f4a00000,0x00000000f5af7080,0x00000000f5d80000)
  to   space 22016K, 0% used [0x00000000f3480000,0x00000000f3480000,0x00000000f4a00000)
 ParOldGen       total 68608K, used 40133K [0x0000000086600000, 0x000000008a900000, 0x00000000d7780000)
  object space 68608K, 58% used [0x0000000086600000,0x0000000088d315e0,0x000000008a900000)
 Metaspace       used 27110K, capacity 27489K, committed 27776K, reserved 1075200K
  class space    used 2273K, capacity 2373K, committed 2432K, reserved 1048576K
}
Event: 6,720 GC heap before
{Heap before GC invocations=14 (full 1):
 PSYoungGen      total 475648K, used 279988K [0x00000000d7780000, 0x00000000f5f80000, 0x0000000100000000)
  eden space 455680K, 57% used [0x00000000d7780000,0x00000000e77f6110,0x00000000f3480000)
  from space 19968K, 86% used [0x00000000f4a00000,0x00000000f5af7080,0x00000000f5d80000)
  to   space 22016K, 0% used [0x00000000f3480000,0x00000000f3480000,0x00000000f4a00000)
 ParOldGen       total 68608K, used 40133K [0x0000000086600000, 0x000000008a900000, 0x00000000d7780000)
  object space 68608K, 58% used [0x0000000086600000,0x0000000088d315e0,0x000000008a900000)
 Metaspace       used 34651K, capacity 35135K, committed 35416K, reserved 1081344K
  class space    used 2965K, capacity 3108K, committed 3200K, reserved 1048576K

Deoptimization events (10 events):
Event: 6,260 Thread 0x00007f74f4ca3000 Uncommon trap: reason=unstable_if action=reinterpret pc=0x00007f74e54d6810 method=sun.nio.cs.UTF_8$Decoder.decode([BII[C)I @ 30
Event: 6,260 Thread 0x00007f74f4ca3000 Uncommon trap: reason=unstable_if action=reinterpret pc=0x00007f74e5516060 method=java.lang.StringCoding.safeTrim([CILjava/nio/charset/Charset;Z)[C @ 3
Event: 6,379 Thread 0x00007f74f4ca3000 Uncommon trap: reason=class_check action=maybe_recompile pc=0x00007f74e5ae85c8 method=java.util.AbstractList$Itr.next()Ljava/lang/Object; @ 14
Event: 6,383 Thread 0x00007f74f4ca3000 Uncommon trap: reason=class_check action=maybe_recompile pc=0x00007f74e5ae85c8 method=java.util.AbstractList$Itr.next()Ljava/lang/Object; @ 14
Event: 6,490 Thread 0x00007f74f4ca3000 Uncommon trap: reason=unstable_if action=reinterpret pc=0x00007f74e5a975a8 method=java.util.ArrayList.toArray([Ljava/lang/Object;)[Ljava/lang/Object; @ 48
Event: 6,492 Thread 0x00007f74f4ca3000 Uncommon trap: reason=class_check action=maybe_recompile pc=0x00007f74e5df6da8 method=java.util.AbstractCollection.toArray([Ljava/lang/Object;)[Ljava/lang/Object; @ 1
Event: 6,497 Thread 0x00007f74f4ca3000 Uncommon trap: reason=bimorphic action=maybe_recompile pc=0x00007f74e5f63628 method=java.util.HashMap.putVal(ILjava/lang/Object;Ljava/lang/Object;ZZ)Ljava/lang/Object; @ 203
Event: 6,575 Thread 0x00007f74f4ca3000 Uncommon trap: reason=class_check action=maybe_recompile pc=0x00007f74e5ba4578 method=java.util.zip.InflaterInputStream.read([BII)I @ 100
Event: 6,606 Thread 0x00007f74f4ca3000 Uncommon trap: reason=class_check action=maybe_recompile pc=0x00007f74e5ba4578 method=java.util.zip.InflaterInputStream.read([BII)I @ 100
Event: 6,619 Thread 0x00007f74f4ca3000 Uncommon trap: reason=class_check action=maybe_recompile pc=0x00007f74e5ba4578 method=java.util.zip.InflaterInputStream.read([BII)I @ 100

Internal exceptions (10 events):
Event: 0,304 Thread 0x00007f74f4009000 Exception <a 'java/lang/ArrayIndexOutOfBoundsException'> (0x00000000d87f1690) thrown at [/builddir/build/BUILD/java-1.8.0-openjdk-1.8.0.45-31.b13.fc21.x86_64/jdk8/hotspot/src/share/vm/runtime/sharedRuntime.cpp, line 605]
Event: 0,321 Thread 0x00007f74f4009000 Exception <a 'java/security/PrivilegedActionException'> (0x00000000d8a3ce68) thrown at [/builddir/build/BUILD/java-1.8.0-openjdk-1.8.0.45-31.b13.fc21.x86_64/jdk8/hotspot/src/share/vm/prims/jvm.cpp, line 1382]
Event: 0,321 Thread 0x00007f74f4009000 Exception <a 'java/security/PrivilegedActionException'> (0x00000000d8a3d1b0) thrown at [/builddir/build/BUILD/java-1.8.0-openjdk-1.8.0.45-31.b13.fc21.x86_64/jdk8/hotspot/src/share/vm/prims/jvm.cpp, line 1382]
Event: 0,346 Thread 0x00007f74f4009000 Exception <a 'java/lang/ArrayIndexOutOfBoundsException'> (0x00000000d8c7f220) thrown at [/builddir/build/BUILD/java-1.8.0-openjdk-1.8.0.45-31.b13.fc21.x86_64/jdk8/hotspot/src/share/vm/runtime/sharedRuntime.cpp, line 605]
Event: 0,346 Thread 0x00007f74f4009000 Exception <a 'java/lang/ArrayIndexOutOfBoundsException'> (0x00000000d8c7fe18) thrown at [/builddir/build/BUILD/java-1.8.0-openjdk-1.8.0.45-31.b13.fc21.x86_64/jdk8/hotspot/src/share/vm/runtime/sharedRuntime.cpp, line 605]
Event: 5,881 Thread 0x00007f74f4ca3000 Implicit null exception at 0x00007f74e5ea13f1 to 0x00007f74e5ea14c1
Event: 6,260 Thread 0x00007f74f4ca3000 Exception <a 'java/io/FileNotFoundException'> (0x00000000e5786968) thrown at [/builddir/build/BUILD/java-1.8.0-openjdk-1.8.0.45-31.b13.fc21.x86_64/jdk8/hotspot/src/share/vm/prims/jni.cpp, line 709]
Event: 6,279 Thread 0x00007f74f4ca3000 Exception <a 'java/io/FileNotFoundException'> (0x00000000e5787d20) thrown at [/builddir/build/BUILD/java-1.8.0-openjdk-1.8.0.45-31.b13.fc21.x86_64/jdk8/hotspot/src/share/vm/prims/jni.cpp, line 709]
Event: 6,490 Thread 0x00007f74f4ca3000 Exception <a 'java/lang/NoSuchFieldError': method resolution failed> (0x00000000e5924da0) thrown at [/builddir/build/BUILD/java-1.8.0-openjdk-1.8.0.45-31.b13.fc21.x86_64/jdk8/hotspot/src/share/vm/prims/methodHandles.cpp, line 1125]
Event: 6,491 Thread 0x00007f74f4ca3000 Exception <a 'java/lang/NoSuchFieldError': method resolution failed> (0x00000000e5934380) thrown at [/builddir/build/BUILD/java-1.8.0-openjdk-1.8.0.45-31.b13.fc21.x86_64/jdk8/hotspot/src/share/vm/prims/methodHandles.cpp, line 1125]

Events (10 events):
Event: 6,689 Thread 0x00007f74f412b800 flushing nmethod 0x00007f74e557f510
Event: 6,689 Thread 0x00007f74f412b800 flushing nmethod 0x00007f74e558e1d0
Event: 6,689 Thread 0x00007f74f412b800 flushing nmethod 0x00007f74e558ef50
Event: 6,689 Thread 0x00007f74f412b800 flushing nmethod 0x00007f74e55b8350
Event: 6,689 Thread 0x00007f74f412b800 flushing nmethod 0x00007f74e55ca0d0
Event: 6,693 Thread 0x00007f74f412b800 flushing nmethod 0x00007f74e57c0f10
Event: 6,693 Thread 0x00007f74f412b800 flushing nmethod 0x00007f74e57dabd0
Event: 6,693 Thread 0x00007f74f412b800 flushing nmethod 0x00007f74e57dbb10
Event: 6,706 Thread 0x00007f74f412b800 flushing nmethod 0x00007f74e588f4d0
Event: 6,719 Executing VM operation: CollectForMetadataAllocation


Dynamic libraries:
00400000-00401000 r-xp 00000000 08:09 5513910                            /usr/lib/jvm/java-1.8.0-openjdk-1.8.0.45-31.b13.fc21.x86_64/jre/bin/java
00600000-00601000 r--p 00000000 08:09 5513910                            /usr/lib/jvm/java-1.8.0-openjdk-1.8.0.45-31.b13.fc21.x86_64/jre/bin/java
00601000-00602000 rw-p 00001000 08:09 5513910                            /usr/lib/jvm/java-1.8.0-openjdk-1.8.0.45-31.b13.fc21.x86_64/jre/bin/java
01752000-01773000 rw-p 00000000 00:00 0                                  [heap]
86600000-8a900000 rw-p 00000000 00:00 0 
8a900000-d7780000 ---p 00000000 00:00 0 
d7780000-f5f80000 rw-p 00000000 00:00 0 
ffd80000-100000000 ---p 00000000 00:00 0 
100000000-100320000 rw-p 00000000 00:00 0 
100320000-140000000 ---p 00000000 00:00 0 
7f748c000000-7f748c021000 rw-p 00000000 00:00 0 
7f748c021000-7f7490000000 ---p 00000000 00:00 0 
7f7494000000-7f7494021000 rw-p 00000000 00:00 0 
7f7494021000-7f7498000000 ---p 00000000 00:00 0 
7f7498000000-7f7498069000 rw-p 00000000 00:00 0 
7f7498069000-7f749c000000 ---p 00000000 00:00 0 
7f749c000000-7f749c021000 rw-p 00000000 00:00 0 
7f749c021000-7f74a0000000 ---p 00000000 00:00 0 
7f74a0000000-7f74a0d6e000 rw-p 00000000 00:00 0 
7f74a0d6e000-7f74a4000000 ---p 00000000 00:00 0 
7f74a4000000-7f74a4c10000 rw-p 00000000 00:00 0 
7f74a4c10000-7f74a8000000 ---p 00000000 00:00 0 
7f74a8000000-7f74a8021000 rw-p 00000000 00:00 0 
7f74a8021000-7f74ac000000 ---p 00000000 00:00 0 
7f74ac000000-7f74adf2d000 rw-p 00000000 00:00 0 
7f74adf2d000-7f74b0000000 ---p 00000000 00:00 0 
7f74b0000000-7f74b174d000 rw-p 00000000 00:00 0 
7f74b174d000-7f74b4000000 ---p 00000000 00:00 0 
7f74b4000000-7f74b4021000 rw-p 00000000 00:00 0 
7f74b4021000-7f74b8000000 ---p 00000000 00:00 0 
7f74b9a8d000-7f74c0000000 r--p 00000000 08:09 5252665                    /usr/lib/locale/locale-archive
7f74c0000000-7f74c0021000 rw-p 00000000 00:00 0 
7f74c0021000-7f74c4000000 ---p 00000000 00:00 0 
7f74c4000000-7f74c4021000 rw-p 00000000 00:00 0 
7f74c4021000-7f74c8000000 ---p 00000000 00:00 0 
7f74c8000000-7f74c8021000 rw-p 00000000 00:00 0 
7f74c8021000-7f74cc000000 ---p 00000000 00:00 0 
7f74cc3a6000-7f74cc3a9000 ---p 00000000 00:00 0 
7f74cc3a9000-7f74cc61d000 rw-p 00000000 00:00 0                          [stack:25002]
7f74cc61d000-7f74cc6a7000 ---p 00000000 00:00 0 
7f74cc6a7000-7f74cc6ae000 r-xp 00000000 08:09 5513927                    /usr/lib/jvm/java-1.8.0-openjdk-1.8.0.45-31.b13.fc21.x86_64/jre/lib/amd64/libawt_headless.so
7f74cc6ae000-7f74cc8ad000 ---p 00007000 08:09 5513927                    /usr/lib/jvm/java-1.8.0-openjdk-1.8.0.45-31.b13.fc21.x86_64/jre/lib/amd64/libawt_headless.so
7f74cc8ad000-7f74cc8ae000 r--p 00006000 08:09 5513927                    /usr/lib/jvm/java-1.8.0-openjdk-1.8.0.45-31.b13.fc21.x86_64/jre/lib/amd64/libawt_headless.so
7f74cc8ae000-7f74cc8af000 rw-p 00007000 08:09 5513927                    /usr/lib/jvm/java-1.8.0-openjdk-1.8.0.45-31.b13.fc21.x86_64/jre/lib/amd64/libawt_headless.so
7f74cc8af000-7f74cc950000 r-xp 00000000 08:09 5513926                    /usr/lib/jvm/java-1.8.0-openjdk-1.8.0.45-31.b13.fc21.x86_64/jre/lib/amd64/libawt.so
7f74cc950000-7f74ccb50000 ---p 000a1000 08:09 5513926                    /usr/lib/jvm/java-1.8.0-openjdk-1.8.0.45-31.b13.fc21.x86_64/jre/lib/amd64/libawt.so
7f74ccb50000-7f74ccb51000 r--p 000a1000 08:09 5513926                    /usr/lib/jvm/java-1.8.0-openjdk-1.8.0.45-31.b13.fc21.x86_64/jre/lib/amd64/libawt.so
7f74ccb51000-7f74ccb5c000 rw-p 000a2000 08:09 5513926                    /usr/lib/jvm/java-1.8.0-openjdk-1.8.0.45-31.b13.fc21.x86_64/jre/lib/amd64/libawt.so
7f74ccb5c000-7f74ccb81000 rw-p 00000000 00:00 0 
7f74ccb81000-7f74ccb9d000 r--s 003b6000 08:09 5513967                    /usr/lib/jvm/java-1.8.0-openjdk-1.8.0.45-31.b13.fc21.x86_64/jre/lib/ext/cldrdata.jar
7f74ccb9d000-7f74ccd9d000 rw-p 00000000 00:00 0 
7f74ccd9d000-7f74ccf9d000 rw-p 00000000 00:00 0 
7f74ccf9d000-7f74cd19d000 rw-p 00000000 00:00 0 
7f74cd19d000-7f74cd39d000 rw-p 00000000 00:00 0 
7f74cd39d000-7f74cd59d000 rw-p 00000000 00:00 0 
7f74cd59d000-7f74cd79d000 rw-p 00000000 00:00 0 
7f74cd79d000-7f74cd99d000 rw-p 00000000 00:00 0 
7f74cd9a2000-7f74cd9a3000 rw-p 00000000 00:00 0 
7f74cd9a3000-7f74cd9a8000 r--s 00308000 08:09 5385152                    /usr/lib/jvm/java-1.8.0-openjdk-1.8.0.45-31.b13.fc21.x86_64/jre/lib/charsets.jar
7f74cd9a8000-7f74cdba8000 rw-p 00000000 00:00 0 
7f74cdba8000-7f74cdda8000 rw-p 00000000 00:00 0 
7f74cdda8000-7f74cdfa8000 rw-p 00000000 00:00 0 
7f74cdfa8000-7f74cdfbb000 r--s 00345000 08:09 5385157                    /usr/lib/jvm/java-1.8.0-openjdk-1.8.0.45-31.b13.fc21.x86_64/jre/lib/resources.jar
7f74cdfbb000-7f74cdfc7000 r--s 0027a000 08:08 3277573                    /home/arthur/.m2/repository/org/robolectric/shadows-core/3.0-rc2/shadows-core-3.0-rc2-21.jar
7f74cdfc7000-7f74ce1b1000 r--s 026f8000 08:08 3277561                    /home/arthur/.m2/repository/org/robolectric/android-all/5.0.0_r2-robolectric-1/android-all-5.0.0_r2-robolectric-1.jar
7f74ce1b1000-7f74ce3b1000 rw-p 00000000 00:00 0 
7f74ce3b1000-7f74ce3b4000 ---p 00000000 00:00 0 
7f74ce3b4000-7f74ce4b2000 rw-p 00000000 00:00 0                          [stack:25000]
7f74ce4b2000-7f74ce4b5000 ---p 00000000 00:00 0 
7f74ce4b5000-7f74ce5b3000 rw-p 00000000 00:00 0                          [stack:24999]
7f74ce5b3000-7f74ce5b6000 ---p 00000000 00:00 0 
7f74ce5b6000-7f74ce6b4000 rw-p 00000000 00:00 0                          [stack:24998]
7f74ce6b4000-7f74ce6c5000 r-xp 00000000 08:09 5513947                    /usr/lib/jvm/java-1.8.0-openjdk-1.8.0.45-31.b13.fc21.x86_64/jre/lib/amd64/libnio.so
7f74ce6c5000-7f74ce8c4000 ---p 00011000 08:09 5513947                    /usr/lib/jvm/java-1.8.0-openjdk-1.8.0.45-31.b13.fc21.x86_64/jre/lib/amd64/libnio.so
7f74ce8c4000-7f74ce8c5000 r--p 00010000 08:09 5513947                    /usr/lib/jvm/java-1.8.0-openjdk-1.8.0.45-31.b13.fc21.x86_64/jre/lib/amd64/libnio.so
7f74ce8c5000-7f74ce8c6000 rw-p 00011000 08:09 5513947                    /usr/lib/jvm/java-1.8.0-openjdk-1.8.0.45-31.b13.fc21.x86_64/jre/lib/amd64/libnio.so
7f74ce8c6000-7f74ce9a5000 r--s 016c4000 08:08 3411402                    /home/arthur/AndroidStudioProjects/Mobline-Prototype/app/build/intermediates/mockable-android-21.jar
7f74ce9a5000-7f74ce9b4000 r--s 00084000 08:08 3411924                    /home/arthur/AndroidStudioProjects/Mobline-Prototype/app/build/intermediates/exploded-aar/com.google.android.gms/play-services-ads/7.3.0/classes.jar
7f74ce9b4000-7f74ce9bf000 r--s 00079000 08:08 3411932                    /home/arthur/AndroidStudioProjects/Mobline-Prototype/app/build/intermediates/exploded-aar/com.google.android.gms/play-services-analytics/7.3.0/classes.jar
7f74ce9bf000-7f74ce9d1000 r--s 000c6000 08:08 3411911                    /home/arthur/AndroidStudioProjects/Mobline-Prototype/app/build/intermediates/exploded-aar/com.android.support/support-v4/22.1.1/classes.jar
7f74ce9d1000-7f74ce9d5000 r--s 00016000 08:08 3805343                    /home/arthur/AndroidStudioProjects/Mobline-Prototype/app/build/intermediates/exploded-aar/com.google.android.gms/play-services-nearby/7.3.0/classes.jar
7f74ce9d5000-7f74ce9eb000 r--s 00085000 08:08 3804422                    /home/arthur/AndroidStudioProjects/Mobline-Prototype/app/build/intermediates/exploded-aar/com.google.android.gms/play-services-games/7.3.0/classes.jar
7f74ce9eb000-7f74ce9ed000 r--s 00006000 08:08 3411958                    /home/arthur/AndroidStudioProjects/Mobline-Prototype/app/build/intermediates/exploded-aar/com.google.android.gms/play-services-appstate/7.3.0/classes.jar
7f74ce9ed000-7f74ce9f5000 r--s 00036000 08:08 3412390                    /home/arthur/AndroidStudioProjects/Mobline-Prototype/app/build/intermediates/exploded-aar/com.android.support/support-v4/22.1.1/libs/internal_impl-22.1.1.jar
7f74ce9f5000-7f74ce9fd000 r--s 0003d000 08:08 3804478                    /home/arthur/AndroidStudioProjects/Mobline-Prototype/app/build/intermediates/exploded-aar/com.google.android.gms/play-services-maps/7.3.0/classes.jar
7f74ce9fd000-7f74cea04000 r--s 00034000 08:08 3805937                    /home/arthur/AndroidStudioProjects/Mobline-Prototype/app/build/intermediates/exploded-aar/com.google.android.gms/play-services-wearable/7.3.0/classes.jar
7f74cea04000-7f74cea27000 r--s 00193000 08:08 2228492                    /home/arthur/.gradle/caches/modules-2/files-2.1/com.google.guava/guava-jdk5/13.0/381ae6c8add7c98e9bcddb1e0b898400cd6fc3f7/guava-jdk5-13.0.jar
7f74cea27000-7f74cea2d000 r--s 0003c000 08:08 1835695                    /home/arthur/.gradle/caches/modules-2/files-2.1/com.github.PhilJay/MPAndroidChart/v2.0.9/6df6035161f0263100c3a70626bccbfd0bb545b7/MPAndroidChart-v2.0.9.jar
7f74cea2d000-7f74cea2e000 r--s 00002000 08:08 2228486                    /home/arthur/.gradle/caches/modules-2/files-2.1/com.google.http-client/google-http-client-android/1.19.0/e3f11020c2c812112803d252d1392872d3f619c8/google-http-client-android-1.19.0.jar
7f74cea2e000-7f74cea35000 r--s 0003c000 08:08 2228494                    /home/arthur/.gradle/caches/modules-2/files-2.1/com.google.http-client/google-http-client/1.19.0/cdca49ad0977c040f603478aa2e16b2775c8fec6/google-http-client-1.19.0.jar
7f74cea35000-7f74cea3e000 r--s 00082000 08:08 3411418                    /home/arthur/AndroidStudioProjects/Mobline-Prototype/app/build/intermediates/exploded-aar/com.android.support/appcompat-v7/22.1.1/classes.jar
7f74cea3e000-7f74cea4a000 r--s 0005d000 08:08 3804405                    /home/arthur/AndroidStudioProjects/Mobline-Prototype/app/build/intermediates/exploded-aar/com.google.android.gms/play-services-drive/7.3.0/classes.jar
7f74cea4a000-7f74cea4f000 r--s 00022000 08:08 3805920                    /home/arthur/AndroidStudioProjects/Mobline-Prototype/app/build/intermediates/exploded-aar/com.google.android.gms/play-services-wallet/7.3.0/classes.jar
7f74cea4f000-7f74cea51000 r--s 00004000 08:08 3804436                    /home/arthur/AndroidStudioProjects/Mobline-Prototype/app/build/intermediates/exploded-aar/com.google.android.gms/play-services-identity/7.3.0/classes.jar
7f74cea51000-7f74cea52000 r--s 00000000 08:08 3411950                    /home/arthur/AndroidStudioProjects/Mobline-Prototype/app/build/intermediates/exploded-aar/com.google.android.gms/play-services-appinvite/7.3.0/classes.jar
7f74cea52000-7f74cea61000 r--s 00092000 08:08 2885583                    /home/arthur/Downloads/android-sdk-linux/extras/android/m2repository/com/android/support/support-v4/19.1.0/support-v4-19.1.0.jar
7f74cea61000-7f74cea64000 r--s 00022000 08:08 3277174                    /home/arthur/.gradle/caches/modules-2/files-2.1/org.robolectric/robolectric/3.0-rc2/6f603ddff0f4674ee7247c53d865c64ee8cc1a4/robolectric-3.0-rc2.jar
7f74cea64000-7f74cea66000 r--s 00008000 08:08 3277182                    /home/arthur/.gradle/caches/modules-2/files-2.1/org.robolectric/robolectric-utils/3.0-rc2/ffe28ef7720975235b3c895b3116d5cb70b49c47/robolectric-utils-3.0-rc2.jar
7f74cea66000-7f74cea8e000 r--s 001a3000 08:08 3277186                    /home/arthur/.gradle/caches/modules-2/files-2.1/org.bouncycastle/bcprov-jdk16/1.46/ce091790943599535cbb4de8ede84535b0c1260c/bcprov-jdk16-1.46.jar
7f74cea8e000-7f74cea91000 r--s 0000c000 08:08 3277202                    /home/arthur/.gradle/caches/modules-2/files-2.1/com.google.android.apps.common.testing.accessibility.framework/accessibility-test-framework/1.0/28162aae36f8ba5903adadfb570313e1f1be852e/accessibility-test-framework-1.0.jar
7f74cea91000-7f74cea95000 r--s 00022000 08:08 3277180                    /home/arthur/.gradle/caches/modules-2/files-2.1/org.robolectric/robolectric-resources/3.0-rc2/c8bd89453ce0b52b748e73879c2f5a7395993b23/robolectric-resources-3.0-rc2.jar
7f74cea95000-7f74cea98000 r--s 0001d000 08:08 3277206                    /home/arthur/.gradle/caches/modules-2/files-2.1/com.almworks.sqlite4java/sqlite4java/0.282/745a7e2f35fdbe6336922e0d492c979dbbfa74fb/sqlite4java-0.282.jar
7f74cea98000-7f74cea99000 r--s 0000c000 08:08 3277188                    /home/arthur/.gradle/caches/modules-2/files-2.1/org.ow2.asm/asm/5.0.1/2fd56467a018aafe6ec6a73ccba520be4a7e1565/asm-5.0.1.jar
7f74cea99000-7f74ceaa0000 r--s 0003b000 08:08 3277330                    /home/arthur/.gradle/caches/modules-2/files-2.1/org.easytesting/fest-assert-core/2.0M10/cb7c91cf614901928ae405f19d9bcdedf82781db/fest-assert-core-2.0M10.jar
7f74ceaa0000-7f74ceaa2000 r--s 00006000 08:08 2500718                    /home/arthur/.gradle/caches/modules-2/files-2.1/org.ow2.asm/asm-tree/5.0.1/1b1e6e9d869acd704056d0a4223071a511c619e6/asm-tree-5.0.1.jar
7f74ceaa2000-7f74ceabb000 r--s 00129000 08:08 3277198                    /home/arthur/.gradle/caches/modules-2/files-2.1/org.apache.maven/maven-ant-tasks/2.1.3/b09be554228d66d208e5fef5266844aacf443abc/maven-ant-tasks-2.1.3.jar
7f74ceabb000-7f74ceabd000 r--s 0000a000 08:08 2230344                    /home/arthur/.gradle/caches/modules-2/files-2.1/commons-codec/commons-codec/1.3/fd32786786e2adb664d5ecc965da47629dca14ba/commons-codec-1.3.jar
7f74ceabd000-7f74ceac5000 r--s 00045000 08:08 3277172                    /home/arthur/.gradle/caches/modules-2/files-2.1/junit/junit/4.12/2973d150c0dc1fefe998f834810d68f278ea58ec/junit-4.12.jar
7f74ceac5000-7f74ceb1c000 r--s 008ec000 08:08 3277204                    /home/arthur/.gradle/caches/modules-2/files-2.1/com.ibm.icu/icu4j/53.1/786d9055d4ca8c1aab4a7d4ac8283f973fd7e41f/icu4j-53.1.jar
7f74ceb1c000-7f74ceb1d000 r--s 0000a000 08:08 3277192                    /home/arthur/.gradle/caches/modules-2/files-2.1/org.ow2.asm/asm-util/5.0.1/7c8caddfbd0b2d7b844f8fcc75175b9cb9cf4724/asm-util-5.0.1.jar
7f74ceb1d000-7f74ceb3c000 r--s 00150000 08:08 1836979                    /home/arthur/.gradle/caches/modules-2/files-2.1/org.mockito/mockito-core/1.9.5/c3264abeea62c4d2f367e21484fbb40c7e256393/mockito-core-1.9.5.jar
7f74ceb3c000-7f74ceb53000 r--s 00159000 08:08 3277200                    /home/arthur/.gradle/caches/modules-2/files-2.1/org.apache.ant/ant/1.8.0/7b456ca6b93900f96e58cc8371f03d90a9c1c8d1/ant-1.8.0.jar
7f74ceb53000-7f74ceb5c000 r--s 0004b000 08:08 3277328                    /home/arthur/.gradle/caches/modules-2/files-2.1/com.squareup/fest-android/1.0.8/72b0763d5fd11a9ca769bb88367d92e43c0198e0/fest-android-1.0.8.jar
7f74ceb5c000-7f74ceb61000 r--s 00043000 08:09 5513695                    /usr/lib/jvm/java-1.8.0-openjdk-1.8.0.45-31.b13.fc21.x86_64/jre/lib/ext/sunjce_provider.jar
7f74ceb61000-7f74ceb62000 r--s 00015000 08:08 3277555                    /home/arthur/.m2/repository/org/ccil/cowan/tagsoup/tagsoup/1.2/tagsoup-1.2.jar
7f74ceb62000-7f74ceb64000 r--s 00008000 08:08 3277552                    /home/arthur/.m2/repository/org/json/json/20080701/json-20080701.jar
7f74ceb64000-7f74ceb66000 r--s 0000d000 08:08 2228488                    /home/arthur/.gradle/caches/modules-2/files-2.1/com.google.oauth-client/google-oauth-client/1.19.0/d473a8962e14a707a3716637e4898bb2dd9643f2/google-oauth-client-1.19.0.jar
7f74ceb66000-7f74ceb68000 r--s 00002000 08:08 3805888                    /home/arthur/AndroidStudioProjects/Mobline-Prototype/app/build/intermediates/exploded-aar/com.google.android.gms/play-services-panorama/7.3.0/classes.jar
7f74ceb68000-7f74ceb69000 r--s 00002000 08:08 2884945                    /home/arthur/Downloads/android-sdk-linux/extras/android/m2repository/com/android/support/support-annotations/22.1.1/support-annotations-22.1.1.jar
7f74ceb69000-7f74ceb6d000 r--s 00017000 08:08 3804397                    /home/arthur/AndroidStudioProjects/Mobline-Prototype/app/build/intermediates/exploded-aar/com.google.android.gms/play-services-cast/7.3.0/classes.jar
7f74ceb6d000-7f74ceb74000 r--s 00030000 08:08 3804443                    /home/arthur/AndroidStudioProjects/Mobline-Prototype/app/build/intermediates/exploded-aar/com.google.android.gms/play-services-location/7.3.0/classes.jar
7f74ceb74000-7f74ceb75000 r--s 00002000 08:08 2228482                    /home/arthur/.gradle/caches/modules-2/files-2.1/com.google.api-client/google-api-client-android/1.19.0/ba2aafb867f6af469f936ae76426cf0a280094bd/google-api-client-android-1.19.0.jar
7f74ceb75000-7f74ceb7e000 r--s 0004f000 08:08 3804414                    /home/arthur/AndroidStudioProjects/Mobline-Prototype/app/build/intermediates/exploded-aar/com.google.android.gms/play-services-fitness/7.3.0/classes.jar
7f74ceb7e000-7f74ceb82000 r--s 0002f000 08:08 2228498                    /home/arthur/.gradle/caches/modules-2/files-2.1/com.fasterxml.jackson.core/jackson-core/2.1.3/f6c3aed1cdfa21b5c1737c915186ea93a95a58bd/jackson-core-2.1.3.jar
7f74ceb82000-7f74ceb84000 r--s 00004000 08:08 6160559                    /home/arthur/AndroidStudioProjects/Mobline-Prototype/backend/build/libs/backend-android-endpoints.jar
7f74ceb84000-7f74ceb85000 r--s 00003000 08:08 3805905                    /home/arthur/AndroidStudioProjects/Mobline-Prototype/app/build/intermediates/exploded-aar/com.google.android.gms/play-services-safetynet/7.3.0/classes.jar
7f74ceb85000-7f74ceb88000 r--s 00006000 08:08 2228496                    /home/arthur/.gradle/caches/modules-2/files-2.1/com.google.code.findbugs/jsr305/1.3.9/40719ea6961c0cb6afaeb6a921eaa1f6afd4cfdf/jsr305-1.3.9.jar
7f74ceb88000-7f74ceb8b000 r--s 00010000 08:08 3411941                    /home/arthur/AndroidStudioProjects/Mobline-Prototype/app/build/intermediates/exploded-aar/com.google.android.gms/play-services-appindexing/7.3.0/classes.jar
7f74ceb8b000-7f74ceb90000 r--s 0002a000 08:08 2228484                    /home/arthur/.gradle/caches/modules-2/files-2.1/com.google.api-client/google-api-client/1.19.0/6a21277d9bebe267b7ddee028b241eebc756c040/google-api-client-1.19.0.jar
7f74ceb90000-7f74ceb93000 r--s 0001b000 08:08 3411404                    /home/arthur/AndroidStudioProjects/Mobline-Prototype/app/libs/robotium-solo-5.3.1.jar
7f74ceb93000-7f74ceb94000 r--s 00001000 08:08 2228490                    /home/arthur/.gradle/caches/modules-2/files-2.1/com.google.http-client/google-http-client-jackson2/1.19.0/81dbf9795d387d5e80e55346582d5f2fb81a42eb/google-http-client-jackson2-1.19.0.jar
7f74ceb94000-7f74ceba3000 r--s 0008e000 08:08 3411965                    /home/arthur/AndroidStudioProjects/Mobline-Prototype/app/build/intermediates/exploded-aar/com.google.android.gms/play-services-base/7.3.0/classes.jar
7f74ceba3000-7f74ceba7000 r--s 0001e000 08:08 3805898                    /home/arthur/AndroidStudioProjects/Mobline-Prototype/app/build/intermediates/exploded-aar/com.google.android.gms/play-services-plus/7.3.0/classes.jar
7f74ceba7000-7f74ceba8000 r--s 00001000 08:08 3804429                    /home/arthur/AndroidStudioProjects/Mobline-Prototype/app/build/intermediates/exploded-aar/com.google.android.gms/play-services-gcm/7.3.0/classes.jar
7f74ceba8000-7f74cebaa000 r--s 00007000 08:08 3279557                    /home/arthur/.gradle/wrapper/dists/gradle-2.2.1-all/6dibv5rcnnqlfbq9klf8imrndn/gradle-2.2.1/lib/objenesis-1.2.jar
7f74cebaa000-7f74cebac000 r--s 00000000 08:08 3279556                    /home/arthur/.gradle/wrapper/dists/gradle-2.2.1-all/6dibv5rcnnqlfbq9klf8imrndn/gradle-2.2.1/lib/minlog-1.2.jar
7f74cebac000-7f74cebad000 r--s 00004000 08:08 3277194                    /home/arthur/.gradle/caches/modules-2/files-2.1/org.ow2.asm/asm-analysis/5.0.1/e286fbee48efacb4e7c175f7948d9d8b2ab52352/asm-analysis-5.0.1.jar
7f74cebad000-7f74cebae000 r--s 00002000 08:08 3277178                    /home/arthur/.gradle/caches/modules-2/files-2.1/org.robolectric/robolectric-annotations/3.0-rc2/49b045537961c3916b1f9d37bbb145caf614b807/robolectric-annotations-3.0-rc2.jar
7f74cebae000-7f74cebb0000 r--s 00005000 08:08 1836981                    /home/arthur/.gradle/caches/modules-2/files-2.1/org.objenesis/objenesis/1.0/9b473564e792c2bdf1449da1f0b1b5bff9805704/objenesis-1.0.jar
7f74cebb0000-7f74cebb2000 r--s 00009000 08:08 3277176                    /home/arthur/.gradle/caches/modules-2/files-2.1/org.hamcrest/hamcrest-core/1.3/42a25dc3219429f0e5d060061f71acb49bf010a0/hamcrest-core-1.3.jar
7f74cebb2000-7f74cebb9000 r--s 00095000 08:08 3277196                    /home/arthur/.gradle/caches/modules-2/files-2.1/com.ximpleware/vtd-xml/2.11/ee5bcf62c1acf76434ee9f1c67a840bafef72a6d/vtd-xml-2.11.jar
7f74cebb9000-7f74cebc5000 r--s 0027a000 08:08 3277184                    /home/arthur/.gradle/caches/modules-2/files-2.1/org.robolectric/shadows-core/3.0-rc2/545ee5dd69893d25a690dbba973fc4196a697e12/shadows-core-3.0-rc2-21.jar
7f74cebc5000-7f74cebc7000 r--s 00009000 08:08 3277190                    /home/arthur/.gradle/caches/modules-2/files-2.1/org.ow2.asm/asm-commons/5.0.1/7b7147a390a93a14d2edfdcf3f7b0e87a0939c3e/asm-commons-5.0.1.jar
7f74cebc7000-7f74cebc8000 r--s 00002000 08:08 3277208                    /home/arthur/.gradle/caches/modules-2/files-2.1/org.apache.ant/ant-launcher/1.8.0/8b53ba16fa62fb1034da8f1de200ddc407c8381/ant-launcher-1.8.0.jar
7f74cebc8000-7f74cebc9000 r--s 00007000 08:08 3277332                    /home/arthur/.gradle/caches/modules-2/files-2.1/org.easytesting/fest-util/1.2.5/c4a8d7305b23b8d043be12c979813b096df11f44/fest-util-1.2.5.jar
7f74cebc9000-7f74cebd2000 r--s 0002c000 08:08 3279515                    /home/arthur/.gradle/wrapper/dists/gradle-2.2.1-all/6dibv5rcnnqlfbq9klf8imrndn/gradle-2.2.1/lib/gradle-tooling-api-2.2.1.jar
7f74cebd2000-7f74cebd4000 r--s 00002000 08:08 3279539                    /home/arthur/.gradle/wrapper/dists/gradle-2.2.1-all/6dibv5rcnnqlfbq9klf8imrndn/gradle-2.2.1/lib/gradle-open-api-2.2.1.jar
7f74cebd4000-7f74cebda000 r--s 00032000 08:08 3279541                    /home/arthur/.gradle/wrapper/dists/gradle-2.2.1-all/6dibv5rcnnqlfbq9klf8imrndn/gradle-2.2.1/lib/jaxen-1.1.jar
7f74cebda000-7f74cebdf000 r--s 00048000 08:08 3279540                    /home/arthur/.gradle/wrapper/dists/gradle-2.2.1-all/6dibv5rcnnqlfbq9klf8imrndn/gradle-2.2.1/lib/dom4j-1.6.1.jar
7f74cebdf000-7f74cebea000 r--s 00059000 08:08 3279514                    /home/arthur/.gradle/wrapper/dists/gradle-2.2.1-all/6dibv5rcnnqlfbq9klf8imrndn/gradle-2.2.1/lib/gradle-ui-2.2.1.jar
7f74cebea000-7f74cebec000 r--s 00006000 08:08 3279535                    /home/arthur/.gradle/wrapper/dists/gradle-2.2.1-all/6dibv5rcnnqlfbq9klf8imrndn/gradle-2.2.1/lib/gradle-resources-2.2.1.jar
7f74cebec000-7f74cebee000 r--s 0000f000 08:08 3279555                    /home/arthur/.gradle/wrapper/dists/gradle-2.2.1-all/6dibv5rcnnqlfbq9klf8imrndn/gradle-2.2.1/lib/reflectasm-1.07-shaded.jar
7f74cebee000-7f74cebf2000 r--s 00026000 08:08 3279546                    /home/arthur/.gradle/wrapper/dists/gradle-2.2.1-all/6dibv5rcnnqlfbq9klf8imrndn/gradle-2.2.1/lib/kryo-2.20.jar
7f74cebf2000-7f74cec09000 r-xp 00000000 08:09 5513946                    /usr/lib/jvm/java-1.8.0-openjdk-1.8.0.45-31.b13.fc21.x86_64/jre/lib/amd64/libnet.so
7f74cec09000-7f74cee08000 ---p 00017000 08:09 5513946                    /usr/lib/jvm/java-1.8.0-openjdk-1.8.0.45-31.b13.fc21.x86_64/jre/lib/amd64/libnet.so
7f74cee08000-7f74cee09000 r--p 00016000 08:09 5513946                    /usr/lib/jvm/java-1.8.0-openjdk-1.8.0.45-31.b13.fc21.x86_64/jre/lib/amd64/libnet.so
7f74cee09000-7f74cee0a000 rw-p 00017000 08:09 5513946                    /usr/lib/jvm/java-1.8.0-openjdk-1.8.0.45-31.b13.fc21.x86_64/jre/lib/amd64/libnet.so
7f74cee0a000-7f74cee0b000 r--s 00003000 08:08 3279554                    /home/arthur/.gradle/wrapper/dists/gradle-2.2.1-all/6dibv5rcnnqlfbq9klf8imrndn/gradle-2.2.1/lib/native-platform-freebsd-amd64-0.10.jar
7f74cee0b000-7f74cee0c000 r--s 00003000 08:08 3279553                    /home/arthur/.gradle/wrapper/dists/gradle-2.2.1-all/6dibv5rcnnqlfbq9klf8imrndn/gradle-2.2.1/lib/native-platform-freebsd-i386-0.10.jar
7f74cee0c000-7f74cee0d000 r--s 00005000 08:08 3279552                    /home/arthur/.gradle/wrapper/dists/gradle-2.2.1-all/6dibv5rcnnqlfbq9klf8imrndn/gradle-2.2.1/lib/native-platform-windows-i386-0.10.jar
7f74cee0d000-7f74cee0e000 r--s 00005000 08:08 3279551                    /home/arthur/.gradle/wrapper/dists/gradle-2.2.1-all/6dibv5rcnnqlfbq9klf8imrndn/gradle-2.2.1/lib/native-platform-windows-amd64-0.10.jar
7f74cee0e000-7f74cee0f000 r--s 00003000 08:08 3279550                    /home/arthur/.gradle/wrapper/dists/gradle-2.2.1-all/6dibv5rcnnqlfbq9klf8imrndn/gradle-2.2.1/lib/native-platform-linux-i386-0.10.jar
7f74cee0f000-7f74cee10000 r--s 00003000 08:08 3279549                    /home/arthur/.gradle/wrapper/dists/gradle-2.2.1-all/6dibv5rcnnqlfbq9klf8imrndn/gradle-2.2.1/lib/native-platform-linux-amd64-0.10.jar
7f74cee10000-7f74cee11000 r--s 00002000 08:08 3279548                    /home/arthur/.gradle/wrapper/dists/gradle-2.2.1-all/6dibv5rcnnqlfbq9klf8imrndn/gradle-2.2.1/lib/native-platform-osx-amd64-0.10.jar
7f74cee11000-7f74cee12000 r--s 00002000 08:08 3279547                    /home/arthur/.gradle/wrapper/dists/gradle-2.2.1-all/6dibv5rcnnqlfbq9klf8imrndn/gradle-2.2.1/lib/native-platform-osx-i386-0.10.jar
7f74cee12000-7f74cee14000 r--s 00008000 08:08 3279544                    /home/arthur/.gradle/wrapper/dists/gradle-2.2.1-all/6dibv5rcnnqlfbq9klf8imrndn/gradle-2.2.1/lib/jansi-1.2.1.jar
7f74cee14000-7f74cee17000 r--s 0000d000 08:08 3279543                    /home/arthur/.gradle/wrapper/dists/gradle-2.2.1-all/6dibv5rcnnqlfbq9klf8imrndn/gradle-2.2.1/lib/native-platform-0.10.jar
7f74cee17000-7f74cee1b000 r--s 000e4000 08:08 3279542                    /home/arthur/.gradle/wrapper/dists/gradle-2.2.1-all/6dibv5rcnnqlfbq9klf8imrndn/gradle-2.2.1/lib/jna-3.2.7.jar
7f74cee1b000-7f74cee1d000 r--s 00003000 08:08 3279533                    /home/arthur/.gradle/wrapper/dists/gradle-2.2.1-all/6dibv5rcnnqlfbq9klf8imrndn/gradle-2.2.1/lib/gradle-base-services-groovy-2.2.1.jar
7f74cee1d000-7f74cee1f000 r--s 0000a000 08:08 3279521                    /home/arthur/.gradle/wrapper/dists/gradle-2.2.1-all/6dibv5rcnnqlfbq9klf8imrndn/gradle-2.2.1/lib/gradle-model-groovy-2.2.1.jar
7f74cee1f000-7f74cee23000 r--s 0001b000 08:08 3279520                    /home/arthur/.gradle/wrapper/dists/gradle-2.2.1-all/6dibv5rcnnqlfbq9klf8imrndn/gradle-2.2.1/lib/gradle-model-core-2.2.1.jar
7f74cee23000-7f74cee24000 r--s 00000000 08:08 3279536                    /home/arthur/.gradle/wrapper/dists/gradle-2.2.1-all/6dibv5rcnnqlfbq9klf8imrndn/gradle-2.2.1/lib/gradle-docs-2.2.1.jar
7f74cee24000-7f74cee25000 r--s 00005000 08:08 3279537                    /home/arthur/.gradle/wrapper/dists/gradle-2.2.1-all/6dibv5rcnnqlfbq9klf8imrndn/gradle-2.2.1/lib/log4j-over-slf4j-1.7.7.jar
7f74cee25000-7f74cee28000 r--s 0001b000 08:08 3279531                    /home/arthur/.gradle/wrapper/dists/gradle-2.2.1-all/6dibv5rcnnqlfbq9klf8imrndn/gradle-2.2.1/lib/jarjar-1.3.jar
7f74cee28000-7f74cee29000 r--s 00000000 08:08 3279529                    /home/arthur/.gradle/wrapper/dists/gradle-2.2.1-all/6dibv5rcnnqlfbq9klf8imrndn/gradle-2.2.1/lib/jcip-annotations-1.0.jar
7f74cee29000-7f74cee37000 r--s 0007f000 08:08 3279524                    /home/arthur/.gradle/wrapper/dists/gradle-2.2.1-all/6dibv5rcnnqlfbq9klf8imrndn/gradle-2.2.1/lib/commons-collections-3.2.1.jar
7f74cee37000-7f74cee3f000 r--s 0003c000 08:08 3279509                    /home/arthur/.gradle/wrapper/dists/gradle-2.2.1-all/6dibv5rcnnqlfbq9klf8imrndn/gradle-2.2.1/lib/gradle-launcher-2.2.1.jar
7f74cee3f000-7f74cee40000 r--s 00001000 08:08 3279613                    /home/arthur/.gradle/wrapper/dists/gradle-2.2.1-all/6dibv5rcnnqlfbq9klf8imrndn/gradle-2.2.1/lib/plugins/gradle-plugin-development-2.2.1.jar
7f74cee40000-7f74cee42000 r--s 00002000 08:08 3279612                    /home/arthur/.gradle/wrapper/dists/gradle-2.2.1-all/6dibv5rcnnqlfbq9klf8imrndn/gradle-2.2.1/lib/plugins/gradle-cunit-2.2.1.jar
7f74cee42000-7f74cee47000 r--s 00036000 08:08 3279611                    /home/arthur/.gradle/wrapper/dists/gradle-2.2.1-all/6dibv5rcnnqlfbq9klf8imrndn/gradle-2.2.1/lib/plugins/gradle-ide-native-2.2.1.jar
7f74cee47000-7f74cee4c000 r--s 00013000 08:08 3279610                    /home/arthur/.gradle/wrapper/dists/gradle-2.2.1-all/6dibv5rcnnqlfbq9klf8imrndn/gradle-2.2.1/lib/plugins/gradle-language-native-2.2.1.jar
7f74cee4c000-7f74cee57000 r--s 0004d000 08:08 3279609                    /home/arthur/.gradle/wrapper/dists/gradle-2.2.1-all/6dibv5rcnnqlfbq9klf8imrndn/gradle-2.2.1/lib/plugins/gradle-platform-native-2.2.1.jar
7f74cee57000-7f74cee59000 r--s 00008000 08:08 3279608                    /home/arthur/.gradle/wrapper/dists/gradle-2.2.1-all/6dibv5rcnnqlfbq9klf8imrndn/gradle-2.2.1/lib/plugins/gradle-language-groovy-2.2.1.jar
7f74cee59000-7f74cee5e000 r--s 00022000 08:08 3279607                    /home/arthur/.gradle/wrapper/dists/gradle-2.2.1-all/6dibv5rcnnqlfbq9klf8imrndn/gradle-2.2.1/lib/plugins/gradle-language-java-2.2.1.jar
7f74cee5e000-7f74cee61000 r--s 00007000 08:08 3279606                    /home/arthur/.gradle/wrapper/dists/gradle-2.2.1-all/6dibv5rcnnqlfbq9klf8imrndn/gradle-2.2.1/lib/plugins/gradle-language-jvm-2.2.1.jar
7f74cee61000-7f74cee64000 r--s 00009000 08:08 3279605                    /home/arthur/.gradle/wrapper/dists/gradle-2.2.1-all/6dibv5rcnnqlfbq9klf8imrndn/gradle-2.2.1/lib/plugins/gradle-platform-jvm-2.2.1.jar
7f74cee64000-7f74cee69000 r--s 00018000 08:08 3279604                    /home/arthur/.gradle/wrapper/dists/gradle-2.2.1-all/6dibv5rcnnqlfbq9klf8imrndn/gradle-2.2.1/lib/plugins/gradle-platform-base-2.2.1.jar
7f74cee69000-7f74cee6e000 r--s 00026000 08:08 3279603                    /home/arthur/.gradle/wrapper/dists/gradle-2.2.1-all/6dibv5rcnnqlfbq9klf8imrndn/gradle-2.2.1/lib/plugins/gradle-build-init-2.2.1.jar
7f74cee6e000-7f74cee71000 r--s 0001d000 08:08 3279602                    /home/arthur/.gradle/wrapper/dists/gradle-2.2.1-all/6dibv5rcnnqlfbq9klf8imrndn/gradle-2.2.1/lib/plugins/gradle-jacoco-2.2.1.jar
7f74cee71000-7f74cee74000 r--s 0000d000 08:08 3279601                    /home/arthur/.gradle/wrapper/dists/gradle-2.2.1-all/6dibv5rcnnqlfbq9klf8imrndn/gradle-2.2.1/lib/plugins/gradle-ivy-2.2.1.jar
7f74cee74000-7f74cee76000 r--s 00002000 08:08 3279600                    /home/arthur/.gradle/wrapper/dists/gradle-2.2.1-all/6dibv5rcnnqlfbq9klf8imrndn/gradle-2.2.1/lib/plugins/gradle-publish-2.2.1.jar
7f74cee76000-7f74cee78000 r--s 00005000 08:08 3279638                    /home/arthur/.gradle/wrapper/dists/gradle-2.2.1-all/6dibv5rcnnqlfbq9klf8imrndn/gradle-2.2.1/lib/plugins/jatl-0.2.2.jar
7f74cee78000-7f74cee7a000 r--s 0000f000 08:08 3279599                    /home/arthur/.gradle/wrapper/dists/gradle-2.2.1-all/6dibv5rcnnqlfbq9klf8imrndn/gradle-2.2.1/lib/plugins/gradle-reporting-2.2.1.jar
7f74cee7a000-7f74cee7f000 r--s 00034000 08:08 3279598                    /home/arthur/.gradle/wrapper/dists/gradle-2.2.1-all/6dibv5rcnnqlfbq9klf8imrndn/gradle-2.2.1/lib/plugins/gradle-diagnostics-2.2.1.jar
7f74cee7f000-7f74cee86000 r--s 00090000 08:08 3279597                    /home/arthur/.gradle/wrapper/dists/gradle-2.2.1-all/6dibv5rcnnqlfbq9klf8imrndn/gradle-2.2.1/lib/plugins/gradle-build-comparison-2.2.1.jar
7f74cee86000-7f74cee8d000 r--s 00035000 08:08 3279637                    /home/arthur/.gradle/wrapper/dists/gradle-2.2.1-all/6dibv5rcnnqlfbq9klf8imrndn/gradle-2.2.1/lib/plugins/simple-4.1.21.jar
7f74cee8d000-7f74cee99000 r--s 00100000 08:08 3279635                    /home/arthur/.gradle/wrapper/dists/gradle-2.2.1-all/6dibv5rcnnqlfbq9klf8imrndn/gradle-2.2.1/lib/plugins/rhino-1.7R3.jar
7f74cee99000-7f74cee9e000 r--s 0001f000 08:08 3279596                    /home/arthur/.gradle/wrapper/dists/gradle-2.2.1-all/6dibv5rcnnqlfbq9klf8imrndn/gradle-2.2.1/lib/plugins/gradle-javascript-2.2.1.jar
7f74cee9e000-7f74ceea0000 r--s 0000e000 08:08 3279595                    /home/arthur/.gradle/wrapper/dists/gradle-2.2.1-all/6dibv5rcnnqlfbq9klf8imrndn/gradle-2.2.1/lib/plugins/gradle-ear-2.2.1.jar
7f74ceea0000-7f74ceea4000 r--s 00025000 08:08 3279634                    /home/arthur/.gradle/wrapper/dists/gradle-2.2.1-all/6dibv5rcnnqlfbq9klf8imrndn/gradle-2.2.1/lib/plugins/bcpg-jdk15-1.46.jar
7f74ceea4000-7f74ceea7000 r--s 0001d000 08:08 3279594                    /home/arthur/.gradle/wrapper/dists/gradle-2.2.1-all/6dibv5rcnnqlfbq9klf8imrndn/gradle-2.2.1/lib/plugins/gradle-signing-2.2.1.jar
7f74ceea7000-7f74ceea8000 r--s 00002000 08:08 3279633                    /home/arthur/.gradle/wrapper/dists/gradle-2.2.1-all/6dibv5rcnnqlfbq9klf8imrndn/gradle-2.2.1/lib/plugins/sonar-batch-bootstrapper-2.9.jar
7f74ceea8000-7f74ceeab000 r--s 00018000 08:08 3279593                    /home/arthur/.gradle/wrapper/dists/gradle-2.2.1-all/6dibv5rcnnqlfbq9klf8imrndn/gradle-2.2.1/lib/plugins/gradle-sonar-2.2.1.jar
7f74ceeab000-7f74ceeae000 r--s 00017000 08:08 3279592                    /home/arthur/.gradle/wrapper/dists/gradle-2.2.1-all/6dibv5rcnnqlfbq9klf8imrndn/gradle-2.2.1/lib/plugins/gradle-scala-2.2.1.jar
7f74ceeae000-7f74ceeb0000 r--s 0000e000 08:08 3279591                    /home/arthur/.gradle/wrapper/dists/gradle-2.2.1-all/6dibv5rcnnqlfbq9klf8imrndn/gradle-2.2.1/lib/plugins/gradle-announce-2.2.1.jar
7f74ceeb0000-7f74ceeb1000 r--s 00000000 08:08 3279532                    /home/arthur/.gradle/wrapper/dists/gradle-2.2.1-all/6dibv5rcnnqlfbq9klf8imrndn/gradle-2.2.1/lib/javax.inject-1.jar
7f74ceeb1000-7f74ceebf000 r--s 000bc000 08:08 3279590                    /home/arthur/.gradle/wrapper/dists/gradle-2.2.1-all/6dibv5rcnnqlfbq9klf8imrndn/gradle-2.2.1/lib/plugins/gradle-ide-2.2.1.jar
7f74ceebf000-7f74ceec1000 r--s 00000000 08:08 3279632                    /home/arthur/.gradle/wrapper/dists/gradle-2.2.1-all/6dibv5rcnnqlfbq9klf8imrndn/gradle-2.2.1/lib/plugins/plexus-component-annotations-1.5.2.jar
7f74ceec1000-7f74ceec4000 r--s 0000c000 08:08 3279631                    /home/arthur/.gradle/wrapper/dists/gradle-2.2.1-all/6dibv5rcnnqlfbq9klf8imrndn/gradle-2.2.1/lib/plugins/pmaven-groovy-0.8-20100325.jar
7f74ceec4000-7f74ceec5000 r--s 00004000 08:08 3279630                    /home/arthur/.gradle/wrapper/dists/gradle-2.2.1-all/6dibv5rcnnqlfbq9klf8imrndn/gradle-2.2.1/lib/plugins/pmaven-common-0.8-20100325.jar
7f74ceec5000-7f74ceec9000 r--s 0001e000 08:08 3279589                    /home/arthur/.gradle/wrapper/dists/gradle-2.2.1-all/6dibv5rcnnqlfbq9klf8imrndn/gradle-2.2.1/lib/plugins/gradle-maven-2.2.1.jar
7f74ceec9000-7f74ceee1000 r--s 0013b000 08:08 3279628                    /home/arthur/.gradle/wrapper/dists/gradle-2.2.1-all/6dibv5rcnnqlfbq9klf8imrndn/gradle-2.2.1/lib/plugins/bndlib-2.1.0.jar
7f74ceee1000-7f74ceee3000 r--s 00004000 08:08 3279588                    /home/arthur/.gradle/wrapper/dists/gradle-2.2.1-all/6dibv5rcnnqlfbq9klf8imrndn/gradle-2.2.1/lib/plugins/gradle-osgi-2.2.1.jar
7f74ceee3000-7f74ceee4000 r--s 00005000 08:08 3279510                    /home/arthur/.gradle/wrapper/dists/gradle-2.2.1-all/6dibv5rcnnqlfbq9klf8imrndn/gradle-2.2.1/lib/gradle-wrapper-2.2.1.jar
7f74ceee4000-7f74ceee9000 r--s 00068000 08:08 3279627                    /home/arthur/.gradle/wrapper/dists/gradle-2.2.1-all/6dibv5rcnnqlfbq9klf8imrndn/gradle-2.2.1/lib/plugins/antlr-2.7.7.jar
7f74ceee9000-7f74ceeea000 r--s 00002000 08:08 3279626                    /home/arthur/.gradle/wrapper/dists/gradle-2.2.1-all/6dibv5rcnnqlfbq9klf8imrndn/gradle-2.2.1/lib/plugins/ant-antlr-1.9.3.jar
7f74ceeea000-7f74ceeec000 r--s 00004000 08:08 3279587                    /home/arthur/.gradle/wrapper/dists/gradle-2.2.1-all/6dibv5rcnnqlfbq9klf8imrndn/gradle-2.2.1/lib/plugins/gradle-antlr-2.2.1.jar
7f74ceeec000-7f74ceeef000 r--s 0001e000 08:08 3279649                    /home/arthur/.gradle/wrapper/dists/gradle-2.2.1-all/6dibv5rcnnqlfbq9klf8imrndn/gradle-2.2.1/lib/plugins/jsp-api-2.1-6.1.14.jar
7f74ceeef000-7f74cef12000 r--s 00344000 08:08 3279648                    /home/arthur/.gradle/wrapper/dists/gradle-2.2.1-all/6dibv5rcnnqlfbq9klf8imrndn/gradle-2.2.1/lib/plugins/core-3.1.1.jar
7f74cef12000-7f74cef13000 r--s 00006000 08:08 3279647                    /home/arthur/.gradle/wrapper/dists/gradle-2.2.1-all/6dibv5rcnnqlfbq9klf8imrndn/gradle-2.2.1/lib/plugins/jetty-naming-6.1.25.jar
7f74cef13000-7f74cef14000 r--s 00002000 08:08 3279625                    /home/arthur/.gradle/wrapper/dists/gradle-2.2.1-all/6dibv5rcnnqlfbq9klf8imrndn/gradle-2.2.1/lib/plugins/geronimo-annotation_1.0_spec-1.0.jar
7f74cef14000-7f74cef16000 r--s 00002000 08:08 3279624                    /home/arthur/.gradle/wrapper/dists/gradle-2.2.1-all/6dibv5rcnnqlfbq9klf8imrndn/gradle-2.2.1/lib/plugins/jetty-annotations-6.1.25.jar
7f74cef16000-7f74cef27000 r--s 000ea000 08:08 3279623                    /home/arthur/.gradle/wrapper/dists/gradle-2.2.1-all/6dibv5rcnnqlfbq9klf8imrndn/gradle-2.2.1/lib/plugins/jsp-2.1-6.1.14.jar
7f74cef27000-7f74cef29000 r--s 0000d000 08:08 3279622                    /home/arthur/.gradle/wrapper/dists/gradle-2.2.1-all/6dibv5rcnnqlfbq9klf8imrndn/gradle-2.2.1/lib/plugins/jetty-plus-6.1.25.jar
7f74cef29000-7f74cef2b000 r--s 0001f000 08:08 3279621                    /home/arthur/.gradle/wrapper/dists/gradle-2.2.1-all/6dibv5rcnnqlfbq9klf8imrndn/gradle-2.2.1/lib/plugins/servlet-api-2.5-20081211.jar
7f74cef2b000-7f74cef2f000 r--s 00028000 08:08 3279620                    /home/arthur/.gradle/wrapper/dists/gradle-2.2.1-all/6dibv5rcnnqlfbq9klf8imrndn/gradle-2.2.1/lib/plugins/jetty-util-6.1.25.jar
7f74cef2f000-7f74cef36000 r--s 0007d000 08:08 3279619                    /home/arthur/.gradle/wrapper/dists/gradle-2.2.1-all/6dibv5rcnnqlfbq9klf8imrndn/gradle-2.2.1/lib/plugins/jetty-6.1.25.jar
7f74cef36000-7f74cef38000 r--s 00009000 08:08 3279586                    /home/arthur/.gradle/wrapper/dists/gradle-2.2.1-all/6dibv5rcnnqlfbq9klf8imrndn/gradle-2.2.1/lib/plugins/gradle-jetty-2.2.1.jar
7f74cef38000-7f74cef3d000 r--s 00041000 08:08 3279585                    /home/arthur/.gradle/wrapper/dists/gradle-2.2.1-all/6dibv5rcnnqlfbq9klf8imrndn/gradle-2.2.1/lib/plugins/gradle-code-quality-2.2.1.jar
7f74cef3d000-7f74cef3f000 r--s 00009000 08:08 3279657                    /home/arthur/.gradle/wrapper/dists/gradle-2.2.1-all/6dibv5rcnnqlfbq9klf8imrndn/gradle-2.2.1/lib/plugins/hamcrest-core-1.3.jar
7f74cef3f000-7f74cef45000 r--s 00033000 08:08 3279646                    /home/arthur/.gradle/wrapper/dists/gradle-2.2.1-all/6dibv5rcnnqlfbq9klf8imrndn/gradle-2.2.1/lib/plugins/snakeyaml-1.6.jar
7f74cef45000-7f74cef47000 r--s 00006000 08:08 3279645                    /home/arthur/.gradle/wrapper/dists/gradle-2.2.1-all/6dibv5rcnnqlfbq9klf8imrndn/gradle-2.2.1/lib/plugins/jcommander-1.12.jar
7f74cef47000-7f74cef4c000 r--s 00040000 08:08 3279644                    /home/arthur/.gradle/wrapper/dists/gradle-2.2.1-all/6dibv5rcnnqlfbq9klf8imrndn/gradle-2.2.1/lib/plugins/bsh-2.0b4.jar
7f74cef4c000-7f74cef4d000 r--s 00004000 08:08 3279545                    /home/arthur/.gradle/wrapper/dists/gradle-2.2.1-all/6dibv5rcnnqlfbq9klf8imrndn/gradle-2.2.1/lib/ant-launcher-1.9.3.jar
7f74cef4d000-7f74cef4f000 r--s 00009000 08:08 3279618                    /home/arthur/.gradle/wrapper/dists/gradle-2.2.1-all/6dibv5rcnnqlfbq9klf8imrndn/gradle-2.2.1/lib/plugins/commons-cli-1.2.jar
7f74cef4f000-7f74cef58000 r--s 00089000 08:08 3279617                    /home/arthur/.gradle/wrapper/dists/gradle-2.2.1-all/6dibv5rcnnqlfbq9klf8imrndn/gradle-2.2.1/lib/plugins/testng-6.3.1.jar
7f74cef58000-7f74cef5e000 r--s 00036000 08:08 3279616                    /home/arthur/.gradle/wrapper/dists/gradle-2.2.1-all/6dibv5rcnnqlfbq9klf8imrndn/gradle-2.2.1/lib/plugins/junit-4.11.jar
7f74cef5e000-7f74cef63000 r--s 00036000 08:08 3279522                    /home/arthur/.gradle/wrapper/dists/gradle-2.2.1-all/6dibv5rcnnqlfbq9klf8imrndn/gradle-2.2.1/lib/asm-all-5.0.3.jar
7f74cef63000-7f74cef82000 r--s 001cc000 08:08 3279523                    /home/arthur/.gradle/wrapper/dists/gradle-2.2.1-all/6dibv5rcnnqlfbq9klf8imrndn/gradle-2.2.1/lib/ant-1.9.3.jar
7f74cef82000-7f74cefed000 r--s 00685000 08:08 3279519                    /home/arthur/.gradle/wrapper/dists/gradle-2.2.1-all/6dibv5rcnnqlfbq9klf8imrndn/gradle-2.2.1/lib/groovy-all-2.3.6.jar
7f74cefed000-7f74ceff9000 r--s 00075000 08:08 3279584                    /home/arthur/.gradle/wrapper/dists/gradle-2.2.1-all/6dibv5rcnnqlfbq9klf8imrndn/gradle-2.2.1/lib/plugins/gradle-plugins-2.2.1.jar
7f74ceff9000-7f74ceffc000 r--s 00011000 08:08 3279614                    /home/arthur/.gradle/wrapper/dists/gradle-2.2.1-all/6dibv5rcnnqlfbq9klf8imrndn/gradle-2.2.1/lib/plugins/gradle-plugin-use-2.2.1.jar
7f74ceffc000-7f74cf014000 r--s 00115000 08:08 3279655                    /home/arthur/.gradle/wrapper/dists/gradle-2.2.1-all/6dibv5rcnnqlfbq9klf8imrndn/gradle-2.2.1/lib/plugins/xercesImpl-2.9.1.jar
7f74cf014000-7f74cf01c000 r--s 00028000 08:08 3279656                    /home/arthur/.gradle/wrapper/dists/gradle-2.2.1-all/6dibv5rcnnqlfbq9klf8imrndn/gradle-2.2.1/lib/plugins/xml-apis-1.3.04.jar
7f74cf01c000-7f74cf01e000 r--s 00003000 08:08 3279538                    /home/arthur/.gradle/wrapper/dists/gradle-2.2.1-all/6dibv5rcnnqlfbq9klf8imrndn/gradle-2.2.1/lib/jcl-over-slf4j-1.7.7.jar
7f74cf01e000-7f74cf024000 r--s 0005b000 08:08 3279654                    /home/arthur/.gradle/wrapper/dists/gradle-2.2.1-all/6dibv5rcnnqlfbq9klf8imrndn/gradle-2.2.1/lib/plugins/jcifs-1.3.17.jar
7f74cf024000-7f74cf02a000 r--s 00031000 08:08 3279653                    /home/arthur/.gradle/wrapper/dists/gradle-2.2.1-all/6dibv5rcnnqlfbq9klf8imrndn/gradle-2.2.1/lib/plugins/httpcore-4.2.2.jar
7f74cf02a000-7f74cf030000 r--s 00033000 08:08 3279652                    /home/arthur/.gradle/wrapper/dists/gradle-2.2.1-all/6dibv5rcnnqlfbq9klf8imrndn/gradle-2.2.1/lib/plugins/commons-codec-1.6.jar
7f74cf030000-7f74cf033000 r--s 0001c000 08:08 3279651                    /home/arthur/.gradle/wrapper/dists/gradle-2.2.1-all/6dibv5rcnnqlfbq9klf8imrndn/gradle-2.2.1/lib/plugins/nekohtml-1.9.14.jar
7f74cf033000-7f74cf03c000 r--s 00060000 08:08 3279650                    /home/arthur/.gradle/wrapper/dists/gradle-2.2.1-all/6dibv5rcnnqlfbq9klf8imrndn/gradle-2.2.1/lib/plugins/httpclient-4.2.2.jar
7f74cf03c000-7f74cf03e000 r--s 00007000 08:08 3279639                    /home/arthur/.gradle/wrapper/dists/gradle-2.2.1-all/6dibv5rcnnqlfbq9klf8imrndn/gradle-2.2.1/lib/plugins/gradle-resources-http-2.2.1.jar
7f74cf03e000-7f74cf066000 r--s 00194000 08:08 3279643                    /home/arthur/.gradle/wrapper/dists/gradle-2.2.1-all/6dibv5rcnnqlfbq9klf8imrndn/gradle-2.2.1/lib/plugins/bcprov-jdk15-1.46.jar
7f74cf066000-7f74cf06a000 r--s 0001d000 08:08 3279642                    /home/arthur/.gradle/wrapper/dists/gradle-2.2.1-all/6dibv5rcnnqlfbq9klf8imrndn/gradle-2.2.1/lib/plugins/xbean-reflect-3.4.jar
7f74cf06a000-7f74cf06f000 r--s 0002a000 08:08 3279636                    /home/arthur/.gradle/wrapper/dists/gradle-2.2.1-all/6dibv5rcnnqlfbq9klf8imrndn/gradle-2.2.1/lib/plugins/gson-2.2.4.jar
7f74cf06f000-7f74cf073000 r--s 0003d000 08:08 3279641                    /home/arthur/.gradle/wrapper/dists/gradle-2.2.1-all/6dibv5rcnnqlfbq9klf8imrndn/gradle-2.2.1/lib/plugins/jsch-0.1.51.jar
7f74cf073000-7f74cf08c000 r--s 00129000 08:08 3279629                    /home/arthur/.gradle/wrapper/dists/gradle-2.2.1-all/6dibv5rcnnqlfbq9klf8imrndn/gradle-2.2.1/lib/plugins/maven-ant-tasks-2.1.3.jar
7f74cf08c000-7f74cf09b000 r--s 000d9000 08:08 3279640                    /home/arthur/.gradle/wrapper/dists/gradle-2.2.1-all/6dibv5rcnnqlfbq9klf8imrndn/gradle-2.2.1/lib/plugins/ivy-2.2.0.jar
7f74cf09b000-7f74cf09e000 r--s 00018000 08:08 3279525                    /home/arthur/.gradle/wrapper/dists/gradle-2.2.1-all/6dibv5rcnnqlfbq9klf8imrndn/gradle-2.2.1/lib/commons-io-1.4.jar
7f74cf09e000-7f74cf0a3000 r--s 00041000 08:08 3279526                    /home/arthur/.gradle/wrapper/dists/gradle-2.2.1-all/6dibv5rcnnqlfbq9klf8imrndn/gradle-2.2.1/lib/commons-lang-2.6.jar
7f74cf0a3000-7f74cf0a7000 r--s 0001e000 08:08 3279583                    /home/arthur/.gradle/wrapper/dists/gradle-2.2.1-all/6dibv5rcnnqlfbq9klf8imrndn/gradle-2.2.1/lib/plugins/jarjar-aether-impl-1.13.1.jar
7f74cf0a7000-7f74cf0aa000 r--s 00027000 08:08 3279582                    /home/arthur/.gradle/wrapper/dists/gradle-2.2.1-all/6dibv5rcnnqlfbq9klf8imrndn/gradle-2.2.1/lib/plugins/jarjar-maven-model-3.0.4.jar
7f74cf0aa000-7f74cf0ad000 r--s 0000b000 08:08 3279581                    /home/arthur/.gradle/wrapper/dists/gradle-2.2.1-all/6dibv5rcnnqlfbq9klf8imrndn/gradle-2.2.1/lib/plugins/jarjar-maven-artifact-3.0.4.jar
7f74cf0ad000-7f74cf0b1000 r--s 0001e000 08:08 3279580                    /home/arthur/.gradle/wrapper/dists/gradle-2.2.1-all/6dibv5rcnnqlfbq9klf8imrndn/gradle-2.2.1/lib/plugins/jarjar-aether-util-1.13.1.jar
7f74cf0b1000-7f74cf0b3000 r--s 00007000 08:08 3279579                    /home/arthur/.gradle/wrapper/dists/gradle-2.2.1-all/6dibv5rcnnqlfbq9klf8imrndn/gradle-2.2.1/lib/plugins/jarjar-wagon-http-shared4-2.4.jar
7f74cf0b3000-7f74cf0c0000 r--s 00083000 08:08 3279578                    /home/arthur/.gradle/wrapper/dists/gradle-2.2.1-all/6dibv5rcnnqlfbq9klf8imrndn/gradle-2.2.1/lib/plugins/jarjar-maven-core-3.0.4.jar
7f74cf0c0000-7f74cf0c2000 r--s 00003000 08:08 3279577                    /home/arthur/.gradle/wrapper/dists/gradle-2.2.1-all/6dibv5rcnnqlfbq9klf8imrndn/gradle-2.2.1/lib/plugins/jarjar-aether-spi-1.13.1.jar
7f74cf0c2000-7f74cf0c4000 r--s 00009000 08:08 3279576                    /home/arthur/.gradle/wrapper/dists/gradle-2.2.1-all/6dibv5rcnnqlfbq9klf8imrndn/gradle-2.2.1/lib/plugins/jarjar-maven-settings-builder-3.0.4.jar
7f74cf0c4000-7f74cf0c8000 r--s 00014000 08:08 3279575                    /home/arthur/.gradle/wrapper/dists/gradle-2.2.1-all/6dibv5rcnnqlfbq9klf8imrndn/gradle-2.2.1/lib/plugins/jarjar-aether-api-1.13.1.jar
7f74cf0c8000-7f74cf0c9000 r--s 00002000 08:08 3279574                    /home/arthur/.gradle/wrapper/dists/gradle-2.2.1-all/6dibv5rcnnqlfbq9klf8imrndn/gradle-2.2.1/lib/plugins/jarjar-wagon-http-2.4.jar
7f74cf0c9000-7f74cf0d0000 r--s 00042000 08:08 3279573                    /home/arthur/.gradle/wrapper/dists/gradle-2.2.1-all/6dibv5rcnnqlfbq9klf8imrndn/gradle-2.2.1/lib/plugins/jarjar-maven-compat-3.0.4.jar
7f74cf0d0000-7f74cf0d2000 r--s 00006000 08:08 3279572                    /home/arthur/.gradle/wrapper/dists/gradle-2.2.1-all/6dibv5rcnnqlfbq9klf8imrndn/gradle-2.2.1/lib/plugins/jarjar-aether-connector-wagon-1.13.1.jar
7f74cf0d2000-7f74cf0d4000 r--s 00000000 08:08 3279571                    /home/arthur/.gradle/wrapper/dists/gradle-2.2.1-all/6dibv5rcnnqlfbq9klf8imrndn/gradle-2.2.1/lib/plugins/jarjar-plexus-component-annotations-1.5.5.jar
7f74cf0d4000-7f74cf0d6000 r--s 00006000 08:08 3279570                    /home/arthur/.gradle/wrapper/dists/gradle-2.2.1-all/6dibv5rcnnqlfbq9klf8imrndn/gradle-2.2.1/lib/plugins/jarjar-plexus-sec-dispatcher-1.3.jar
7f74cf0d6000-7f74cf0db000 r--s 00022000 08:08 3279569                    /home/arthur/.gradle/wrapper/dists/gradle-2.2.1-all/6dibv5rcnnqlfbq9klf8imrndn/gradle-2.2.1/lib/plugins/jarjar-maven-model-builder-3.0.4.jar
7f74cf0db000-7f74cf0dd000 r--s 0000b000 08:08 3279568                    /home/arthur/.gradle/wrapper/dists/gradle-2.2.1-all/6dibv5rcnnqlfbq9klf8imrndn/gradle-2.2.1/lib/plugins/jarjar-maven-plugin-api-3.0.4.jar
7f74cf0dd000-7f74cf0e0000 r--s 0000a000 08:08 3279567                    /home/arthur/.gradle/wrapper/dists/gradle-2.2.1-all/6dibv5rcnnqlfbq9klf8imrndn/gradle-2.2.1/lib/plugins/jarjar-plexus-classworlds-2.4.jar
7f74cf0e0000-7f74cf0e4000 r--s 00035000 08:08 3279566                    /home/arthur/.gradle/wrapper/dists/gradle-2.2.1-all/6dibv5rcnnqlfbq9klf8imrndn/gradle-2.2.1/lib/plugins/jarjar-plexus-utils-2.0.6.jar
7f74cf0e4000-7f74cf0e6000 r--s 0000e000 08:08 3279565                    /home/arthur/.gradle/wrapper/dists/gradle-2.2.1-all/6dibv5rcnnqlfbq9klf8imrndn/gradle-2.2.1/lib/plugins/jarjar-plexus-interpolation-1.14.jar
7f74cf0e6000-7f74cf0e8000 r--s 00002000 08:08 3279564                    /home/arthur/.gradle/wrapper/dists/gradle-2.2.1-all/6dibv5rcnnqlfbq9klf8imrndn/gradle-2.2.1/lib/plugins/jarjar-plexus-cipher-1.7.jar
7f74cf0e8000-7f74cf0ea000 r--s 0000c000 08:08 3279563                    /home/arthur/.gradle/wrapper/dists/gradle-2.2.1-all/6dibv5rcnnqlfbq9klf8imrndn/gradle-2.2.1/lib/plugins/jarjar-wagon-provider-api-2.4.jar
7f74cf0ea000-7f74cf0ec000 r--s 0000d000 08:08 3279562                    /home/arthur/.gradle/wrapper/dists/gradle-2.2.1-all/6dibv5rcnnqlfbq9klf8imrndn/gradle-2.2.1/lib/plugins/jarjar-maven-aether-provider-3.0.4.jar
7f74cf0ec000-7f74cf0f4000 r--s 00031000 08:08 3279561                    /home/arthur/.gradle/wrapper/dists/gradle-2.2.1-all/6dibv5rcnnqlfbq9klf8imrndn/gradle-2.2.1/lib/plugins/jarjar-plexus-container-default-1.5.5.jar
7f74cf0f4000-7f74cf0f5000 r--s 00007000 08:08 3279560                    /home/arthur/.gradle/wrapper/dists/gradle-2.2.1-all/6dibv5rcnnqlfbq9klf8imrndn/gradle-2.2.1/lib/plugins/jarjar-maven-repository-metadata-3.0.4.jar
7f74cf0f5000-7f74cf11d000 r--s 001cf000 08:08 3279518                    /home/arthur/.gradle/wrapper/dists/gradle-2.2.1-all/6dibv5rcnnqlfbq9klf8imrndn/gradle-2.2.1/lib/guava-jdk5-17.0.jar
7f74cf11d000-7f74cf11e000 ---p 00000000 00:00 0 
7f74cf11e000-7f74cf21e000 rw-p 00000000 00:00 0                          [stack:24994]
7f74cf21e000-7f74cf221000 ---p 00000000 00:00 0 
7f74cf221000-7f74cf31f000 rw-p 00000000 00:00 0                          [stack:24993]
7f74cf31f000-7f74cf322000 ---p 00000000 00:00 0 
7f74cf322000-7f74cf420000 rw-p 00000000 00:00 0                          [stack:24992]
7f74cf420000-7f74cf423000 ---p 00000000 00:00 0 
7f74cf423000-7f74cf521000 rw-p 00000000 00:00 0                          [stack:24991]
7f74cf521000-7f74cf524000 ---p 00000000 00:00 0 
7f74cf524000-7f74cf622000 rw-p 00000000 00:00 0                          [stack:24990]
7f74cf622000-7f74cf625000 ---p 00000000 00:00 0 
7f74cf625000-7f74cf723000 rw-p 00000000 00:00 0                          [stack:24989]
7f74cf723000-7f74cf725000 r-xp 00000000 08:09 5507450                    /usr/lib64/gconv/ISO8859-1.so
7f74cf725000-7f74cf924000 ---p 00002000 08:09 5507450                    /usr/lib64/gconv/ISO8859-1.so
7f74cf924000-7f74cf925000 r--p 00001000 08:09 5507450                    /usr/lib64/gconv/ISO8859-1.so
7f74cf925000-7f74cf926000 rw-p 00002000 08:09 5507450                    /usr/lib64/gconv/ISO8859-1.so
7f74cf926000-7f74cf929000 ---p 00000000 00:00 0 
7f74cf929000-7f74cfa27000 rw-p 00000000 00:00 0                          [stack:24988]
7f74cfa27000-7f74cfa2a000 ---p 00000000 00:00 0 
7f74cfa2a000-7f74cfb28000 rw-p 00000000 00:00 0                          [stack:24987]
7f74cfb28000-7f74cfb29000 ---p 00000000 00:00 0 
7f74cfb29000-7f74d4000000 rw-p 00000000 00:00 0                          [stack:24986]
7f74d4000000-7f74d4021000 rw-p 00000000 00:00 0 
7f74d4021000-7f74d8000000 ---p 00000000 00:00 0 
7f74d8000000-7f74d8021000 rw-p 00000000 00:00 0 
7f74d8021000-7f74dc000000 ---p 00000000 00:00 0 
7f74dc000000-7f74dc021000 rw-p 00000000 00:00 0 
7f74dc021000-7f74e0000000 ---p 00000000 00:00 0 
7f74e0000000-7f74e0021000 rw-p 00000000 00:00 0 
7f74e0021000-7f74e4000000 ---p 00000000 00:00 0 
7f74e4000000-7f74e4018000 r--s 000b5000 08:08 3279615                    /home/arthur/.gradle/wrapper/dists/gradle-2.2.1-all/6dibv5rcnnqlfbq9klf8imrndn/gradle-2.2.1/lib/plugins/gradle-dependency-management-2.2.1.jar
7f74e4018000-7f74e4023000 r--s 0011c000 08:09 5513690                    /usr/lib/jvm/java-1.8.0-openjdk-1.8.0.45-31.b13.fc21.x86_64/jre/lib/ext/localedata.jar
7f74e4023000-7f74e4025000 r--s 00000000 08:08 3279530                    /home/arthur/.gradle/wrapper/dists/gradle-2.2.1-all/6dibv5rcnnqlfbq9klf8imrndn/gradle-2.2.1/lib/jul-to-slf4j-1.7.7.jar
7f74e4025000-7f74e402f000 r--s 0005d000 08:08 3279527                    /home/arthur/.gradle/wrapper/dists/gradle-2.2.1-all/6dibv5rcnnqlfbq9klf8imrndn/gradle-2.2.1/lib/logback-core-1.0.13.jar
7f74e402f000-7f74e4035000 r--s 0003b000 08:08 3279528                    /home/arthur/.gradle/wrapper/dists/gradle-2.2.1-all/6dibv5rcnnqlfbq9klf8imrndn/gradle-2.2.1/lib/logback-classic-1.0.13.jar
7f74e4035000-7f74e403e000 r--s 00039000 08:08 3279534                    /home/arthur/.gradle/wrapper/dists/gradle-2.2.1-all/6dibv5rcnnqlfbq9klf8imrndn/gradle-2.2.1/lib/gradle-messaging-2.2.1.jar
7f74e403e000-7f74e406f000 r--s 00191000 08:08 3279512                    /home/arthur/.gradle/wrapper/dists/gradle-2.2.1-all/6dibv5rcnnqlfbq9klf8imrndn/gradle-2.2.1/lib/gradle-core-2.2.1.jar
7f74e406f000-7f74e4075000 r--s 00026000 08:08 3279511                    /home/arthur/.gradle/wrapper/dists/gradle-2.2.1-all/6dibv5rcnnqlfbq9klf8imrndn/gradle-2.2.1/lib/gradle-base-services-2.2.1.jar
7f74e4075000-7f74e5000000 rw-p 00000000 00:00 0 
7f74e5000000-7f74e5ff0000 rwxp 00000000 00:00 0 
7f74e5ff0000-7f74f4000000 ---p 00000000 00:00 0 
7f74f4000000-7f74f4d05000 rw-p 00000000 00:00 0 
7f74f4d05000-7f74f8000000 ---p 00000000 00:00 0 
7f74f8000000-7f74f8002000 r--s 00006000 08:08 3279517                    /home/arthur/.gradle/wrapper/dists/gradle-2.2.1-all/6dibv5rcnnqlfbq9klf8imrndn/gradle-2.2.1/lib/slf4j-api-1.7.7.jar
7f74f8002000-7f74f8004000 r--s 00008000 08:08 3279516                    /home/arthur/.gradle/wrapper/dists/gradle-2.2.1-all/6dibv5rcnnqlfbq9klf8imrndn/gradle-2.2.1/lib/gradle-native-2.2.1.jar
7f74f8004000-7f74f8152000 rw-p 00000000 00:00 0 
7f74f8152000-7f74f831f000 r--s 043a7000 08:09 5385295                    /usr/lib/jvm/java-1.8.0-openjdk-1.8.0.45-31.b13.fc21.x86_64/jre/lib/rt.jar
7f74f831f000-7f74f8762000 rw-p 00000000 00:00 0 
7f74f8762000-7f74f8763000 ---p 00000000 00:00 0 
7f74f8763000-7f74f8863000 rw-p 00000000 00:00 0                          [stack:24985]
7f74f8863000-7f74f8864000 ---p 00000000 00:00 0 
7f74f8864000-7f74f8964000 rw-p 00000000 00:00 0                          [stack:24984]
7f74f8964000-7f74f8965000 ---p 00000000 00:00 0 
7f74f8965000-7f74f8a65000 rw-p 00000000 00:00 0                          [stack:24983]
7f74f8a65000-7f74f8a66000 ---p 00000000 00:00 0 
7f74f8a66000-7f74f8b88000 rw-p 00000000 00:00 0                          [stack:24981]
7f74f8b88000-7f74f8def000 ---p 00000000 00:00 0 
7f74f8def000-7f74f8e11000 rw-p 00000000 00:00 0 
7f74f8e11000-7f74f9077000 ---p 00000000 00:00 0 
7f74f9077000-7f74f916c000 rw-p 00000000 00:00 0 
7f74f916c000-7f74f91bc000 ---p 00000000 00:00 0 
7f74f91bc000-7f74f91fd000 rw-p 00000000 00:00 0 
7f74f91fd000-7f74f957d000 ---p 00000000 00:00 0 
7f74f957d000-7f74f9585000 r-xp 00000000 08:09 5513953                    /usr/lib/jvm/java-1.8.0-openjdk-1.8.0.45-31.b13.fc21.x86_64/jre/lib/amd64/libzip.so
7f74f9585000-7f74f9784000 ---p 00008000 08:09 5513953                    /usr/lib/jvm/java-1.8.0-openjdk-1.8.0.45-31.b13.fc21.x86_64/jre/lib/amd64/libzip.so
7f74f9784000-7f74f9785000 r--p 00007000 08:09 5513953                    /usr/lib/jvm/java-1.8.0-openjdk-1.8.0.45-31.b13.fc21.x86_64/jre/lib/amd64/libzip.so
7f74f9785000-7f74f9786000 rw-p 00008000 08:09 5513953                    /usr/lib/jvm/java-1.8.0-openjdk-1.8.0.45-31.b13.fc21.x86_64/jre/lib/amd64/libzip.so
7f74f9786000-7f74f9792000 r-xp 00000000 08:09 5250213                    /usr/lib64/libnss_files-2.20.so
7f74f9792000-7f74f9991000 ---p 0000c000 08:09 5250213                    /usr/lib64/libnss_files-2.20.so
7f74f9991000-7f74f9992000 r--p 0000b000 08:09 5250213                    /usr/lib64/libnss_files-2.20.so
7f74f9992000-7f74f9993000 rw-p 0000c000 08:09 5250213                    /usr/lib64/libnss_files-2.20.so
7f74f9993000-7f74f99c1000 r-xp 00000000 08:09 5513936                    /usr/lib/jvm/java-1.8.0-openjdk-1.8.0.45-31.b13.fc21.x86_64/jre/lib/amd64/libjava.so
7f74f99c1000-7f74f9bc0000 ---p 0002e000 08:09 5513936                    /usr/lib/jvm/java-1.8.0-openjdk-1.8.0.45-31.b13.fc21.x86_64/jre/lib/amd64/libjava.so
7f74f9bc0000-7f74f9bc1000 r--p 0002d000 08:09 5513936                    /usr/lib/jvm/java-1.8.0-openjdk-1.8.0.45-31.b13.fc21.x86_64/jre/lib/amd64/libjava.so
7f74f9bc1000-7f74f9bc3000 rw-p 0002e000 08:09 5513936                    /usr/lib/jvm/java-1.8.0-openjdk-1.8.0.45-31.b13.fc21.x86_64/jre/lib/amd64/libjava.so
7f74f9bc3000-7f74f9bd0000 r-xp 00000000 08:09 5513952                    /usr/lib/jvm/java-1.8.0-openjdk-1.8.0.45-31.b13.fc21.x86_64/jre/lib/amd64/libverify.so
7f74f9bd0000-7f74f9dcf000 ---p 0000d000 08:09 5513952                    /usr/lib/jvm/java-1.8.0-openjdk-1.8.0.45-31.b13.fc21.x86_64/jre/lib/amd64/libverify.so
7f74f9dcf000-7f74f9dd1000 r--p 0000c000 08:09 5513952                    /usr/lib/jvm/java-1.8.0-openjdk-1.8.0.45-31.b13.fc21.x86_64/jre/lib/amd64/libverify.so
7f74f9dd1000-7f74f9dd2000 rw-p 0000e000 08:09 5513952                    /usr/lib/jvm/java-1.8.0-openjdk-1.8.0.45-31.b13.fc21.x86_64/jre/lib/amd64/libverify.so
7f74f9dd2000-7f74f9dd9000 r-xp 00000000 08:09 5250336                    /usr/lib64/librt-2.20.so
7f74f9dd9000-7f74f9fd8000 ---p 00007000 08:09 5250336                    /usr/lib64/librt-2.20.so
7f74f9fd8000-7f74f9fd9000 r--p 00006000 08:09 5250336                    /usr/lib64/librt-2.20.so
7f74f9fd9000-7f74f9fda000 rw-p 00007000 08:09 5250336                    /usr/lib64/librt-2.20.so
7f74f9fda000-7f74f9ff0000 r-xp 00000000 08:09 5252902                    /usr/lib64/libgcc_s-4.9.2-20150212.so.1
7f74f9ff0000-7f74fa1ef000 ---p 00016000 08:09 5252902                    /usr/lib64/libgcc_s-4.9.2-20150212.so.1
7f74fa1ef000-7f74fa1f0000 r--p 00015000 08:09 5252902                    /usr/lib64/libgcc_s-4.9.2-20150212.so.1
7f74fa1f0000-7f74fa1f1000 rw-p 00016000 08:09 5252902                    /usr/lib64/libgcc_s-4.9.2-20150212.so.1
7f74fa1f1000-7f74fa2f8000 r-xp 00000000 08:09 5249818                    /usr/lib64/libm-2.20.so
7f74fa2f8000-7f74fa4f7000 ---p 00107000 08:09 5249818                    /usr/lib64/libm-2.20.so
7f74fa4f7000-7f74fa4f8000 r--p 00106000 08:09 5249818                    /usr/lib64/libm-2.20.so
7f74fa4f8000-7f74fa4f9000 rw-p 00107000 08:09 5249818                    /usr/lib64/libm-2.20.so
7f74fa4f9000-7f74fa5e9000 r-xp 00000000 08:09 5250418                    /usr/lib64/libstdc++.so.6.0.20
7f74fa5e9000-7f74fa7e9000 ---p 000f0000 08:09 5250418                    /usr/lib64/libstdc++.so.6.0.20
7f74fa7e9000-7f74fa7f1000 r--p 000f0000 08:09 5250418                    /usr/lib64/libstdc++.so.6.0.20
7f74fa7f1000-7f74fa7f3000 rw-p 000f8000 08:09 5250418                    /usr/lib64/libstdc++.so.6.0.20
7f74fa7f3000-7f74fa808000 rw-p 00000000 00:00 0 
7f74fa808000-7f74fb466000 r-xp 00000000 08:09 5513957                    /usr/lib/jvm/java-1.8.0-openjdk-1.8.0.45-31.b13.fc21.x86_64/jre/lib/amd64/server/libjvm.so
7f74fb466000-7f74fb665000 ---p 00c5e000 08:09 5513957                    /usr/lib/jvm/java-1.8.0-openjdk-1.8.0.45-31.b13.fc21.x86_64/jre/lib/amd64/server/libjvm.so
7f74fb665000-7f74fb708000 r--p 00c5d000 08:09 5513957                    /usr/lib/jvm/java-1.8.0-openjdk-1.8.0.45-31.b13.fc21.x86_64/jre/lib/amd64/server/libjvm.so
7f74fb708000-7f74fb731000 rw-p 00d00000 08:09 5513957                    /usr/lib/jvm/java-1.8.0-openjdk-1.8.0.45-31.b13.fc21.x86_64/jre/lib/amd64/server/libjvm.so
7f74fb731000-7f74fb760000 rw-p 00000000 00:00 0 
7f74fb760000-7f74fb913000 r-xp 00000000 08:09 5249685                    /usr/lib64/libc-2.20.so
7f74fb913000-7f74fbb13000 ---p 001b3000 08:09 5249685                    /usr/lib64/libc-2.20.so
7f74fbb13000-7f74fbb17000 r--p 001b3000 08:09 5249685                    /usr/lib64/libc-2.20.so
7f74fbb17000-7f74fbb19000 rw-p 001b7000 08:09 5249685                    /usr/lib64/libc-2.20.so
7f74fbb19000-7f74fbb1d000 rw-p 00000000 00:00 0 
7f74fbb1d000-7f74fbb20000 r-xp 00000000 08:09 5249795                    /usr/lib64/libdl-2.20.so
7f74fbb20000-7f74fbd1f000 ---p 00003000 08:09 5249795                    /usr/lib64/libdl-2.20.so
7f74fbd1f000-7f74fbd20000 r--p 00002000 08:09 5249795                    /usr/lib64/libdl-2.20.so
7f74fbd20000-7f74fbd21000 rw-p 00003000 08:09 5249795                    /usr/lib64/libdl-2.20.so
7f74fbd21000-7f74fbd2f000 r-xp 00000000 08:09 5513923                    /usr/lib/jvm/java-1.8.0-openjdk-1.8.0.45-31.b13.fc21.x86_64/jre/lib/amd64/jli/libjli.so
7f74fbd2f000-7f74fbf2e000 ---p 0000e000 08:09 5513923                    /usr/lib/jvm/java-1.8.0-openjdk-1.8.0.45-31.b13.fc21.x86_64/jre/lib/amd64/jli/libjli.so
7f74fbf2e000-7f74fbf2f000 r--p 0000d000 08:09 5513923                    /usr/lib/jvm/java-1.8.0-openjdk-1.8.0.45-31.b13.fc21.x86_64/jre/lib/amd64/jli/libjli.so
7f74fbf2f000-7f74fbf30000 rw-p 0000e000 08:09 5513923                    /usr/lib/jvm/java-1.8.0-openjdk-1.8.0.45-31.b13.fc21.x86_64/jre/lib/amd64/jli/libjli.so
7f74fbf30000-7f74fbf45000 r-xp 00000000 08:09 5251827                    /usr/lib64/libz.so.1.2.8
7f74fbf45000-7f74fc144000 ---p 00015000 08:09 5251827                    /usr/lib64/libz.so.1.2.8
7f74fc144000-7f74fc145000 r--p 00014000 08:09 5251827                    /usr/lib64/libz.so.1.2.8
7f74fc145000-7f74fc146000 rw-p 00015000 08:09 5251827                    /usr/lib64/libz.so.1.2.8
7f74fc146000-7f74fc15d000 r-xp 00000000 08:09 5250217                    /usr/lib64/libpthread-2.20.so
7f74fc15d000-7f74fc35c000 ---p 00017000 08:09 5250217                    /usr/lib64/libpthread-2.20.so
7f74fc35c000-7f74fc35d000 r--p 00016000 08:09 5250217                    /usr/lib64/libpthread-2.20.so
7f74fc35d000-7f74fc35e000 rw-p 00017000 08:09 5250217                    /usr/lib64/libpthread-2.20.so
7f74fc35e000-7f74fc362000 rw-p 00000000 00:00 0 
7f74fc362000-7f74fc383000 r-xp 00000000 08:09 5252663                    /usr/lib64/ld-2.20.so
7f74fc383000-7f74fc384000 r--s 0000b000 08:08 3279559                    /home/arthur/.gradle/wrapper/dists/gradle-2.2.1-all/6dibv5rcnnqlfbq9klf8imrndn/gradle-2.2.1/lib/plugins/jarjar-maven-settings-3.0.4.jar
7f74fc384000-7f74fc386000 r--s 00005000 08:08 3279513                    /home/arthur/.gradle/wrapper/dists/gradle-2.2.1-all/6dibv5rcnnqlfbq9klf8imrndn/gradle-2.2.1/lib/gradle-cli-2.2.1.jar
7f74fc386000-7f74fc38a000 r--s 000ad000 08:09 5385289                    /usr/lib/jvm/java-1.8.0-openjdk-1.8.0.45-31.b13.fc21.x86_64/jre/lib/jsse.jar
7f74fc38a000-7f74fc391000 r--s 00000000 08:09 5507513                    /usr/lib64/gconv/gconv-modules.cache
7f74fc391000-7f74fc45c000 rw-p 00000000 00:00 0 
7f74fc45c000-7f74fc45f000 ---p 00000000 00:00 0 
7f74fc45f000-7f74fc562000 rw-p 00000000 00:00 0                          [stack:24978]
7f74fc562000-7f74fc577000 r--p 00000000 08:09 399868                     /usr/share/locale/pt_BR/LC_MESSAGES/libc.mo
7f74fc577000-7f74fc578000 r--s 00001000 08:08 3277453                    /home/arthur/.gradle/caches/2.2.1/workerMain/gradle-worker.jar
7f74fc578000-7f74fc580000 rw-s 00000000 00:23 846985                     /tmp/hsperfdata_arthur/24976
7f74fc580000-7f74fc581000 rw-p 00000000 00:00 0 
7f74fc581000-7f74fc582000 ---p 00000000 00:00 0 
7f74fc582000-7f74fc583000 rw-p 00000000 00:00 0 
7f74fc583000-7f74fc584000 r--p 00021000 08:09 5252663                    /usr/lib64/ld-2.20.so
7f74fc584000-7f74fc585000 rw-p 00022000 08:09 5252663                    /usr/lib64/ld-2.20.so
7f74fc585000-7f74fc586000 rw-p 00000000 00:00 0 
7ffff2752000-7ffff2774000 rw-p 00000000 00:00 0                          [stack]
7ffff27c9000-7ffff27cb000 r--p 00000000 00:00 0                          [vvar]
7ffff27cb000-7ffff27cd000 r-xp 00000000 00:00 0                          [vdso]
ffffffffff600000-ffffffffff601000 r-xp 00000000 00:00 0                  [vsyscall]

VM Arguments:
jvm_args: -Djava.security.manager=jarjar.org.gradle.process.internal.child.BootstrapSecurityManager -Dfile.encoding=UTF-8 -Duser.country=BR -Duser.language=pt -Duser.variant -ea 
java_command: jarjar.org.gradle.process.internal.launcher.GradleWorkerMain 'Gradle Test Executor 1'
java_class_path (initial): /home/arthur/.gradle/caches/2.2.1/workerMain/gradle-worker.jar
Launcher Type: SUN_STANDARD

Environment Variables:
JAVA_HOME=/usr/lib/jvm/java-7-oracle
PATH=/usr/bin/node:/usr/lib64/qt-3.3/bin:/usr/local/bin:/usr/local/sbin:/usr/bin:/usr/sbin:/bin:/sbin:/home/arthur/Downloads/android-sdk-linux/platform-tools:/usr/lib/jvm/java-7-oracle:/usr/local/ant/bin:/home/arthur/.local/bin:/home/arthur/bin:/home/arthur/.local/bin:/home/arthur/bin
USERNAME=arthur
LD_LIBRARY_PATH=/home/arthur/android-studio/bin:
SHELL=/bin/bash
DISPLAY=:0

Signal Handlers:
SIGSEGV: [libjvm.so+0xa60550], sa_mask[0]=11111111011111111101111111111110, sa_flags=SA_RESTART|SA_SIGINFO
SIGBUS: [libjvm.so+0xa60550], sa_mask[0]=11111111011111111101111111111110, sa_flags=SA_RESTART|SA_SIGINFO
SIGFPE: [libjvm.so+0x8b5d50], sa_mask[0]=11111111011111111101111111111110, sa_flags=SA_RESTART|SA_SIGINFO
SIGPIPE: [libjvm.so+0x8b5d50], sa_mask[0]=11111111011111111101111111111110, sa_flags=SA_RESTART|SA_SIGINFO
SIGXFSZ: [libjvm.so+0x8b5d50], sa_mask[0]=11111111011111111101111111111110, sa_flags=SA_RESTART|SA_SIGINFO
SIGILL: [libjvm.so+0x8b5d50], sa_mask[0]=11111111011111111101111111111110, sa_flags=SA_RESTART|SA_SIGINFO
SIGUSR1: SIG_DFL, sa_mask[0]=00000000000000000000000000000000, sa_flags=none
SIGUSR2: [libjvm.so+0x8b5c00], sa_mask[0]=00100000000000000000000000000000, sa_flags=SA_RESTART|SA_SIGINFO
SIGHUP: [libjvm.so+0x8b5e10], sa_mask[0]=11111111011111111101111111111110, sa_flags=SA_RESTART|SA_SIGINFO
SIGINT: SIG_IGN, sa_mask[0]=00000000000000000000000000000000, sa_flags=none
SIGTERM: [libjvm.so+0x8b5e10], sa_mask[0]=11111111011111111101111111111110, sa_flags=SA_RESTART|SA_SIGINFO
SIGQUIT: [libjvm.so+0x8b5e10], sa_mask[0]=11111111011111111101111111111110, sa_flags=SA_RESTART|SA_SIGINFO


---------------  S Y S T E M  ---------------

OS:Fedora release 21 (Twenty One)

uname:Linux 3.19.5-200.fc21.x86_64 #1 SMP Mon Apr 20 19:51:56 UTC 2015 x86_64
libc:glibc 2.20 NPTL 2.20 
rlimit: STACK 8192k, CORE 0k, NPROC 4096, NOFILE 4096, AS infinity
load average:2,12 21,57 27,01

/proc/meminfo:
MemTotal:        7964248 kB
MemFree:          141476 kB
MemAvailable:     109688 kB
Buffers:            1224 kB
Cached:          1360504 kB
SwapCached:         1856 kB
Active:          6174948 kB
Inactive:        1391664 kB
Active(anon):    6146964 kB
Inactive(anon):  1363788 kB
Active(file):      27984 kB
Inactive(file):    27876 kB
Unevictable:         480 kB
Mlocked:             480 kB
SwapTotal:        975868 kB
SwapFree:              0 kB
Dirty:               184 kB
Writeback:             0 kB
AnonPages:       6203852 kB
Mapped:           138000 kB
Shmem:           1305380 kB
Slab:              98624 kB
SReclaimable:      49504 kB
SUnreclaim:        49120 kB
KernelStack:       12848 kB
PageTables:        71240 kB
NFS_Unstable:          0 kB
Bounce:                0 kB
WritebackTmp:          0 kB
CommitLimit:     4957992 kB
Committed_AS:   16901528 kB
VmallocTotal:   34359738367 kB
VmallocUsed:      378896 kB
VmallocChunk:   34359265964 kB
HardwareCorrupted:     0 kB
AnonHugePages:         0 kB
HugePages_Total:       0
HugePages_Free:        0
HugePages_Rsvd:        0
HugePages_Surp:        0
Hugepagesize:       2048 kB
DirectMap4k:      299876 kB
DirectMap2M:     7874560 kB
DirectMap1G:     1048576 kB


CPU:total 4 (4 cores per cpu, 1 threads per core) family 6 model 60 stepping 3, cmov, cx8, fxsr, mmx, sse, sse2, sse3, ssse3, sse4.1, sse4.2, popcnt, avx, avx2, aes, clmul, erms, lzcnt, tsc, tscinvbit, bmi1, bmi2

/proc/cpuinfo:
processor	: 0
vendor_id	: GenuineIntel
cpu family	: 6
model		: 60
model name	: Intel(R) Core(TM) i5-4570 CPU @ 3.20GHz
stepping	: 3
microcode	: 0x1c
cpu MHz		: 3184.000
cache size	: 6144 KB
physical id	: 0
siblings	: 4
core id		: 0
cpu cores	: 4
apicid		: 0
initial apicid	: 0
fpu		: yes
fpu_exception	: yes
cpuid level	: 13
wp		: yes
flags		: fpu vme de pse tsc msr pae mce cx8 apic sep mtrr pge mca cmov pat pse36 clflush dts acpi mmx fxsr sse sse2 ss ht tm pbe syscall nx pdpe1gb rdtscp lm constant_tsc arch_perfmon pebs bts rep_good nopl xtopology nonstop_tsc aperfmperf eagerfpu pni pclmulqdq dtes64 monitor ds_cpl vmx smx est tm2 ssse3 fma cx16 xtpr pdcm pcid sse4_1 sse4_2 x2apic movbe popcnt tsc_deadline_timer aes xsave avx f16c rdrand lahf_lm abm ida arat epb pln pts dtherm tpr_shadow vnmi flexpriority ept vpid fsgsbase tsc_adjust bmi1 avx2 smep bmi2 erms invpcid xsaveopt
bugs		:
bogomips	: 6385.44
clflush size	: 64
cache_alignment	: 64
address sizes	: 39 bits physical, 48 bits virtual
power management:

processor	: 1
vendor_id	: GenuineIntel
cpu family	: 6
model		: 60
model name	: Intel(R) Core(TM) i5-4570 CPU @ 3.20GHz
stepping	: 3
microcode	: 0x1c
cpu MHz		: 3200.125
cache size	: 6144 KB
physical id	: 0
siblings	: 4
core id		: 1
cpu cores	: 4
apicid		: 2
initial apicid	: 2
fpu		: yes
fpu_exception	: yes
cpuid level	: 13
wp		: yes
flags		: fpu vme de pse tsc msr pae mce cx8 apic sep mtrr pge mca cmov pat pse36 clflush dts acpi mmx fxsr sse sse2 ss ht tm pbe syscall nx pdpe1gb rdtscp lm constant_tsc arch_perfmon pebs bts rep_good nopl xtopology nonstop_tsc aperfmperf eagerfpu pni pclmulqdq dtes64 monitor ds_cpl vmx smx est tm2 ssse3 fma cx16 xtpr pdcm pcid sse4_1 sse4_2 x2apic movbe popcnt tsc_deadline_timer aes xsave avx f16c rdrand lahf_lm abm ida arat epb pln pts dtherm tpr_shadow vnmi flexpriority ept vpid fsgsbase tsc_adjust bmi1 avx2 smep bmi2 erms invpcid xsaveopt
bugs		:
bogomips	: 6385.44
clflush size	: 64
cache_alignment	: 64
address sizes	: 39 bits physical, 48 bits virtual
power management:

processor	: 2
vendor_id	: GenuineIntel
cpu family	: 6
model		: 60
model name	: Intel(R) Core(TM) i5-4570 CPU @ 3.20GHz
stepping	: 3
microcode	: 0x1c
cpu MHz		: 3200.000
cache size	: 6144 KB
physical id	: 0
siblings	: 4
core id		: 2
cpu cores	: 4
apicid		: 4
initial apicid	: 4
fpu		: yes
fpu_exception	: yes
cpuid level	: 13
wp		: yes
flags		: fpu vme de pse tsc msr pae mce cx8 apic sep mtrr pge mca cmov pat pse36 clflush dts acpi mmx fxsr sse sse2 ss ht tm pbe syscall nx pdpe1gb rdtscp lm constant_tsc arch_perfmon pebs bts rep_good nopl xtopology nonstop_tsc aperfmperf eagerfpu pni pclmulqdq dtes64 monitor ds_cpl vmx smx est tm2 ssse3 fma cx16 xtpr pdcm pcid sse4_1 sse4_2 x2apic movbe popcnt tsc_deadline_timer aes xsave avx f16c rdrand lahf_lm abm ida arat epb pln pts dtherm tpr_shadow vnmi flexpriority ept vpid fsgsbase tsc_adjust bmi1 avx2 smep bmi2 erms invpcid xsaveopt
bugs		:
bogomips	: 6385.44
clflush size	: 64
cache_alignment	: 64
address sizes	: 39 bits physical, 48 bits virtual
power management:

processor	: 3
vendor_id	: GenuineIntel
cpu family	: 6
model		: 60
model name	: Intel(R) Core(TM) i5-4570 CPU @ 3.20GHz
stepping	: 3
microcode	: 0x1c
cpu MHz		: 3105.625
cache size	: 6144 KB
physical id	: 0
siblings	: 4
core id		: 3
cpu cores	: 4
apicid		: 6
initial apicid	: 6
fpu		: yes
fpu_exception	: yes
cpuid level	: 13
wp		: yes
flags		: fpu vme de pse tsc msr pae mce cx8 apic sep mtrr pge mca cmov pat pse36 clflush dts acpi mmx fxsr sse sse2 ss ht tm pbe syscall nx pdpe1gb rdtscp lm constant_tsc arch_perfmon pebs bts rep_good nopl xtopology nonstop_tsc aperfmperf eagerfpu pni pclmulqdq dtes64 monitor ds_cpl vmx smx est tm2 ssse3 fma cx16 xtpr pdcm pcid sse4_1 sse4_2 x2apic movbe popcnt tsc_deadline_timer aes xsave avx f16c rdrand lahf_lm abm ida arat epb pln pts dtherm tpr_shadow vnmi flexpriority ept vpid fsgsbase tsc_adjust bmi1 avx2 smep bmi2 erms invpcid xsaveopt
bugs		:
bogomips	: 6385.44
clflush size	: 64
cache_alignment	: 64
address sizes	: 39 bits physical, 48 bits virtual
power management:



Memory: 4k page, physical 7964248k(141476k free), swap 975868k(0k free)

vm_info: OpenJDK 64-Bit Server VM (25.45-b02) for linux-amd64 JRE (1.8.0_45-b13), built on Apr 15 2015 07:21:14 by "mockbuild" with gcc 4.9.2 20150212 (Red Hat 4.9.2-6)

time: Tue May 19 16:50:57 2015
elapsed time: 7 seconds (0d 0h 0m 7s)

