#
# There is insufficient memory for the Java Runtime Environment to continue.
# Native memory allocation (mmap) failed to map 162004992 bytes for committing reserved memory.
# Possible reasons:
#   The system is out of physical RAM or swap space
#   In 32 bit mode, the process size limit was hit
# Possible solutions:
#   Reduce memory load on the system
#   Increase physical memory or swap space
#   Check if swap backing store is full
#   Use 64 bit Java on a 64 bit OS
#   Decrease Java heap size (-Xmx/-Xms)
#   Decrease number of Java threads
#   Decrease Java thread stack sizes (-Xss)
#   Set larger code cache with -XX:ReservedCodeCacheSize=
# This output file may be truncated or incomplete.
#
#  Out of Memory Error (os_linux.cpp:2673), pid=25012, tid=139882595837696
#
# JRE version: OpenJDK Runtime Environment (8.0_45-b13) (build 1.8.0_45-b13)
# Java VM: OpenJDK 64-Bit Server VM (25.45-b02 mixed mode linux-amd64 compressed oops)
# Failed to write core dump. Core dumps have been disabled. To enable core dumping, try "ulimit -c unlimited" before starting Java again
#

---------------  T H R E A D  ---------------

Current thread (0x00007f3904085000):  VMThread [stack: 0x00007f38f45f6000,0x00007f38f46f7000] [id=25022]

Stack: [0x00007f38f45f6000,0x00007f38f46f7000],  sp=0x00007f38f46f54b0,  free space=1021k
Native frames: (J=compiled Java code, j=interpreted, Vv=VM code, C=native code)
V  [libjvm.so+0xa5fa9d]
V  [libjvm.so+0x4d5dbc]
V  [libjvm.so+0x8ba400]
V  [libjvm.so+0x8b4bfe]
V  [libjvm.so+0x92865b]
V  [libjvm.so+0x9293a3]
V  [libjvm.so+0x9296eb]
V  [libjvm.so+0x926304]
V  [libjvm.so+0x926af8]
V  [libjvm.so+0x8de323]
V  [libjvm.so+0xa61562]
V  [libjvm.so+0xa65ba7]
V  [libjvm.so+0xa642c6]
V  [libjvm.so+0xa649b6]
V  [libjvm.so+0xa64e81]
V  [libjvm.so+0x8b7902]

VM_Operation (0x00007f38e74ad170): ParallelGCFailedAllocation, mode: safepoint, requested by thread 0x00007f3904c31800


---------------  P R O C E S S  ---------------

Java Threads: ( => current thread )
  0x00007f3904c5c000 JavaThread "/0:0:0:0:0:0:0:1:39687 to /0:0:0:0:0:0:0:1%lo:48552 workers Thread 3" [_thread_in_native, id=25036, stack(0x00007f38e71af000,0x00007f38e72b0000)]
  0x00007f3904c5a000 JavaThread "/0:0:0:0:0:0:0:1:39687 to /0:0:0:0:0:0:0:1%lo:48552 workers Thread 2" [_thread_blocked, id=25035, stack(0x00007f38e72b0000,0x00007f38e73b1000)]
  0x00007f3904c31800 JavaThread "Test worker" [_thread_blocked, id=25034, stack(0x00007f38e73b1000,0x00007f38e74b2000)]
  0x00007f3904138800 JavaThread "Service Thread" daemon [_thread_blocked, id=25029, stack(0x00007f38e7eff000,0x00007f38e8000000)]
  0x00007f390412d800 JavaThread "C1 CompilerThread2" daemon [_thread_blocked, id=25028, stack(0x00007f38ec02d000,0x00007f38ec12e000)]
  0x00007f390412b800 JavaThread "C2 CompilerThread1" daemon [_thread_blocked, id=25027, stack(0x00007f38ec12e000,0x00007f38ec22f000)]
  0x00007f390412a000 JavaThread "C2 CompilerThread0" daemon [_thread_blocked, id=25026, stack(0x00007f38ec22f000,0x00007f38ec330000)]
  0x00007f3904128000 JavaThread "Signal Dispatcher" daemon [_thread_blocked, id=25025, stack(0x00007f38f40f0000,0x00007f38f41f1000)]
  0x00007f390408c000 JavaThread "Finalizer" daemon [_thread_blocked, id=25024, stack(0x00007f38f43f4000,0x00007f38f44f5000)]
  0x00007f390408a000 JavaThread "Reference Handler" daemon [_thread_blocked, id=25023, stack(0x00007f38f44f5000,0x00007f38f45f6000)]
  0x00007f3904009000 JavaThread "main" [_thread_blocked, id=25017, stack(0x00007f390d252000,0x00007f390d353000)]

Other Threads:
=>0x00007f3904085000 VMThread [stack: 0x00007f38f45f6000,0x00007f38f46f7000] [id=25022]
  0x00007f390413f800 WatcherThread [stack: 0x00007f38e7dfe000,0x00007f38e7eff000] [id=25030]

VM state:at safepoint (normal execution)

VM Mutex/Monitor currently owned by a thread:  ([mutex/lock_event])
[0x00007f39040068f0] Threads_lock - owner thread: 0x00007f3904085000
[0x00007f3904006df0] Heap_lock - owner thread: 0x00007f3904c31800

Heap:
 PSYoungGen      total 373248K, used 11424K [0x00000000d7780000, 0x00000000ef880000, 0x0000000100000000)
  eden space 352256K, 0% used [0x00000000d7780000,0x00000000d7780000,0x00000000ecf80000)
  from space 20992K, 54% used [0x00000000ecf80000,0x00000000edaa8010,0x00000000ee400000)
  to   space 20992K, 0% used [0x00000000ee400000,0x00000000ee400000,0x00000000ef880000)
 ParOldGen       total 65024K, used 30337K [0x0000000086600000, 0x000000008a580000, 0x00000000d7780000)
  object space 65024K, 46% used [0x0000000086600000,0x00000000883a0530,0x000000008a580000)
 Metaspace       used 27034K, capacity 27425K, committed 27776K, reserved 1075200K
  class space    used 2273K, capacity 2373K, committed 2432K, reserved 1048576K

Card table byte_map: [0x00007f3909be5000,0x00007f3909fb3000] byte_map_base: 0x00007f39097b2000

Marking Bits: (ParMarkBitMap*) 0x00007f390c53ae40
 Begin Bits: [0x00007f38ec330000, 0x00007f38ee198000)
 End Bits:   [0x00007f38ee198000, 0x00007f38f0000000)

Polling page: 0x00007f390d377000

CodeCache: size=245760Kb used=11621Kb max_used=11745Kb free=234138Kb
 bounds [0x00007f38f5000000, 0x00007f38f5ba0000, 0x00007f3904000000]
 total_blobs=2925 nmethods=2515 adapters=324
 compilation: enabled

Compilation events (10 events):
Event: 11,458 Thread 0x00007f390412b800 nmethod 2772 0x00007f38f51028d0 code [0x00007f38f5102a40, 0x00007f38f5102ec8]
Event: 11,458 Thread 0x00007f390412a000 nmethod 2773 0x00007f38f541e290 code [0x00007f38f541e3e0, 0x00007f38f541e538]
Event: 11,483 Thread 0x00007f390412b800 2774       4       java.util.regex.Pattern$BmpCharProperty::match (50 bytes)
Event: 11,485 Thread 0x00007f390412b800 nmethod 2774 0x00007f38f5b35f90 code [0x00007f38f5b36100, 0x00007f38f5b362b8]
Event: 11,522 Thread 0x00007f390412d800 2775       1       com.ximpleware.UniByteBuffer::byteAt (7 bytes)
Event: 11,523 Thread 0x00007f390412d800 nmethod 2775 0x00007f38f541df50 code [0x00007f38f541e0a0, 0x00007f38f541e1d0]
Event: 11,556 Thread 0x00007f390412a000 2776   !   4       java.util.zip.InflaterInputStream::read (138 bytes)
Event: 11,574 Thread 0x00007f390412a000 nmethod 2776 0x00007f38f550a810 code [0x00007f38f550aa80, 0x00007f38f550c9d0]
Event: 11,592 Thread 0x00007f390412d800 2777       3       java.io.FilterInputStream::read (9 bytes)
Event: 11,593 Thread 0x00007f390412d800 nmethod 2777 0x00007f38f5194750 code [0x00007f38f51948c0, 0x00007f38f5194ae8]

GC Heap History (10 events):
Event: 9,436 GC heap after
Heap after GC invocations=7 (full 0):
 PSYoungGen      total 137216K, used 14844K [0x00000000d7780000, 0x00000000e8d80000, 0x0000000100000000)
  eden space 122368K, 0% used [0x00000000d7780000,0x00000000d7780000,0x00000000def00000)
  from space 14848K, 99% used [0x00000000def00000,0x00000000dfd7f3f0,0x00000000dfd80000)
  to   space 19968K, 0% used [0x00000000e7a00000,0x00000000e7a00000,0x00000000e8d80000)
 ParOldGen       total 83456K, used 13834K [0x0000000086600000, 0x000000008b780000, 0x00000000d7780000)
  object space 83456K, 16% used [0x0000000086600000,0x0000000087382af8,0x000000008b780000)
 Metaspace       used 19770K, capacity 20155K, committed 20352K, reserved 1067008K
  class space    used 1767K, capacity 1853K, committed 1920K, reserved 1048576K
}
Event: 9,746 GC heap before
{Heap before GC invocations=8 (full 0):
 PSYoungGen      total 137216K, used 57365K [0x00000000d7780000, 0x00000000e8d80000, 0x0000000100000000)
  eden space 122368K, 34% used [0x00000000d7780000,0x00000000da1061a8,0x00000000def00000)
  from space 14848K, 99% used [0x00000000def00000,0x00000000dfd7f3f0,0x00000000dfd80000)
  to   space 19968K, 0% used [0x00000000e7a00000,0x00000000e7a00000,0x00000000e8d80000)
 ParOldGen       total 83456K, used 13834K [0x0000000086600000, 0x000000008b780000, 0x00000000d7780000)
  object space 83456K, 16% used [0x0000000086600000,0x0000000087382af8,0x000000008b780000)
 Metaspace       used 20749K, capacity 21097K, committed 21248K, reserved 1069056K
  class space    used 1849K, capacity 1953K, committed 2048K, reserved 1048576K
Event: 9,762 GC heap after
Heap after GC invocations=8 (full 0):
 PSYoungGen      total 263168K, used 15512K [0x00000000d7780000, 0x00000000e9080000, 0x0000000100000000)
  eden space 243200K, 0% used [0x00000000d7780000,0x00000000d7780000,0x00000000e6500000)
  from space 19968K, 77% used [0x00000000e7a00000,0x00000000e8926148,0x00000000e8d80000)
  to   space 21504K, 0% used [0x00000000e6500000,0x00000000e6500000,0x00000000e7a00000)
 ParOldGen       total 83456K, used 15293K [0x0000000086600000, 0x000000008b780000, 0x00000000d7780000)
  object space 83456K, 18% used [0x0000000086600000,0x00000000874ef7f8,0x000000008b780000)
 Metaspace       used 20749K, capacity 21097K, committed 21248K, reserved 1069056K
  class space    used 1849K, capacity 1953K, committed 2048K, reserved 1048576K
}
Event: 9,762 GC heap before
{Heap before GC invocations=9 (full 1):
 PSYoungGen      total 263168K, used 15512K [0x00000000d7780000, 0x00000000e9080000, 0x0000000100000000)
  eden space 243200K, 0% used [0x00000000d7780000,0x00000000d7780000,0x00000000e6500000)
  from space 19968K, 77% used [0x00000000e7a00000,0x00000000e8926148,0x00000000e8d80000)
  to   space 21504K, 0% used [0x00000000e6500000,0x00000000e6500000,0x00000000e7a00000)
 ParOldGen       total 83456K, used 15293K [0x0000000086600000, 0x000000008b780000, 0x00000000d7780000)
  object space 83456K, 18% used [0x0000000086600000,0x00000000874ef7f8,0x000000008b780000)
 Metaspace       used 20749K, capacity 21097K, committed 21248K, reserved 1069056K
  class space    used 1849K, capacity 1953K, committed 2048K, reserved 1048576K
Event: 9,854 GC heap after
Heap after GC invocations=9 (full 1):
 PSYoungGen      total 263168K, used 0K [0x00000000d7780000, 0x00000000e9080000, 0x0000000100000000)
  eden space 243200K, 0% used [0x00000000d7780000,0x00000000d7780000,0x00000000e6500000)
  from space 19968K, 0% used [0x00000000e7a00000,0x00000000e7a00000,0x00000000e8d80000)
  to   space 21504K, 0% used [0x00000000e6500000,0x00000000e6500000,0x00000000e7a00000)
 ParOldGen       total 65024K, used 19860K [0x0000000086600000, 0x000000008a580000, 0x00000000d7780000)
  object space 65024K, 30% used [0x0000000086600000,0x0000000087965100,0x000000008a580000)
 Metaspace       used 20749K, capacity 21097K, committed 21248K, reserved 1069056K
  class space    used 1849K, capacity 1953K, committed 2048K, reserved 1048576K
}
Event: 10,621 GC heap before
{Heap before GC invocations=10 (full 1):
 PSYoungGen      total 263168K, used 243200K [0x00000000d7780000, 0x00000000e9080000, 0x0000000100000000)
  eden space 243200K, 100% used [0x00000000d7780000,0x00000000e6500000,0x00000000e6500000)
  from space 19968K, 0% used [0x00000000e7a00000,0x00000000e7a00000,0x00000000e8d80000)
  to   space 21504K, 0% used [0x00000000e6500000,0x00000000e6500000,0x00000000e7a00000)
 ParOldGen       total 65024K, used 19860K [0x0000000086600000, 0x000000008a580000, 0x00000000d7780000)
  object space 65024K, 30% used [0x0000000086600000,0x0000000087965100,0x000000008a580000)
 Metaspace       used 26692K, capacity 27003K, committed 27264K, reserved 1075200K
  class space    used 2231K, capacity 2340K, committed 2432K, reserved 1048576K
Event: 10,625 GC heap after
Heap after GC invocations=10 (full 1):
 PSYoungGen      total 264704K, used 4564K [0x00000000d7780000, 0x00000000ef880000, 0x0000000100000000)
  eden space 243200K, 0% used [0x00000000d7780000,0x00000000d7780000,0x00000000e6500000)
  from space 21504K, 21% used [0x00000000e6500000,0x00000000e6975038,0x00000000e7a00000)
  to   space 20992K, 0% used [0x00000000ee400000,0x00000000ee400000,0x00000000ef880000)
 ParOldGen       total 65024K, used 19868K [0x0000000086600000, 0x000000008a580000, 0x00000000d7780000)
  object space 65024K, 30% used [0x0000000086600000,0x0000000087967100,0x000000008a580000)
 Metaspace       used 26692K, capacity 27003K, committed 27264K, reserved 1075200K
  class space    used 2231K, capacity 2340K, committed 2432K, reserved 1048576K
}
Event: 11,126 GC heap before
{Heap before GC invocations=11 (full 1):
 PSYoungGen      total 264704K, used 247764K [0x00000000d7780000, 0x00000000ef880000, 0x0000000100000000)
  eden space 243200K, 100% used [0x00000000d7780000,0x00000000e6500000,0x00000000e6500000)
  from space 21504K, 21% used [0x00000000e6500000,0x00000000e6975038,0x00000000e7a00000)
  to   space 20992K, 0% used [0x00000000ee400000,0x00000000ee400000,0x00000000ef880000)
 ParOldGen       total 65024K, used 19868K [0x0000000086600000, 0x000000008a580000, 0x00000000d7780000)
  object space 65024K, 30% used [0x0000000086600000,0x0000000087967100,0x000000008a580000)
 Metaspace       used 27015K, capacity 27425K, committed 27776K, reserved 1075200K
  class space    used 2273K, capacity 2373K, committed 2432K, reserved 1048576K
Event: 11,141 GC heap after
Heap after GC invocations=11 (full 1):
 PSYoungGen      total 373248K, used 11975K [0x00000000d7780000, 0x00000000ef880000, 0x0000000100000000)
  eden space 352256K, 0% used [0x00000000d7780000,0x00000000d7780000,0x00000000ecf80000)
  from space 20992K, 57% used [0x00000000ee400000,0x00000000eefb1fb0,0x00000000ef880000)
  to   space 20992K, 0% used [0x00000000ecf80000,0x00000000ecf80000,0x00000000ee400000)
 ParOldGen       total 65024K, used 19868K [0x0000000086600000, 0x000000008a580000, 0x00000000d7780000)
  object space 65024K, 30% used [0x0000000086600000,0x0000000087967100,0x000000008a580000)
 Metaspace       used 27015K, capacity 27425K, committed 27776K, reserved 1075200K
  class space    used 2273K, capacity 2373K, committed 2432K, reserved 1048576K
}
Event: 11,621 GC heap before
{Heap before GC invocations=12 (full 1):
 PSYoungGen      total 373248K, used 364231K [0x00000000d7780000, 0x00000000ef880000, 0x0000000100000000)
  eden space 352256K, 100% used [0x00000000d7780000,0x00000000ecf80000,0x00000000ecf80000)
  from space 20992K, 57% used [0x00000000ee400000,0x00000000eefb1fb0,0x00000000ef880000)
  to   space 20992K, 0% used [0x00000000ecf80000,0x00000000ecf80000,0x00000000ee400000)
 ParOldGen       total 65024K, used 19868K [0x0000000086600000, 0x000000008a580000, 0x00000000d7780000)
  object space 65024K, 30% used [0x0000000086600000,0x0000000087967100,0x000000008a580000)
 Metaspace       used 27034K, capacity 27425K, committed 27776K, reserved 1075200K
  class space    used 2273K, capacity 2373K, committed 2432K, reserved 1048576K

Deoptimization events (10 events):
Event: 10,955 Thread 0x00007f3904c31800 Uncommon trap: reason=unstable_if action=reinterpret pc=0x00007f38f59723c8 method=com.ximpleware.VTDGen.processElementTail(Z)I @ 141
Event: 10,983 Thread 0x00007f3904c31800 Uncommon trap: reason=predicate action=maybe_recompile pc=0x00007f38f52f8b70 method=java.util.AbstractCollection.toArray([Ljava/lang/Object;)[Ljava/lang/Object; @ 49
Event: 11,046 Thread 0x00007f3904c31800 Uncommon trap: reason=array_check action=maybe_recompile pc=0x00007f38f5b35530 method=java.util.AbstractCollection.toArray([Ljava/lang/Object;)[Ljava/lang/Object; @ 119
Event: 11,046 Thread 0x00007f3904c31800 Uncommon trap: reason=array_check action=maybe_recompile pc=0x00007f38f5b35530 method=java.util.AbstractCollection.toArray([Ljava/lang/Object;)[Ljava/lang/Object; @ 119
Event: 11,046 Thread 0x00007f3904c31800 Uncommon trap: reason=array_check action=maybe_recompile pc=0x00007f38f5b35530 method=java.util.AbstractCollection.toArray([Ljava/lang/Object;)[Ljava/lang/Object; @ 119
Event: 11,046 Thread 0x00007f3904c31800 Uncommon trap: reason=array_check action=maybe_recompile pc=0x00007f38f5b35530 method=java.util.AbstractCollection.toArray([Ljava/lang/Object;)[Ljava/lang/Object; @ 119
Event: 11,220 Thread 0x00007f3904c31800 Uncommon trap: reason=unstable_if action=reinterpret pc=0x00007f38f58ad0c4 method=com.ximpleware.VTDGen$UTF8Reader.skipChar(I)Z @ 17
Event: 11,317 Thread 0x00007f3904c31800 Uncommon trap: reason=unstable_if action=reinterpret pc=0x00007f38f5b78408 method=java.util.ComparableTimSort.<init>([Ljava/lang/Object;[Ljava/lang/Object;II)V @ 107
Event: 11,324 Thread 0x00007f3904c31800 Uncommon trap: reason=unstable_if action=reinterpret pc=0x00007f38f57d6e8c method=com.ximpleware.VTDNav.toElement(I)Z @ 192
Event: 11,364 Thread 0x00007f3904c31800 Uncommon trap: reason=unstable_if action=reinterpret pc=0x00007f38f54489ac method=com.ximpleware.VTDNav.toElement(I)Z @ 402

Internal exceptions (10 events):
Event: 5,322 Thread 0x00007f3904009000 Exception <a 'java/lang/NoSuchMethodError': <clinit>> (0x00000000d85228b0) thrown at [/builddir/build/BUILD/java-1.8.0-openjdk-1.8.0.45-31.b13.fc21.x86_64/jdk8/hotspot/src/share/vm/prims/jni.cpp, line 1598]
Event: 5,333 Thread 0x00007f3904009000 Exception <a 'java/lang/NoSuchMethodError': <clinit>> (0x00000000d8554cd0) thrown at [/builddir/build/BUILD/java-1.8.0-openjdk-1.8.0.45-31.b13.fc21.x86_64/jdk8/hotspot/src/share/vm/prims/jni.cpp, line 1598]
Event: 5,460 Thread 0x00007f3904009000 Exception <a 'java/lang/ArrayIndexOutOfBoundsException'> (0x00000000d87d6848) thrown at [/builddir/build/BUILD/java-1.8.0-openjdk-1.8.0.45-31.b13.fc21.x86_64/jdk8/hotspot/src/share/vm/runtime/sharedRuntime.cpp, line 605]
Event: 5,460 Thread 0x00007f3904009000 Exception <a 'java/lang/ArrayIndexOutOfBoundsException'> (0x00000000d87d9320) thrown at [/builddir/build/BUILD/java-1.8.0-openjdk-1.8.0.45-31.b13.fc21.x86_64/jdk8/hotspot/src/share/vm/runtime/sharedRuntime.cpp, line 605]
Event: 5,460 Thread 0x00007f3904009000 Exception <a 'java/lang/ArrayIndexOutOfBoundsException'> (0x00000000d87db1c8) thrown at [/builddir/build/BUILD/java-1.8.0-openjdk-1.8.0.45-31.b13.fc21.x86_64/jdk8/hotspot/src/share/vm/runtime/sharedRuntime.cpp, line 605]
Event: 5,460 Thread 0x00007f3904009000 Exception <a 'java/lang/ArrayIndexOutOfBoundsException'> (0x00000000d87f1c60) thrown at [/builddir/build/BUILD/java-1.8.0-openjdk-1.8.0.45-31.b13.fc21.x86_64/jdk8/hotspot/src/share/vm/runtime/sharedRuntime.cpp, line 605]
Event: 5,504 Thread 0x00007f3904009000 Exception <a 'java/security/PrivilegedActionException'> (0x00000000d8a3d368) thrown at [/builddir/build/BUILD/java-1.8.0-openjdk-1.8.0.45-31.b13.fc21.x86_64/jdk8/hotspot/src/share/vm/prims/jvm.cpp, line 1382]
Event: 5,504 Thread 0x00007f3904009000 Exception <a 'java/security/PrivilegedActionException'> (0x00000000d8a3d6b0) thrown at [/builddir/build/BUILD/java-1.8.0-openjdk-1.8.0.45-31.b13.fc21.x86_64/jdk8/hotspot/src/share/vm/prims/jvm.cpp, line 1382]
Event: 5,740 Thread 0x00007f3904009000 Exception <a 'java/lang/ArrayIndexOutOfBoundsException'> (0x00000000d8d1bef0) thrown at [/builddir/build/BUILD/java-1.8.0-openjdk-1.8.0.45-31.b13.fc21.x86_64/jdk8/hotspot/src/share/vm/runtime/sharedRuntime.cpp, line 605]
Event: 5,740 Thread 0x00007f3904009000 Exception <a 'java/lang/ArrayIndexOutOfBoundsException'> (0x00000000d8d1cae8) thrown at [/builddir/build/BUILD/java-1.8.0-openjdk-1.8.0.45-31.b13.fc21.x86_64/jdk8/hotspot/src/share/vm/runtime/sharedRuntime.cpp, line 605]

Events (10 events):
Event: 11,317 Thread 0x00007f3904c31800 Uncommon trap: trap_request=0xffffff65 fr.pc=0x00007f38f5b78408
Event: 11,317 Thread 0x00007f3904c31800 DEOPT PACKING pc=0x00007f38f5b78408 sp=0x00007f38e74ad370
Event: 11,317 Thread 0x00007f3904c31800 DEOPT UNPACKING pc=0x00007f38f5004f69 sp=0x00007f38e74ad290 mode 2
Event: 11,324 Thread 0x00007f3904c31800 Uncommon trap: trap_request=0xffffff65 fr.pc=0x00007f38f57d6e8c
Event: 11,324 Thread 0x00007f3904c31800 DEOPT PACKING pc=0x00007f38f57d6e8c sp=0x00007f38e74ad340
Event: 11,324 Thread 0x00007f3904c31800 DEOPT UNPACKING pc=0x00007f38f5004f69 sp=0x00007f38e74ad2d0 mode 2
Event: 11,364 Thread 0x00007f3904c31800 Uncommon trap: trap_request=0xffffff65 fr.pc=0x00007f38f54489ac
Event: 11,364 Thread 0x00007f3904c31800 DEOPT PACKING pc=0x00007f38f54489ac sp=0x00007f38e74ad380
Event: 11,364 Thread 0x00007f3904c31800 DEOPT UNPACKING pc=0x00007f38f5004f69 sp=0x00007f38e74ad308 mode 2
Event: 11,621 Executing VM operation: ParallelGCFailedAllocation


Dynamic libraries:
00400000-00401000 r-xp 00000000 08:09 5513910                            /usr/lib/jvm/java-1.8.0-openjdk-1.8.0.45-31.b13.fc21.x86_64/jre/bin/java
00600000-00601000 r--p 00000000 08:09 5513910                            /usr/lib/jvm/java-1.8.0-openjdk-1.8.0.45-31.b13.fc21.x86_64/jre/bin/java
00601000-00602000 rw-p 00001000 08:09 5513910                            /usr/lib/jvm/java-1.8.0-openjdk-1.8.0.45-31.b13.fc21.x86_64/jre/bin/java
01298000-012b9000 rw-p 00000000 00:00 0                                  [heap]
86600000-8a580000 rw-p 00000000 00:00 0 
8a580000-d7780000 ---p 00000000 00:00 0 
d7780000-ef880000 rw-p 00000000 00:00 0 
f9300000-100000000 ---p 00000000 00:00 0 
100000000-100260000 rw-p 00000000 00:00 0 
100260000-140000000 ---p 00000000 00:00 0 
7f38a4000000-7f38a4021000 rw-p 00000000 00:00 0 
7f38a4021000-7f38a8000000 ---p 00000000 00:00 0 
7f38a8000000-7f38a8069000 rw-p 00000000 00:00 0 
7f38a8069000-7f38ac000000 ---p 00000000 00:00 0 
7f38ac000000-7f38ac021000 rw-p 00000000 00:00 0 
7f38ac021000-7f38b0000000 ---p 00000000 00:00 0 
7f38b0000000-7f38b0978000 rw-p 00000000 00:00 0 
7f38b0978000-7f38b4000000 ---p 00000000 00:00 0 
7f38b4000000-7f38b4c3a000 rw-p 00000000 00:00 0 
7f38b4c3a000-7f38b8000000 ---p 00000000 00:00 0 
7f38b8000000-7f38b8021000 rw-p 00000000 00:00 0 
7f38b8021000-7f38bc000000 ---p 00000000 00:00 0 
7f38bc000000-7f38bdaca000 rw-p 00000000 00:00 0 
7f38bdaca000-7f38c0000000 ---p 00000000 00:00 0 
7f38c0000000-7f38c20a8000 rw-p 00000000 00:00 0 
7f38c20a8000-7f38c4000000 ---p 00000000 00:00 0 
7f38c4000000-7f38c4021000 rw-p 00000000 00:00 0 
7f38c4021000-7f38c8000000 ---p 00000000 00:00 0 
7f38c9a8d000-7f38d0000000 r--p 00000000 08:09 5252665                    /usr/lib/locale/locale-archive
7f38d0000000-7f38d0021000 rw-p 00000000 00:00 0 
7f38d0021000-7f38d4000000 ---p 00000000 00:00 0 
7f38d4000000-7f38d4021000 rw-p 00000000 00:00 0 
7f38d4021000-7f38d8000000 ---p 00000000 00:00 0 
7f38d8000000-7f38d8021000 rw-p 00000000 00:00 0 
7f38d8021000-7f38dc000000 ---p 00000000 00:00 0 
7f38dc000000-7f38dc021000 rw-p 00000000 00:00 0 
7f38dc021000-7f38e0000000 ---p 00000000 00:00 0 
7f38e0000000-7f38e0021000 rw-p 00000000 00:00 0 
7f38e0021000-7f38e4000000 ---p 00000000 00:00 0 
7f38e5cb4000-7f38e5d74000 rw-p 00000000 00:00 0 
7f38e5d74000-7f38e5eb4000 ---p 00000000 00:00 0 
7f38e5eb4000-7f38e60b4000 rw-p 00000000 00:00 0 
7f38e60b4000-7f38e62b4000 rw-p 00000000 00:00 0 
7f38e62b4000-7f38e64b4000 rw-p 00000000 00:00 0 
7f38e64b4000-7f38e66b4000 rw-p 00000000 00:00 0 
7f38e679d000-7f38e679e000 rw-p 00000000 00:00 0 
7f38e679e000-7f38e67a3000 r--s 00043000 08:09 5513695                    /usr/lib/jvm/java-1.8.0-openjdk-1.8.0.45-31.b13.fc21.x86_64/jre/lib/ext/sunjce_provider.jar
7f38e67a3000-7f38e69a3000 rw-p 00000000 00:00 0 
7f38e69a3000-7f38e6ba3000 rw-p 00000000 00:00 0 
7f38e6ba3000-7f38e6da3000 rw-p 00000000 00:00 0 
7f38e6da3000-7f38e6db6000 r--s 00345000 08:09 5385157                    /usr/lib/jvm/java-1.8.0-openjdk-1.8.0.45-31.b13.fc21.x86_64/jre/lib/resources.jar
7f38e6db6000-7f38e6db7000 r--s 00015000 08:08 3277555                    /home/arthur/.m2/repository/org/ccil/cowan/tagsoup/tagsoup/1.2/tagsoup-1.2.jar
7f38e6db7000-7f38e6db9000 r--s 00008000 08:08 3277552                    /home/arthur/.m2/repository/org/json/json/20080701/json-20080701.jar
7f38e6db9000-7f38e6dc5000 r--s 0027a000 08:08 3277573                    /home/arthur/.m2/repository/org/robolectric/shadows-core/3.0-rc2/shadows-core-3.0-rc2-21.jar
7f38e6dc5000-7f38e6faf000 r--s 026f8000 08:08 3277561                    /home/arthur/.m2/repository/org/robolectric/android-all/5.0.0_r2-robolectric-1/android-all-5.0.0_r2-robolectric-1.jar
7f38e6faf000-7f38e71af000 rw-p 00000000 00:00 0 
7f38e71af000-7f38e71b2000 ---p 00000000 00:00 0 
7f38e71b2000-7f38e72b0000 rw-p 00000000 00:00 0                          [stack:25036]
7f38e72b0000-7f38e72b3000 ---p 00000000 00:00 0 
7f38e72b3000-7f38e73b1000 rw-p 00000000 00:00 0                          [stack:25035]
7f38e73b1000-7f38e73b4000 ---p 00000000 00:00 0 
7f38e73b4000-7f38e74b2000 rw-p 00000000 00:00 0                          [stack:25034]
7f38e74b2000-7f38e74c3000 r-xp 00000000 08:09 5513947                    /usr/lib/jvm/java-1.8.0-openjdk-1.8.0.45-31.b13.fc21.x86_64/jre/lib/amd64/libnio.so
7f38e74c3000-7f38e76c2000 ---p 00011000 08:09 5513947                    /usr/lib/jvm/java-1.8.0-openjdk-1.8.0.45-31.b13.fc21.x86_64/jre/lib/amd64/libnio.so
7f38e76c2000-7f38e76c3000 r--p 00010000 08:09 5513947                    /usr/lib/jvm/java-1.8.0-openjdk-1.8.0.45-31.b13.fc21.x86_64/jre/lib/amd64/libnio.so
7f38e76c3000-7f38e76c4000 rw-p 00011000 08:09 5513947                    /usr/lib/jvm/java-1.8.0-openjdk-1.8.0.45-31.b13.fc21.x86_64/jre/lib/amd64/libnio.so
7f38e76c4000-7f38e77a3000 r--s 016c4000 08:08 3411402                    /home/arthur/AndroidStudioProjects/Mobline-Prototype/app/build/intermediates/mockable-android-21.jar
7f38e77a3000-7f38e77a5000 r--s 0000d000 08:08 2228488                    /home/arthur/.gradle/caches/modules-2/files-2.1/com.google.oauth-client/google-oauth-client/1.19.0/d473a8962e14a707a3716637e4898bb2dd9643f2/google-oauth-client-1.19.0.jar
7f38e77a5000-7f38e77b4000 r--s 00084000 08:08 3411924                    /home/arthur/AndroidStudioProjects/Mobline-Prototype/app/build/intermediates/exploded-aar/com.google.android.gms/play-services-ads/7.3.0/classes.jar
7f38e77b4000-7f38e77bf000 r--s 00079000 08:08 3411932                    /home/arthur/AndroidStudioProjects/Mobline-Prototype/app/build/intermediates/exploded-aar/com.google.android.gms/play-services-analytics/7.3.0/classes.jar
7f38e77bf000-7f38e77d1000 r--s 000c6000 08:08 3411911                    /home/arthur/AndroidStudioProjects/Mobline-Prototype/app/build/intermediates/exploded-aar/com.android.support/support-v4/22.1.1/classes.jar
7f38e77d1000-7f38e77d3000 r--s 00002000 08:08 3805888                    /home/arthur/AndroidStudioProjects/Mobline-Prototype/app/build/intermediates/exploded-aar/com.google.android.gms/play-services-panorama/7.3.0/classes.jar
7f38e77d3000-7f38e77d4000 r--s 00002000 08:08 2884945                    /home/arthur/Downloads/android-sdk-linux/extras/android/m2repository/com/android/support/support-annotations/22.1.1/support-annotations-22.1.1.jar
7f38e77d4000-7f38e77d8000 r--s 00017000 08:08 3804397                    /home/arthur/AndroidStudioProjects/Mobline-Prototype/app/build/intermediates/exploded-aar/com.google.android.gms/play-services-cast/7.3.0/classes.jar
7f38e77d8000-7f38e77df000 r--s 00030000 08:08 3804443                    /home/arthur/AndroidStudioProjects/Mobline-Prototype/app/build/intermediates/exploded-aar/com.google.android.gms/play-services-location/7.3.0/classes.jar
7f38e77df000-7f38e77e0000 r--s 00002000 08:08 2228482                    /home/arthur/.gradle/caches/modules-2/files-2.1/com.google.api-client/google-api-client-android/1.19.0/ba2aafb867f6af469f936ae76426cf0a280094bd/google-api-client-android-1.19.0.jar
7f38e77e0000-7f38e77e9000 r--s 0004f000 08:08 3804414                    /home/arthur/AndroidStudioProjects/Mobline-Prototype/app/build/intermediates/exploded-aar/com.google.android.gms/play-services-fitness/7.3.0/classes.jar
7f38e77e9000-7f38e77ed000 r--s 0002f000 08:08 2228498                    /home/arthur/.gradle/caches/modules-2/files-2.1/com.fasterxml.jackson.core/jackson-core/2.1.3/f6c3aed1cdfa21b5c1737c915186ea93a95a58bd/jackson-core-2.1.3.jar
7f38e77ed000-7f38e77ef000 r--s 00004000 08:08 6160559                    /home/arthur/AndroidStudioProjects/Mobline-Prototype/backend/build/libs/backend-android-endpoints.jar
7f38e77ef000-7f38e77f0000 r--s 00003000 08:08 3805905                    /home/arthur/AndroidStudioProjects/Mobline-Prototype/app/build/intermediates/exploded-aar/com.google.android.gms/play-services-safetynet/7.3.0/classes.jar
7f38e77f0000-7f38e77f3000 r--s 00006000 08:08 2228496                    /home/arthur/.gradle/caches/modules-2/files-2.1/com.google.code.findbugs/jsr305/1.3.9/40719ea6961c0cb6afaeb6a921eaa1f6afd4cfdf/jsr305-1.3.9.jar
7f38e77f3000-7f38e77f6000 r--s 00010000 08:08 3411941                    /home/arthur/AndroidStudioProjects/Mobline-Prototype/app/build/intermediates/exploded-aar/com.google.android.gms/play-services-appindexing/7.3.0/classes.jar
7f38e77f6000-7f38e77fb000 r--s 0002a000 08:08 2228484                    /home/arthur/.gradle/caches/modules-2/files-2.1/com.google.api-client/google-api-client/1.19.0/6a21277d9bebe267b7ddee028b241eebc756c040/google-api-client-1.19.0.jar
7f38e77fb000-7f38e77fe000 r--s 0001b000 08:08 3411404                    /home/arthur/AndroidStudioProjects/Mobline-Prototype/app/libs/robotium-solo-5.3.1.jar
7f38e77fe000-7f38e77ff000 r--s 00001000 08:08 2228490                    /home/arthur/.gradle/caches/modules-2/files-2.1/com.google.http-client/google-http-client-jackson2/1.19.0/81dbf9795d387d5e80e55346582d5f2fb81a42eb/google-http-client-jackson2-1.19.0.jar
7f38e77ff000-7f38e780e000 r--s 0008e000 08:08 3411965                    /home/arthur/AndroidStudioProjects/Mobline-Prototype/app/build/intermediates/exploded-aar/com.google.android.gms/play-services-base/7.3.0/classes.jar
7f38e780e000-7f38e7812000 r--s 0001e000 08:08 3805898                    /home/arthur/AndroidStudioProjects/Mobline-Prototype/app/build/intermediates/exploded-aar/com.google.android.gms/play-services-plus/7.3.0/classes.jar
7f38e7812000-7f38e7813000 r--s 00001000 08:08 3804429                    /home/arthur/AndroidStudioProjects/Mobline-Prototype/app/build/intermediates/exploded-aar/com.google.android.gms/play-services-gcm/7.3.0/classes.jar
7f38e7813000-7f38e7817000 r--s 00016000 08:08 3805343                    /home/arthur/AndroidStudioProjects/Mobline-Prototype/app/build/intermediates/exploded-aar/com.google.android.gms/play-services-nearby/7.3.0/classes.jar
7f38e7817000-7f38e782d000 r--s 00085000 08:08 3804422                    /home/arthur/AndroidStudioProjects/Mobline-Prototype/app/build/intermediates/exploded-aar/com.google.android.gms/play-services-games/7.3.0/classes.jar
7f38e782d000-7f38e782f000 r--s 00006000 08:08 3411958                    /home/arthur/AndroidStudioProjects/Mobline-Prototype/app/build/intermediates/exploded-aar/com.google.android.gms/play-services-appstate/7.3.0/classes.jar
7f38e782f000-7f38e7837000 r--s 00036000 08:08 3412390                    /home/arthur/AndroidStudioProjects/Mobline-Prototype/app/build/intermediates/exploded-aar/com.android.support/support-v4/22.1.1/libs/internal_impl-22.1.1.jar
7f38e7837000-7f38e783f000 r--s 0003d000 08:08 3804478                    /home/arthur/AndroidStudioProjects/Mobline-Prototype/app/build/intermediates/exploded-aar/com.google.android.gms/play-services-maps/7.3.0/classes.jar
7f38e783f000-7f38e7846000 r--s 00034000 08:08 3805937                    /home/arthur/AndroidStudioProjects/Mobline-Prototype/app/build/intermediates/exploded-aar/com.google.android.gms/play-services-wearable/7.3.0/classes.jar
7f38e7846000-7f38e7869000 r--s 00193000 08:08 2228492                    /home/arthur/.gradle/caches/modules-2/files-2.1/com.google.guava/guava-jdk5/13.0/381ae6c8add7c98e9bcddb1e0b898400cd6fc3f7/guava-jdk5-13.0.jar
7f38e7869000-7f38e786f000 r--s 0003c000 08:08 1835695                    /home/arthur/.gradle/caches/modules-2/files-2.1/com.github.PhilJay/MPAndroidChart/v2.0.9/6df6035161f0263100c3a70626bccbfd0bb545b7/MPAndroidChart-v2.0.9.jar
7f38e786f000-7f38e7870000 r--s 00002000 08:08 2228486                    /home/arthur/.gradle/caches/modules-2/files-2.1/com.google.http-client/google-http-client-android/1.19.0/e3f11020c2c812112803d252d1392872d3f619c8/google-http-client-android-1.19.0.jar
7f38e7870000-7f38e7877000 r--s 0003c000 08:08 2228494                    /home/arthur/.gradle/caches/modules-2/files-2.1/com.google.http-client/google-http-client/1.19.0/cdca49ad0977c040f603478aa2e16b2775c8fec6/google-http-client-1.19.0.jar
7f38e7877000-7f38e7880000 r--s 00082000 08:08 3411418                    /home/arthur/AndroidStudioProjects/Mobline-Prototype/app/build/intermediates/exploded-aar/com.android.support/appcompat-v7/22.1.1/classes.jar
7f38e7880000-7f38e788c000 r--s 0005d000 08:08 3804405                    /home/arthur/AndroidStudioProjects/Mobline-Prototype/app/build/intermediates/exploded-aar/com.google.android.gms/play-services-drive/7.3.0/classes.jar
7f38e788c000-7f38e7891000 r--s 00022000 08:08 3805920                    /home/arthur/AndroidStudioProjects/Mobline-Prototype/app/build/intermediates/exploded-aar/com.google.android.gms/play-services-wallet/7.3.0/classes.jar
7f38e7891000-7f38e7893000 r--s 00004000 08:08 3804436                    /home/arthur/AndroidStudioProjects/Mobline-Prototype/app/build/intermediates/exploded-aar/com.google.android.gms/play-services-identity/7.3.0/classes.jar
7f38e7893000-7f38e7894000 r--s 00000000 08:08 3411950                    /home/arthur/AndroidStudioProjects/Mobline-Prototype/app/build/intermediates/exploded-aar/com.google.android.gms/play-services-appinvite/7.3.0/classes.jar
7f38e7894000-7f38e78a3000 r--s 00092000 08:08 2885583                    /home/arthur/Downloads/android-sdk-linux/extras/android/m2repository/com/android/support/support-v4/19.1.0/support-v4-19.1.0.jar
7f38e78a3000-7f38e78a6000 r--s 00022000 08:08 3277174                    /home/arthur/.gradle/caches/modules-2/files-2.1/org.robolectric/robolectric/3.0-rc2/6f603ddff0f4674ee7247c53d865c64ee8cc1a4/robolectric-3.0-rc2.jar
7f38e78a6000-7f38e78ce000 r--s 001a3000 08:08 3277186                    /home/arthur/.gradle/caches/modules-2/files-2.1/org.bouncycastle/bcprov-jdk16/1.46/ce091790943599535cbb4de8ede84535b0c1260c/bcprov-jdk16-1.46.jar
7f38e78ce000-7f38e78d0000 r--s 00008000 08:08 3277182                    /home/arthur/.gradle/caches/modules-2/files-2.1/org.robolectric/robolectric-utils/3.0-rc2/ffe28ef7720975235b3c895b3116d5cb70b49c47/robolectric-utils-3.0-rc2.jar
7f38e78d0000-7f38e78d3000 r--s 0000c000 08:08 3277202                    /home/arthur/.gradle/caches/modules-2/files-2.1/com.google.android.apps.common.testing.accessibility.framework/accessibility-test-framework/1.0/28162aae36f8ba5903adadfb570313e1f1be852e/accessibility-test-framework-1.0.jar
7f38e78d3000-7f38e78d7000 r--s 00022000 08:08 3277180                    /home/arthur/.gradle/caches/modules-2/files-2.1/org.robolectric/robolectric-resources/3.0-rc2/c8bd89453ce0b52b748e73879c2f5a7395993b23/robolectric-resources-3.0-rc2.jar
7f38e78d7000-7f38e78da000 r--s 0001d000 08:08 3277206                    /home/arthur/.gradle/caches/modules-2/files-2.1/com.almworks.sqlite4java/sqlite4java/0.282/745a7e2f35fdbe6336922e0d492c979dbbfa74fb/sqlite4java-0.282.jar
7f38e78da000-7f38e78db000 r--s 0000c000 08:08 3277188                    /home/arthur/.gradle/caches/modules-2/files-2.1/org.ow2.asm/asm/5.0.1/2fd56467a018aafe6ec6a73ccba520be4a7e1565/asm-5.0.1.jar
7f38e78db000-7f38e78e2000 r--s 0003b000 08:08 3277330                    /home/arthur/.gradle/caches/modules-2/files-2.1/org.easytesting/fest-assert-core/2.0M10/cb7c91cf614901928ae405f19d9bcdedf82781db/fest-assert-core-2.0M10.jar
7f38e78e2000-7f38e78e4000 r--s 00006000 08:08 2500718                    /home/arthur/.gradle/caches/modules-2/files-2.1/org.ow2.asm/asm-tree/5.0.1/1b1e6e9d869acd704056d0a4223071a511c619e6/asm-tree-5.0.1.jar
7f38e78e4000-7f38e78fd000 r--s 00129000 08:08 3277198                    /home/arthur/.gradle/caches/modules-2/files-2.1/org.apache.maven/maven-ant-tasks/2.1.3/b09be554228d66d208e5fef5266844aacf443abc/maven-ant-tasks-2.1.3.jar
7f38e78fd000-7f38e78ff000 r--s 0000a000 08:08 2230344                    /home/arthur/.gradle/caches/modules-2/files-2.1/commons-codec/commons-codec/1.3/fd32786786e2adb664d5ecc965da47629dca14ba/commons-codec-1.3.jar
7f38e78ff000-7f38e7907000 r--s 00045000 08:08 3277172                    /home/arthur/.gradle/caches/modules-2/files-2.1/junit/junit/4.12/2973d150c0dc1fefe998f834810d68f278ea58ec/junit-4.12.jar
7f38e7907000-7f38e795e000 r--s 008ec000 08:08 3277204                    /home/arthur/.gradle/caches/modules-2/files-2.1/com.ibm.icu/icu4j/53.1/786d9055d4ca8c1aab4a7d4ac8283f973fd7e41f/icu4j-53.1.jar
7f38e795e000-7f38e795f000 r--s 0000a000 08:08 3277192                    /home/arthur/.gradle/caches/modules-2/files-2.1/org.ow2.asm/asm-util/5.0.1/7c8caddfbd0b2d7b844f8fcc75175b9cb9cf4724/asm-util-5.0.1.jar
7f38e795f000-7f38e797e000 r--s 00150000 08:08 1836979                    /home/arthur/.gradle/caches/modules-2/files-2.1/org.mockito/mockito-core/1.9.5/c3264abeea62c4d2f367e21484fbb40c7e256393/mockito-core-1.9.5.jar
7f38e797e000-7f38e797f000 r--s 00004000 08:08 3277194                    /home/arthur/.gradle/caches/modules-2/files-2.1/org.ow2.asm/asm-analysis/5.0.1/e286fbee48efacb4e7c175f7948d9d8b2ab52352/asm-analysis-5.0.1.jar
7f38e797f000-7f38e7980000 r--s 00002000 08:08 3277178                    /home/arthur/.gradle/caches/modules-2/files-2.1/org.robolectric/robolectric-annotations/3.0-rc2/49b045537961c3916b1f9d37bbb145caf614b807/robolectric-annotations-3.0-rc2.jar
7f38e7980000-7f38e7982000 r--s 00005000 08:08 1836981                    /home/arthur/.gradle/caches/modules-2/files-2.1/org.objenesis/objenesis/1.0/9b473564e792c2bdf1449da1f0b1b5bff9805704/objenesis-1.0.jar
7f38e7982000-7f38e7984000 r--s 00009000 08:08 3277176                    /home/arthur/.gradle/caches/modules-2/files-2.1/org.hamcrest/hamcrest-core/1.3/42a25dc3219429f0e5d060061f71acb49bf010a0/hamcrest-core-1.3.jar
7f38e7984000-7f38e799b000 r--s 00159000 08:08 3277200                    /home/arthur/.gradle/caches/modules-2/files-2.1/org.apache.ant/ant/1.8.0/7b456ca6b93900f96e58cc8371f03d90a9c1c8d1/ant-1.8.0.jar
7f38e799b000-7f38e79a2000 r--s 00095000 08:08 3277196                    /home/arthur/.gradle/caches/modules-2/files-2.1/com.ximpleware/vtd-xml/2.11/ee5bcf62c1acf76434ee9f1c67a840bafef72a6d/vtd-xml-2.11.jar
7f38e79a2000-7f38e79ae000 r--s 0027a000 08:08 3277184                    /home/arthur/.gradle/caches/modules-2/files-2.1/org.robolectric/shadows-core/3.0-rc2/545ee5dd69893d25a690dbba973fc4196a697e12/shadows-core-3.0-rc2-21.jar
7f38e79ae000-7f38e79b7000 r--s 0004b000 08:08 3277328                    /home/arthur/.gradle/caches/modules-2/files-2.1/com.squareup/fest-android/1.0.8/72b0763d5fd11a9ca769bb88367d92e43c0198e0/fest-android-1.0.8.jar
7f38e79b7000-7f38e79b9000 r--s 00009000 08:08 3277190                    /home/arthur/.gradle/caches/modules-2/files-2.1/org.ow2.asm/asm-commons/5.0.1/7b7147a390a93a14d2edfdcf3f7b0e87a0939c3e/asm-commons-5.0.1.jar
7f38e79b9000-7f38e79ba000 r--s 00002000 08:08 3277208                    /home/arthur/.gradle/caches/modules-2/files-2.1/org.apache.ant/ant-launcher/1.8.0/8b53ba16fa62fb1034da8f1de200ddc407c8381/ant-launcher-1.8.0.jar
7f38e79ba000-7f38e79bb000 r--s 00007000 08:08 3277332                    /home/arthur/.gradle/caches/modules-2/files-2.1/org.easytesting/fest-util/1.2.5/c4a8d7305b23b8d043be12c979813b096df11f44/fest-util-1.2.5.jar
7f38e79bb000-7f38e79c4000 r--s 0002c000 08:08 3279515                    /home/arthur/.gradle/wrapper/dists/gradle-2.2.1-all/6dibv5rcnnqlfbq9klf8imrndn/gradle-2.2.1/lib/gradle-tooling-api-2.2.1.jar
7f38e79c4000-7f38e79c6000 r--s 00002000 08:08 3279539                    /home/arthur/.gradle/wrapper/dists/gradle-2.2.1-all/6dibv5rcnnqlfbq9klf8imrndn/gradle-2.2.1/lib/gradle-open-api-2.2.1.jar
7f38e79c6000-7f38e79cc000 r--s 00032000 08:08 3279541                    /home/arthur/.gradle/wrapper/dists/gradle-2.2.1-all/6dibv5rcnnqlfbq9klf8imrndn/gradle-2.2.1/lib/jaxen-1.1.jar
7f38e79cc000-7f38e79d1000 r--s 00048000 08:08 3279540                    /home/arthur/.gradle/wrapper/dists/gradle-2.2.1-all/6dibv5rcnnqlfbq9klf8imrndn/gradle-2.2.1/lib/dom4j-1.6.1.jar
7f38e79d1000-7f38e79dc000 r--s 00059000 08:08 3279514                    /home/arthur/.gradle/wrapper/dists/gradle-2.2.1-all/6dibv5rcnnqlfbq9klf8imrndn/gradle-2.2.1/lib/gradle-ui-2.2.1.jar
7f38e79dc000-7f38e79de000 r--s 00006000 08:08 3279535                    /home/arthur/.gradle/wrapper/dists/gradle-2.2.1-all/6dibv5rcnnqlfbq9klf8imrndn/gradle-2.2.1/lib/gradle-resources-2.2.1.jar
7f38e79de000-7f38e79e0000 r--s 00007000 08:08 3279557                    /home/arthur/.gradle/wrapper/dists/gradle-2.2.1-all/6dibv5rcnnqlfbq9klf8imrndn/gradle-2.2.1/lib/objenesis-1.2.jar
7f38e79e0000-7f38e79e2000 r--s 00000000 08:08 3279556                    /home/arthur/.gradle/wrapper/dists/gradle-2.2.1-all/6dibv5rcnnqlfbq9klf8imrndn/gradle-2.2.1/lib/minlog-1.2.jar
7f38e79e2000-7f38e79e4000 r--s 0000f000 08:08 3279555                    /home/arthur/.gradle/wrapper/dists/gradle-2.2.1-all/6dibv5rcnnqlfbq9klf8imrndn/gradle-2.2.1/lib/reflectasm-1.07-shaded.jar
7f38e79e4000-7f38e79e8000 r--s 00026000 08:08 3279546                    /home/arthur/.gradle/wrapper/dists/gradle-2.2.1-all/6dibv5rcnnqlfbq9klf8imrndn/gradle-2.2.1/lib/kryo-2.20.jar
7f38e79e8000-7f38e79ff000 r-xp 00000000 08:09 5513946                    /usr/lib/jvm/java-1.8.0-openjdk-1.8.0.45-31.b13.fc21.x86_64/jre/lib/amd64/libnet.so
7f38e79ff000-7f38e7bfe000 ---p 00017000 08:09 5513946                    /usr/lib/jvm/java-1.8.0-openjdk-1.8.0.45-31.b13.fc21.x86_64/jre/lib/amd64/libnet.so
7f38e7bfe000-7f38e7bff000 r--p 00016000 08:09 5513946                    /usr/lib/jvm/java-1.8.0-openjdk-1.8.0.45-31.b13.fc21.x86_64/jre/lib/amd64/libnet.so
7f38e7bff000-7f38e7c00000 rw-p 00017000 08:09 5513946                    /usr/lib/jvm/java-1.8.0-openjdk-1.8.0.45-31.b13.fc21.x86_64/jre/lib/amd64/libnet.so
7f38e7c00000-7f38e7c01000 r--s 00003000 08:08 3279554                    /home/arthur/.gradle/wrapper/dists/gradle-2.2.1-all/6dibv5rcnnqlfbq9klf8imrndn/gradle-2.2.1/lib/native-platform-freebsd-amd64-0.10.jar
7f38e7c01000-7f38e7c02000 r--s 00003000 08:08 3279553                    /home/arthur/.gradle/wrapper/dists/gradle-2.2.1-all/6dibv5rcnnqlfbq9klf8imrndn/gradle-2.2.1/lib/native-platform-freebsd-i386-0.10.jar
7f38e7c02000-7f38e7c03000 r--s 00005000 08:08 3279552                    /home/arthur/.gradle/wrapper/dists/gradle-2.2.1-all/6dibv5rcnnqlfbq9klf8imrndn/gradle-2.2.1/lib/native-platform-windows-i386-0.10.jar
7f38e7c03000-7f38e7c04000 r--s 00005000 08:08 3279551                    /home/arthur/.gradle/wrapper/dists/gradle-2.2.1-all/6dibv5rcnnqlfbq9klf8imrndn/gradle-2.2.1/lib/native-platform-windows-amd64-0.10.jar
7f38e7c04000-7f38e7c05000 r--s 00003000 08:08 3279550                    /home/arthur/.gradle/wrapper/dists/gradle-2.2.1-all/6dibv5rcnnqlfbq9klf8imrndn/gradle-2.2.1/lib/native-platform-linux-i386-0.10.jar
7f38e7c05000-7f38e7c06000 r--s 00003000 08:08 3279549                    /home/arthur/.gradle/wrapper/dists/gradle-2.2.1-all/6dibv5rcnnqlfbq9klf8imrndn/gradle-2.2.1/lib/native-platform-linux-amd64-0.10.jar
7f38e7c06000-7f38e7c07000 r--s 00002000 08:08 3279548                    /home/arthur/.gradle/wrapper/dists/gradle-2.2.1-all/6dibv5rcnnqlfbq9klf8imrndn/gradle-2.2.1/lib/native-platform-osx-amd64-0.10.jar
7f38e7c07000-7f38e7c08000 r--s 00002000 08:08 3279547                    /home/arthur/.gradle/wrapper/dists/gradle-2.2.1-all/6dibv5rcnnqlfbq9klf8imrndn/gradle-2.2.1/lib/native-platform-osx-i386-0.10.jar
7f38e7c08000-7f38e7c0a000 r--s 00008000 08:08 3279544                    /home/arthur/.gradle/wrapper/dists/gradle-2.2.1-all/6dibv5rcnnqlfbq9klf8imrndn/gradle-2.2.1/lib/jansi-1.2.1.jar
7f38e7c0a000-7f38e7c0d000 r--s 0000d000 08:08 3279543                    /home/arthur/.gradle/wrapper/dists/gradle-2.2.1-all/6dibv5rcnnqlfbq9klf8imrndn/gradle-2.2.1/lib/native-platform-0.10.jar
7f38e7c0d000-7f38e7c11000 r--s 000e4000 08:08 3279542                    /home/arthur/.gradle/wrapper/dists/gradle-2.2.1-all/6dibv5rcnnqlfbq9klf8imrndn/gradle-2.2.1/lib/jna-3.2.7.jar
7f38e7c11000-7f38e7c13000 r--s 00003000 08:08 3279533                    /home/arthur/.gradle/wrapper/dists/gradle-2.2.1-all/6dibv5rcnnqlfbq9klf8imrndn/gradle-2.2.1/lib/gradle-base-services-groovy-2.2.1.jar
7f38e7c13000-7f38e7c15000 r--s 0000a000 08:08 3279521                    /home/arthur/.gradle/wrapper/dists/gradle-2.2.1-all/6dibv5rcnnqlfbq9klf8imrndn/gradle-2.2.1/lib/gradle-model-groovy-2.2.1.jar
7f38e7c15000-7f38e7c19000 r--s 0001b000 08:08 3279520                    /home/arthur/.gradle/wrapper/dists/gradle-2.2.1-all/6dibv5rcnnqlfbq9klf8imrndn/gradle-2.2.1/lib/gradle-model-core-2.2.1.jar
7f38e7c19000-7f38e7c1a000 r--s 00000000 08:08 3279536                    /home/arthur/.gradle/wrapper/dists/gradle-2.2.1-all/6dibv5rcnnqlfbq9klf8imrndn/gradle-2.2.1/lib/gradle-docs-2.2.1.jar
7f38e7c1a000-7f38e7c1b000 r--s 00005000 08:08 3279537                    /home/arthur/.gradle/wrapper/dists/gradle-2.2.1-all/6dibv5rcnnqlfbq9klf8imrndn/gradle-2.2.1/lib/log4j-over-slf4j-1.7.7.jar
7f38e7c1b000-7f38e7c1e000 r--s 0001b000 08:08 3279531                    /home/arthur/.gradle/wrapper/dists/gradle-2.2.1-all/6dibv5rcnnqlfbq9klf8imrndn/gradle-2.2.1/lib/jarjar-1.3.jar
7f38e7c1e000-7f38e7c1f000 r--s 00000000 08:08 3279529                    /home/arthur/.gradle/wrapper/dists/gradle-2.2.1-all/6dibv5rcnnqlfbq9klf8imrndn/gradle-2.2.1/lib/jcip-annotations-1.0.jar
7f38e7c1f000-7f38e7c2d000 r--s 0007f000 08:08 3279524                    /home/arthur/.gradle/wrapper/dists/gradle-2.2.1-all/6dibv5rcnnqlfbq9klf8imrndn/gradle-2.2.1/lib/commons-collections-3.2.1.jar
7f38e7c2d000-7f38e7c35000 r--s 0003c000 08:08 3279509                    /home/arthur/.gradle/wrapper/dists/gradle-2.2.1-all/6dibv5rcnnqlfbq9klf8imrndn/gradle-2.2.1/lib/gradle-launcher-2.2.1.jar
7f38e7c35000-7f38e7c36000 r--s 00001000 08:08 3279613                    /home/arthur/.gradle/wrapper/dists/gradle-2.2.1-all/6dibv5rcnnqlfbq9klf8imrndn/gradle-2.2.1/lib/plugins/gradle-plugin-development-2.2.1.jar
7f38e7c36000-7f38e7c38000 r--s 00002000 08:08 3279612                    /home/arthur/.gradle/wrapper/dists/gradle-2.2.1-all/6dibv5rcnnqlfbq9klf8imrndn/gradle-2.2.1/lib/plugins/gradle-cunit-2.2.1.jar
7f38e7c38000-7f38e7c3d000 r--s 00036000 08:08 3279611                    /home/arthur/.gradle/wrapper/dists/gradle-2.2.1-all/6dibv5rcnnqlfbq9klf8imrndn/gradle-2.2.1/lib/plugins/gradle-ide-native-2.2.1.jar
7f38e7c3d000-7f38e7c42000 r--s 00013000 08:08 3279610                    /home/arthur/.gradle/wrapper/dists/gradle-2.2.1-all/6dibv5rcnnqlfbq9klf8imrndn/gradle-2.2.1/lib/plugins/gradle-language-native-2.2.1.jar
7f38e7c42000-7f38e7c4d000 r--s 0004d000 08:08 3279609                    /home/arthur/.gradle/wrapper/dists/gradle-2.2.1-all/6dibv5rcnnqlfbq9klf8imrndn/gradle-2.2.1/lib/plugins/gradle-platform-native-2.2.1.jar
7f38e7c4d000-7f38e7c4f000 r--s 00008000 08:08 3279608                    /home/arthur/.gradle/wrapper/dists/gradle-2.2.1-all/6dibv5rcnnqlfbq9klf8imrndn/gradle-2.2.1/lib/plugins/gradle-language-groovy-2.2.1.jar
7f38e7c4f000-7f38e7c54000 r--s 00022000 08:08 3279607                    /home/arthur/.gradle/wrapper/dists/gradle-2.2.1-all/6dibv5rcnnqlfbq9klf8imrndn/gradle-2.2.1/lib/plugins/gradle-language-java-2.2.1.jar
7f38e7c54000-7f38e7c57000 r--s 00007000 08:08 3279606                    /home/arthur/.gradle/wrapper/dists/gradle-2.2.1-all/6dibv5rcnnqlfbq9klf8imrndn/gradle-2.2.1/lib/plugins/gradle-language-jvm-2.2.1.jar
7f38e7c57000-7f38e7c5a000 r--s 00009000 08:08 3279605                    /home/arthur/.gradle/wrapper/dists/gradle-2.2.1-all/6dibv5rcnnqlfbq9klf8imrndn/gradle-2.2.1/lib/plugins/gradle-platform-jvm-2.2.1.jar
7f38e7c5a000-7f38e7c5f000 r--s 00018000 08:08 3279604                    /home/arthur/.gradle/wrapper/dists/gradle-2.2.1-all/6dibv5rcnnqlfbq9klf8imrndn/gradle-2.2.1/lib/plugins/gradle-platform-base-2.2.1.jar
7f38e7c5f000-7f38e7c64000 r--s 00026000 08:08 3279603                    /home/arthur/.gradle/wrapper/dists/gradle-2.2.1-all/6dibv5rcnnqlfbq9klf8imrndn/gradle-2.2.1/lib/plugins/gradle-build-init-2.2.1.jar
7f38e7c64000-7f38e7c67000 r--s 0001d000 08:08 3279602                    /home/arthur/.gradle/wrapper/dists/gradle-2.2.1-all/6dibv5rcnnqlfbq9klf8imrndn/gradle-2.2.1/lib/plugins/gradle-jacoco-2.2.1.jar
7f38e7c67000-7f38e7c6a000 r--s 0000d000 08:08 3279601                    /home/arthur/.gradle/wrapper/dists/gradle-2.2.1-all/6dibv5rcnnqlfbq9klf8imrndn/gradle-2.2.1/lib/plugins/gradle-ivy-2.2.1.jar
7f38e7c6a000-7f38e7c6c000 r--s 00002000 08:08 3279600                    /home/arthur/.gradle/wrapper/dists/gradle-2.2.1-all/6dibv5rcnnqlfbq9klf8imrndn/gradle-2.2.1/lib/plugins/gradle-publish-2.2.1.jar
7f38e7c6c000-7f38e7c6e000 r--s 00005000 08:08 3279638                    /home/arthur/.gradle/wrapper/dists/gradle-2.2.1-all/6dibv5rcnnqlfbq9klf8imrndn/gradle-2.2.1/lib/plugins/jatl-0.2.2.jar
7f38e7c6e000-7f38e7c70000 r--s 0000f000 08:08 3279599                    /home/arthur/.gradle/wrapper/dists/gradle-2.2.1-all/6dibv5rcnnqlfbq9klf8imrndn/gradle-2.2.1/lib/plugins/gradle-reporting-2.2.1.jar
7f38e7c70000-7f38e7c75000 r--s 00034000 08:08 3279598                    /home/arthur/.gradle/wrapper/dists/gradle-2.2.1-all/6dibv5rcnnqlfbq9klf8imrndn/gradle-2.2.1/lib/plugins/gradle-diagnostics-2.2.1.jar
7f38e7c75000-7f38e7c7c000 r--s 00090000 08:08 3279597                    /home/arthur/.gradle/wrapper/dists/gradle-2.2.1-all/6dibv5rcnnqlfbq9klf8imrndn/gradle-2.2.1/lib/plugins/gradle-build-comparison-2.2.1.jar
7f38e7c7c000-7f38e7c83000 r--s 00035000 08:08 3279637                    /home/arthur/.gradle/wrapper/dists/gradle-2.2.1-all/6dibv5rcnnqlfbq9klf8imrndn/gradle-2.2.1/lib/plugins/simple-4.1.21.jar
7f38e7c83000-7f38e7c8f000 r--s 00100000 08:08 3279635                    /home/arthur/.gradle/wrapper/dists/gradle-2.2.1-all/6dibv5rcnnqlfbq9klf8imrndn/gradle-2.2.1/lib/plugins/rhino-1.7R3.jar
7f38e7c8f000-7f38e7c94000 r--s 0001f000 08:08 3279596                    /home/arthur/.gradle/wrapper/dists/gradle-2.2.1-all/6dibv5rcnnqlfbq9klf8imrndn/gradle-2.2.1/lib/plugins/gradle-javascript-2.2.1.jar
7f38e7c94000-7f38e7c96000 r--s 0000e000 08:08 3279595                    /home/arthur/.gradle/wrapper/dists/gradle-2.2.1-all/6dibv5rcnnqlfbq9klf8imrndn/gradle-2.2.1/lib/plugins/gradle-ear-2.2.1.jar
7f38e7c96000-7f38e7c9a000 r--s 00025000 08:08 3279634                    /home/arthur/.gradle/wrapper/dists/gradle-2.2.1-all/6dibv5rcnnqlfbq9klf8imrndn/gradle-2.2.1/lib/plugins/bcpg-jdk15-1.46.jar
7f38e7c9a000-7f38e7c9d000 r--s 0001d000 08:08 3279594                    /home/arthur/.gradle/wrapper/dists/gradle-2.2.1-all/6dibv5rcnnqlfbq9klf8imrndn/gradle-2.2.1/lib/plugins/gradle-signing-2.2.1.jar
7f38e7c9d000-7f38e7c9e000 r--s 00002000 08:08 3279633                    /home/arthur/.gradle/wrapper/dists/gradle-2.2.1-all/6dibv5rcnnqlfbq9klf8imrndn/gradle-2.2.1/lib/plugins/sonar-batch-bootstrapper-2.9.jar
7f38e7c9e000-7f38e7ca1000 r--s 00018000 08:08 3279593                    /home/arthur/.gradle/wrapper/dists/gradle-2.2.1-all/6dibv5rcnnqlfbq9klf8imrndn/gradle-2.2.1/lib/plugins/gradle-sonar-2.2.1.jar
7f38e7ca1000-7f38e7ca4000 r--s 00017000 08:08 3279592                    /home/arthur/.gradle/wrapper/dists/gradle-2.2.1-all/6dibv5rcnnqlfbq9klf8imrndn/gradle-2.2.1/lib/plugins/gradle-scala-2.2.1.jar
7f38e7ca4000-7f38e7ca6000 r--s 0000e000 08:08 3279591                    /home/arthur/.gradle/wrapper/dists/gradle-2.2.1-all/6dibv5rcnnqlfbq9klf8imrndn/gradle-2.2.1/lib/plugins/gradle-announce-2.2.1.jar
7f38e7ca6000-7f38e7ca7000 r--s 00000000 08:08 3279532                    /home/arthur/.gradle/wrapper/dists/gradle-2.2.1-all/6dibv5rcnnqlfbq9klf8imrndn/gradle-2.2.1/lib/javax.inject-1.jar
7f38e7ca7000-7f38e7cb5000 r--s 000bc000 08:08 3279590                    /home/arthur/.gradle/wrapper/dists/gradle-2.2.1-all/6dibv5rcnnqlfbq9klf8imrndn/gradle-2.2.1/lib/plugins/gradle-ide-2.2.1.jar
7f38e7cb5000-7f38e7cb7000 r--s 00000000 08:08 3279632                    /home/arthur/.gradle/wrapper/dists/gradle-2.2.1-all/6dibv5rcnnqlfbq9klf8imrndn/gradle-2.2.1/lib/plugins/plexus-component-annotations-1.5.2.jar
7f38e7cb7000-7f38e7cba000 r--s 0000c000 08:08 3279631                    /home/arthur/.gradle/wrapper/dists/gradle-2.2.1-all/6dibv5rcnnqlfbq9klf8imrndn/gradle-2.2.1/lib/plugins/pmaven-groovy-0.8-20100325.jar
7f38e7cba000-7f38e7cbb000 r--s 00004000 08:08 3279630                    /home/arthur/.gradle/wrapper/dists/gradle-2.2.1-all/6dibv5rcnnqlfbq9klf8imrndn/gradle-2.2.1/lib/plugins/pmaven-common-0.8-20100325.jar
7f38e7cbb000-7f38e7cbf000 r--s 0001e000 08:08 3279589                    /home/arthur/.gradle/wrapper/dists/gradle-2.2.1-all/6dibv5rcnnqlfbq9klf8imrndn/gradle-2.2.1/lib/plugins/gradle-maven-2.2.1.jar
7f38e7cbf000-7f38e7cd7000 r--s 0013b000 08:08 3279628                    /home/arthur/.gradle/wrapper/dists/gradle-2.2.1-all/6dibv5rcnnqlfbq9klf8imrndn/gradle-2.2.1/lib/plugins/bndlib-2.1.0.jar
7f38e7cd7000-7f38e7cd9000 r--s 00004000 08:08 3279588                    /home/arthur/.gradle/wrapper/dists/gradle-2.2.1-all/6dibv5rcnnqlfbq9klf8imrndn/gradle-2.2.1/lib/plugins/gradle-osgi-2.2.1.jar
7f38e7cd9000-7f38e7cda000 r--s 00005000 08:08 3279510                    /home/arthur/.gradle/wrapper/dists/gradle-2.2.1-all/6dibv5rcnnqlfbq9klf8imrndn/gradle-2.2.1/lib/gradle-wrapper-2.2.1.jar
7f38e7cda000-7f38e7cdf000 r--s 00068000 08:08 3279627                    /home/arthur/.gradle/wrapper/dists/gradle-2.2.1-all/6dibv5rcnnqlfbq9klf8imrndn/gradle-2.2.1/lib/plugins/antlr-2.7.7.jar
7f38e7cdf000-7f38e7ce0000 r--s 00002000 08:08 3279626                    /home/arthur/.gradle/wrapper/dists/gradle-2.2.1-all/6dibv5rcnnqlfbq9klf8imrndn/gradle-2.2.1/lib/plugins/ant-antlr-1.9.3.jar
7f38e7ce0000-7f38e7ce2000 r--s 00004000 08:08 3279587                    /home/arthur/.gradle/wrapper/dists/gradle-2.2.1-all/6dibv5rcnnqlfbq9klf8imrndn/gradle-2.2.1/lib/plugins/gradle-antlr-2.2.1.jar
7f38e7ce2000-7f38e7ce5000 r--s 0001e000 08:08 3279649                    /home/arthur/.gradle/wrapper/dists/gradle-2.2.1-all/6dibv5rcnnqlfbq9klf8imrndn/gradle-2.2.1/lib/plugins/jsp-api-2.1-6.1.14.jar
7f38e7ce5000-7f38e7d08000 r--s 00344000 08:08 3279648                    /home/arthur/.gradle/wrapper/dists/gradle-2.2.1-all/6dibv5rcnnqlfbq9klf8imrndn/gradle-2.2.1/lib/plugins/core-3.1.1.jar
7f38e7d08000-7f38e7d09000 r--s 00006000 08:08 3279647                    /home/arthur/.gradle/wrapper/dists/gradle-2.2.1-all/6dibv5rcnnqlfbq9klf8imrndn/gradle-2.2.1/lib/plugins/jetty-naming-6.1.25.jar
7f38e7d09000-7f38e7d0b000 r--s 00002000 08:08 3279624                    /home/arthur/.gradle/wrapper/dists/gradle-2.2.1-all/6dibv5rcnnqlfbq9klf8imrndn/gradle-2.2.1/lib/plugins/jetty-annotations-6.1.25.jar
7f38e7d0b000-7f38e7d1c000 r--s 000ea000 08:08 3279623                    /home/arthur/.gradle/wrapper/dists/gradle-2.2.1-all/6dibv5rcnnqlfbq9klf8imrndn/gradle-2.2.1/lib/plugins/jsp-2.1-6.1.14.jar
7f38e7d1c000-7f38e7d1e000 r--s 0000d000 08:08 3279622                    /home/arthur/.gradle/wrapper/dists/gradle-2.2.1-all/6dibv5rcnnqlfbq9klf8imrndn/gradle-2.2.1/lib/plugins/jetty-plus-6.1.25.jar
7f38e7d1e000-7f38e7d20000 r--s 0001f000 08:08 3279621                    /home/arthur/.gradle/wrapper/dists/gradle-2.2.1-all/6dibv5rcnnqlfbq9klf8imrndn/gradle-2.2.1/lib/plugins/servlet-api-2.5-20081211.jar
7f38e7d20000-7f38e7d24000 r--s 00028000 08:08 3279620                    /home/arthur/.gradle/wrapper/dists/gradle-2.2.1-all/6dibv5rcnnqlfbq9klf8imrndn/gradle-2.2.1/lib/plugins/jetty-util-6.1.25.jar
7f38e7d24000-7f38e7d2b000 r--s 0007d000 08:08 3279619                    /home/arthur/.gradle/wrapper/dists/gradle-2.2.1-all/6dibv5rcnnqlfbq9klf8imrndn/gradle-2.2.1/lib/plugins/jetty-6.1.25.jar
7f38e7d2b000-7f38e7d2d000 r--s 00009000 08:08 3279586                    /home/arthur/.gradle/wrapper/dists/gradle-2.2.1-all/6dibv5rcnnqlfbq9klf8imrndn/gradle-2.2.1/lib/plugins/gradle-jetty-2.2.1.jar
7f38e7d2d000-7f38e7d32000 r--s 00041000 08:08 3279585                    /home/arthur/.gradle/wrapper/dists/gradle-2.2.1-all/6dibv5rcnnqlfbq9klf8imrndn/gradle-2.2.1/lib/plugins/gradle-code-quality-2.2.1.jar
7f38e7d32000-7f38e7d34000 r--s 00009000 08:08 3279657                    /home/arthur/.gradle/wrapper/dists/gradle-2.2.1-all/6dibv5rcnnqlfbq9klf8imrndn/gradle-2.2.1/lib/plugins/hamcrest-core-1.3.jar
7f38e7d34000-7f38e7d3a000 r--s 00033000 08:08 3279646                    /home/arthur/.gradle/wrapper/dists/gradle-2.2.1-all/6dibv5rcnnqlfbq9klf8imrndn/gradle-2.2.1/lib/plugins/snakeyaml-1.6.jar
7f38e7d3a000-7f38e7d3c000 r--s 00006000 08:08 3279645                    /home/arthur/.gradle/wrapper/dists/gradle-2.2.1-all/6dibv5rcnnqlfbq9klf8imrndn/gradle-2.2.1/lib/plugins/jcommander-1.12.jar
7f38e7d3c000-7f38e7d41000 r--s 00040000 08:08 3279644                    /home/arthur/.gradle/wrapper/dists/gradle-2.2.1-all/6dibv5rcnnqlfbq9klf8imrndn/gradle-2.2.1/lib/plugins/bsh-2.0b4.jar
7f38e7d41000-7f38e7d4a000 r--s 00089000 08:08 3279617                    /home/arthur/.gradle/wrapper/dists/gradle-2.2.1-all/6dibv5rcnnqlfbq9klf8imrndn/gradle-2.2.1/lib/plugins/testng-6.3.1.jar
7f38e7d4a000-7f38e7d50000 r--s 00036000 08:08 3279616                    /home/arthur/.gradle/wrapper/dists/gradle-2.2.1-all/6dibv5rcnnqlfbq9klf8imrndn/gradle-2.2.1/lib/plugins/junit-4.11.jar
7f38e7d50000-7f38e7d6f000 r--s 001cc000 08:08 3279523                    /home/arthur/.gradle/wrapper/dists/gradle-2.2.1-all/6dibv5rcnnqlfbq9klf8imrndn/gradle-2.2.1/lib/ant-1.9.3.jar
7f38e7d6f000-7f38e7dda000 r--s 00685000 08:08 3279519                    /home/arthur/.gradle/wrapper/dists/gradle-2.2.1-all/6dibv5rcnnqlfbq9klf8imrndn/gradle-2.2.1/lib/groovy-all-2.3.6.jar
7f38e7dda000-7f38e7de6000 r--s 00075000 08:08 3279584                    /home/arthur/.gradle/wrapper/dists/gradle-2.2.1-all/6dibv5rcnnqlfbq9klf8imrndn/gradle-2.2.1/lib/plugins/gradle-plugins-2.2.1.jar
7f38e7de6000-7f38e7dfe000 r--s 00115000 08:08 3279655                    /home/arthur/.gradle/wrapper/dists/gradle-2.2.1-all/6dibv5rcnnqlfbq9klf8imrndn/gradle-2.2.1/lib/plugins/xercesImpl-2.9.1.jar
7f38e7dfe000-7f38e7dff000 ---p 00000000 00:00 0 
7f38e7dff000-7f38e7eff000 rw-p 00000000 00:00 0                          [stack:25030]
7f38e7eff000-7f38e7f02000 ---p 00000000 00:00 0 
7f38e7f02000-7f38e8000000 rw-p 00000000 00:00 0                          [stack:25029]
7f38e8000000-7f38e8021000 rw-p 00000000 00:00 0 
7f38e8021000-7f38ec000000 ---p 00000000 00:00 0 
7f38ec000000-7f38ec001000 r--s 00002000 08:08 3279625                    /home/arthur/.gradle/wrapper/dists/gradle-2.2.1-all/6dibv5rcnnqlfbq9klf8imrndn/gradle-2.2.1/lib/plugins/geronimo-annotation_1.0_spec-1.0.jar
7f38ec001000-7f38ec002000 r--s 00004000 08:08 3279545                    /home/arthur/.gradle/wrapper/dists/gradle-2.2.1-all/6dibv5rcnnqlfbq9klf8imrndn/gradle-2.2.1/lib/ant-launcher-1.9.3.jar
7f38ec002000-7f38ec007000 r--s 00036000 08:08 3279522                    /home/arthur/.gradle/wrapper/dists/gradle-2.2.1-all/6dibv5rcnnqlfbq9klf8imrndn/gradle-2.2.1/lib/asm-all-5.0.3.jar
7f38ec007000-7f38ec00a000 r--s 00011000 08:08 3279614                    /home/arthur/.gradle/wrapper/dists/gradle-2.2.1-all/6dibv5rcnnqlfbq9klf8imrndn/gradle-2.2.1/lib/plugins/gradle-plugin-use-2.2.1.jar
7f38ec00a000-7f38ec012000 r--s 00028000 08:08 3279656                    /home/arthur/.gradle/wrapper/dists/gradle-2.2.1-all/6dibv5rcnnqlfbq9klf8imrndn/gradle-2.2.1/lib/plugins/xml-apis-1.3.04.jar
7f38ec012000-7f38ec018000 r--s 0005b000 08:08 3279654                    /home/arthur/.gradle/wrapper/dists/gradle-2.2.1-all/6dibv5rcnnqlfbq9klf8imrndn/gradle-2.2.1/lib/plugins/jcifs-1.3.17.jar
7f38ec018000-7f38ec01e000 r--s 00031000 08:08 3279653                    /home/arthur/.gradle/wrapper/dists/gradle-2.2.1-all/6dibv5rcnnqlfbq9klf8imrndn/gradle-2.2.1/lib/plugins/httpcore-4.2.2.jar
7f38ec01e000-7f38ec024000 r--s 00033000 08:08 3279652                    /home/arthur/.gradle/wrapper/dists/gradle-2.2.1-all/6dibv5rcnnqlfbq9klf8imrndn/gradle-2.2.1/lib/plugins/commons-codec-1.6.jar
7f38ec024000-7f38ec02d000 r--s 00060000 08:08 3279650                    /home/arthur/.gradle/wrapper/dists/gradle-2.2.1-all/6dibv5rcnnqlfbq9klf8imrndn/gradle-2.2.1/lib/plugins/httpclient-4.2.2.jar
7f38ec02d000-7f38ec030000 ---p 00000000 00:00 0 
7f38ec030000-7f38ec12e000 rw-p 00000000 00:00 0                          [stack:25028]
7f38ec12e000-7f38ec131000 ---p 00000000 00:00 0 
7f38ec131000-7f38ec22f000 rw-p 00000000 00:00 0                          [stack:25027]
7f38ec22f000-7f38ec232000 ---p 00000000 00:00 0 
7f38ec232000-7f38f0000000 rw-p 00000000 00:00 0                          [stack:25026]
7f38f0000000-7f38f0021000 rw-p 00000000 00:00 0 
7f38f0021000-7f38f4000000 ---p 00000000 00:00 0 
7f38f4000000-7f38f4002000 r--s 00009000 08:08 3279618                    /home/arthur/.gradle/wrapper/dists/gradle-2.2.1-all/6dibv5rcnnqlfbq9klf8imrndn/gradle-2.2.1/lib/plugins/commons-cli-1.2.jar
7f38f4002000-7f38f4004000 r--s 00003000 08:08 3279538                    /home/arthur/.gradle/wrapper/dists/gradle-2.2.1-all/6dibv5rcnnqlfbq9klf8imrndn/gradle-2.2.1/lib/jcl-over-slf4j-1.7.7.jar
7f38f4004000-7f38f4007000 r--s 0001c000 08:08 3279651                    /home/arthur/.gradle/wrapper/dists/gradle-2.2.1-all/6dibv5rcnnqlfbq9klf8imrndn/gradle-2.2.1/lib/plugins/nekohtml-1.9.14.jar
7f38f4007000-7f38f4009000 r--s 00007000 08:08 3279639                    /home/arthur/.gradle/wrapper/dists/gradle-2.2.1-all/6dibv5rcnnqlfbq9klf8imrndn/gradle-2.2.1/lib/plugins/gradle-resources-http-2.2.1.jar
7f38f4009000-7f38f4031000 r--s 00194000 08:08 3279643                    /home/arthur/.gradle/wrapper/dists/gradle-2.2.1-all/6dibv5rcnnqlfbq9klf8imrndn/gradle-2.2.1/lib/plugins/bcprov-jdk15-1.46.jar
7f38f4031000-7f38f4035000 r--s 0001d000 08:08 3279642                    /home/arthur/.gradle/wrapper/dists/gradle-2.2.1-all/6dibv5rcnnqlfbq9klf8imrndn/gradle-2.2.1/lib/plugins/xbean-reflect-3.4.jar
7f38f4035000-7f38f403a000 r--s 0002a000 08:08 3279636                    /home/arthur/.gradle/wrapper/dists/gradle-2.2.1-all/6dibv5rcnnqlfbq9klf8imrndn/gradle-2.2.1/lib/plugins/gson-2.2.4.jar
7f38f403a000-7f38f403e000 r--s 0003d000 08:08 3279641                    /home/arthur/.gradle/wrapper/dists/gradle-2.2.1-all/6dibv5rcnnqlfbq9klf8imrndn/gradle-2.2.1/lib/plugins/jsch-0.1.51.jar
7f38f403e000-7f38f4057000 r--s 00129000 08:08 3279629                    /home/arthur/.gradle/wrapper/dists/gradle-2.2.1-all/6dibv5rcnnqlfbq9klf8imrndn/gradle-2.2.1/lib/plugins/maven-ant-tasks-2.1.3.jar
7f38f4057000-7f38f4066000 r--s 000d9000 08:08 3279640                    /home/arthur/.gradle/wrapper/dists/gradle-2.2.1-all/6dibv5rcnnqlfbq9klf8imrndn/gradle-2.2.1/lib/plugins/ivy-2.2.0.jar
7f38f4066000-7f38f4069000 r--s 00018000 08:08 3279525                    /home/arthur/.gradle/wrapper/dists/gradle-2.2.1-all/6dibv5rcnnqlfbq9klf8imrndn/gradle-2.2.1/lib/commons-io-1.4.jar
7f38f4069000-7f38f406e000 r--s 00041000 08:08 3279526                    /home/arthur/.gradle/wrapper/dists/gradle-2.2.1-all/6dibv5rcnnqlfbq9klf8imrndn/gradle-2.2.1/lib/commons-lang-2.6.jar
7f38f406e000-7f38f4072000 r--s 0001e000 08:08 3279583                    /home/arthur/.gradle/wrapper/dists/gradle-2.2.1-all/6dibv5rcnnqlfbq9klf8imrndn/gradle-2.2.1/lib/plugins/jarjar-aether-impl-1.13.1.jar
7f38f4072000-7f38f4075000 r--s 00027000 08:08 3279582                    /home/arthur/.gradle/wrapper/dists/gradle-2.2.1-all/6dibv5rcnnqlfbq9klf8imrndn/gradle-2.2.1/lib/plugins/jarjar-maven-model-3.0.4.jar
7f38f4075000-7f38f4078000 r--s 0000b000 08:08 3279581                    /home/arthur/.gradle/wrapper/dists/gradle-2.2.1-all/6dibv5rcnnqlfbq9klf8imrndn/gradle-2.2.1/lib/plugins/jarjar-maven-artifact-3.0.4.jar
7f38f4078000-7f38f407c000 r--s 0001e000 08:08 3279580                    /home/arthur/.gradle/wrapper/dists/gradle-2.2.1-all/6dibv5rcnnqlfbq9klf8imrndn/gradle-2.2.1/lib/plugins/jarjar-aether-util-1.13.1.jar
7f38f407c000-7f38f407e000 r--s 00007000 08:08 3279579                    /home/arthur/.gradle/wrapper/dists/gradle-2.2.1-all/6dibv5rcnnqlfbq9klf8imrndn/gradle-2.2.1/lib/plugins/jarjar-wagon-http-shared4-2.4.jar
7f38f407e000-7f38f408b000 r--s 00083000 08:08 3279578                    /home/arthur/.gradle/wrapper/dists/gradle-2.2.1-all/6dibv5rcnnqlfbq9klf8imrndn/gradle-2.2.1/lib/plugins/jarjar-maven-core-3.0.4.jar
7f38f408b000-7f38f408d000 r--s 00003000 08:08 3279577                    /home/arthur/.gradle/wrapper/dists/gradle-2.2.1-all/6dibv5rcnnqlfbq9klf8imrndn/gradle-2.2.1/lib/plugins/jarjar-aether-spi-1.13.1.jar
7f38f408d000-7f38f408f000 r--s 00009000 08:08 3279576                    /home/arthur/.gradle/wrapper/dists/gradle-2.2.1-all/6dibv5rcnnqlfbq9klf8imrndn/gradle-2.2.1/lib/plugins/jarjar-maven-settings-builder-3.0.4.jar
7f38f408f000-7f38f4093000 r--s 00014000 08:08 3279575                    /home/arthur/.gradle/wrapper/dists/gradle-2.2.1-all/6dibv5rcnnqlfbq9klf8imrndn/gradle-2.2.1/lib/plugins/jarjar-aether-api-1.13.1.jar
7f38f4093000-7f38f409a000 r--s 00042000 08:08 3279573                    /home/arthur/.gradle/wrapper/dists/gradle-2.2.1-all/6dibv5rcnnqlfbq9klf8imrndn/gradle-2.2.1/lib/plugins/jarjar-maven-compat-3.0.4.jar
7f38f409a000-7f38f409c000 r--s 00006000 08:08 3279572                    /home/arthur/.gradle/wrapper/dists/gradle-2.2.1-all/6dibv5rcnnqlfbq9klf8imrndn/gradle-2.2.1/lib/plugins/jarjar-aether-connector-wagon-1.13.1.jar
7f38f409c000-7f38f409e000 r--s 00000000 08:08 3279571                    /home/arthur/.gradle/wrapper/dists/gradle-2.2.1-all/6dibv5rcnnqlfbq9klf8imrndn/gradle-2.2.1/lib/plugins/jarjar-plexus-component-annotations-1.5.5.jar
7f38f409e000-7f38f40a0000 r--s 00006000 08:08 3279570                    /home/arthur/.gradle/wrapper/dists/gradle-2.2.1-all/6dibv5rcnnqlfbq9klf8imrndn/gradle-2.2.1/lib/plugins/jarjar-plexus-sec-dispatcher-1.3.jar
7f38f40a0000-7f38f40a5000 r--s 00022000 08:08 3279569                    /home/arthur/.gradle/wrapper/dists/gradle-2.2.1-all/6dibv5rcnnqlfbq9klf8imrndn/gradle-2.2.1/lib/plugins/jarjar-maven-model-builder-3.0.4.jar
7f38f40a5000-7f38f40a7000 r--s 0000b000 08:08 3279568                    /home/arthur/.gradle/wrapper/dists/gradle-2.2.1-all/6dibv5rcnnqlfbq9klf8imrndn/gradle-2.2.1/lib/plugins/jarjar-maven-plugin-api-3.0.4.jar
7f38f40a7000-7f38f40aa000 r--s 0000a000 08:08 3279567                    /home/arthur/.gradle/wrapper/dists/gradle-2.2.1-all/6dibv5rcnnqlfbq9klf8imrndn/gradle-2.2.1/lib/plugins/jarjar-plexus-classworlds-2.4.jar
7f38f40aa000-7f38f40ae000 r--s 00035000 08:08 3279566                    /home/arthur/.gradle/wrapper/dists/gradle-2.2.1-all/6dibv5rcnnqlfbq9klf8imrndn/gradle-2.2.1/lib/plugins/jarjar-plexus-utils-2.0.6.jar
7f38f40ae000-7f38f40b0000 r--s 0000e000 08:08 3279565                    /home/arthur/.gradle/wrapper/dists/gradle-2.2.1-all/6dibv5rcnnqlfbq9klf8imrndn/gradle-2.2.1/lib/plugins/jarjar-plexus-interpolation-1.14.jar
7f38f40b0000-7f38f40c8000 r--s 000b5000 08:08 3279615                    /home/arthur/.gradle/wrapper/dists/gradle-2.2.1-all/6dibv5rcnnqlfbq9klf8imrndn/gradle-2.2.1/lib/plugins/gradle-dependency-management-2.2.1.jar
7f38f40c8000-7f38f40f0000 r--s 001cf000 08:08 3279518                    /home/arthur/.gradle/wrapper/dists/gradle-2.2.1-all/6dibv5rcnnqlfbq9klf8imrndn/gradle-2.2.1/lib/guava-jdk5-17.0.jar
7f38f40f0000-7f38f40f3000 ---p 00000000 00:00 0 
7f38f40f3000-7f38f41f1000 rw-p 00000000 00:00 0                          [stack:25025]
7f38f41f1000-7f38f41f3000 r-xp 00000000 08:09 5507450                    /usr/lib64/gconv/ISO8859-1.so
7f38f41f3000-7f38f43f2000 ---p 00002000 08:09 5507450                    /usr/lib64/gconv/ISO8859-1.so
7f38f43f2000-7f38f43f3000 r--p 00001000 08:09 5507450                    /usr/lib64/gconv/ISO8859-1.so
7f38f43f3000-7f38f43f4000 rw-p 00002000 08:09 5507450                    /usr/lib64/gconv/ISO8859-1.so
7f38f43f4000-7f38f43f7000 ---p 00000000 00:00 0 
7f38f43f7000-7f38f44f5000 rw-p 00000000 00:00 0                          [stack:25024]
7f38f44f5000-7f38f44f8000 ---p 00000000 00:00 0 
7f38f44f8000-7f38f45f6000 rw-p 00000000 00:00 0                          [stack:25023]
7f38f45f6000-7f38f45f7000 ---p 00000000 00:00 0 
7f38f45f7000-7f38f5000000 rw-p 00000000 00:00 0                          [stack:25022]
7f38f5000000-7f38f5ba0000 rwxp 00000000 00:00 0 
7f38f5ba0000-7f3904000000 ---p 00000000 00:00 0 
7f3904000000-7f3904c96000 rw-p 00000000 00:00 0 
7f3904c96000-7f3908000000 ---p 00000000 00:00 0 
7f3908000000-7f3908001000 r--s 00002000 08:08 3279574                    /home/arthur/.gradle/wrapper/dists/gradle-2.2.1-all/6dibv5rcnnqlfbq9klf8imrndn/gradle-2.2.1/lib/plugins/jarjar-wagon-http-2.4.jar
7f3908001000-7f3908003000 r--s 00002000 08:08 3279564                    /home/arthur/.gradle/wrapper/dists/gradle-2.2.1-all/6dibv5rcnnqlfbq9klf8imrndn/gradle-2.2.1/lib/plugins/jarjar-plexus-cipher-1.7.jar
7f3908003000-7f3908005000 r--s 0000c000 08:08 3279563                    /home/arthur/.gradle/wrapper/dists/gradle-2.2.1-all/6dibv5rcnnqlfbq9klf8imrndn/gradle-2.2.1/lib/plugins/jarjar-wagon-provider-api-2.4.jar
7f3908005000-7f3908007000 r--s 0000d000 08:08 3279562                    /home/arthur/.gradle/wrapper/dists/gradle-2.2.1-all/6dibv5rcnnqlfbq9klf8imrndn/gradle-2.2.1/lib/plugins/jarjar-maven-aether-provider-3.0.4.jar
7f3908007000-7f390800f000 r--s 00031000 08:08 3279561                    /home/arthur/.gradle/wrapper/dists/gradle-2.2.1-all/6dibv5rcnnqlfbq9klf8imrndn/gradle-2.2.1/lib/plugins/jarjar-plexus-container-default-1.5.5.jar
7f390800f000-7f3908010000 r--s 00007000 08:08 3279560                    /home/arthur/.gradle/wrapper/dists/gradle-2.2.1-all/6dibv5rcnnqlfbq9klf8imrndn/gradle-2.2.1/lib/plugins/jarjar-maven-repository-metadata-3.0.4.jar
7f3908010000-7f390801b000 r--s 0011c000 08:09 5513690                    /usr/lib/jvm/java-1.8.0-openjdk-1.8.0.45-31.b13.fc21.x86_64/jre/lib/ext/localedata.jar
7f390801b000-7f390801d000 r--s 00000000 08:08 3279530                    /home/arthur/.gradle/wrapper/dists/gradle-2.2.1-all/6dibv5rcnnqlfbq9klf8imrndn/gradle-2.2.1/lib/jul-to-slf4j-1.7.7.jar
7f390801d000-7f3908027000 r--s 0005d000 08:08 3279527                    /home/arthur/.gradle/wrapper/dists/gradle-2.2.1-all/6dibv5rcnnqlfbq9klf8imrndn/gradle-2.2.1/lib/logback-core-1.0.13.jar
7f3908027000-7f390802d000 r--s 0003b000 08:08 3279528                    /home/arthur/.gradle/wrapper/dists/gradle-2.2.1-all/6dibv5rcnnqlfbq9klf8imrndn/gradle-2.2.1/lib/logback-classic-1.0.13.jar
7f390802d000-7f390802f000 r--s 00006000 08:08 3279517                    /home/arthur/.gradle/wrapper/dists/gradle-2.2.1-all/6dibv5rcnnqlfbq9klf8imrndn/gradle-2.2.1/lib/slf4j-api-1.7.7.jar
7f390802f000-7f3908038000 r--s 00039000 08:08 3279534                    /home/arthur/.gradle/wrapper/dists/gradle-2.2.1-all/6dibv5rcnnqlfbq9klf8imrndn/gradle-2.2.1/lib/gradle-messaging-2.2.1.jar
7f3908038000-7f390803a000 r--s 00008000 08:08 3279516                    /home/arthur/.gradle/wrapper/dists/gradle-2.2.1-all/6dibv5rcnnqlfbq9klf8imrndn/gradle-2.2.1/lib/gradle-native-2.2.1.jar
7f390803a000-7f390806b000 r--s 00191000 08:08 3279512                    /home/arthur/.gradle/wrapper/dists/gradle-2.2.1-all/6dibv5rcnnqlfbq9klf8imrndn/gradle-2.2.1/lib/gradle-core-2.2.1.jar
7f390806b000-7f3908071000 r--s 00026000 08:08 3279511                    /home/arthur/.gradle/wrapper/dists/gradle-2.2.1-all/6dibv5rcnnqlfbq9klf8imrndn/gradle-2.2.1/lib/gradle-base-services-2.2.1.jar
7f3908071000-7f3908748000 rw-p 00000000 00:00 0 
7f3908748000-7f3908915000 r--s 043a7000 08:09 5385295                    /usr/lib/jvm/java-1.8.0-openjdk-1.8.0.45-31.b13.fc21.x86_64/jre/lib/rt.jar
7f3908915000-7f3909558000 rw-p 00000000 00:00 0 
7f3909558000-7f3909559000 ---p 00000000 00:00 0 
7f3909559000-7f3909659000 rw-p 00000000 00:00 0                          [stack:25021]
7f3909659000-7f390965a000 ---p 00000000 00:00 0 
7f390965a000-7f390975a000 rw-p 00000000 00:00 0                          [stack:25020]
7f390975a000-7f390975b000 ---p 00000000 00:00 0 
7f390975b000-7f390985b000 rw-p 00000000 00:00 0                          [stack:25019]
7f390985b000-7f390985c000 ---p 00000000 00:00 0 
7f390985c000-7f390997c000 rw-p 00000000 00:00 0                          [stack:25018]
7f390997c000-7f3909be5000 ---p 00000000 00:00 0 
7f3909be5000-7f3909c05000 rw-p 00000000 00:00 0 
7f3909c05000-7f3909e6d000 ---p 00000000 00:00 0 
7f3909e6d000-7f3909f2f000 rw-p 00000000 00:00 0 
7f3909f2f000-7f3909fb2000 ---p 00000000 00:00 0 
7f3909fb2000-7f3909fe2000 rw-p 00000000 00:00 0 
7f3909fe2000-7f390a373000 ---p 00000000 00:00 0 
7f390a373000-7f390a37b000 r-xp 00000000 08:09 5513953                    /usr/lib/jvm/java-1.8.0-openjdk-1.8.0.45-31.b13.fc21.x86_64/jre/lib/amd64/libzip.so
7f390a37b000-7f390a57a000 ---p 00008000 08:09 5513953                    /usr/lib/jvm/java-1.8.0-openjdk-1.8.0.45-31.b13.fc21.x86_64/jre/lib/amd64/libzip.so
7f390a57a000-7f390a57b000 r--p 00007000 08:09 5513953                    /usr/lib/jvm/java-1.8.0-openjdk-1.8.0.45-31.b13.fc21.x86_64/jre/lib/amd64/libzip.so
7f390a57b000-7f390a57c000 rw-p 00008000 08:09 5513953                    /usr/lib/jvm/java-1.8.0-openjdk-1.8.0.45-31.b13.fc21.x86_64/jre/lib/amd64/libzip.so
7f390a57c000-7f390a588000 r-xp 00000000 08:09 5250213                    /usr/lib64/libnss_files-2.20.so
7f390a588000-7f390a787000 ---p 0000c000 08:09 5250213                    /usr/lib64/libnss_files-2.20.so
7f390a787000-7f390a788000 r--p 0000b000 08:09 5250213                    /usr/lib64/libnss_files-2.20.so
7f390a788000-7f390a789000 rw-p 0000c000 08:09 5250213                    /usr/lib64/libnss_files-2.20.so
7f390a789000-7f390a7b7000 r-xp 00000000 08:09 5513936                    /usr/lib/jvm/java-1.8.0-openjdk-1.8.0.45-31.b13.fc21.x86_64/jre/lib/amd64/libjava.so
7f390a7b7000-7f390a9b6000 ---p 0002e000 08:09 5513936                    /usr/lib/jvm/java-1.8.0-openjdk-1.8.0.45-31.b13.fc21.x86_64/jre/lib/amd64/libjava.so
7f390a9b6000-7f390a9b7000 r--p 0002d000 08:09 5513936                    /usr/lib/jvm/java-1.8.0-openjdk-1.8.0.45-31.b13.fc21.x86_64/jre/lib/amd64/libjava.so
7f390a9b7000-7f390a9b9000 rw-p 0002e000 08:09 5513936                    /usr/lib/jvm/java-1.8.0-openjdk-1.8.0.45-31.b13.fc21.x86_64/jre/lib/amd64/libjava.so
7f390a9b9000-7f390a9c6000 r-xp 00000000 08:09 5513952                    /usr/lib/jvm/java-1.8.0-openjdk-1.8.0.45-31.b13.fc21.x86_64/jre/lib/amd64/libverify.so
7f390a9c6000-7f390abc5000 ---p 0000d000 08:09 5513952                    /usr/lib/jvm/java-1.8.0-openjdk-1.8.0.45-31.b13.fc21.x86_64/jre/lib/amd64/libverify.so
7f390abc5000-7f390abc7000 r--p 0000c000 08:09 5513952                    /usr/lib/jvm/java-1.8.0-openjdk-1.8.0.45-31.b13.fc21.x86_64/jre/lib/amd64/libverify.so
7f390abc7000-7f390abc8000 rw-p 0000e000 08:09 5513952                    /usr/lib/jvm/java-1.8.0-openjdk-1.8.0.45-31.b13.fc21.x86_64/jre/lib/amd64/libverify.so
7f390abc8000-7f390abcf000 r-xp 00000000 08:09 5250336                    /usr/lib64/librt-2.20.so
7f390abcf000-7f390adce000 ---p 00007000 08:09 5250336                    /usr/lib64/librt-2.20.so
7f390adce000-7f390adcf000 r--p 00006000 08:09 5250336                    /usr/lib64/librt-2.20.so
7f390adcf000-7f390add0000 rw-p 00007000 08:09 5250336                    /usr/lib64/librt-2.20.so
7f390add0000-7f390ade6000 r-xp 00000000 08:09 5252902                    /usr/lib64/libgcc_s-4.9.2-20150212.so.1
7f390ade6000-7f390afe5000 ---p 00016000 08:09 5252902                    /usr/lib64/libgcc_s-4.9.2-20150212.so.1
7f390afe5000-7f390afe6000 r--p 00015000 08:09 5252902                    /usr/lib64/libgcc_s-4.9.2-20150212.so.1
7f390afe6000-7f390afe7000 rw-p 00016000 08:09 5252902                    /usr/lib64/libgcc_s-4.9.2-20150212.so.1
7f390afe7000-7f390b0ee000 r-xp 00000000 08:09 5249818                    /usr/lib64/libm-2.20.so
7f390b0ee000-7f390b2ed000 ---p 00107000 08:09 5249818                    /usr/lib64/libm-2.20.so
7f390b2ed000-7f390b2ee000 r--p 00106000 08:09 5249818                    /usr/lib64/libm-2.20.so
7f390b2ee000-7f390b2ef000 rw-p 00107000 08:09 5249818                    /usr/lib64/libm-2.20.so
7f390b2ef000-7f390b3df000 r-xp 00000000 08:09 5250418                    /usr/lib64/libstdc++.so.6.0.20
7f390b3df000-7f390b5df000 ---p 000f0000 08:09 5250418                    /usr/lib64/libstdc++.so.6.0.20
7f390b5df000-7f390b5e7000 r--p 000f0000 08:09 5250418                    /usr/lib64/libstdc++.so.6.0.20
7f390b5e7000-7f390b5e9000 rw-p 000f8000 08:09 5250418                    /usr/lib64/libstdc++.so.6.0.20
7f390b5e9000-7f390b5fe000 rw-p 00000000 00:00 0 
7f390b5fe000-7f390c25c000 r-xp 00000000 08:09 5513957                    /usr/lib/jvm/java-1.8.0-openjdk-1.8.0.45-31.b13.fc21.x86_64/jre/lib/amd64/server/libjvm.so
7f390c25c000-7f390c45b000 ---p 00c5e000 08:09 5513957                    /usr/lib/jvm/java-1.8.0-openjdk-1.8.0.45-31.b13.fc21.x86_64/jre/lib/amd64/server/libjvm.so
7f390c45b000-7f390c4fe000 r--p 00c5d000 08:09 5513957                    /usr/lib/jvm/java-1.8.0-openjdk-1.8.0.45-31.b13.fc21.x86_64/jre/lib/amd64/server/libjvm.so
7f390c4fe000-7f390c527000 rw-p 00d00000 08:09 5513957                    /usr/lib/jvm/java-1.8.0-openjdk-1.8.0.45-31.b13.fc21.x86_64/jre/lib/amd64/server/libjvm.so
7f390c527000-7f390c556000 rw-p 00000000 00:00 0 
7f390c556000-7f390c709000 r-xp 00000000 08:09 5249685                    /usr/lib64/libc-2.20.so
7f390c709000-7f390c909000 ---p 001b3000 08:09 5249685                    /usr/lib64/libc-2.20.so
7f390c909000-7f390c90d000 r--p 001b3000 08:09 5249685                    /usr/lib64/libc-2.20.so
7f390c90d000-7f390c90f000 rw-p 001b7000 08:09 5249685                    /usr/lib64/libc-2.20.so
7f390c90f000-7f390c913000 rw-p 00000000 00:00 0 
7f390c913000-7f390c916000 r-xp 00000000 08:09 5249795                    /usr/lib64/libdl-2.20.so
7f390c916000-7f390cb15000 ---p 00003000 08:09 5249795                    /usr/lib64/libdl-2.20.so
7f390cb15000-7f390cb16000 r--p 00002000 08:09 5249795                    /usr/lib64/libdl-2.20.so
7f390cb16000-7f390cb17000 rw-p 00003000 08:09 5249795                    /usr/lib64/libdl-2.20.so
7f390cb17000-7f390cb25000 r-xp 00000000 08:09 5513923                    /usr/lib/jvm/java-1.8.0-openjdk-1.8.0.45-31.b13.fc21.x86_64/jre/lib/amd64/jli/libjli.so
7f390cb25000-7f390cd24000 ---p 0000e000 08:09 5513923                    /usr/lib/jvm/java-1.8.0-openjdk-1.8.0.45-31.b13.fc21.x86_64/jre/lib/amd64/jli/libjli.so
7f390cd24000-7f390cd25000 r--p 0000d000 08:09 5513923                    /usr/lib/jvm/java-1.8.0-openjdk-1.8.0.45-31.b13.fc21.x86_64/jre/lib/amd64/jli/libjli.so
7f390cd25000-7f390cd26000 rw-p 0000e000 08:09 5513923                    /usr/lib/jvm/java-1.8.0-openjdk-1.8.0.45-31.b13.fc21.x86_64/jre/lib/amd64/jli/libjli.so
7f390cd26000-7f390cd3b000 r-xp 00000000 08:09 5251827                    /usr/lib64/libz.so.1.2.8
7f390cd3b000-7f390cf3a000 ---p 00015000 08:09 5251827                    /usr/lib64/libz.so.1.2.8
7f390cf3a000-7f390cf3b000 r--p 00014000 08:09 5251827                    /usr/lib64/libz.so.1.2.8
7f390cf3b000-7f390cf3c000 rw-p 00015000 08:09 5251827                    /usr/lib64/libz.so.1.2.8
7f390cf3c000-7f390cf53000 r-xp 00000000 08:09 5250217                    /usr/lib64/libpthread-2.20.so
7f390cf53000-7f390d152000 ---p 00017000 08:09 5250217                    /usr/lib64/libpthread-2.20.so
7f390d152000-7f390d153000 r--p 00016000 08:09 5250217                    /usr/lib64/libpthread-2.20.so
7f390d153000-7f390d154000 rw-p 00017000 08:09 5250217                    /usr/lib64/libpthread-2.20.so
7f390d154000-7f390d158000 rw-p 00000000 00:00 0 
7f390d158000-7f390d179000 r-xp 00000000 08:09 5252663                    /usr/lib64/ld-2.20.so
7f390d179000-7f390d17a000 r--s 0000b000 08:08 3279559                    /home/arthur/.gradle/wrapper/dists/gradle-2.2.1-all/6dibv5rcnnqlfbq9klf8imrndn/gradle-2.2.1/lib/plugins/jarjar-maven-settings-3.0.4.jar
7f390d17a000-7f390d17c000 r--s 00005000 08:08 3279513                    /home/arthur/.gradle/wrapper/dists/gradle-2.2.1-all/6dibv5rcnnqlfbq9klf8imrndn/gradle-2.2.1/lib/gradle-cli-2.2.1.jar
7f390d17c000-7f390d180000 r--s 000ad000 08:09 5385289                    /usr/lib/jvm/java-1.8.0-openjdk-1.8.0.45-31.b13.fc21.x86_64/jre/lib/jsse.jar
7f390d180000-7f390d187000 r--s 00000000 08:09 5507513                    /usr/lib64/gconv/gconv-modules.cache
7f390d187000-7f390d252000 rw-p 00000000 00:00 0 
7f390d252000-7f390d255000 ---p 00000000 00:00 0 
7f390d255000-7f390d358000 rw-p 00000000 00:00 0                          [stack:25017]
7f390d358000-7f390d36d000 r--p 00000000 08:09 399868                     /usr/share/locale/pt_BR/LC_MESSAGES/libc.mo
7f390d36d000-7f390d36e000 r--s 00001000 08:08 3277453                    /home/arthur/.gradle/caches/2.2.1/workerMain/gradle-worker.jar
7f390d36e000-7f390d376000 rw-s 00000000 00:23 848922                     /tmp/hsperfdata_arthur/25012
7f390d376000-7f390d377000 rw-p 00000000 00:00 0 
7f390d377000-7f390d378000 ---p 00000000 00:00 0 
7f390d378000-7f390d379000 rw-p 00000000 00:00 0 
7f390d379000-7f390d37a000 r--p 00021000 08:09 5252663                    /usr/lib64/ld-2.20.so
7f390d37a000-7f390d37b000 rw-p 00022000 08:09 5252663                    /usr/lib64/ld-2.20.so
7f390d37b000-7f390d37c000 rw-p 00000000 00:00 0 
7ffd37475000-7ffd37497000 rw-p 00000000 00:00 0                          [stack]
7ffd375a1000-7ffd375a3000 r--p 00000000 00:00 0                          [vvar]
7ffd375a3000-7ffd375a5000 r-xp 00000000 00:00 0                          [vdso]
ffffffffff600000-ffffffffff601000 r-xp 00000000 00:00 0                  [vsyscall]

VM Arguments:
jvm_args: -Djava.security.manager=jarjar.org.gradle.process.internal.child.BootstrapSecurityManager -Dfile.encoding=UTF-8 -Duser.country=BR -Duser.language=pt -Duser.variant -ea 
java_command: jarjar.org.gradle.process.internal.launcher.GradleWorkerMain 'Gradle Test Executor 2'
java_class_path (initial): /home/arthur/.gradle/caches/2.2.1/workerMain/gradle-worker.jar
Launcher Type: SUN_STANDARD

Environment Variables:
JAVA_HOME=/usr/lib/jvm/java-7-oracle
PATH=/usr/bin/node:/usr/lib64/qt-3.3/bin:/usr/local/bin:/usr/local/sbin:/usr/bin:/usr/sbin:/bin:/sbin:/home/arthur/Downloads/android-sdk-linux/platform-tools:/usr/lib/jvm/java-7-oracle:/usr/local/ant/bin:/home/arthur/.local/bin:/home/arthur/bin:/home/arthur/.local/bin:/home/arthur/bin
USERNAME=arthur
LD_LIBRARY_PATH=/home/arthur/android-studio/bin:
SHELL=/bin/bash
DISPLAY=:0

Signal Handlers:
SIGSEGV: [libjvm.so+0xa60550], sa_mask[0]=11111111011111111101111111111110, sa_flags=SA_RESTART|SA_SIGINFO
SIGBUS: [libjvm.so+0xa60550], sa_mask[0]=11111111011111111101111111111110, sa_flags=SA_RESTART|SA_SIGINFO
SIGFPE: [libjvm.so+0x8b5d50], sa_mask[0]=11111111011111111101111111111110, sa_flags=SA_RESTART|SA_SIGINFO
SIGPIPE: [libjvm.so+0x8b5d50], sa_mask[0]=11111111011111111101111111111110, sa_flags=SA_RESTART|SA_SIGINFO
SIGXFSZ: [libjvm.so+0x8b5d50], sa_mask[0]=11111111011111111101111111111110, sa_flags=SA_RESTART|SA_SIGINFO
SIGILL: [libjvm.so+0x8b5d50], sa_mask[0]=11111111011111111101111111111110, sa_flags=SA_RESTART|SA_SIGINFO
SIGUSR1: SIG_DFL, sa_mask[0]=00000000000000000000000000000000, sa_flags=none
SIGUSR2: [libjvm.so+0x8b5c00], sa_mask[0]=00100000000000000000000000000000, sa_flags=SA_RESTART|SA_SIGINFO
SIGHUP: [libjvm.so+0x8b5e10], sa_mask[0]=11111111011111111101111111111110, sa_flags=SA_RESTART|SA_SIGINFO
SIGINT: SIG_IGN, sa_mask[0]=00000000000000000000000000000000, sa_flags=none
SIGTERM: [libjvm.so+0x8b5e10], sa_mask[0]=11111111011111111101111111111110, sa_flags=SA_RESTART|SA_SIGINFO
SIGQUIT: [libjvm.so+0x8b5e10], sa_mask[0]=11111111011111111101111111111110, sa_flags=SA_RESTART|SA_SIGINFO


---------------  S Y S T E M  ---------------

OS:Fedora release 21 (Twenty One)

uname:Linux 3.19.5-200.fc21.x86_64 #1 SMP Mon Apr 20 19:51:56 UTC 2015 x86_64
libc:glibc 2.20 NPTL 2.20 
rlimit: STACK 8192k, CORE 0k, NPROC 4096, NOFILE 4096, AS infinity
load average:3,10 20,26 26,43

/proc/meminfo:
MemTotal:        7964248 kB
MemFree:          156132 kB
MemAvailable:     139964 kB
Buffers:             516 kB
Cached:          1392212 kB
SwapCached:         1436 kB
Active:          6143276 kB
Inactive:        1407676 kB
Active(anon):    6099932 kB
Inactive(anon):  1364356 kB
Active(file):      43344 kB
Inactive(file):    43320 kB
Unevictable:         480 kB
Mlocked:             480 kB
SwapTotal:        975868 kB
SwapFree:              0 kB
Dirty:               788 kB
Writeback:         19732 kB
AnonPages:       6158132 kB
Mapped:           157888 kB
Shmem:           1305468 kB
Slab:              99756 kB
SReclaimable:      49944 kB
SUnreclaim:        49812 kB
KernelStack:       12848 kB
PageTables:        70992 kB
NFS_Unstable:          0 kB
Bounce:                0 kB
WritebackTmp:          0 kB
CommitLimit:     4957992 kB
Committed_AS:   16781780 kB
VmallocTotal:   34359738367 kB
VmallocUsed:      378896 kB
VmallocChunk:   34359265964 kB
HardwareCorrupted:     0 kB
AnonHugePages:         0 kB
HugePages_Total:       0
HugePages_Free:        0
HugePages_Rsvd:        0
HugePages_Surp:        0
Hugepagesize:       2048 kB
DirectMap4k:      299876 kB
DirectMap2M:     7874560 kB
DirectMap1G:     1048576 kB


CPU:total 4 (4 cores per cpu, 1 threads per core) family 6 model 60 stepping 3, cmov, cx8, fxsr, mmx, sse, sse2, sse3, ssse3, sse4.1, sse4.2, popcnt, avx, avx2, aes, clmul, erms, lzcnt, tsc, tscinvbit, bmi1, bmi2

/proc/cpuinfo:
processor	: 0
vendor_id	: GenuineIntel
cpu family	: 6
model		: 60
model name	: Intel(R) Core(TM) i5-4570 CPU @ 3.20GHz
stepping	: 3
microcode	: 0x1c
cpu MHz		: 3565.375
cache size	: 6144 KB
physical id	: 0
siblings	: 4
core id		: 0
cpu cores	: 4
apicid		: 0
initial apicid	: 0
fpu		: yes
fpu_exception	: yes
cpuid level	: 13
wp		: yes
flags		: fpu vme de pse tsc msr pae mce cx8 apic sep mtrr pge mca cmov pat pse36 clflush dts acpi mmx fxsr sse sse2 ss ht tm pbe syscall nx pdpe1gb rdtscp lm constant_tsc arch_perfmon pebs bts rep_good nopl xtopology nonstop_tsc aperfmperf eagerfpu pni pclmulqdq dtes64 monitor ds_cpl vmx smx est tm2 ssse3 fma cx16 xtpr pdcm pcid sse4_1 sse4_2 x2apic movbe popcnt tsc_deadline_timer aes xsave avx f16c rdrand lahf_lm abm ida arat epb pln pts dtherm tpr_shadow vnmi flexpriority ept vpid fsgsbase tsc_adjust bmi1 avx2 smep bmi2 erms invpcid xsaveopt
bugs		:
bogomips	: 6385.44
clflush size	: 64
cache_alignment	: 64
address sizes	: 39 bits physical, 48 bits virtual
power management:

processor	: 1
vendor_id	: GenuineIntel
cpu family	: 6
model		: 60
model name	: Intel(R) Core(TM) i5-4570 CPU @ 3.20GHz
stepping	: 3
microcode	: 0x1c
cpu MHz		: 3532.500
cache size	: 6144 KB
physical id	: 0
siblings	: 4
core id		: 1
cpu cores	: 4
apicid		: 2
initial apicid	: 2
fpu		: yes
fpu_exception	: yes
cpuid level	: 13
wp		: yes
flags		: fpu vme de pse tsc msr pae mce cx8 apic sep mtrr pge mca cmov pat pse36 clflush dts acpi mmx fxsr sse sse2 ss ht tm pbe syscall nx pdpe1gb rdtscp lm constant_tsc arch_perfmon pebs bts rep_good nopl xtopology nonstop_tsc aperfmperf eagerfpu pni pclmulqdq dtes64 monitor ds_cpl vmx smx est tm2 ssse3 fma cx16 xtpr pdcm pcid sse4_1 sse4_2 x2apic movbe popcnt tsc_deadline_timer aes xsave avx f16c rdrand lahf_lm abm ida arat epb pln pts dtherm tpr_shadow vnmi flexpriority ept vpid fsgsbase tsc_adjust bmi1 avx2 smep bmi2 erms invpcid xsaveopt
bugs		:
bogomips	: 6385.44
clflush size	: 64
cache_alignment	: 64
address sizes	: 39 bits physical, 48 bits virtual
power management:

processor	: 2
vendor_id	: GenuineIntel
cpu family	: 6
model		: 60
model name	: Intel(R) Core(TM) i5-4570 CPU @ 3.20GHz
stepping	: 3
microcode	: 0x1c
cpu MHz		: 3599.250
cache size	: 6144 KB
physical id	: 0
siblings	: 4
core id		: 2
cpu cores	: 4
apicid		: 4
initial apicid	: 4
fpu		: yes
fpu_exception	: yes
cpuid level	: 13
wp		: yes
flags		: fpu vme de pse tsc msr pae mce cx8 apic sep mtrr pge mca cmov pat pse36 clflush dts acpi mmx fxsr sse sse2 ss ht tm pbe syscall nx pdpe1gb rdtscp lm constant_tsc arch_perfmon pebs bts rep_good nopl xtopology nonstop_tsc aperfmperf eagerfpu pni pclmulqdq dtes64 monitor ds_cpl vmx smx est tm2 ssse3 fma cx16 xtpr pdcm pcid sse4_1 sse4_2 x2apic movbe popcnt tsc_deadline_timer aes xsave avx f16c rdrand lahf_lm abm ida arat epb pln pts dtherm tpr_shadow vnmi flexpriority ept vpid fsgsbase tsc_adjust bmi1 avx2 smep bmi2 erms invpcid xsaveopt
bugs		:
bogomips	: 6385.44
clflush size	: 64
cache_alignment	: 64
address sizes	: 39 bits physical, 48 bits virtual
power management:

processor	: 3
vendor_id	: GenuineIntel
cpu family	: 6
model		: 60
model name	: Intel(R) Core(TM) i5-4570 CPU @ 3.20GHz
stepping	: 3
microcode	: 0x1c
cpu MHz		: 3577.375
cache size	: 6144 KB
physical id	: 0
siblings	: 4
core id		: 3
cpu cores	: 4
apicid		: 6
initial apicid	: 6
fpu		: yes
fpu_exception	: yes
cpuid level	: 13
wp		: yes
flags		: fpu vme de pse tsc msr pae mce cx8 apic sep mtrr pge mca cmov pat pse36 clflush dts acpi mmx fxsr sse sse2 ss ht tm pbe syscall nx pdpe1gb rdtscp lm constant_tsc arch_perfmon pebs bts rep_good nopl xtopology nonstop_tsc aperfmperf eagerfpu pni pclmulqdq dtes64 monitor ds_cpl vmx smx est tm2 ssse3 fma cx16 xtpr pdcm pcid sse4_1 sse4_2 x2apic movbe popcnt tsc_deadline_timer aes xsave avx f16c rdrand lahf_lm abm ida arat epb pln pts dtherm tpr_shadow vnmi flexpriority ept vpid fsgsbase tsc_adjust bmi1 avx2 smep bmi2 erms invpcid xsaveopt
bugs		:
bogomips	: 6385.44
clflush size	: 64
cache_alignment	: 64
address sizes	: 39 bits physical, 48 bits virtual
power management:



Memory: 4k page, physical 7964248k(156132k free), swap 975868k(0k free)

vm_info: OpenJDK 64-Bit Server VM (25.45-b02) for linux-amd64 JRE (1.8.0_45-b13), built on Apr 15 2015 07:21:14 by "mockbuild" with gcc 4.9.2 20150212 (Red Hat 4.9.2-6)

time: Tue May 19 16:51:21 2015
elapsed time: 12 seconds (0d 0h 0m 12s)

