#
# There is insufficient memory for the Java Runtime Environment to continue.
# Native memory allocation (mmap) failed to map 104857600 bytes for committing reserved memory.
# Possible reasons:
#   The system is out of physical RAM or swap space
#   In 32 bit mode, the process size limit was hit
# Possible solutions:
#   Reduce memory load on the system
#   Increase physical memory or swap space
#   Check if swap backing store is full
#   Use 64 bit Java on a 64 bit OS
#   Decrease Java heap size (-Xmx/-Xms)
#   Decrease number of Java threads
#   Decrease Java thread stack sizes (-Xss)
#   Set larger code cache with -XX:ReservedCodeCacheSize=
# This output file may be truncated or incomplete.
#
#  Out of Memory Error (os_linux.cpp:2673), pid=9968, tid=140342567745280
#
# JRE version: Java(TM) SE Runtime Environment (8.0_45-b14) (build 1.8.0_45-b14)
# Java VM: Java HotSpot(TM) 64-Bit Server VM (25.45-b02 mixed mode linux-amd64 compressed oops)
# Failed to write core dump. Core dumps have been disabled. To enable core dumping, try "ulimit -c unlimited" before starting Java again
#

---------------  T H R E A D  ---------------

Current thread (0x00007fa420079800):  VMThread [stack: 0x00007fa40cd5b000,0x00007fa40ce5c000] [id=9978]

Stack: [0x00007fa40cd5b000,0x00007fa40ce5c000],  sp=0x00007fa40ce5a120,  free space=1020k
Native frames: (J=compiled Java code, j=interpreted, Vv=VM code, C=native code)
V  [libjvm.so+0xaac99a]  VMError::report_and_die()+0x2ba
V  [libjvm.so+0x4f333b]  report_vm_out_of_memory(char const*, int, unsigned long, VMErrorType, char const*)+0x8b
V  [libjvm.so+0x90e7c3]  os::Linux::commit_memory_impl(char*, unsigned long, bool)+0x103
V  [libjvm.so+0x90ed19]  os::pd_commit_memory(char*, unsigned long, unsigned long, bool)+0x29
V  [libjvm.so+0x90867a]  os::commit_memory(char*, unsigned long, unsigned long, bool)+0x2a
V  [libjvm.so+0x97bac3]  PSVirtualSpace::expand_by(unsigned long)+0x53
V  [libjvm.so+0x97cec8]  PSYoungGen::resize_generation(unsigned long, unsigned long)+0xf8
V  [libjvm.so+0x97c022]  PSYoungGen::resize(unsigned long, unsigned long)+0x22
V  [libjvm.so+0x9792fb]  PSScavenge::invoke_no_policy()+0xf7b
V  [libjvm.so+0x979a81]  PSScavenge::invoke()+0x41
V  [libjvm.so+0x932050]  ParallelScavengeHeap::failed_mem_allocate(unsigned long)+0x70
V  [libjvm.so+0xaae1d7]  VM_ParallelGCFailedAllocation::doit()+0x97
V  [libjvm.so+0xab59c5]  VM_Operation::evaluate()+0x55
V  [libjvm.so+0xab3d9a]  VMThread::evaluate_operation(VM_Operation*)+0xba
V  [libjvm.so+0xab411e]  VMThread::loop()+0x1ce
V  [libjvm.so+0xab4590]  VMThread::run()+0x70
V  [libjvm.so+0x910de8]  java_start(Thread*)+0x108

VM_Operation (0x00007fa426ea6110): ParallelGCFailedAllocation, mode: safepoint, requested by thread 0x00007fa42000b000


---------------  P R O C E S S  ---------------

Java Threads: ( => current thread )
  0x00007fa4200c4800 JavaThread "Service Thread" daemon [_thread_blocked, id=9985, stack(0x00007fa40c654000,0x00007fa40c755000)]
  0x00007fa4200bf000 JavaThread "C1 CompilerThread2" daemon [_thread_blocked, id=9984, stack(0x00007fa40c755000,0x00007fa40c856000)]
  0x00007fa4200bd000 JavaThread "C2 CompilerThread1" daemon [_thread_blocked, id=9983, stack(0x00007fa40c856000,0x00007fa40c957000)]
  0x00007fa4200ba000 JavaThread "C2 CompilerThread0" daemon [_thread_blocked, id=9982, stack(0x00007fa40c957000,0x00007fa40ca58000)]
  0x00007fa4200b9000 JavaThread "Signal Dispatcher" daemon [_thread_blocked, id=9981, stack(0x00007fa40ca58000,0x00007fa40cb59000)]
  0x00007fa420080800 JavaThread "Finalizer" daemon [_thread_blocked, id=9980, stack(0x00007fa40cb59000,0x00007fa40cc5a000)]
  0x00007fa42007e800 JavaThread "Reference Handler" daemon [_thread_blocked, id=9979, stack(0x00007fa40cc5a000,0x00007fa40cd5b000)]
  0x00007fa42000b000 JavaThread "main" [_thread_blocked, id=9973, stack(0x00007fa426da7000,0x00007fa426ea8000)]

Other Threads:
=>0x00007fa420079800 VMThread [stack: 0x00007fa40cd5b000,0x00007fa40ce5c000] [id=9978]
  0x00007fa4200c7000 WatcherThread [stack: 0x00007fa40c553000,0x00007fa40c654000] [id=9986]

VM state:at safepoint (normal execution)

VM Mutex/Monitor currently owned by a thread:  ([mutex/lock_event])
[0x00007fa420008950] Threads_lock - owner thread: 0x00007fa420079800
[0x00007fa420008e50] Heap_lock - owner thread: 0x00007fa42000b000

Heap:
 PSYoungGen      total 107520K, used 11253K [0x00000000eab00000, 0x00000000f1f00000, 0x0000000100000000)
  eden space 96256K, 0% used [0x00000000eab00000,0x00000000eab00000,0x00000000f0900000)
  from space 11264K, 99% used [0x00000000f0900000,0x00000000f13fd440,0x00000000f1400000)
  to   space 11264K, 0% used [0x00000000f1400000,0x00000000f1400000,0x00000000f1f00000)
 ParOldGen       total 62976K, used 22132K [0x00000000c0000000, 0x00000000c3d80000, 0x00000000eab00000)
  object space 62976K, 35% used [0x00000000c0000000,0x00000000c159d1e0,0x00000000c3d80000)
 Metaspace       used 7827K, capacity 8138K, committed 8320K, reserved 1056768K
  class space    used 757K, capacity 821K, committed 896K, reserved 1048576K

Card table byte_map: [0x00007fa410dff000,0x00007fa411000000] byte_map_base: 0x00007fa4107ff000

Marking Bits: (ParMarkBitMap*) 0x00007fa42628d760
 Begin Bits: [0x00007fa40e9fb000, 0x00007fa40f9fb000)
 End Bits:   [0x00007fa40f9fb000, 0x00007fa4109fb000)

Polling page: 0x00007fa426eca000

CodeCache: size=245760Kb used=9316Kb max_used=9327Kb free=236443Kb
 bounds [0x00007fa411000000, 0x00007fa411930000, 0x00007fa420000000]
 total_blobs=2908 nmethods=2612 adapters=210
 compilation: enabled

Compilation events (10 events):
Event: 4,451 Thread 0x00007fa4200bd000 nmethod 2626 0x00007fa411923b90 code [0x00007fa411923ea0, 0x00007fa411925af0]
Event: 4,451 Thread 0x00007fa4200bd000 2630       4       com.android.dx.merge.IndexMap$EncodedValueTransformer::transformArray (32 bytes)
Event: 4,471 Thread 0x00007fa4200bd000 nmethod 2630 0x00007fa411913390 code [0x00007fa411913580, 0x00007fa411913e98]
Event: 4,471 Thread 0x00007fa4200bd000 2637       4       com.android.dx.io.instructions.InstructionCodec$10::decode (50 bytes)
Event: 4,474 Thread 0x00007fa4200bd000 nmethod 2637 0x00007fa411905e10 code [0x00007fa411905f80, 0x00007fa4119061b8]
Event: 4,474 Thread 0x00007fa4200bd000 2640       4       com.android.dx.io.instructions.InstructionCodec$10::encode (30 bytes)
Event: 4,477 Thread 0x00007fa4200bd000 nmethod 2640 0x00007fa411917890 code [0x00007fa411917a00, 0x00007fa411917c18]
Event: 4,477 Thread 0x00007fa4200bd000 2622       4       com.android.dx.util.ByteArrayAnnotatedOutput::<init> (54 bytes)
Event: 4,478 Thread 0x00007fa4200bd000 nmethod 2622 0x00007fa4118ff150 code [0x00007fa4118ff2a0, 0x00007fa4118ff358]
Event: 4,478 Thread 0x00007fa4200bd000 2618       4       com.android.dx.merge.DexMerger$3::read (8 bytes)

GC Heap History (10 events):
Event: 2,482 GC heap after
Heap after GC invocations=2 (full 0):
 PSYoungGen      total 27648K, used 3572K [0x00000000eab00000, 0x00000000ee100000, 0x0000000100000000)
  eden space 24064K, 0% used [0x00000000eab00000,0x00000000eab00000,0x00000000ec280000)
  from space 3584K, 99% used [0x00000000ec600000,0x00000000ec97d078,0x00000000ec980000)
  to   space 3584K, 0% used [0x00000000ec280000,0x00000000ec280000,0x00000000ec600000)
 ParOldGen       total 62976K, used 8580K [0x00000000c0000000, 0x00000000c3d80000, 0x00000000eab00000)
  object space 62976K, 13% used [0x00000000c0000000,0x00000000c08610c0,0x00000000c3d80000)
 Metaspace       used 5683K, capacity 6960K, committed 7040K, reserved 1056768K
  class space    used 545K, capacity 616K, committed 640K, reserved 1048576K
}
Event: 2,784 GC heap before
{Heap before GC invocations=3 (full 0):
 PSYoungGen      total 27648K, used 27538K [0x00000000eab00000, 0x00000000ee100000, 0x0000000100000000)
  eden space 24064K, 99% used [0x00000000eab00000,0x00000000ec267850,0x00000000ec280000)
  from space 3584K, 99% used [0x00000000ec600000,0x00000000ec97d078,0x00000000ec980000)
  to   space 3584K, 0% used [0x00000000ec280000,0x00000000ec280000,0x00000000ec600000)
 ParOldGen       total 62976K, used 8580K [0x00000000c0000000, 0x00000000c3d80000, 0x00000000eab00000)
  object space 62976K, 13% used [0x00000000c0000000,0x00000000c08610c0,0x00000000c3d80000)
 Metaspace       used 6029K, capacity 7216K, committed 7296K, reserved 1056768K
  class space    used 567K, capacity 616K, committed 640K, reserved 1048576K
Event: 2,799 GC heap after
Heap after GC invocations=3 (full 0):
 PSYoungGen      total 27648K, used 3557K [0x00000000eab00000, 0x00000000ee100000, 0x0000000100000000)
  eden space 24064K, 0% used [0x00000000eab00000,0x00000000eab00000,0x00000000ec280000)
  from space 3584K, 99% used [0x00000000ec280000,0x00000000ec5f97b0,0x00000000ec600000)
  to   space 3584K, 0% used [0x00000000edd80000,0x00000000edd80000,0x00000000ee100000)
 ParOldGen       total 62976K, used 14714K [0x00000000c0000000, 0x00000000c3d80000, 0x00000000eab00000)
  object space 62976K, 23% used [0x00000000c0000000,0x00000000c0e5eb80,0x00000000c3d80000)
 Metaspace       used 6029K, capacity 7216K, committed 7296K, reserved 1056768K
  class space    used 567K, capacity 616K, committed 640K, reserved 1048576K
}
Event: 3,536 GC heap before
{Heap before GC invocations=4 (full 0):
 PSYoungGen      total 27648K, used 27539K [0x00000000eab00000, 0x00000000ee100000, 0x0000000100000000)
  eden space 24064K, 99% used [0x00000000eab00000,0x00000000ec26b478,0x00000000ec280000)
  from space 3584K, 99% used [0x00000000ec280000,0x00000000ec5f97b0,0x00000000ec600000)
  to   space 3584K, 0% used [0x00000000edd80000,0x00000000edd80000,0x00000000ee100000)
 ParOldGen       total 62976K, used 14714K [0x00000000c0000000, 0x00000000c3d80000, 0x00000000eab00000)
  object space 62976K, 23% used [0x00000000c0000000,0x00000000c0e5eb80,0x00000000c3d80000)
 Metaspace       used 7679K, capacity 8100K, committed 8320K, reserved 1056768K
  class space    used 748K, capacity 788K, committed 896K, reserved 1048576K
Event: 3,555 GC heap after
Heap after GC invocations=4 (full 0):
 PSYoungGen      total 51712K, used 3569K [0x00000000eab00000, 0x00000000ee100000, 0x0000000100000000)
  eden space 48128K, 0% used [0x00000000eab00000,0x00000000eab00000,0x00000000eda00000)
  from space 3584K, 99% used [0x00000000edd80000,0x00000000ee0fc778,0x00000000ee100000)
  to   space 3584K, 0% used [0x00000000eda00000,0x00000000eda00000,0x00000000edd80000)
 ParOldGen       total 62976K, used 16129K [0x00000000c0000000, 0x00000000c3d80000, 0x00000000eab00000)
  object space 62976K, 25% used [0x00000000c0000000,0x00000000c0fc0768,0x00000000c3d80000)
 Metaspace       used 7679K, capacity 8100K, committed 8320K, reserved 1056768K
  class space    used 748K, capacity 788K, committed 896K, reserved 1048576K
}
Event: 3,858 GC heap before
{Heap before GC invocations=5 (full 0):
 PSYoungGen      total 51712K, used 51697K [0x00000000eab00000, 0x00000000ee100000, 0x0000000100000000)
  eden space 48128K, 100% used [0x00000000eab00000,0x00000000eda00000,0x00000000eda00000)
  from space 3584K, 99% used [0x00000000edd80000,0x00000000ee0fc778,0x00000000ee100000)
  to   space 3584K, 0% used [0x00000000eda00000,0x00000000eda00000,0x00000000edd80000)
 ParOldGen       total 62976K, used 16129K [0x00000000c0000000, 0x00000000c3d80000, 0x00000000eab00000)
  object space 62976K, 25% used [0x00000000c0000000,0x00000000c0fc0768,0x00000000c3d80000)
 Metaspace       used 7794K, capacity 8138K, committed 8320K, reserved 1056768K
  class space    used 757K, capacity 821K, committed 896K, reserved 1048576K
Event: 3,872 GC heap after
Heap after GC invocations=5 (full 0):
 PSYoungGen      total 51712K, used 3575K [0x00000000eab00000, 0x00000000f1f00000, 0x0000000100000000)
  eden space 48128K, 0% used [0x00000000eab00000,0x00000000eab00000,0x00000000eda00000)
  from space 3584K, 99% used [0x00000000eda00000,0x00000000edd7ddd0,0x00000000edd80000)
  to   space 11264K, 0% used [0x00000000f1400000,0x00000000f1400000,0x00000000f1f00000)
 ParOldGen       total 62976K, used 18811K [0x00000000c0000000, 0x00000000c3d80000, 0x00000000eab00000)
  object space 62976K, 29% used [0x00000000c0000000,0x00000000c125ee90,0x00000000c3d80000)
 Metaspace       used 7794K, capacity 8138K, committed 8320K, reserved 1056768K
  class space    used 757K, capacity 821K, committed 896K, reserved 1048576K
}
Event: 4,099 GC heap before
{Heap before GC invocations=6 (full 0):
 PSYoungGen      total 51712K, used 51703K [0x00000000eab00000, 0x00000000f1f00000, 0x0000000100000000)
  eden space 48128K, 100% used [0x00000000eab00000,0x00000000eda00000,0x00000000eda00000)
  from space 3584K, 99% used [0x00000000eda00000,0x00000000edd7ddd0,0x00000000edd80000)
  to   space 11264K, 0% used [0x00000000f1400000,0x00000000f1400000,0x00000000f1f00000)
 ParOldGen       total 62976K, used 18811K [0x00000000c0000000, 0x00000000c3d80000, 0x00000000eab00000)
  object space 62976K, 29% used [0x00000000c0000000,0x00000000c125ee90,0x00000000c3d80000)
 Metaspace       used 7816K, capacity 8138K, committed 8320K, reserved 1056768K
  class space    used 757K, capacity 821K, committed 896K, reserved 1048576K
Event: 4,111 GC heap after
Heap after GC invocations=6 (full 0):
 PSYoungGen      total 107520K, used 5905K [0x00000000eab00000, 0x00000000f1f00000, 0x0000000100000000)
  eden space 96256K, 0% used [0x00000000eab00000,0x00000000eab00000,0x00000000f0900000)
  from space 11264K, 52% used [0x00000000f1400000,0x00000000f19c4798,0x00000000f1f00000)
  to   space 11264K, 0% used [0x00000000f0900000,0x00000000f0900000,0x00000000f1400000)
 ParOldGen       total 62976K, used 18811K [0x00000000c0000000, 0x00000000c3d80000, 0x00000000eab00000)
  object space 62976K, 29% used [0x00000000c0000000,0x00000000c125ee90,0x00000000c3d80000)
 Metaspace       used 7816K, capacity 8138K, committed 8320K, reserved 1056768K
  class space    used 757K, capacity 821K, committed 896K, reserved 1048576K
}
Event: 4,502 GC heap before
{Heap before GC invocations=7 (full 0):
 PSYoungGen      total 107520K, used 102161K [0x00000000eab00000, 0x00000000f1f00000, 0x0000000100000000)
  eden space 96256K, 100% used [0x00000000eab00000,0x00000000f0900000,0x00000000f0900000)
  from space 11264K, 52% used [0x00000000f1400000,0x00000000f19c4798,0x00000000f1f00000)
  to   space 11264K, 0% used [0x00000000f0900000,0x00000000f0900000,0x00000000f1400000)
 ParOldGen       total 62976K, used 18811K [0x00000000c0000000, 0x00000000c3d80000, 0x00000000eab00000)
  object space 62976K, 29% used [0x00000000c0000000,0x00000000c125ee90,0x00000000c3d80000)
 Metaspace       used 7827K, capacity 8138K, committed 8320K, reserved 1056768K
  class space    used 757K, capacity 821K, committed 896K, reserved 1048576K

Deoptimization events (10 events):
Event: 3,217 Thread 0x00007fa42000b000 Uncommon trap: reason=unstable_if action=reinterpret pc=0x00007fa4116ffbf8 method=sun.misc.MetaIndex.mayContain(Ljava/lang/String;)Z @ 13
Event: 3,219 Thread 0x00007fa42000b000 Uncommon trap: reason=class_check action=maybe_recompile pc=0x00007fa4114ca338 method=java.util.ArrayList.<init>(Ljava/util/Collection;)V @ 6
Event: 3,294 Thread 0x00007fa42000b000 Uncommon trap: reason=class_check action=maybe_recompile pc=0x00007fa4114ca338 method=java.util.ArrayList.<init>(Ljava/util/Collection;)V @ 6
Event: 3,320 Thread 0x00007fa42000b000 Uncommon trap: reason=unstable_if action=reinterpret pc=0x00007fa4117536a8 method=com.android.dex.util.Unsigned.compare(II)I @ 2
Event: 3,325 Thread 0x00007fa42000b000 Uncommon trap: reason=predicate action=maybe_recompile pc=0x00007fa4117ac518 method=com.android.dex.Leb128.readUnsignedLeb128(Lcom/android/dex/util/ByteInput;)I @ 41
Event: 3,461 Thread 0x00007fa42000b000 Uncommon trap: reason=unstable_if action=reinterpret pc=0x00007fa411660f14 method=java.util.HashMap.getNode(ILjava/lang/Object;)Ljava/util/HashMap$Node; @ 84
Event: 3,568 Thread 0x00007fa42000b000 Uncommon trap: reason=unstable_if action=reinterpret pc=0x00007fa4117d5d60 method=com.android.dex.FieldId.compareTo(Lcom/android/dex/FieldId;)I @ 8
Event: 3,568 Thread 0x00007fa42000b000 Uncommon trap: reason=unstable_if action=reinterpret pc=0x00007fa4117d56d4 method=com.android.dex.FieldId.compareTo(Lcom/android/dex/FieldId;)I @ 8
Event: 3,934 Thread 0x00007fa42000b000 Uncommon trap: reason=unstable_if action=reinterpret pc=0x00007fa411896c90 method=com.android.dex.EncodedValueCodec.readUnsignedInt(Lcom/android/dex/util/ByteInput;IZ)I @ 3
Event: 4,299 Thread 0x00007fa42000b000 Uncommon trap: reason=unstable_if action=reinterpret pc=0x00007fa4114c1adc method=java.lang.Long.numberOfTrailingZeros(J)I @ 3

Internal exceptions (7 events):
Event: 0,304 Thread 0x00007fa42000b000 Exception <a 'java/lang/NoSuchMethodError': Method sun.misc.Unsafe.defineClass(Ljava/lang/String;[BII)Ljava/lang/Class; name or signature does not match> (0x00000000eab12a40) thrown at [/RE-WORK/workspace/8-2-build-linux-amd64/jdk8u45/3457/hotspot/src/sha
Event: 0,304 Thread 0x00007fa42000b000 Exception <a 'java/lang/NoSuchMethodError': Method sun.misc.Unsafe.prefetchRead(Ljava/lang/Object;J)V name or signature does not match> (0x00000000eab12cd0) thrown at [/RE-WORK/workspace/8-2-build-linux-amd64/jdk8u45/3457/hotspot/src/share/vm/prims/jni.cp
Event: 1,949 Thread 0x00007fa42000b000 Implicit null exception at 0x00007fa411498a62 to 0x00007fa411498b53
Event: 3,217 Thread 0x00007fa42000b000 Exception <a 'java/security/PrivilegedActionException'> (0x00000000eaf97c98) thrown at [/RE-WORK/workspace/8-2-build-linux-amd64/jdk8u45/3457/hotspot/src/share/vm/prims/jvm.cpp, line 1382]
Event: 3,217 Thread 0x00007fa42000b000 Exception <a 'java/security/PrivilegedActionException'> (0x00000000eaf97fe0) thrown at [/RE-WORK/workspace/8-2-build-linux-amd64/jdk8u45/3457/hotspot/src/share/vm/prims/jvm.cpp, line 1382]
Event: 3,217 Thread 0x00007fa42000b000 Exception <a 'java/security/PrivilegedActionException'> (0x00000000eaf9a490) thrown at [/RE-WORK/workspace/8-2-build-linux-amd64/jdk8u45/3457/hotspot/src/share/vm/prims/jvm.cpp, line 1382]
Event: 3,217 Thread 0x00007fa42000b000 Exception <a 'java/security/PrivilegedActionException'> (0x00000000eaf9a7d8) thrown at [/RE-WORK/workspace/8-2-build-linux-amd64/jdk8u45/3457/hotspot/src/share/vm/prims/jvm.cpp, line 1382]

Events (10 events):
Event: 3,934 Thread 0x00007fa42000b000 DEOPT PACKING pc=0x00007fa411896c90 sp=0x00007fa426ea62e0
Event: 3,934 Thread 0x00007fa42000b000 DEOPT UNPACKING pc=0x00007fa411005229 sp=0x00007fa426ea62b8 mode 2
Event: 4,099 Executing VM operation: ParallelGCFailedAllocation
Event: 4,111 Executing VM operation: ParallelGCFailedAllocation done
Event: 4,299 Thread 0x00007fa42000b000 Uncommon trap: trap_request=0xffffff65 fr.pc=0x00007fa4114c1adc
Event: 4,299 Thread 0x00007fa42000b000 DEOPT PACKING pc=0x00007fa4114c1adc sp=0x00007fa426ea61b0
Event: 4,299 Thread 0x00007fa42000b000 DEOPT UNPACKING pc=0x00007fa411005229 sp=0x00007fa426ea6160 mode 2
Event: 4,404 Executing VM operation: EnableBiasedLocking
Event: 4,404 Executing VM operation: EnableBiasedLocking done
Event: 4,502 Executing VM operation: ParallelGCFailedAllocation


Dynamic libraries:
00400000-00401000 r-xp 00000000 08:06 3283318                            /usr/java/jdk1.8.0_45/bin/java
00600000-00601000 rw-p 00000000 08:06 3283318                            /usr/java/jdk1.8.0_45/bin/java
00f9c000-00fbd000 rw-p 00000000 00:00 0                                  [heap]
c0000000-c3d80000 rw-p 00000000 00:00 0 
c3d80000-eab00000 ---p 00000000 00:00 0 
eab00000-f1f00000 rw-p 00000000 00:00 0 
f8300000-100000000 ---p 00000000 00:00 0 
100000000-1000e0000 rw-p 00000000 00:00 0 
1000e0000-140000000 ---p 00000000 00:00 0 
7fa3cc000000-7fa3cc021000 rw-p 00000000 00:00 0 
7fa3cc021000-7fa3d0000000 ---p 00000000 00:00 0 
7fa3d0000000-7fa3d0021000 rw-p 00000000 00:00 0 
7fa3d0021000-7fa3d4000000 ---p 00000000 00:00 0 
7fa3d4000000-7fa3d4ab1000 rw-p 00000000 00:00 0 
7fa3d4ab1000-7fa3d8000000 ---p 00000000 00:00 0 
7fa3d8000000-7fa3d8759000 rw-p 00000000 00:00 0 
7fa3d8759000-7fa3dc000000 ---p 00000000 00:00 0 
7fa3dc000000-7fa3dca0b000 rw-p 00000000 00:00 0 
7fa3dca0b000-7fa3e0000000 ---p 00000000 00:00 0 
7fa3e1a8d000-7fa3e8000000 r--p 00000000 08:06 3155507                    /usr/lib/locale/locale-archive
7fa3e8000000-7fa3e8021000 rw-p 00000000 00:00 0 
7fa3e8021000-7fa3ec000000 ---p 00000000 00:00 0 
7fa3ec000000-7fa3ec021000 rw-p 00000000 00:00 0 
7fa3ec021000-7fa3f0000000 ---p 00000000 00:00 0 
7fa3f0000000-7fa3f0295000 rw-p 00000000 00:00 0 
7fa3f0295000-7fa3f4000000 ---p 00000000 00:00 0 
7fa3f4000000-7fa3f4021000 rw-p 00000000 00:00 0 
7fa3f4021000-7fa3f8000000 ---p 00000000 00:00 0 
7fa3f8000000-7fa3f8021000 rw-p 00000000 00:00 0 
7fa3f8021000-7fa3fc000000 ---p 00000000 00:00 0 
7fa400000000-7fa400021000 rw-p 00000000 00:00 0 
7fa400021000-7fa404000000 ---p 00000000 00:00 0 
7fa404000000-7fa404021000 rw-p 00000000 00:00 0 
7fa404021000-7fa408000000 ---p 00000000 00:00 0 
7fa408000000-7fa408021000 rw-p 00000000 00:00 0 
7fa408021000-7fa40c000000 ---p 00000000 00:00 0 
7fa40c31c000-7fa40c31e000 r-xp 00000000 08:06 3410305                    /usr/lib64/gconv/ISO8859-1.so
7fa40c31e000-7fa40c51d000 ---p 00002000 08:06 3410305                    /usr/lib64/gconv/ISO8859-1.so
7fa40c51d000-7fa40c51e000 r--p 00001000 08:06 3410305                    /usr/lib64/gconv/ISO8859-1.so
7fa40c51e000-7fa40c51f000 rw-p 00002000 08:06 3410305                    /usr/lib64/gconv/ISO8859-1.so
7fa40c51f000-7fa40c526000 r--s 00000000 08:06 3410368                    /usr/lib64/gconv/gconv-modules.cache
7fa40c526000-7fa40c53b000 r--p 00000000 08:06 4723113                    /usr/share/locale/pt_BR/LC_MESSAGES/libc.mo
7fa40c53b000-7fa40c545000 r--s 0021b000 08:06 3283510                    /usr/java/jdk1.8.0_45/jre/lib/ext/localedata.jar
7fa40c545000-7fa40c553000 r--s 000dc000 08:05 1088367                    /home/arthur/android-sdk/build-tools/21.0.2/lib/dx.jar
7fa40c553000-7fa40c554000 ---p 00000000 00:00 0 
7fa40c554000-7fa40c654000 rw-p 00000000 00:00 0                          [stack:9986]
7fa40c654000-7fa40c657000 ---p 00000000 00:00 0 
7fa40c657000-7fa40c755000 rw-p 00000000 00:00 0                          [stack:9985]
7fa40c755000-7fa40c758000 ---p 00000000 00:00 0 
7fa40c758000-7fa40c856000 rw-p 00000000 00:00 0                          [stack:9984]
7fa40c856000-7fa40c859000 ---p 00000000 00:00 0 
7fa40c859000-7fa40c957000 rw-p 00000000 00:00 0                          [stack:9983]
7fa40c957000-7fa40c95a000 ---p 00000000 00:00 0 
7fa40c95a000-7fa40ca58000 rw-p 00000000 00:00 0                          [stack:9982]
7fa40ca58000-7fa40ca5b000 ---p 00000000 00:00 0 
7fa40ca5b000-7fa40cb59000 rw-p 00000000 00:00 0                          [stack:9981]
7fa40cb59000-7fa40cb5c000 ---p 00000000 00:00 0 
7fa40cb5c000-7fa40cc5a000 rw-p 00000000 00:00 0                          [stack:9980]
7fa40cc5a000-7fa40cc5d000 ---p 00000000 00:00 0 
7fa40cc5d000-7fa40cd5b000 rw-p 00000000 00:00 0                          [stack:9979]
7fa40cd5b000-7fa40cd5c000 ---p 00000000 00:00 0 
7fa40cd5c000-7fa40ddad000 rw-p 00000000 00:00 0                          [stack:9978]
7fa40ddad000-7fa40df85000 r--s 03cc3000 08:06 3283766                    /usr/java/jdk1.8.0_45/jre/lib/rt.jar
7fa40df85000-7fa40e73b000 rw-p 00000000 00:00 0 
7fa40e73b000-7fa40e7fb000 ---p 00000000 00:00 0 
7fa40e7fb000-7fa4109fb000 rw-p 00000000 00:00 0 
7fa4109fb000-7fa4109fc000 ---p 00000000 00:00 0 
7fa4109fc000-7fa410afc000 rw-p 00000000 00:00 0                          [stack:9977]
7fa410afc000-7fa410afd000 ---p 00000000 00:00 0 
7fa410afd000-7fa410bfd000 rw-p 00000000 00:00 0                          [stack:9976]
7fa410bfd000-7fa410bfe000 ---p 00000000 00:00 0 
7fa410bfe000-7fa410cfe000 rw-p 00000000 00:00 0                          [stack:9975]
7fa410cfe000-7fa410cff000 ---p 00000000 00:00 0 
7fa410cff000-7fa410e1e000 rw-p 00000000 00:00 0                          [stack:9974]
7fa410e1e000-7fa410f54000 ---p 00000000 00:00 0 
7fa410f54000-7fa410f8f000 rw-p 00000000 00:00 0 
7fa410f8f000-7fa410fff000 ---p 00000000 00:00 0 
7fa410fff000-7fa411000000 rw-p 00000000 00:00 0 
7fa411000000-7fa411930000 rwxp 00000000 00:00 0 
7fa411930000-7fa420000000 ---p 00000000 00:00 0 
7fa420000000-7fa420396000 rw-p 00000000 00:00 0 
7fa420396000-7fa424000000 ---p 00000000 00:00 0 
7fa424004000-7fa424086000 rw-p 00000000 00:00 0 
7fa424086000-7fa4241bd000 ---p 00000000 00:00 0 
7fa4241bd000-7fa4241e2000 rw-p 00000000 00:00 0 
7fa4241e2000-7fa42457d000 ---p 00000000 00:00 0 
7fa42457d000-7fa424597000 r-xp 00000000 08:06 3283503                    /usr/java/jdk1.8.0_45/jre/lib/amd64/libzip.so
7fa424597000-7fa424797000 ---p 0001a000 08:06 3283503                    /usr/java/jdk1.8.0_45/jre/lib/amd64/libzip.so
7fa424797000-7fa424798000 rw-p 0001a000 08:06 3283503                    /usr/java/jdk1.8.0_45/jre/lib/amd64/libzip.so
7fa424798000-7fa4247a4000 r-xp 00000000 08:06 3153063                    /usr/lib64/libnss_files-2.20.so
7fa4247a4000-7fa4249a3000 ---p 0000c000 08:06 3153063                    /usr/lib64/libnss_files-2.20.so
7fa4249a3000-7fa4249a4000 r--p 0000b000 08:06 3153063                    /usr/lib64/libnss_files-2.20.so
7fa4249a4000-7fa4249a5000 rw-p 0000c000 08:06 3153063                    /usr/lib64/libnss_files-2.20.so
7fa4249a5000-7fa4249cf000 r-xp 00000000 08:06 3283467                    /usr/java/jdk1.8.0_45/jre/lib/amd64/libjava.so
7fa4249cf000-7fa424bcf000 ---p 0002a000 08:06 3283467                    /usr/java/jdk1.8.0_45/jre/lib/amd64/libjava.so
7fa424bcf000-7fa424bd1000 rw-p 0002a000 08:06 3283467                    /usr/java/jdk1.8.0_45/jre/lib/amd64/libjava.so
7fa424bd1000-7fa424bde000 r-xp 00000000 08:06 3283502                    /usr/java/jdk1.8.0_45/jre/lib/amd64/libverify.so
7fa424bde000-7fa424dde000 ---p 0000d000 08:06 3283502                    /usr/java/jdk1.8.0_45/jre/lib/amd64/libverify.so
7fa424dde000-7fa424de0000 rw-p 0000d000 08:06 3283502                    /usr/java/jdk1.8.0_45/jre/lib/amd64/libverify.so
7fa424de0000-7fa424de7000 r-xp 00000000 08:06 3153178                    /usr/lib64/librt-2.20.so
7fa424de7000-7fa424fe6000 ---p 00007000 08:06 3153178                    /usr/lib64/librt-2.20.so
7fa424fe6000-7fa424fe7000 r--p 00006000 08:06 3153178                    /usr/lib64/librt-2.20.so
7fa424fe7000-7fa424fe8000 rw-p 00007000 08:06 3153178                    /usr/lib64/librt-2.20.so
7fa424fe8000-7fa4250ef000 r-xp 00000000 08:06 3152668                    /usr/lib64/libm-2.20.so
7fa4250ef000-7fa4252ee000 ---p 00107000 08:06 3152668                    /usr/lib64/libm-2.20.so
7fa4252ee000-7fa4252ef000 r--p 00106000 08:06 3152668                    /usr/lib64/libm-2.20.so
7fa4252ef000-7fa4252f0000 rw-p 00107000 08:06 3152668                    /usr/lib64/libm-2.20.so
7fa4252f0000-7fa425f9e000 r-xp 00000000 08:06 3283507                    /usr/java/jdk1.8.0_45/jre/lib/amd64/server/libjvm.so
7fa425f9e000-7fa42619d000 ---p 00cae000 08:06 3283507                    /usr/java/jdk1.8.0_45/jre/lib/amd64/server/libjvm.so
7fa42619d000-7fa426274000 rw-p 00cad000 08:06 3283507                    /usr/java/jdk1.8.0_45/jre/lib/amd64/server/libjvm.so
7fa426274000-7fa4262b8000 rw-p 00000000 00:00 0 
7fa4262b8000-7fa42646b000 r-xp 00000000 08:06 3152535                    /usr/lib64/libc-2.20.so
7fa42646b000-7fa42666b000 ---p 001b3000 08:06 3152535                    /usr/lib64/libc-2.20.so
7fa42666b000-7fa42666f000 r--p 001b3000 08:06 3152535                    /usr/lib64/libc-2.20.so
7fa42666f000-7fa426671000 rw-p 001b7000 08:06 3152535                    /usr/lib64/libc-2.20.so
7fa426671000-7fa426675000 rw-p 00000000 00:00 0 
7fa426675000-7fa426678000 r-xp 00000000 08:06 3152645                    /usr/lib64/libdl-2.20.so
7fa426678000-7fa426877000 ---p 00003000 08:06 3152645                    /usr/lib64/libdl-2.20.so
7fa426877000-7fa426878000 r--p 00002000 08:06 3152645                    /usr/lib64/libdl-2.20.so
7fa426878000-7fa426879000 rw-p 00003000 08:06 3152645                    /usr/lib64/libdl-2.20.so
7fa426879000-7fa42688e000 r-xp 00000000 08:06 3414647                    /usr/java/jdk1.8.0_45/lib/amd64/jli/libjli.so
7fa42688e000-7fa426a8e000 ---p 00015000 08:06 3414647                    /usr/java/jdk1.8.0_45/lib/amd64/jli/libjli.so
7fa426a8e000-7fa426a8f000 rw-p 00015000 08:06 3414647                    /usr/java/jdk1.8.0_45/lib/amd64/jli/libjli.so
7fa426a8f000-7fa426aa6000 r-xp 00000000 08:06 3153067                    /usr/lib64/libpthread-2.20.so
7fa426aa6000-7fa426ca5000 ---p 00017000 08:06 3153067                    /usr/lib64/libpthread-2.20.so
7fa426ca5000-7fa426ca6000 r--p 00016000 08:06 3153067                    /usr/lib64/libpthread-2.20.so
7fa426ca6000-7fa426ca7000 rw-p 00017000 08:06 3153067                    /usr/lib64/libpthread-2.20.so
7fa426ca7000-7fa426cab000 rw-p 00000000 00:00 0 
7fa426cab000-7fa426ccc000 r-xp 00000000 08:06 3155505                    /usr/lib64/ld-2.20.so
7fa426cd0000-7fa426cd5000 r--s 00093000 08:06 3283751                    /usr/java/jdk1.8.0_45/jre/lib/jsse.jar
7fa426cd5000-7fa426da7000 rw-p 00000000 00:00 0 
7fa426da7000-7fa426daa000 ---p 00000000 00:00 0 
7fa426daa000-7fa426ec1000 rw-p 00000000 00:00 0                          [stack:9973]
7fa426ec1000-7fa426ec9000 rw-s 00000000 00:23 352631                     /tmp/hsperfdata_arthur/9968
7fa426ec9000-7fa426eca000 rw-p 00000000 00:00 0 
7fa426eca000-7fa426ecb000 ---p 00000000 00:00 0 
7fa426ecb000-7fa426ecc000 rw-p 00000000 00:00 0 
7fa426ecc000-7fa426ecd000 r--p 00021000 08:06 3155505                    /usr/lib64/ld-2.20.so
7fa426ecd000-7fa426ece000 rw-p 00022000 08:06 3155505                    /usr/lib64/ld-2.20.so
7fa426ece000-7fa426ecf000 rw-p 00000000 00:00 0 
7ffcea666000-7ffcea688000 rw-p 00000000 00:00 0                          [stack]
7ffcea750000-7ffcea752000 r--p 00000000 00:00 0                          [vvar]
7ffcea752000-7ffcea754000 r-xp 00000000 00:00 0                          [vdso]
ffffffffff600000-ffffffffff601000 r-xp 00000000 00:00 0                  [vsyscall]

VM Arguments:
jvm_args: -Xmx1024M -Dfile.encoding=UTF-8 -Duser.country=BR -Duser.language=pt -Duser.variant 
java_command: com.android.dx.command.Main --dex --output /home/arthur/AndroidStudioProjects/Graficos/app/build/intermediates/dex/debug /home/arthur/AndroidStudioProjects/Graficos/app/build/intermediates/classes/debug /home/arthur/AndroidStudioProjects/Graficos/app/build/intermediates/pre-dexed/debug/classes-6dbcd39732ccedf9de35d9313785dc74560af202.jar /home/arthur/AndroidStudioProjects/Graficos/app/build/intermediates/pre-dexed/debug/support-annotations-22.1.1-696002db50393f713df89bdb3659e9f64e86c272.jar /home/arthur/AndroidStudioProjects/Graficos/app/build/intermediates/pre-dexed/debug/google-http-client-jackson2-1.19.0-68a06eb2bb5fcfa1ebc7b912926438cf9bfb3512.jar /home/arthur/AndroidStudioProjects/Graficos/app/build/intermediates/pre-dexed/debug/classes-d9e542844eabbf3d925446c1903893ed89e7029c.jar /home/arthur/AndroidStudioProjects/Graficos/app/build/intermediates/pre-dexed/debug/google-api-client-android-1.19.0-32ea0dbdce9544ba71a73c114bfc9fb0a2bf62fc.jar /home/arthur/AndroidStudioProjects/Graficos/app/build/intermediates/pre-dexed/debug/classes-541fdd0d348d04c1af70aa67677dcb5ef519cb3b.jar /home/arthur/AndroidStudioProjects/Graficos/app/build/intermediates/pre-dexed/debug/classes-e1ebf394073b0d0b4fd74fe842c16b5d3a0bc9ac.jar /home/arthur/AndroidStudioProjects/Graficos/app/build/intermediates/pre-dexed/debug/google-http-client-android-1.19.0-7f8030e01d5a681659c210a0ea052e95b4e72a3d.jar /home/arthur/AndroidStudioProjects/Graficos/app/build/intermediates/pre-dexed/debug/classes-648d34fae86c3372b7fad1cb4e91939de6d5af34.jar /home/arthur/AndroidStudioProjects/Graficos/app/build/intermediates/pre-dexed/debug/backend-android-endpoints-33c815a7ee186e74ca64215615b6952d391d7834.jar /home/arthur/AndroidStudioProjects/Graficos/app/build/intermediates/pre-dexed/debug/classes-97caa0a0bf8b85dff29139b0dedfe00255c00a1e.jar /home/arthur/AndroidStudioProjects/Graficos/app/build/intermediates/pre-dexed/debug/jsr305-1.3.9-ef2a9e1cd17bdf46c18e4f5154bc840f6a56ed25.jar /home/arthur/Andr
java_class_path (initial): /home/arthur/android-sdk/build-tools/21.0.2/lib/dx.jar
Launcher Type: SUN_STANDARD

Environment Variables:
PATH=/usr/lib64/qt-3.3/bin:/usr/local/bin:/usr/local/sbin:/usr/bin:/usr/sbin:/bin:/sbin:/home/arthur/.local/bin:/home/arthur/bin
USERNAME=arthur
LD_LIBRARY_PATH=/home/arthur/android-studio/bin:
SHELL=/bin/bash
DISPLAY=:0

Signal Handlers:
SIGSEGV: [libjvm.so+0xaad1e0], sa_mask[0]=11111111011111111101111111111110, sa_flags=SA_RESTART|SA_SIGINFO
SIGBUS: [libjvm.so+0xaad1e0], sa_mask[0]=11111111011111111101111111111110, sa_flags=SA_RESTART|SA_SIGINFO
SIGFPE: [libjvm.so+0x90b450], sa_mask[0]=11111111011111111101111111111110, sa_flags=SA_RESTART|SA_SIGINFO
SIGPIPE: [libjvm.so+0x90b450], sa_mask[0]=11111111011111111101111111111110, sa_flags=SA_RESTART|SA_SIGINFO
SIGXFSZ: [libjvm.so+0x90b450], sa_mask[0]=11111111011111111101111111111110, sa_flags=SA_RESTART|SA_SIGINFO
SIGILL: [libjvm.so+0x90b450], sa_mask[0]=11111111011111111101111111111110, sa_flags=SA_RESTART|SA_SIGINFO
SIGUSR1: SIG_DFL, sa_mask[0]=00000000000000000000000000000000, sa_flags=none
SIGUSR2: [libjvm.so+0x90ca90], sa_mask[0]=00100000000000000000000000000000, sa_flags=SA_RESTART|SA_SIGINFO
SIGHUP: [libjvm.so+0x90dde0], sa_mask[0]=11111111011111111101111111111110, sa_flags=SA_RESTART|SA_SIGINFO
SIGINT: SIG_IGN, sa_mask[0]=00000000000000000000000000000000, sa_flags=none
SIGTERM: [libjvm.so+0x90dde0], sa_mask[0]=11111111011111111101111111111110, sa_flags=SA_RESTART|SA_SIGINFO
SIGQUIT: [libjvm.so+0x90dde0], sa_mask[0]=11111111011111111101111111111110, sa_flags=SA_RESTART|SA_SIGINFO


---------------  S Y S T E M  ---------------

OS:Fedora release 21 (Twenty One)

uname:Linux 3.19.7-200.fc21.x86_64 #1 SMP Thu May 7 22:00:21 UTC 2015 x86_64
libc:glibc 2.20 NPTL 2.20 
rlimit: STACK 8192k, CORE 0k, NPROC 4096, NOFILE 4096, AS infinity
load average:3,53 4,19 4,85

/proc/meminfo:
MemTotal:        5978080 kB
MemFree:          121456 kB
MemAvailable:      85300 kB
Buffers:            1220 kB
Cached:          1249984 kB
SwapCached:         1544 kB
Active:          4476820 kB
Inactive:        1155384 kB
Active(anon):    4465576 kB
Inactive(anon):  1127916 kB
Active(file):      11244 kB
Inactive(file):    27468 kB
Unevictable:         256 kB
Mlocked:             256 kB
SwapTotal:        511996 kB
SwapFree:              0 kB
Dirty:               356 kB
Writeback:            96 kB
AnonPages:       4379956 kB
Mapped:           176728 kB
Shmem:           1212268 kB
Slab:              98760 kB
SReclaimable:      57908 kB
SUnreclaim:        40852 kB
KernelStack:       10496 kB
PageTables:        49324 kB
NFS_Unstable:          0 kB
Bounce:                0 kB
WritebackTmp:          0 kB
CommitLimit:     3501036 kB
Committed_AS:   11094152 kB
VmallocTotal:   34359738367 kB
VmallocUsed:      394272 kB
VmallocChunk:   34359247888 kB
HardwareCorrupted:     0 kB
AnonHugePages:         0 kB
HugePages_Total:       0
HugePages_Free:        0
HugePages_Rsvd:        0
HugePages_Surp:        0
Hugepagesize:       2048 kB
DirectMap4k:      220908 kB
DirectMap2M:     5937152 kB


CPU:total 4 (2 cores per cpu, 2 threads per core) family 6 model 58 stepping 9, cmov, cx8, fxsr, mmx, sse, sse2, sse3, ssse3, sse4.1, sse4.2, popcnt, avx, aes, clmul, erms, ht, tsc, tscinvbit, tscinv

/proc/cpuinfo:
processor	: 0
vendor_id	: GenuineIntel
cpu family	: 6
model		: 58
model name	: Intel(R) Core(TM) i5-3210M CPU @ 2.50GHz
stepping	: 9
microcode	: 0x1b
cpu MHz		: 2899.804
cache size	: 3072 KB
physical id	: 0
siblings	: 4
core id		: 0
cpu cores	: 2
apicid		: 0
initial apicid	: 0
fpu		: yes
fpu_exception	: yes
cpuid level	: 13
wp		: yes
flags		: fpu vme de pse tsc msr pae mce cx8 apic sep mtrr pge mca cmov pat pse36 clflush dts acpi mmx fxsr sse sse2 ss ht tm pbe syscall nx rdtscp lm constant_tsc arch_perfmon pebs bts rep_good nopl xtopology nonstop_tsc aperfmperf eagerfpu pni pclmulqdq dtes64 monitor ds_cpl vmx est tm2 ssse3 cx16 xtpr pdcm pcid sse4_1 sse4_2 x2apic popcnt tsc_deadline_timer aes xsave avx f16c rdrand lahf_lm ida arat epb pln pts dtherm tpr_shadow vnmi flexpriority ept vpid fsgsbase smep erms xsaveopt
bugs		:
bogomips	: 4989.06
clflush size	: 64
cache_alignment	: 64
address sizes	: 36 bits physical, 48 bits virtual
power management:

processor	: 1
vendor_id	: GenuineIntel
cpu family	: 6
model		: 58
model name	: Intel(R) Core(TM) i5-3210M CPU @ 2.50GHz
stepping	: 9
microcode	: 0x1b
cpu MHz		: 2900.000
cache size	: 3072 KB
physical id	: 0
siblings	: 4
core id		: 0
cpu cores	: 2
apicid		: 1
initial apicid	: 1
fpu		: yes
fpu_exception	: yes
cpuid level	: 13
wp		: yes
flags		: fpu vme de pse tsc msr pae mce cx8 apic sep mtrr pge mca cmov pat pse36 clflush dts acpi mmx fxsr sse sse2 ss ht tm pbe syscall nx rdtscp lm constant_tsc arch_perfmon pebs bts rep_good nopl xtopology nonstop_tsc aperfmperf eagerfpu pni pclmulqdq dtes64 monitor ds_cpl vmx est tm2 ssse3 cx16 xtpr pdcm pcid sse4_1 sse4_2 x2apic popcnt tsc_deadline_timer aes xsave avx f16c rdrand lahf_lm ida arat epb pln pts dtherm tpr_shadow vnmi flexpriority ept vpid fsgsbase smep erms xsaveopt
bugs		:
bogomips	: 4989.06
clflush size	: 64
cache_alignment	: 64
address sizes	: 36 bits physical, 48 bits virtual
power management:

processor	: 2
vendor_id	: GenuineIntel
cpu family	: 6
model		: 58
model name	: Intel(R) Core(TM) i5-3210M CPU @ 2.50GHz
stepping	: 9
microcode	: 0x1b
cpu MHz		: 3086.621
cache size	: 3072 KB
physical id	: 0
siblings	: 4
core id		: 1
cpu cores	: 2
apicid		: 2
initial apicid	: 2
fpu		: yes
fpu_exception	: yes
cpuid level	: 13
wp		: yes
flags		: fpu vme de pse tsc msr pae mce cx8 apic sep mtrr pge mca cmov pat pse36 clflush dts acpi mmx fxsr sse sse2 ss ht tm pbe syscall nx rdtscp lm constant_tsc arch_perfmon pebs bts rep_good nopl xtopology nonstop_tsc aperfmperf eagerfpu pni pclmulqdq dtes64 monitor ds_cpl vmx est tm2 ssse3 cx16 xtpr pdcm pcid sse4_1 sse4_2 x2apic popcnt tsc_deadline_timer aes xsave avx f16c rdrand lahf_lm ida arat epb pln pts dtherm tpr_shadow vnmi flexpriority ept vpid fsgsbase smep erms xsaveopt
bugs		:
bogomips	: 4989.06
clflush size	: 64
cache_alignment	: 64
address sizes	: 36 bits physical, 48 bits virtual
power management:

processor	: 3
vendor_id	: GenuineIntel
cpu family	: 6
model		: 58
model name	: Intel(R) Core(TM) i5-3210M CPU @ 2.50GHz
stepping	: 9
microcode	: 0x1b
cpu MHz		: 3071.484
cache size	: 3072 KB
physical id	: 0
siblings	: 4
core id		: 1
cpu cores	: 2
apicid		: 3
initial apicid	: 3
fpu		: yes
fpu_exception	: yes
cpuid level	: 13
wp		: yes
flags		: fpu vme de pse tsc msr pae mce cx8 apic sep mtrr pge mca cmov pat pse36 clflush dts acpi mmx fxsr sse sse2 ss ht tm pbe syscall nx rdtscp lm constant_tsc arch_perfmon pebs bts rep_good nopl xtopology nonstop_tsc aperfmperf eagerfpu pni pclmulqdq dtes64 monitor ds_cpl vmx est tm2 ssse3 cx16 xtpr pdcm pcid sse4_1 sse4_2 x2apic popcnt tsc_deadline_timer aes xsave avx f16c rdrand lahf_lm ida arat epb pln pts dtherm tpr_shadow vnmi flexpriority ept vpid fsgsbase smep erms xsaveopt
bugs		:
bogomips	: 4989.06
clflush size	: 64
cache_alignment	: 64
address sizes	: 36 bits physical, 48 bits virtual
power management:



Memory: 4k page, physical 5978080k(121456k free), swap 511996k(0k free)

vm_info: Java HotSpot(TM) 64-Bit Server VM (25.45-b02) for linux-amd64 JRE (1.8.0_45-b14), built on Apr 10 2015 10:07:45 by "java_re" with gcc 4.3.0 20080428 (Red Hat 4.3.0-8)

time: Wed May 13 23:24:35 2015
elapsed time: 6 seconds (0d 0h 0m 6s)

