#
# There is insufficient memory for the Java Runtime Environment to continue.
# Native memory allocation (mmap) failed to map 157810688 bytes for committing reserved memory.
# Possible reasons:
#   The system is out of physical RAM or swap space
#   In 32 bit mode, the process size limit was hit
# Possible solutions:
#   Reduce memory load on the system
#   Increase physical memory or swap space
#   Check if swap backing store is full
#   Use 64 bit Java on a 64 bit OS
#   Decrease Java heap size (-Xmx/-Xms)
#   Decrease number of Java threads
#   Decrease Java thread stack sizes (-Xss)
#   Set larger code cache with -XX:ReservedCodeCacheSize=
# This output file may be truncated or incomplete.
#
#  Out of Memory Error (os_linux.cpp:2673), pid=26521, tid=140519986419456
#
# JRE version: OpenJDK Runtime Environment (8.0_45-b13) (build 1.8.0_45-b13)
# Java VM: OpenJDK 64-Bit Server VM (25.45-b02 mixed mode linux-amd64 compressed oops)
# Failed to write core dump. Core dumps have been disabled. To enable core dumping, try "ulimit -c unlimited" before starting Java again
#

---------------  T H R E A D  ---------------

Current thread (0x00007fcd80085000):  VMThread [stack: 0x00007fcd5bcfd000,0x00007fcd5bdfe000] [id=26531]

Stack: [0x00007fcd5bcfd000,0x00007fcd5bdfe000],  sp=0x00007fcd5bdfc490,  free space=1021k
Native frames: (J=compiled Java code, j=interpreted, Vv=VM code, C=native code)
V  [libjvm.so+0xa5fa9d]
V  [libjvm.so+0x4d5dbc]
V  [libjvm.so+0x8ba400]
V  [libjvm.so+0x8b4bfe]
V  [libjvm.so+0x92865b]
V  [libjvm.so+0x9293a3]
V  [libjvm.so+0x9296eb]
V  [libjvm.so+0x926304]
V  [libjvm.so+0x91f740]
V  [libjvm.so+0x459583]
V  [libjvm.so+0xa60ee9]
V  [libjvm.so+0xa65ba7]
V  [libjvm.so+0xa642c6]
V  [libjvm.so+0xa649b6]
V  [libjvm.so+0xa64e81]
V  [libjvm.so+0x8b7902]

VM_Operation (0x00007fcd5a95bc30): CollectForMetadataAllocation, mode: safepoint, requested by thread 0x00007fcd80d1a800


---------------  P R O C E S S  ---------------

Java Threads: ( => current thread )
  0x00007fcd2c984000 JavaThread "Java2D Disposer" daemon [_thread_blocked, id=26546, stack(0x00007fcd584e4000,0x00007fcd585e5000)]
  0x00007fcd80d45800 JavaThread "/0:0:0:0:0:0:0:1:60713 to /0:0:0:0:0:0:0:1%lo:43354 workers Thread 3" [_thread_in_native, id=26545, stack(0x00007fcd5a661000,0x00007fcd5a762000)]
  0x00007fcd80d44800 JavaThread "/0:0:0:0:0:0:0:1:60713 to /0:0:0:0:0:0:0:1%lo:43354 workers Thread 2" [_thread_blocked, id=26544, stack(0x00007fcd5a762000,0x00007fcd5a863000)]
  0x00007fcd80d1a800 JavaThread "Test worker" [_thread_blocked, id=26543, stack(0x00007fcd5a863000,0x00007fcd5a964000)]
  0x00007fcd80140800 JavaThread "Service Thread" daemon [_thread_blocked, id=26538, stack(0x00007fcd5b3f3000,0x00007fcd5b4f4000)]
  0x00007fcd8012d800 JavaThread "C1 CompilerThread2" daemon [_thread_blocked, id=26537, stack(0x00007fcd5b4f4000,0x00007fcd5b5f5000)]
  0x00007fcd8012b800 JavaThread "C2 CompilerThread1" daemon [_thread_blocked, id=26536, stack(0x00007fcd5b5f5000,0x00007fcd5b6f6000)]
  0x00007fcd80129800 JavaThread "C2 CompilerThread0" daemon [_thread_blocked, id=26535, stack(0x00007fcd5b6f6000,0x00007fcd5b7f7000)]
  0x00007fcd80128000 JavaThread "Signal Dispatcher" daemon [_thread_blocked, id=26534, stack(0x00007fcd5b7f7000,0x00007fcd5b8f8000)]
  0x00007fcd8008c000 JavaThread "Finalizer" daemon [_thread_blocked, id=26533, stack(0x00007fcd5bafb000,0x00007fcd5bbfc000)]
  0x00007fcd8008a000 JavaThread "Reference Handler" daemon [_thread_blocked, id=26532, stack(0x00007fcd5bbfc000,0x00007fcd5bcfd000)]
  0x00007fcd80009000 JavaThread "main" [_thread_blocked, id=26523, stack(0x00007fcd88704000,0x00007fcd88805000)]

Other Threads:
=>0x00007fcd80085000 VMThread [stack: 0x00007fcd5bcfd000,0x00007fcd5bdfe000] [id=26531]
  0x00007fcd8014f800 WatcherThread [stack: 0x00007fcd5b2f2000,0x00007fcd5b3f3000] [id=26539]

VM state:at safepoint (normal execution)

VM Mutex/Monitor currently owned by a thread:  ([mutex/lock_event])
[0x00007fcd800068f0] Threads_lock - owner thread: 0x00007fcd80085000
[0x00007fcd80006df0] Heap_lock - owner thread: 0x00007fcd80d1a800

Heap:
 PSYoungGen      total 452096K, used 19958K [0x00000000d7780000, 0x00000000f4c80000, 0x0000000100000000)
  eden space 432128K, 0% used [0x00000000d7780000,0x00000000d7780000,0x00000000f1d80000)
  from space 19968K, 99% used [0x00000000f1d80000,0x00000000f30fda70,0x00000000f3100000)
  to   space 19968K, 0% used [0x00000000f3100000,0x00000000f3100000,0x00000000f4480000)
 ParOldGen       total 71168K, used 55904K [0x0000000086600000, 0x000000008ab80000, 0x00000000d7780000)
  object space 71168K, 78% used [0x0000000086600000,0x0000000089c98268,0x000000008ab80000)
 Metaspace       used 34674K, capacity 35167K, committed 35416K, reserved 1081344K
  class space    used 2993K, capacity 3140K, committed 3200K, reserved 1048576K

Card table byte_map: [0x00007fcd85097000,0x00007fcd85465000] byte_map_base: 0x00007fcd84c64000

Marking Bits: (ParMarkBitMap*) 0x00007fcd879ece40
 Begin Bits: [0x00007fcd68330000, 0x00007fcd6a198000)
 End Bits:   [0x00007fcd6a198000, 0x00007fcd6c000000)

Polling page: 0x00007fcd88829000

CodeCache: size=245760Kb used=13550Kb max_used=14671Kb free=232209Kb
 bounds [0x00007fcd71000000, 0x00007fcd71e70000, 0x00007fcd80000000]
 total_blobs=3647 nmethods=3124 adapters=437
 compilation: enabled

Compilation events (10 events):
Event: 7,506 Thread 0x00007fcd8012d800 3781       3       org.objectweb.asm.ClassWriter::visitField (16 bytes)
Event: 7,507 Thread 0x00007fcd8012d800 nmethod 3781 0x00007fcd718a85d0 code [0x00007fcd718a8740, 0x00007fcd718a8968]
Event: 7,507 Thread 0x00007fcd8012d800 3782       3       org.objectweb.asm.FieldWriter::a (262 bytes)
Event: 7,507 Thread 0x00007fcd8012d800 nmethod 3782 0x00007fcd712ae350 code [0x00007fcd712ae5e0, 0x00007fcd712af808]
Event: 7,507 Thread 0x00007fcd8012d800 3783       3       org.objectweb.asm.FieldWriter::a (475 bytes)
Event: 7,508 Thread 0x00007fcd8012d800 nmethod 3783 0x00007fcd71833ed0 code [0x00007fcd71834280, 0x00007fcd718359d8]
Event: 7,508 Thread 0x00007fcd8012d800 3777       3       org.objectweb.asm.tree.MethodNode::visitLookupSwitchInsn (26 bytes)
Event: 7,508 Thread 0x00007fcd8012d800 nmethod 3777 0x00007fcd71ab9f50 code [0x00007fcd71aba180, 0x00007fcd71abb038]
Event: 7,512 Thread 0x00007fcd8012b800 nmethod 3776 0x00007fcd71e4bb90 code [0x00007fcd71e4bd60, 0x00007fcd71e4c518]
Event: 7,512 Thread 0x00007fcd8012b800 3779       4       org.objectweb.asm.commons.GeneratorAdapter::invokeStatic (11 bytes)

GC Heap History (10 events):
Event: 2,457 GC heap after
Heap after GC invocations=9 (full 1):
 PSYoungGen      total 263680K, used 0K [0x00000000d7780000, 0x00000000e8f80000, 0x0000000100000000)
  eden space 243712K, 0% used [0x00000000d7780000,0x00000000d7780000,0x00000000e6580000)
  from space 19968K, 0% used [0x00000000e7a00000,0x00000000e7a00000,0x00000000e8d80000)
  to   space 20992K, 0% used [0x00000000e6580000,0x00000000e6580000,0x00000000e7a00000)
 ParOldGen       total 71168K, used 20212K [0x0000000086600000, 0x000000008ab80000, 0x00000000d7780000)
  object space 71168K, 28% used [0x0000000086600000,0x00000000879bd0a8,0x000000008ab80000)
 Metaspace       used 20764K, capacity 21097K, committed 21248K, reserved 1069056K
  class space    used 1860K, capacity 1953K, committed 2048K, reserved 1048576K
}
Event: 3,271 GC heap before
{Heap before GC invocations=10 (full 1):
 PSYoungGen      total 263680K, used 243712K [0x00000000d7780000, 0x00000000e8f80000, 0x0000000100000000)
  eden space 243712K, 100% used [0x00000000d7780000,0x00000000e6580000,0x00000000e6580000)
  from space 19968K, 0% used [0x00000000e7a00000,0x00000000e7a00000,0x00000000e8d80000)
  to   space 20992K, 0% used [0x00000000e6580000,0x00000000e6580000,0x00000000e7a00000)
 ParOldGen       total 71168K, used 20212K [0x0000000086600000, 0x000000008ab80000, 0x00000000d7780000)
  object space 71168K, 28% used [0x0000000086600000,0x00000000879bd0a8,0x000000008ab80000)
 Metaspace       used 26733K, capacity 27073K, committed 27264K, reserved 1075200K
  class space    used 2257K, capacity 2341K, committed 2432K, reserved 1048576K
Event: 3,290 GC heap after
Heap after GC invocations=10 (full 1):
 PSYoungGen      total 264704K, used 5269K [0x00000000d7780000, 0x00000000ee000000, 0x0000000100000000)
  eden space 243712K, 0% used [0x00000000d7780000,0x00000000d7780000,0x00000000e6580000)
  from space 20992K, 25% used [0x00000000e6580000,0x00000000e6aa5720,0x00000000e7a00000)
  to   space 20992K, 0% used [0x00000000ecb80000,0x00000000ecb80000,0x00000000ee000000)
 ParOldGen       total 71168K, used 20212K [0x0000000086600000, 0x000000008ab80000, 0x00000000d7780000)
  object space 71168K, 28% used [0x0000000086600000,0x00000000879bd0a8,0x000000008ab80000)
 Metaspace       used 26733K, capacity 27073K, committed 27264K, reserved 1075200K
  class space    used 2257K, capacity 2341K, committed 2432K, reserved 1048576K
}
Event: 3,875 GC heap before
{Heap before GC invocations=11 (full 1):
 PSYoungGen      total 264704K, used 248981K [0x00000000d7780000, 0x00000000ee000000, 0x0000000100000000)
  eden space 243712K, 100% used [0x00000000d7780000,0x00000000e6580000,0x00000000e6580000)
  from space 20992K, 25% used [0x00000000e6580000,0x00000000e6aa5720,0x00000000e7a00000)
  to   space 20992K, 0% used [0x00000000ecb80000,0x00000000ecb80000,0x00000000ee000000)
 ParOldGen       total 71168K, used 20212K [0x0000000086600000, 0x000000008ab80000, 0x00000000d7780000)
  object space 71168K, 28% used [0x0000000086600000,0x00000000879bd0a8,0x000000008ab80000)
 Metaspace       used 26946K, capacity 27361K, committed 27520K, reserved 1075200K
  class space    used 2273K, capacity 2373K, committed 2432K, reserved 1048576K
Event: 3,888 GC heap after
Heap after GC invocations=11 (full 1):
 PSYoungGen      total 339968K, used 12307K [0x00000000d7780000, 0x00000000edc00000, 0x0000000100000000)
  eden space 323072K, 0% used [0x00000000d7780000,0x00000000d7780000,0x00000000eb300000)
  from space 16896K, 72% used [0x00000000ecb80000,0x00000000ed784fa8,0x00000000edc00000)
  to   space 20992K, 0% used [0x00000000eb300000,0x00000000eb300000,0x00000000ec780000)
 ParOldGen       total 71168K, used 20220K [0x0000000086600000, 0x000000008ab80000, 0x00000000d7780000)
  object space 71168K, 28% used [0x0000000086600000,0x00000000879bf0a8,0x000000008ab80000)
 Metaspace       used 26946K, capacity 27361K, committed 27520K, reserved 1075200K
  class space    used 2273K, capacity 2373K, committed 2432K, reserved 1048576K
}
Event: 4,297 GC heap before
{Heap before GC invocations=12 (full 1):
 PSYoungGen      total 339968K, used 335379K [0x00000000d7780000, 0x00000000edc00000, 0x0000000100000000)
  eden space 323072K, 100% used [0x00000000d7780000,0x00000000eb300000,0x00000000eb300000)
  from space 16896K, 72% used [0x00000000ecb80000,0x00000000ed784fa8,0x00000000edc00000)
  to   space 20992K, 0% used [0x00000000eb300000,0x00000000eb300000,0x00000000ec780000)
 ParOldGen       total 71168K, used 20220K [0x0000000086600000, 0x000000008ab80000, 0x00000000d7780000)
  object space 71168K, 28% used [0x0000000086600000,0x00000000879bf0a8,0x000000008ab80000)
 Metaspace       used 26954K, capacity 27361K, committed 27520K, reserved 1075200K
  class space    used 2273K, capacity 2373K, committed 2432K, reserved 1048576K
Event: 4,317 GC heap after
Heap after GC invocations=12 (full 1):
 PSYoungGen      total 344064K, used 10240K [0x00000000d7780000, 0x00000000f4480000, 0x0000000100000000)
  eden space 323072K, 0% used [0x00000000d7780000,0x00000000d7780000,0x00000000eb300000)
  from space 20992K, 48% used [0x00000000eb300000,0x00000000ebd00000,0x00000000ec780000)
  to   space 19968K, 0% used [0x00000000f3100000,0x00000000f3100000,0x00000000f4480000)
 ParOldGen       total 71168K, used 31289K [0x0000000086600000, 0x000000008ab80000, 0x00000000d7780000)
  object space 71168K, 43% used [0x0000000086600000,0x000000008848e518,0x000000008ab80000)
 Metaspace       used 26954K, capacity 27361K, committed 27520K, reserved 1075200K
  class space    used 2273K, capacity 2373K, committed 2432K, reserved 1048576K
}
Event: 4,855 GC heap before
{Heap before GC invocations=13 (full 1):
 PSYoungGen      total 344064K, used 333312K [0x00000000d7780000, 0x00000000f4480000, 0x0000000100000000)
  eden space 323072K, 100% used [0x00000000d7780000,0x00000000eb300000,0x00000000eb300000)
  from space 20992K, 48% used [0x00000000eb300000,0x00000000ebd00000,0x00000000ec780000)
  to   space 19968K, 0% used [0x00000000f3100000,0x00000000f3100000,0x00000000f4480000)
 ParOldGen       total 71168K, used 31289K [0x0000000086600000, 0x000000008ab80000, 0x00000000d7780000)
  object space 71168K, 43% used [0x0000000086600000,0x000000008848e518,0x000000008ab80000)
 Metaspace       used 26984K, capacity 27361K, committed 27520K, reserved 1075200K
  class space    used 2273K, capacity 2373K, committed 2432K, reserved 1048576K
Event: 4,894 GC heap after
Heap after GC invocations=13 (full 1):
 PSYoungGen      total 452096K, used 13429K [0x00000000d7780000, 0x00000000f4c80000, 0x0000000100000000)
  eden space 432128K, 0% used [0x00000000d7780000,0x00000000d7780000,0x00000000f1d80000)
  from space 19968K, 67% used [0x00000000f3100000,0x00000000f3e1d768,0x00000000f4480000)
  to   space 19968K, 0% used [0x00000000f1d80000,0x00000000f1d80000,0x00000000f3100000)
 ParOldGen       total 71168K, used 40641K [0x0000000086600000, 0x000000008ab80000, 0x00000000d7780000)
  object space 71168K, 57% used [0x0000000086600000,0x0000000088db0518,0x000000008ab80000)
 Metaspace       used 26984K, capacity 27361K, committed 27520K, reserved 1075200K
  class space    used 2273K, capacity 2373K, committed 2432K, reserved 1048576K
}
Event: 7,515 GC heap before
{Heap before GC invocations=14 (full 1):
 PSYoungGen      total 452096K, used 287519K [0x00000000d7780000, 0x00000000f4c80000, 0x0000000100000000)
  eden space 432128K, 63% used [0x00000000d7780000,0x00000000e832a770,0x00000000f1d80000)
  from space 19968K, 67% used [0x00000000f3100000,0x00000000f3e1d768,0x00000000f4480000)
  to   space 19968K, 0% used [0x00000000f1d80000,0x00000000f1d80000,0x00000000f3100000)
 ParOldGen       total 71168K, used 40641K [0x0000000086600000, 0x000000008ab80000, 0x00000000d7780000)
  object space 71168K, 57% used [0x0000000086600000,0x0000000088db0518,0x000000008ab80000)
 Metaspace       used 34674K, capacity 35167K, committed 35416K, reserved 1081344K
  class space    used 2993K, capacity 3140K, committed 3200K, reserved 1048576K

Deoptimization events (10 events):
Event: 6,939 Thread 0x00007fcd80d1a800 Uncommon trap: reason=unstable_if action=reinterpret pc=0x00007fcd714de5d0 method=sun.nio.cs.UTF_8$Decoder.decode([BII[C)I @ 30
Event: 6,939 Thread 0x00007fcd80d1a800 Uncommon trap: reason=unstable_if action=reinterpret pc=0x00007fcd714f0ca0 method=java.lang.StringCoding.safeTrim([CILjava/nio/charset/Charset;Z)[C @ 3
Event: 7,093 Thread 0x00007fcd80d1a800 Uncommon trap: reason=class_check action=maybe_recompile pc=0x00007fcd71ae1bc8 method=java.util.AbstractList$Itr.next()Ljava/lang/Object; @ 14
Event: 7,097 Thread 0x00007fcd80d1a800 Uncommon trap: reason=class_check action=maybe_recompile pc=0x00007fcd71ae1bc8 method=java.util.AbstractList$Itr.next()Ljava/lang/Object; @ 14
Event: 7,261 Thread 0x00007fcd80d1a800 Uncommon trap: reason=unstable_if action=reinterpret pc=0x00007fcd718dada8 method=java.util.ArrayList.toArray([Ljava/lang/Object;)[Ljava/lang/Object; @ 48
Event: 7,263 Thread 0x00007fcd80d1a800 Uncommon trap: reason=class_check action=maybe_recompile pc=0x00007fcd71aef748 method=java.util.AbstractCollection.toArray([Ljava/lang/Object;)[Ljava/lang/Object; @ 1
Event: 7,412 Thread 0x00007fcd80d1a800 Uncommon trap: reason=class_check action=maybe_recompile pc=0x00007fcd71bbb6c4 method=java.util.zip.InflaterInputStream.read([BII)I @ 100
Event: 7,418 Thread 0x00007fcd80d1a800 Uncommon trap: reason=unstable_if action=reinterpret pc=0x00007fcd71389b1c method=java.util.HashMap.hash(Ljava/lang/Object;)I @ 1
Event: 7,435 Thread 0x00007fcd80d1a800 Uncommon trap: reason=class_check action=maybe_recompile pc=0x00007fcd71bbb6c4 method=java.util.zip.InflaterInputStream.read([BII)I @ 100
Event: 7,448 Thread 0x00007fcd80d1a800 Uncommon trap: reason=class_check action=maybe_recompile pc=0x00007fcd71bbb6c4 method=java.util.zip.InflaterInputStream.read([BII)I @ 100

Internal exceptions (10 events):
Event: 4,066 Thread 0x00007fcd80d1a800 Implicit null exception at 0x00007fcd71153830 to 0x00007fcd71153f31
Event: 4,800 Thread 0x00007fcd80d1a800 Implicit null exception at 0x00007fcd71b67d58 to 0x00007fcd71b68401
Event: 4,800 Thread 0x00007fcd80d1a800 Implicit null exception at 0x00007fcd71b1659d to 0x00007fcd71b16761
Event: 6,190 Thread 0x00007fcd80d1a800 Implicit null exception at 0x00007fcd713197fd to 0x00007fcd7131999d
Event: 6,458 Thread 0x00007fcd80d1a800 Implicit null exception at 0x00007fcd71e044b1 to 0x00007fcd71e04581
Event: 6,939 Thread 0x00007fcd80d1a800 Exception <a 'java/io/FileNotFoundException'> (0x00000000e65b6908) thrown at [/builddir/build/BUILD/java-1.8.0-openjdk-1.8.0.45-31.b13.fc21.x86_64/jdk8/hotspot/src/share/vm/prims/jni.cpp, line 709]
Event: 6,940 Thread 0x00007fcd80d1a800 Exception <a 'java/io/FileNotFoundException'> (0x00000000e65b7cc0) thrown at [/builddir/build/BUILD/java-1.8.0-openjdk-1.8.0.45-31.b13.fc21.x86_64/jdk8/hotspot/src/share/vm/prims/jni.cpp, line 709]
Event: 7,261 Thread 0x00007fcd80d1a800 Exception <a 'java/lang/NoSuchFieldError': method resolution failed> (0x00000000e6754b00) thrown at [/builddir/build/BUILD/java-1.8.0-openjdk-1.8.0.45-31.b13.fc21.x86_64/jdk8/hotspot/src/share/vm/prims/methodHandles.cpp, line 1125]
Event: 7,262 Thread 0x00007fcd80d1a800 Exception <a 'java/lang/NoSuchFieldError': method resolution failed> (0x00000000e67640b0) thrown at [/builddir/build/BUILD/java-1.8.0-openjdk-1.8.0.45-31.b13.fc21.x86_64/jdk8/hotspot/src/share/vm/prims/methodHandles.cpp, line 1125]
Event: 7,418 Thread 0x00007fcd80d1a800 Implicit null exception at 0x00007fcd713898f5 to 0x00007fcd71389b0d

Events (10 events):
Event: 7,418 Thread 0x00007fcd80d1a800 DEOPT UNPACKING pc=0x00007fcd71004f69 sp=0x00007fcd5a95ae38 mode 2
Event: 7,433 Thread 0x00007fcd80d1a800 DEOPT PACKING pc=0x00007fcd713f94ad sp=0x00007fcd5a95c3f0
Event: 7,433 Thread 0x00007fcd80d1a800 DEOPT UNPACKING pc=0x00007fcd71047373 sp=0x00007fcd5a95c1b8 mode 0
Event: 7,435 Thread 0x00007fcd80d1a800 Uncommon trap: trap_request=0xffffffde fr.pc=0x00007fcd71bbb6c4
Event: 7,435 Thread 0x00007fcd80d1a800 DEOPT PACKING pc=0x00007fcd71bbb6c4 sp=0x00007fcd5a95aca0
Event: 7,435 Thread 0x00007fcd80d1a800 DEOPT UNPACKING pc=0x00007fcd71004f69 sp=0x00007fcd5a95ac98 mode 2
Event: 7,448 Thread 0x00007fcd80d1a800 Uncommon trap: trap_request=0xffffffde fr.pc=0x00007fcd71bbb6c4
Event: 7,448 Thread 0x00007fcd80d1a800 DEOPT PACKING pc=0x00007fcd71bbb6c4 sp=0x00007fcd5a95aca0
Event: 7,448 Thread 0x00007fcd80d1a800 DEOPT UNPACKING pc=0x00007fcd71004f69 sp=0x00007fcd5a95ac98 mode 2
Event: 7,515 Executing VM operation: CollectForMetadataAllocation


Dynamic libraries:
00400000-00401000 r-xp 00000000 08:09 5513910                            /usr/lib/jvm/java-1.8.0-openjdk-1.8.0.45-31.b13.fc21.x86_64/jre/bin/java
00600000-00601000 r--p 00000000 08:09 5513910                            /usr/lib/jvm/java-1.8.0-openjdk-1.8.0.45-31.b13.fc21.x86_64/jre/bin/java
00601000-00602000 rw-p 00001000 08:09 5513910                            /usr/lib/jvm/java-1.8.0-openjdk-1.8.0.45-31.b13.fc21.x86_64/jre/bin/java
0172f000-01750000 rw-p 00000000 00:00 0                                  [heap]
86600000-8ab80000 rw-p 00000000 00:00 0 
8ab80000-d7780000 ---p 00000000 00:00 0 
d7780000-f4c80000 rw-p 00000000 00:00 0 
fe300000-100000000 ---p 00000000 00:00 0 
100000000-100320000 rw-p 00000000 00:00 0 
100320000-140000000 ---p 00000000 00:00 0 
7fcd18000000-7fcd18021000 rw-p 00000000 00:00 0 
7fcd18021000-7fcd1c000000 ---p 00000000 00:00 0 
7fcd20000000-7fcd20021000 rw-p 00000000 00:00 0 
7fcd20021000-7fcd24000000 ---p 00000000 00:00 0 
7fcd24000000-7fcd24069000 rw-p 00000000 00:00 0 
7fcd24069000-7fcd28000000 ---p 00000000 00:00 0 
7fcd28000000-7fcd28021000 rw-p 00000000 00:00 0 
7fcd28021000-7fcd2c000000 ---p 00000000 00:00 0 
7fcd2c000000-7fcd2c9ef000 rw-p 00000000 00:00 0 
7fcd2c9ef000-7fcd30000000 ---p 00000000 00:00 0 
7fcd30000000-7fcd3103d000 rw-p 00000000 00:00 0 
7fcd3103d000-7fcd34000000 ---p 00000000 00:00 0 
7fcd34000000-7fcd34021000 rw-p 00000000 00:00 0 
7fcd34021000-7fcd38000000 ---p 00000000 00:00 0 
7fcd38000000-7fcd39846000 rw-p 00000000 00:00 0 
7fcd39846000-7fcd3c000000 ---p 00000000 00:00 0 
7fcd3c000000-7fcd3d6f6000 rw-p 00000000 00:00 0 
7fcd3d6f6000-7fcd40000000 ---p 00000000 00:00 0 
7fcd40000000-7fcd40021000 rw-p 00000000 00:00 0 
7fcd40021000-7fcd44000000 ---p 00000000 00:00 0 
7fcd45a8d000-7fcd4c000000 r--p 00000000 08:09 5252665                    /usr/lib/locale/locale-archive
7fcd4c000000-7fcd4c021000 rw-p 00000000 00:00 0 
7fcd4c021000-7fcd50000000 ---p 00000000 00:00 0 
7fcd50000000-7fcd50021000 rw-p 00000000 00:00 0 
7fcd50021000-7fcd54000000 ---p 00000000 00:00 0 
7fcd54000000-7fcd54021000 rw-p 00000000 00:00 0 
7fcd54021000-7fcd58000000 ---p 00000000 00:00 0 
7fcd584e4000-7fcd584e7000 ---p 00000000 00:00 0 
7fcd584e7000-7fcd5875b000 rw-p 00000000 00:00 0                          [stack:26546]
7fcd5875b000-7fcd587e5000 ---p 00000000 00:00 0 
7fcd587e5000-7fcd587ec000 r-xp 00000000 08:09 5513927                    /usr/lib/jvm/java-1.8.0-openjdk-1.8.0.45-31.b13.fc21.x86_64/jre/lib/amd64/libawt_headless.so
7fcd587ec000-7fcd589eb000 ---p 00007000 08:09 5513927                    /usr/lib/jvm/java-1.8.0-openjdk-1.8.0.45-31.b13.fc21.x86_64/jre/lib/amd64/libawt_headless.so
7fcd589eb000-7fcd589ec000 r--p 00006000 08:09 5513927                    /usr/lib/jvm/java-1.8.0-openjdk-1.8.0.45-31.b13.fc21.x86_64/jre/lib/amd64/libawt_headless.so
7fcd589ec000-7fcd589ed000 rw-p 00007000 08:09 5513927                    /usr/lib/jvm/java-1.8.0-openjdk-1.8.0.45-31.b13.fc21.x86_64/jre/lib/amd64/libawt_headless.so
7fcd589ed000-7fcd58a8e000 r-xp 00000000 08:09 5513926                    /usr/lib/jvm/java-1.8.0-openjdk-1.8.0.45-31.b13.fc21.x86_64/jre/lib/amd64/libawt.so
7fcd58a8e000-7fcd58c8e000 ---p 000a1000 08:09 5513926                    /usr/lib/jvm/java-1.8.0-openjdk-1.8.0.45-31.b13.fc21.x86_64/jre/lib/amd64/libawt.so
7fcd58c8e000-7fcd58c8f000 r--p 000a1000 08:09 5513926                    /usr/lib/jvm/java-1.8.0-openjdk-1.8.0.45-31.b13.fc21.x86_64/jre/lib/amd64/libawt.so
7fcd58c8f000-7fcd58c9a000 rw-p 000a2000 08:09 5513926                    /usr/lib/jvm/java-1.8.0-openjdk-1.8.0.45-31.b13.fc21.x86_64/jre/lib/amd64/libawt.so
7fcd58c9a000-7fcd58ebf000 rw-p 00000000 00:00 0 
7fcd58ebf000-7fcd590bf000 rw-p 00000000 00:00 0 
7fcd590bf000-7fcd592bf000 rw-p 00000000 00:00 0 
7fcd592bf000-7fcd594bf000 rw-p 00000000 00:00 0 
7fcd595bc000-7fcd597bc000 rw-p 00000000 00:00 0 
7fcd597bc000-7fcd599bc000 rw-p 00000000 00:00 0 
7fcd599bc000-7fcd59bbc000 rw-p 00000000 00:00 0 
7fcd59bbc000-7fcd59dbc000 rw-p 00000000 00:00 0 
7fcd59dbc000-7fcd59fbc000 rw-p 00000000 00:00 0 
7fcd59fbc000-7fcd5a1bc000 rw-p 00000000 00:00 0 
7fcd5a1bc000-7fcd5a1be000 r--s 00008000 08:08 3277552                    /home/arthur/.m2/repository/org/json/json/20080701/json-20080701.jar
7fcd5a1db000-7fcd5a1dc000 rw-p 00000000 00:00 0 
7fcd5a1dc000-7fcd5a1e1000 r--s 00308000 08:09 5385152                    /usr/lib/jvm/java-1.8.0-openjdk-1.8.0.45-31.b13.fc21.x86_64/jre/lib/charsets.jar
7fcd5a1e1000-7fcd5a1fd000 r--s 003b6000 08:09 5513967                    /usr/lib/jvm/java-1.8.0-openjdk-1.8.0.45-31.b13.fc21.x86_64/jre/lib/ext/cldrdata.jar
7fcd5a1fd000-7fcd5a202000 r--s 00043000 08:09 5513695                    /usr/lib/jvm/java-1.8.0-openjdk-1.8.0.45-31.b13.fc21.x86_64/jre/lib/ext/sunjce_provider.jar
7fcd5a202000-7fcd5a215000 r--s 00345000 08:09 5385157                    /usr/lib/jvm/java-1.8.0-openjdk-1.8.0.45-31.b13.fc21.x86_64/jre/lib/resources.jar
7fcd5a215000-7fcd5a216000 r--s 00015000 08:08 3277555                    /home/arthur/.m2/repository/org/ccil/cowan/tagsoup/tagsoup/1.2/tagsoup-1.2.jar
7fcd5a216000-7fcd5a222000 r--s 0027a000 08:08 3277573                    /home/arthur/.m2/repository/org/robolectric/shadows-core/3.0-rc2/shadows-core-3.0-rc2-21.jar
7fcd5a222000-7fcd5a277000 rw-p 00000000 00:00 0 
7fcd5a277000-7fcd5a461000 r--s 026f8000 08:08 3277561                    /home/arthur/.m2/repository/org/robolectric/android-all/5.0.0_r2-robolectric-1/android-all-5.0.0_r2-robolectric-1.jar
7fcd5a461000-7fcd5a661000 rw-p 00000000 00:00 0 
7fcd5a661000-7fcd5a664000 ---p 00000000 00:00 0 
7fcd5a664000-7fcd5a762000 rw-p 00000000 00:00 0                          [stack:26545]
7fcd5a762000-7fcd5a765000 ---p 00000000 00:00 0 
7fcd5a765000-7fcd5a863000 rw-p 00000000 00:00 0                          [stack:26544]
7fcd5a863000-7fcd5a866000 ---p 00000000 00:00 0 
7fcd5a866000-7fcd5a964000 rw-p 00000000 00:00 0                          [stack:26543]
7fcd5a964000-7fcd5a975000 r-xp 00000000 08:09 5513947                    /usr/lib/jvm/java-1.8.0-openjdk-1.8.0.45-31.b13.fc21.x86_64/jre/lib/amd64/libnio.so
7fcd5a975000-7fcd5ab74000 ---p 00011000 08:09 5513947                    /usr/lib/jvm/java-1.8.0-openjdk-1.8.0.45-31.b13.fc21.x86_64/jre/lib/amd64/libnio.so
7fcd5ab74000-7fcd5ab75000 r--p 00010000 08:09 5513947                    /usr/lib/jvm/java-1.8.0-openjdk-1.8.0.45-31.b13.fc21.x86_64/jre/lib/amd64/libnio.so
7fcd5ab75000-7fcd5ab76000 rw-p 00011000 08:09 5513947                    /usr/lib/jvm/java-1.8.0-openjdk-1.8.0.45-31.b13.fc21.x86_64/jre/lib/amd64/libnio.so
7fcd5ab76000-7fcd5ac55000 r--s 016c4000 08:08 3411402                    /home/arthur/AndroidStudioProjects/Mobline-Prototype/app/build/intermediates/mockable-android-21.jar
7fcd5ac55000-7fcd5ac57000 r--s 0000d000 08:08 2228488                    /home/arthur/.gradle/caches/modules-2/files-2.1/com.google.oauth-client/google-oauth-client/1.19.0/d473a8962e14a707a3716637e4898bb2dd9643f2/google-oauth-client-1.19.0.jar
7fcd5ac57000-7fcd5ac66000 r--s 00084000 08:08 3411924                    /home/arthur/AndroidStudioProjects/Mobline-Prototype/app/build/intermediates/exploded-aar/com.google.android.gms/play-services-ads/7.3.0/classes.jar
7fcd5ac66000-7fcd5ac71000 r--s 00079000 08:08 3411932                    /home/arthur/AndroidStudioProjects/Mobline-Prototype/app/build/intermediates/exploded-aar/com.google.android.gms/play-services-analytics/7.3.0/classes.jar
7fcd5ac71000-7fcd5ac83000 r--s 000c6000 08:08 3411911                    /home/arthur/AndroidStudioProjects/Mobline-Prototype/app/build/intermediates/exploded-aar/com.android.support/support-v4/22.1.1/classes.jar
7fcd5ac83000-7fcd5ac85000 r--s 00002000 08:08 3805888                    /home/arthur/AndroidStudioProjects/Mobline-Prototype/app/build/intermediates/exploded-aar/com.google.android.gms/play-services-panorama/7.3.0/classes.jar
7fcd5ac85000-7fcd5ac86000 r--s 00002000 08:08 2884945                    /home/arthur/Downloads/android-sdk-linux/extras/android/m2repository/com/android/support/support-annotations/22.1.1/support-annotations-22.1.1.jar
7fcd5ac86000-7fcd5ac8a000 r--s 00017000 08:08 3804397                    /home/arthur/AndroidStudioProjects/Mobline-Prototype/app/build/intermediates/exploded-aar/com.google.android.gms/play-services-cast/7.3.0/classes.jar
7fcd5ac8a000-7fcd5ac91000 r--s 00030000 08:08 3804443                    /home/arthur/AndroidStudioProjects/Mobline-Prototype/app/build/intermediates/exploded-aar/com.google.android.gms/play-services-location/7.3.0/classes.jar
7fcd5ac91000-7fcd5ac92000 r--s 00002000 08:08 2228482                    /home/arthur/.gradle/caches/modules-2/files-2.1/com.google.api-client/google-api-client-android/1.19.0/ba2aafb867f6af469f936ae76426cf0a280094bd/google-api-client-android-1.19.0.jar
7fcd5ac92000-7fcd5ac9b000 r--s 0004f000 08:08 3804414                    /home/arthur/AndroidStudioProjects/Mobline-Prototype/app/build/intermediates/exploded-aar/com.google.android.gms/play-services-fitness/7.3.0/classes.jar
7fcd5ac9b000-7fcd5ac9f000 r--s 0002f000 08:08 2228498                    /home/arthur/.gradle/caches/modules-2/files-2.1/com.fasterxml.jackson.core/jackson-core/2.1.3/f6c3aed1cdfa21b5c1737c915186ea93a95a58bd/jackson-core-2.1.3.jar
7fcd5ac9f000-7fcd5aca1000 r--s 00004000 08:08 6160559                    /home/arthur/AndroidStudioProjects/Mobline-Prototype/backend/build/libs/backend-android-endpoints.jar
7fcd5aca1000-7fcd5aca2000 r--s 00003000 08:08 3805905                    /home/arthur/AndroidStudioProjects/Mobline-Prototype/app/build/intermediates/exploded-aar/com.google.android.gms/play-services-safetynet/7.3.0/classes.jar
7fcd5aca2000-7fcd5aca5000 r--s 00006000 08:08 2228496                    /home/arthur/.gradle/caches/modules-2/files-2.1/com.google.code.findbugs/jsr305/1.3.9/40719ea6961c0cb6afaeb6a921eaa1f6afd4cfdf/jsr305-1.3.9.jar
7fcd5aca5000-7fcd5aca8000 r--s 00010000 08:08 3411941                    /home/arthur/AndroidStudioProjects/Mobline-Prototype/app/build/intermediates/exploded-aar/com.google.android.gms/play-services-appindexing/7.3.0/classes.jar
7fcd5aca8000-7fcd5acad000 r--s 0002a000 08:08 2228484                    /home/arthur/.gradle/caches/modules-2/files-2.1/com.google.api-client/google-api-client/1.19.0/6a21277d9bebe267b7ddee028b241eebc756c040/google-api-client-1.19.0.jar
7fcd5acad000-7fcd5acb0000 r--s 0001b000 08:08 3411404                    /home/arthur/AndroidStudioProjects/Mobline-Prototype/app/libs/robotium-solo-5.3.1.jar
7fcd5acb0000-7fcd5acb1000 r--s 00001000 08:08 2228490                    /home/arthur/.gradle/caches/modules-2/files-2.1/com.google.http-client/google-http-client-jackson2/1.19.0/81dbf9795d387d5e80e55346582d5f2fb81a42eb/google-http-client-jackson2-1.19.0.jar
7fcd5acb1000-7fcd5acc0000 r--s 0008e000 08:08 3411965                    /home/arthur/AndroidStudioProjects/Mobline-Prototype/app/build/intermediates/exploded-aar/com.google.android.gms/play-services-base/7.3.0/classes.jar
7fcd5acc0000-7fcd5acc4000 r--s 0001e000 08:08 3805898                    /home/arthur/AndroidStudioProjects/Mobline-Prototype/app/build/intermediates/exploded-aar/com.google.android.gms/play-services-plus/7.3.0/classes.jar
7fcd5acc4000-7fcd5acc5000 r--s 00001000 08:08 3804429                    /home/arthur/AndroidStudioProjects/Mobline-Prototype/app/build/intermediates/exploded-aar/com.google.android.gms/play-services-gcm/7.3.0/classes.jar
7fcd5acc5000-7fcd5acc9000 r--s 00016000 08:08 3805343                    /home/arthur/AndroidStudioProjects/Mobline-Prototype/app/build/intermediates/exploded-aar/com.google.android.gms/play-services-nearby/7.3.0/classes.jar
7fcd5acc9000-7fcd5acdf000 r--s 00085000 08:08 3804422                    /home/arthur/AndroidStudioProjects/Mobline-Prototype/app/build/intermediates/exploded-aar/com.google.android.gms/play-services-games/7.3.0/classes.jar
7fcd5acdf000-7fcd5ace1000 r--s 00006000 08:08 3411958                    /home/arthur/AndroidStudioProjects/Mobline-Prototype/app/build/intermediates/exploded-aar/com.google.android.gms/play-services-appstate/7.3.0/classes.jar
7fcd5ace1000-7fcd5ace9000 r--s 00036000 08:08 3412390                    /home/arthur/AndroidStudioProjects/Mobline-Prototype/app/build/intermediates/exploded-aar/com.android.support/support-v4/22.1.1/libs/internal_impl-22.1.1.jar
7fcd5ace9000-7fcd5acf1000 r--s 0003d000 08:08 3804478                    /home/arthur/AndroidStudioProjects/Mobline-Prototype/app/build/intermediates/exploded-aar/com.google.android.gms/play-services-maps/7.3.0/classes.jar
7fcd5acf1000-7fcd5acf8000 r--s 00034000 08:08 3805937                    /home/arthur/AndroidStudioProjects/Mobline-Prototype/app/build/intermediates/exploded-aar/com.google.android.gms/play-services-wearable/7.3.0/classes.jar
7fcd5acf8000-7fcd5ad1b000 r--s 00193000 08:08 2228492                    /home/arthur/.gradle/caches/modules-2/files-2.1/com.google.guava/guava-jdk5/13.0/381ae6c8add7c98e9bcddb1e0b898400cd6fc3f7/guava-jdk5-13.0.jar
7fcd5ad1b000-7fcd5ad21000 r--s 0003c000 08:08 1835695                    /home/arthur/.gradle/caches/modules-2/files-2.1/com.github.PhilJay/MPAndroidChart/v2.0.9/6df6035161f0263100c3a70626bccbfd0bb545b7/MPAndroidChart-v2.0.9.jar
7fcd5ad21000-7fcd5ad22000 r--s 00002000 08:08 2228486                    /home/arthur/.gradle/caches/modules-2/files-2.1/com.google.http-client/google-http-client-android/1.19.0/e3f11020c2c812112803d252d1392872d3f619c8/google-http-client-android-1.19.0.jar
7fcd5ad22000-7fcd5ad29000 r--s 0003c000 08:08 2228494                    /home/arthur/.gradle/caches/modules-2/files-2.1/com.google.http-client/google-http-client/1.19.0/cdca49ad0977c040f603478aa2e16b2775c8fec6/google-http-client-1.19.0.jar
7fcd5ad29000-7fcd5ad32000 r--s 00082000 08:08 3411418                    /home/arthur/AndroidStudioProjects/Mobline-Prototype/app/build/intermediates/exploded-aar/com.android.support/appcompat-v7/22.1.1/classes.jar
7fcd5ad32000-7fcd5ad3e000 r--s 0005d000 08:08 3804405                    /home/arthur/AndroidStudioProjects/Mobline-Prototype/app/build/intermediates/exploded-aar/com.google.android.gms/play-services-drive/7.3.0/classes.jar
7fcd5ad3e000-7fcd5ad43000 r--s 00022000 08:08 3805920                    /home/arthur/AndroidStudioProjects/Mobline-Prototype/app/build/intermediates/exploded-aar/com.google.android.gms/play-services-wallet/7.3.0/classes.jar
7fcd5ad43000-7fcd5ad45000 r--s 00004000 08:08 3804436                    /home/arthur/AndroidStudioProjects/Mobline-Prototype/app/build/intermediates/exploded-aar/com.google.android.gms/play-services-identity/7.3.0/classes.jar
7fcd5ad45000-7fcd5ad46000 r--s 00000000 08:08 3411950                    /home/arthur/AndroidStudioProjects/Mobline-Prototype/app/build/intermediates/exploded-aar/com.google.android.gms/play-services-appinvite/7.3.0/classes.jar
7fcd5ad46000-7fcd5ad55000 r--s 00092000 08:08 2885583                    /home/arthur/Downloads/android-sdk-linux/extras/android/m2repository/com/android/support/support-v4/19.1.0/support-v4-19.1.0.jar
7fcd5ad55000-7fcd5ad58000 r--s 00022000 08:08 3277174                    /home/arthur/.gradle/caches/modules-2/files-2.1/org.robolectric/robolectric/3.0-rc2/6f603ddff0f4674ee7247c53d865c64ee8cc1a4/robolectric-3.0-rc2.jar
7fcd5ad58000-7fcd5ad5a000 r--s 00008000 08:08 3277182                    /home/arthur/.gradle/caches/modules-2/files-2.1/org.robolectric/robolectric-utils/3.0-rc2/ffe28ef7720975235b3c895b3116d5cb70b49c47/robolectric-utils-3.0-rc2.jar
7fcd5ad5a000-7fcd5ad82000 r--s 001a3000 08:08 3277186                    /home/arthur/.gradle/caches/modules-2/files-2.1/org.bouncycastle/bcprov-jdk16/1.46/ce091790943599535cbb4de8ede84535b0c1260c/bcprov-jdk16-1.46.jar
7fcd5ad82000-7fcd5ad85000 r--s 0000c000 08:08 3277202                    /home/arthur/.gradle/caches/modules-2/files-2.1/com.google.android.apps.common.testing.accessibility.framework/accessibility-test-framework/1.0/28162aae36f8ba5903adadfb570313e1f1be852e/accessibility-test-framework-1.0.jar
7fcd5ad85000-7fcd5ad89000 r--s 00022000 08:08 3277180                    /home/arthur/.gradle/caches/modules-2/files-2.1/org.robolectric/robolectric-resources/3.0-rc2/c8bd89453ce0b52b748e73879c2f5a7395993b23/robolectric-resources-3.0-rc2.jar
7fcd5ad89000-7fcd5ad8c000 r--s 0001d000 08:08 3277206                    /home/arthur/.gradle/caches/modules-2/files-2.1/com.almworks.sqlite4java/sqlite4java/0.282/745a7e2f35fdbe6336922e0d492c979dbbfa74fb/sqlite4java-0.282.jar
7fcd5ad8c000-7fcd5ad8d000 r--s 0000c000 08:08 3277188                    /home/arthur/.gradle/caches/modules-2/files-2.1/org.ow2.asm/asm/5.0.1/2fd56467a018aafe6ec6a73ccba520be4a7e1565/asm-5.0.1.jar
7fcd5ad8d000-7fcd5ad94000 r--s 0003b000 08:08 3277330                    /home/arthur/.gradle/caches/modules-2/files-2.1/org.easytesting/fest-assert-core/2.0M10/cb7c91cf614901928ae405f19d9bcdedf82781db/fest-assert-core-2.0M10.jar
7fcd5ad94000-7fcd5ad96000 r--s 00006000 08:08 2500718                    /home/arthur/.gradle/caches/modules-2/files-2.1/org.ow2.asm/asm-tree/5.0.1/1b1e6e9d869acd704056d0a4223071a511c619e6/asm-tree-5.0.1.jar
7fcd5ad96000-7fcd5adaf000 r--s 00129000 08:08 3277198                    /home/arthur/.gradle/caches/modules-2/files-2.1/org.apache.maven/maven-ant-tasks/2.1.3/b09be554228d66d208e5fef5266844aacf443abc/maven-ant-tasks-2.1.3.jar
7fcd5adaf000-7fcd5adb1000 r--s 0000a000 08:08 2230344                    /home/arthur/.gradle/caches/modules-2/files-2.1/commons-codec/commons-codec/1.3/fd32786786e2adb664d5ecc965da47629dca14ba/commons-codec-1.3.jar
7fcd5adb1000-7fcd5adb9000 r--s 00045000 08:08 3277172                    /home/arthur/.gradle/caches/modules-2/files-2.1/junit/junit/4.12/2973d150c0dc1fefe998f834810d68f278ea58ec/junit-4.12.jar
7fcd5adb9000-7fcd5ae10000 r--s 008ec000 08:08 3277204                    /home/arthur/.gradle/caches/modules-2/files-2.1/com.ibm.icu/icu4j/53.1/786d9055d4ca8c1aab4a7d4ac8283f973fd7e41f/icu4j-53.1.jar
7fcd5ae10000-7fcd5ae11000 r--s 0000a000 08:08 3277192                    /home/arthur/.gradle/caches/modules-2/files-2.1/org.ow2.asm/asm-util/5.0.1/7c8caddfbd0b2d7b844f8fcc75175b9cb9cf4724/asm-util-5.0.1.jar
7fcd5ae11000-7fcd5ae30000 r--s 00150000 08:08 1836979                    /home/arthur/.gradle/caches/modules-2/files-2.1/org.mockito/mockito-core/1.9.5/c3264abeea62c4d2f367e21484fbb40c7e256393/mockito-core-1.9.5.jar
7fcd5ae30000-7fcd5ae31000 r--s 00004000 08:08 3277194                    /home/arthur/.gradle/caches/modules-2/files-2.1/org.ow2.asm/asm-analysis/5.0.1/e286fbee48efacb4e7c175f7948d9d8b2ab52352/asm-analysis-5.0.1.jar
7fcd5ae31000-7fcd5ae33000 r--s 00005000 08:08 1836981                    /home/arthur/.gradle/caches/modules-2/files-2.1/org.objenesis/objenesis/1.0/9b473564e792c2bdf1449da1f0b1b5bff9805704/objenesis-1.0.jar
7fcd5ae33000-7fcd5ae4a000 r--s 00159000 08:08 3277200                    /home/arthur/.gradle/caches/modules-2/files-2.1/org.apache.ant/ant/1.8.0/7b456ca6b93900f96e58cc8371f03d90a9c1c8d1/ant-1.8.0.jar
7fcd5ae4a000-7fcd5ae4e000 r--s 00026000 08:08 3279546                    /home/arthur/.gradle/wrapper/dists/gradle-2.2.1-all/6dibv5rcnnqlfbq9klf8imrndn/gradle-2.2.1/lib/kryo-2.20.jar
7fcd5ae4e000-7fcd5ae4f000 r--s 00002000 08:08 3277178                    /home/arthur/.gradle/caches/modules-2/files-2.1/org.robolectric/robolectric-annotations/3.0-rc2/49b045537961c3916b1f9d37bbb145caf614b807/robolectric-annotations-3.0-rc2.jar
7fcd5ae4f000-7fcd5ae51000 r--s 00009000 08:08 3277176                    /home/arthur/.gradle/caches/modules-2/files-2.1/org.hamcrest/hamcrest-core/1.3/42a25dc3219429f0e5d060061f71acb49bf010a0/hamcrest-core-1.3.jar
7fcd5ae51000-7fcd5ae5a000 r--s 0004b000 08:08 3277328                    /home/arthur/.gradle/caches/modules-2/files-2.1/com.squareup/fest-android/1.0.8/72b0763d5fd11a9ca769bb88367d92e43c0198e0/fest-android-1.0.8.jar
7fcd5ae5a000-7fcd5ae61000 r--s 00095000 08:08 3277196                    /home/arthur/.gradle/caches/modules-2/files-2.1/com.ximpleware/vtd-xml/2.11/ee5bcf62c1acf76434ee9f1c67a840bafef72a6d/vtd-xml-2.11.jar
7fcd5ae61000-7fcd5ae6d000 r--s 0027a000 08:08 3277184                    /home/arthur/.gradle/caches/modules-2/files-2.1/org.robolectric/shadows-core/3.0-rc2/545ee5dd69893d25a690dbba973fc4196a697e12/shadows-core-3.0-rc2-21.jar
7fcd5ae6d000-7fcd5ae6f000 r--s 00009000 08:08 3277190                    /home/arthur/.gradle/caches/modules-2/files-2.1/org.ow2.asm/asm-commons/5.0.1/7b7147a390a93a14d2edfdcf3f7b0e87a0939c3e/asm-commons-5.0.1.jar
7fcd5ae6f000-7fcd5ae70000 r--s 00002000 08:08 3277208                    /home/arthur/.gradle/caches/modules-2/files-2.1/org.apache.ant/ant-launcher/1.8.0/8b53ba16fa62fb1034da8f1de200ddc407c8381/ant-launcher-1.8.0.jar
7fcd5ae70000-7fcd5ae71000 r--s 00007000 08:08 3277332                    /home/arthur/.gradle/caches/modules-2/files-2.1/org.easytesting/fest-util/1.2.5/c4a8d7305b23b8d043be12c979813b096df11f44/fest-util-1.2.5.jar
7fcd5ae71000-7fcd5ae7a000 r--s 0002c000 08:08 3279515                    /home/arthur/.gradle/wrapper/dists/gradle-2.2.1-all/6dibv5rcnnqlfbq9klf8imrndn/gradle-2.2.1/lib/gradle-tooling-api-2.2.1.jar
7fcd5ae7a000-7fcd5ae7c000 r--s 00002000 08:08 3279539                    /home/arthur/.gradle/wrapper/dists/gradle-2.2.1-all/6dibv5rcnnqlfbq9klf8imrndn/gradle-2.2.1/lib/gradle-open-api-2.2.1.jar
7fcd5ae7c000-7fcd5ae82000 r--s 00032000 08:08 3279541                    /home/arthur/.gradle/wrapper/dists/gradle-2.2.1-all/6dibv5rcnnqlfbq9klf8imrndn/gradle-2.2.1/lib/jaxen-1.1.jar
7fcd5ae82000-7fcd5ae87000 r--s 00048000 08:08 3279540                    /home/arthur/.gradle/wrapper/dists/gradle-2.2.1-all/6dibv5rcnnqlfbq9klf8imrndn/gradle-2.2.1/lib/dom4j-1.6.1.jar
7fcd5ae87000-7fcd5ae92000 r--s 00059000 08:08 3279514                    /home/arthur/.gradle/wrapper/dists/gradle-2.2.1-all/6dibv5rcnnqlfbq9klf8imrndn/gradle-2.2.1/lib/gradle-ui-2.2.1.jar
7fcd5ae92000-7fcd5ae94000 r--s 00006000 08:08 3279535                    /home/arthur/.gradle/wrapper/dists/gradle-2.2.1-all/6dibv5rcnnqlfbq9klf8imrndn/gradle-2.2.1/lib/gradle-resources-2.2.1.jar
7fcd5ae94000-7fcd5ae96000 r--s 00007000 08:08 3279557                    /home/arthur/.gradle/wrapper/dists/gradle-2.2.1-all/6dibv5rcnnqlfbq9klf8imrndn/gradle-2.2.1/lib/objenesis-1.2.jar
7fcd5ae96000-7fcd5ae98000 r--s 00000000 08:08 3279556                    /home/arthur/.gradle/wrapper/dists/gradle-2.2.1-all/6dibv5rcnnqlfbq9klf8imrndn/gradle-2.2.1/lib/minlog-1.2.jar
7fcd5ae98000-7fcd5ae9a000 r--s 0000f000 08:08 3279555                    /home/arthur/.gradle/wrapper/dists/gradle-2.2.1-all/6dibv5rcnnqlfbq9klf8imrndn/gradle-2.2.1/lib/reflectasm-1.07-shaded.jar
7fcd5ae9a000-7fcd5aeb1000 r-xp 00000000 08:09 5513946                    /usr/lib/jvm/java-1.8.0-openjdk-1.8.0.45-31.b13.fc21.x86_64/jre/lib/amd64/libnet.so
7fcd5aeb1000-7fcd5b0b0000 ---p 00017000 08:09 5513946                    /usr/lib/jvm/java-1.8.0-openjdk-1.8.0.45-31.b13.fc21.x86_64/jre/lib/amd64/libnet.so
7fcd5b0b0000-7fcd5b0b1000 r--p 00016000 08:09 5513946                    /usr/lib/jvm/java-1.8.0-openjdk-1.8.0.45-31.b13.fc21.x86_64/jre/lib/amd64/libnet.so
7fcd5b0b1000-7fcd5b0b2000 rw-p 00017000 08:09 5513946                    /usr/lib/jvm/java-1.8.0-openjdk-1.8.0.45-31.b13.fc21.x86_64/jre/lib/amd64/libnet.so
7fcd5b0b2000-7fcd5b0b3000 r--s 00003000 08:08 3279554                    /home/arthur/.gradle/wrapper/dists/gradle-2.2.1-all/6dibv5rcnnqlfbq9klf8imrndn/gradle-2.2.1/lib/native-platform-freebsd-amd64-0.10.jar
7fcd5b0b3000-7fcd5b0b4000 r--s 00003000 08:08 3279553                    /home/arthur/.gradle/wrapper/dists/gradle-2.2.1-all/6dibv5rcnnqlfbq9klf8imrndn/gradle-2.2.1/lib/native-platform-freebsd-i386-0.10.jar
7fcd5b0b4000-7fcd5b0b5000 r--s 00005000 08:08 3279552                    /home/arthur/.gradle/wrapper/dists/gradle-2.2.1-all/6dibv5rcnnqlfbq9klf8imrndn/gradle-2.2.1/lib/native-platform-windows-i386-0.10.jar
7fcd5b0b5000-7fcd5b0b6000 r--s 00005000 08:08 3279551                    /home/arthur/.gradle/wrapper/dists/gradle-2.2.1-all/6dibv5rcnnqlfbq9klf8imrndn/gradle-2.2.1/lib/native-platform-windows-amd64-0.10.jar
7fcd5b0b6000-7fcd5b0b7000 r--s 00003000 08:08 3279550                    /home/arthur/.gradle/wrapper/dists/gradle-2.2.1-all/6dibv5rcnnqlfbq9klf8imrndn/gradle-2.2.1/lib/native-platform-linux-i386-0.10.jar
7fcd5b0b7000-7fcd5b0b8000 r--s 00003000 08:08 3279549                    /home/arthur/.gradle/wrapper/dists/gradle-2.2.1-all/6dibv5rcnnqlfbq9klf8imrndn/gradle-2.2.1/lib/native-platform-linux-amd64-0.10.jar
7fcd5b0b8000-7fcd5b0b9000 r--s 00002000 08:08 3279548                    /home/arthur/.gradle/wrapper/dists/gradle-2.2.1-all/6dibv5rcnnqlfbq9klf8imrndn/gradle-2.2.1/lib/native-platform-osx-amd64-0.10.jar
7fcd5b0b9000-7fcd5b0ba000 r--s 00002000 08:08 3279547                    /home/arthur/.gradle/wrapper/dists/gradle-2.2.1-all/6dibv5rcnnqlfbq9klf8imrndn/gradle-2.2.1/lib/native-platform-osx-i386-0.10.jar
7fcd5b0ba000-7fcd5b0bc000 r--s 00008000 08:08 3279544                    /home/arthur/.gradle/wrapper/dists/gradle-2.2.1-all/6dibv5rcnnqlfbq9klf8imrndn/gradle-2.2.1/lib/jansi-1.2.1.jar
7fcd5b0bc000-7fcd5b0bf000 r--s 0000d000 08:08 3279543                    /home/arthur/.gradle/wrapper/dists/gradle-2.2.1-all/6dibv5rcnnqlfbq9klf8imrndn/gradle-2.2.1/lib/native-platform-0.10.jar
7fcd5b0bf000-7fcd5b0c3000 r--s 000e4000 08:08 3279542                    /home/arthur/.gradle/wrapper/dists/gradle-2.2.1-all/6dibv5rcnnqlfbq9klf8imrndn/gradle-2.2.1/lib/jna-3.2.7.jar
7fcd5b0c3000-7fcd5b0c5000 r--s 00003000 08:08 3279533                    /home/arthur/.gradle/wrapper/dists/gradle-2.2.1-all/6dibv5rcnnqlfbq9klf8imrndn/gradle-2.2.1/lib/gradle-base-services-groovy-2.2.1.jar
7fcd5b0c5000-7fcd5b0c7000 r--s 0000a000 08:08 3279521                    /home/arthur/.gradle/wrapper/dists/gradle-2.2.1-all/6dibv5rcnnqlfbq9klf8imrndn/gradle-2.2.1/lib/gradle-model-groovy-2.2.1.jar
7fcd5b0c7000-7fcd5b0cb000 r--s 0001b000 08:08 3279520                    /home/arthur/.gradle/wrapper/dists/gradle-2.2.1-all/6dibv5rcnnqlfbq9klf8imrndn/gradle-2.2.1/lib/gradle-model-core-2.2.1.jar
7fcd5b0cb000-7fcd5b0cc000 r--s 00000000 08:08 3279536                    /home/arthur/.gradle/wrapper/dists/gradle-2.2.1-all/6dibv5rcnnqlfbq9klf8imrndn/gradle-2.2.1/lib/gradle-docs-2.2.1.jar
7fcd5b0cc000-7fcd5b0cd000 r--s 00005000 08:08 3279537                    /home/arthur/.gradle/wrapper/dists/gradle-2.2.1-all/6dibv5rcnnqlfbq9klf8imrndn/gradle-2.2.1/lib/log4j-over-slf4j-1.7.7.jar
7fcd5b0cd000-7fcd5b0d0000 r--s 0001b000 08:08 3279531                    /home/arthur/.gradle/wrapper/dists/gradle-2.2.1-all/6dibv5rcnnqlfbq9klf8imrndn/gradle-2.2.1/lib/jarjar-1.3.jar
7fcd5b0d0000-7fcd5b0d1000 r--s 00000000 08:08 3279529                    /home/arthur/.gradle/wrapper/dists/gradle-2.2.1-all/6dibv5rcnnqlfbq9klf8imrndn/gradle-2.2.1/lib/jcip-annotations-1.0.jar
7fcd5b0d1000-7fcd5b0df000 r--s 0007f000 08:08 3279524                    /home/arthur/.gradle/wrapper/dists/gradle-2.2.1-all/6dibv5rcnnqlfbq9klf8imrndn/gradle-2.2.1/lib/commons-collections-3.2.1.jar
7fcd5b0df000-7fcd5b0e7000 r--s 0003c000 08:08 3279509                    /home/arthur/.gradle/wrapper/dists/gradle-2.2.1-all/6dibv5rcnnqlfbq9klf8imrndn/gradle-2.2.1/lib/gradle-launcher-2.2.1.jar
7fcd5b0e7000-7fcd5b0e8000 r--s 00001000 08:08 3279613                    /home/arthur/.gradle/wrapper/dists/gradle-2.2.1-all/6dibv5rcnnqlfbq9klf8imrndn/gradle-2.2.1/lib/plugins/gradle-plugin-development-2.2.1.jar
7fcd5b0e8000-7fcd5b0ea000 r--s 00002000 08:08 3279612                    /home/arthur/.gradle/wrapper/dists/gradle-2.2.1-all/6dibv5rcnnqlfbq9klf8imrndn/gradle-2.2.1/lib/plugins/gradle-cunit-2.2.1.jar
7fcd5b0ea000-7fcd5b0ef000 r--s 00036000 08:08 3279611                    /home/arthur/.gradle/wrapper/dists/gradle-2.2.1-all/6dibv5rcnnqlfbq9klf8imrndn/gradle-2.2.1/lib/plugins/gradle-ide-native-2.2.1.jar
7fcd5b0ef000-7fcd5b0f4000 r--s 00013000 08:08 3279610                    /home/arthur/.gradle/wrapper/dists/gradle-2.2.1-all/6dibv5rcnnqlfbq9klf8imrndn/gradle-2.2.1/lib/plugins/gradle-language-native-2.2.1.jar
7fcd5b0f4000-7fcd5b0ff000 r--s 0004d000 08:08 3279609                    /home/arthur/.gradle/wrapper/dists/gradle-2.2.1-all/6dibv5rcnnqlfbq9klf8imrndn/gradle-2.2.1/lib/plugins/gradle-platform-native-2.2.1.jar
7fcd5b0ff000-7fcd5b101000 r--s 00008000 08:08 3279608                    /home/arthur/.gradle/wrapper/dists/gradle-2.2.1-all/6dibv5rcnnqlfbq9klf8imrndn/gradle-2.2.1/lib/plugins/gradle-language-groovy-2.2.1.jar
7fcd5b101000-7fcd5b106000 r--s 00022000 08:08 3279607                    /home/arthur/.gradle/wrapper/dists/gradle-2.2.1-all/6dibv5rcnnqlfbq9klf8imrndn/gradle-2.2.1/lib/plugins/gradle-language-java-2.2.1.jar
7fcd5b106000-7fcd5b109000 r--s 00007000 08:08 3279606                    /home/arthur/.gradle/wrapper/dists/gradle-2.2.1-all/6dibv5rcnnqlfbq9klf8imrndn/gradle-2.2.1/lib/plugins/gradle-language-jvm-2.2.1.jar
7fcd5b109000-7fcd5b10c000 r--s 00009000 08:08 3279605                    /home/arthur/.gradle/wrapper/dists/gradle-2.2.1-all/6dibv5rcnnqlfbq9klf8imrndn/gradle-2.2.1/lib/plugins/gradle-platform-jvm-2.2.1.jar
7fcd5b10c000-7fcd5b111000 r--s 00018000 08:08 3279604                    /home/arthur/.gradle/wrapper/dists/gradle-2.2.1-all/6dibv5rcnnqlfbq9klf8imrndn/gradle-2.2.1/lib/plugins/gradle-platform-base-2.2.1.jar
7fcd5b111000-7fcd5b116000 r--s 00026000 08:08 3279603                    /home/arthur/.gradle/wrapper/dists/gradle-2.2.1-all/6dibv5rcnnqlfbq9klf8imrndn/gradle-2.2.1/lib/plugins/gradle-build-init-2.2.1.jar
7fcd5b116000-7fcd5b119000 r--s 0001d000 08:08 3279602                    /home/arthur/.gradle/wrapper/dists/gradle-2.2.1-all/6dibv5rcnnqlfbq9klf8imrndn/gradle-2.2.1/lib/plugins/gradle-jacoco-2.2.1.jar
7fcd5b119000-7fcd5b11c000 r--s 0000d000 08:08 3279601                    /home/arthur/.gradle/wrapper/dists/gradle-2.2.1-all/6dibv5rcnnqlfbq9klf8imrndn/gradle-2.2.1/lib/plugins/gradle-ivy-2.2.1.jar
7fcd5b11c000-7fcd5b11e000 r--s 00002000 08:08 3279600                    /home/arthur/.gradle/wrapper/dists/gradle-2.2.1-all/6dibv5rcnnqlfbq9klf8imrndn/gradle-2.2.1/lib/plugins/gradle-publish-2.2.1.jar
7fcd5b11e000-7fcd5b120000 r--s 00005000 08:08 3279638                    /home/arthur/.gradle/wrapper/dists/gradle-2.2.1-all/6dibv5rcnnqlfbq9klf8imrndn/gradle-2.2.1/lib/plugins/jatl-0.2.2.jar
7fcd5b120000-7fcd5b122000 r--s 0000f000 08:08 3279599                    /home/arthur/.gradle/wrapper/dists/gradle-2.2.1-all/6dibv5rcnnqlfbq9klf8imrndn/gradle-2.2.1/lib/plugins/gradle-reporting-2.2.1.jar
7fcd5b122000-7fcd5b127000 r--s 00034000 08:08 3279598                    /home/arthur/.gradle/wrapper/dists/gradle-2.2.1-all/6dibv5rcnnqlfbq9klf8imrndn/gradle-2.2.1/lib/plugins/gradle-diagnostics-2.2.1.jar
7fcd5b127000-7fcd5b12e000 r--s 00090000 08:08 3279597                    /home/arthur/.gradle/wrapper/dists/gradle-2.2.1-all/6dibv5rcnnqlfbq9klf8imrndn/gradle-2.2.1/lib/plugins/gradle-build-comparison-2.2.1.jar
7fcd5b12e000-7fcd5b135000 r--s 00035000 08:08 3279637                    /home/arthur/.gradle/wrapper/dists/gradle-2.2.1-all/6dibv5rcnnqlfbq9klf8imrndn/gradle-2.2.1/lib/plugins/simple-4.1.21.jar
7fcd5b135000-7fcd5b141000 r--s 00100000 08:08 3279635                    /home/arthur/.gradle/wrapper/dists/gradle-2.2.1-all/6dibv5rcnnqlfbq9klf8imrndn/gradle-2.2.1/lib/plugins/rhino-1.7R3.jar
7fcd5b141000-7fcd5b146000 r--s 0001f000 08:08 3279596                    /home/arthur/.gradle/wrapper/dists/gradle-2.2.1-all/6dibv5rcnnqlfbq9klf8imrndn/gradle-2.2.1/lib/plugins/gradle-javascript-2.2.1.jar
7fcd5b146000-7fcd5b148000 r--s 0000e000 08:08 3279595                    /home/arthur/.gradle/wrapper/dists/gradle-2.2.1-all/6dibv5rcnnqlfbq9klf8imrndn/gradle-2.2.1/lib/plugins/gradle-ear-2.2.1.jar
7fcd5b148000-7fcd5b14c000 r--s 00025000 08:08 3279634                    /home/arthur/.gradle/wrapper/dists/gradle-2.2.1-all/6dibv5rcnnqlfbq9klf8imrndn/gradle-2.2.1/lib/plugins/bcpg-jdk15-1.46.jar
7fcd5b14c000-7fcd5b14f000 r--s 0001d000 08:08 3279594                    /home/arthur/.gradle/wrapper/dists/gradle-2.2.1-all/6dibv5rcnnqlfbq9klf8imrndn/gradle-2.2.1/lib/plugins/gradle-signing-2.2.1.jar
7fcd5b14f000-7fcd5b150000 r--s 00002000 08:08 3279633                    /home/arthur/.gradle/wrapper/dists/gradle-2.2.1-all/6dibv5rcnnqlfbq9klf8imrndn/gradle-2.2.1/lib/plugins/sonar-batch-bootstrapper-2.9.jar
7fcd5b150000-7fcd5b153000 r--s 00018000 08:08 3279593                    /home/arthur/.gradle/wrapper/dists/gradle-2.2.1-all/6dibv5rcnnqlfbq9klf8imrndn/gradle-2.2.1/lib/plugins/gradle-sonar-2.2.1.jar
7fcd5b153000-7fcd5b156000 r--s 00017000 08:08 3279592                    /home/arthur/.gradle/wrapper/dists/gradle-2.2.1-all/6dibv5rcnnqlfbq9klf8imrndn/gradle-2.2.1/lib/plugins/gradle-scala-2.2.1.jar
7fcd5b156000-7fcd5b158000 r--s 0000e000 08:08 3279591                    /home/arthur/.gradle/wrapper/dists/gradle-2.2.1-all/6dibv5rcnnqlfbq9klf8imrndn/gradle-2.2.1/lib/plugins/gradle-announce-2.2.1.jar
7fcd5b158000-7fcd5b159000 r--s 00000000 08:08 3279532                    /home/arthur/.gradle/wrapper/dists/gradle-2.2.1-all/6dibv5rcnnqlfbq9klf8imrndn/gradle-2.2.1/lib/javax.inject-1.jar
7fcd5b159000-7fcd5b167000 r--s 000bc000 08:08 3279590                    /home/arthur/.gradle/wrapper/dists/gradle-2.2.1-all/6dibv5rcnnqlfbq9klf8imrndn/gradle-2.2.1/lib/plugins/gradle-ide-2.2.1.jar
7fcd5b167000-7fcd5b169000 r--s 00000000 08:08 3279632                    /home/arthur/.gradle/wrapper/dists/gradle-2.2.1-all/6dibv5rcnnqlfbq9klf8imrndn/gradle-2.2.1/lib/plugins/plexus-component-annotations-1.5.2.jar
7fcd5b169000-7fcd5b16c000 r--s 0000c000 08:08 3279631                    /home/arthur/.gradle/wrapper/dists/gradle-2.2.1-all/6dibv5rcnnqlfbq9klf8imrndn/gradle-2.2.1/lib/plugins/pmaven-groovy-0.8-20100325.jar
7fcd5b16c000-7fcd5b16d000 r--s 00004000 08:08 3279630                    /home/arthur/.gradle/wrapper/dists/gradle-2.2.1-all/6dibv5rcnnqlfbq9klf8imrndn/gradle-2.2.1/lib/plugins/pmaven-common-0.8-20100325.jar
7fcd5b16d000-7fcd5b171000 r--s 0001e000 08:08 3279589                    /home/arthur/.gradle/wrapper/dists/gradle-2.2.1-all/6dibv5rcnnqlfbq9klf8imrndn/gradle-2.2.1/lib/plugins/gradle-maven-2.2.1.jar
7fcd5b171000-7fcd5b189000 r--s 0013b000 08:08 3279628                    /home/arthur/.gradle/wrapper/dists/gradle-2.2.1-all/6dibv5rcnnqlfbq9klf8imrndn/gradle-2.2.1/lib/plugins/bndlib-2.1.0.jar
7fcd5b189000-7fcd5b18b000 r--s 00004000 08:08 3279588                    /home/arthur/.gradle/wrapper/dists/gradle-2.2.1-all/6dibv5rcnnqlfbq9klf8imrndn/gradle-2.2.1/lib/plugins/gradle-osgi-2.2.1.jar
7fcd5b18b000-7fcd5b18c000 r--s 00005000 08:08 3279510                    /home/arthur/.gradle/wrapper/dists/gradle-2.2.1-all/6dibv5rcnnqlfbq9klf8imrndn/gradle-2.2.1/lib/gradle-wrapper-2.2.1.jar
7fcd5b18c000-7fcd5b191000 r--s 00068000 08:08 3279627                    /home/arthur/.gradle/wrapper/dists/gradle-2.2.1-all/6dibv5rcnnqlfbq9klf8imrndn/gradle-2.2.1/lib/plugins/antlr-2.7.7.jar
7fcd5b191000-7fcd5b192000 r--s 00002000 08:08 3279626                    /home/arthur/.gradle/wrapper/dists/gradle-2.2.1-all/6dibv5rcnnqlfbq9klf8imrndn/gradle-2.2.1/lib/plugins/ant-antlr-1.9.3.jar
7fcd5b192000-7fcd5b194000 r--s 00004000 08:08 3279587                    /home/arthur/.gradle/wrapper/dists/gradle-2.2.1-all/6dibv5rcnnqlfbq9klf8imrndn/gradle-2.2.1/lib/plugins/gradle-antlr-2.2.1.jar
7fcd5b194000-7fcd5b197000 r--s 0001e000 08:08 3279649                    /home/arthur/.gradle/wrapper/dists/gradle-2.2.1-all/6dibv5rcnnqlfbq9klf8imrndn/gradle-2.2.1/lib/plugins/jsp-api-2.1-6.1.14.jar
7fcd5b197000-7fcd5b1ba000 r--s 00344000 08:08 3279648                    /home/arthur/.gradle/wrapper/dists/gradle-2.2.1-all/6dibv5rcnnqlfbq9klf8imrndn/gradle-2.2.1/lib/plugins/core-3.1.1.jar
7fcd5b1ba000-7fcd5b1bb000 r--s 00006000 08:08 3279647                    /home/arthur/.gradle/wrapper/dists/gradle-2.2.1-all/6dibv5rcnnqlfbq9klf8imrndn/gradle-2.2.1/lib/plugins/jetty-naming-6.1.25.jar
7fcd5b1bb000-7fcd5b1bc000 r--s 00002000 08:08 3279625                    /home/arthur/.gradle/wrapper/dists/gradle-2.2.1-all/6dibv5rcnnqlfbq9klf8imrndn/gradle-2.2.1/lib/plugins/geronimo-annotation_1.0_spec-1.0.jar
7fcd5b1bc000-7fcd5b1be000 r--s 00002000 08:08 3279624                    /home/arthur/.gradle/wrapper/dists/gradle-2.2.1-all/6dibv5rcnnqlfbq9klf8imrndn/gradle-2.2.1/lib/plugins/jetty-annotations-6.1.25.jar
7fcd5b1be000-7fcd5b1cf000 r--s 000ea000 08:08 3279623                    /home/arthur/.gradle/wrapper/dists/gradle-2.2.1-all/6dibv5rcnnqlfbq9klf8imrndn/gradle-2.2.1/lib/plugins/jsp-2.1-6.1.14.jar
7fcd5b1cf000-7fcd5b1d1000 r--s 0000d000 08:08 3279622                    /home/arthur/.gradle/wrapper/dists/gradle-2.2.1-all/6dibv5rcnnqlfbq9klf8imrndn/gradle-2.2.1/lib/plugins/jetty-plus-6.1.25.jar
7fcd5b1d1000-7fcd5b1d3000 r--s 0001f000 08:08 3279621                    /home/arthur/.gradle/wrapper/dists/gradle-2.2.1-all/6dibv5rcnnqlfbq9klf8imrndn/gradle-2.2.1/lib/plugins/servlet-api-2.5-20081211.jar
7fcd5b1d3000-7fcd5b1d7000 r--s 00028000 08:08 3279620                    /home/arthur/.gradle/wrapper/dists/gradle-2.2.1-all/6dibv5rcnnqlfbq9klf8imrndn/gradle-2.2.1/lib/plugins/jetty-util-6.1.25.jar
7fcd5b1d7000-7fcd5b1de000 r--s 0007d000 08:08 3279619                    /home/arthur/.gradle/wrapper/dists/gradle-2.2.1-all/6dibv5rcnnqlfbq9klf8imrndn/gradle-2.2.1/lib/plugins/jetty-6.1.25.jar
7fcd5b1de000-7fcd5b1e0000 r--s 00009000 08:08 3279586                    /home/arthur/.gradle/wrapper/dists/gradle-2.2.1-all/6dibv5rcnnqlfbq9klf8imrndn/gradle-2.2.1/lib/plugins/gradle-jetty-2.2.1.jar
7fcd5b1e0000-7fcd5b1e5000 r--s 00041000 08:08 3279585                    /home/arthur/.gradle/wrapper/dists/gradle-2.2.1-all/6dibv5rcnnqlfbq9klf8imrndn/gradle-2.2.1/lib/plugins/gradle-code-quality-2.2.1.jar
7fcd5b1e5000-7fcd5b1eb000 r--s 00033000 08:08 3279646                    /home/arthur/.gradle/wrapper/dists/gradle-2.2.1-all/6dibv5rcnnqlfbq9klf8imrndn/gradle-2.2.1/lib/plugins/snakeyaml-1.6.jar
7fcd5b1eb000-7fcd5b1f0000 r--s 00040000 08:08 3279644                    /home/arthur/.gradle/wrapper/dists/gradle-2.2.1-all/6dibv5rcnnqlfbq9klf8imrndn/gradle-2.2.1/lib/plugins/bsh-2.0b4.jar
7fcd5b1f0000-7fcd5b1f9000 r--s 00089000 08:08 3279617                    /home/arthur/.gradle/wrapper/dists/gradle-2.2.1-all/6dibv5rcnnqlfbq9klf8imrndn/gradle-2.2.1/lib/plugins/testng-6.3.1.jar
7fcd5b1f9000-7fcd5b1ff000 r--s 00036000 08:08 3279616                    /home/arthur/.gradle/wrapper/dists/gradle-2.2.1-all/6dibv5rcnnqlfbq9klf8imrndn/gradle-2.2.1/lib/plugins/junit-4.11.jar
7fcd5b1ff000-7fcd5b204000 r--s 00036000 08:08 3279522                    /home/arthur/.gradle/wrapper/dists/gradle-2.2.1-all/6dibv5rcnnqlfbq9klf8imrndn/gradle-2.2.1/lib/asm-all-5.0.3.jar
7fcd5b204000-7fcd5b223000 r--s 001cc000 08:08 3279523                    /home/arthur/.gradle/wrapper/dists/gradle-2.2.1-all/6dibv5rcnnqlfbq9klf8imrndn/gradle-2.2.1/lib/ant-1.9.3.jar
7fcd5b223000-7fcd5b28e000 r--s 00685000 08:08 3279519                    /home/arthur/.gradle/wrapper/dists/gradle-2.2.1-all/6dibv5rcnnqlfbq9klf8imrndn/gradle-2.2.1/lib/groovy-all-2.3.6.jar
7fcd5b28e000-7fcd5b2a6000 r--s 00115000 08:08 3279655                    /home/arthur/.gradle/wrapper/dists/gradle-2.2.1-all/6dibv5rcnnqlfbq9klf8imrndn/gradle-2.2.1/lib/plugins/xercesImpl-2.9.1.jar
7fcd5b2a6000-7fcd5b2ce000 r--s 00194000 08:08 3279643                    /home/arthur/.gradle/wrapper/dists/gradle-2.2.1-all/6dibv5rcnnqlfbq9klf8imrndn/gradle-2.2.1/lib/plugins/bcprov-jdk15-1.46.jar
7fcd5b2ce000-7fcd5b2d0000 r--s 00009000 08:08 3279657                    /home/arthur/.gradle/wrapper/dists/gradle-2.2.1-all/6dibv5rcnnqlfbq9klf8imrndn/gradle-2.2.1/lib/plugins/hamcrest-core-1.3.jar
7fcd5b2d0000-7fcd5b2d2000 r--s 00006000 08:08 3279645                    /home/arthur/.gradle/wrapper/dists/gradle-2.2.1-all/6dibv5rcnnqlfbq9klf8imrndn/gradle-2.2.1/lib/plugins/jcommander-1.12.jar
7fcd5b2d2000-7fcd5b2de000 r--s 00075000 08:08 3279584                    /home/arthur/.gradle/wrapper/dists/gradle-2.2.1-all/6dibv5rcnnqlfbq9klf8imrndn/gradle-2.2.1/lib/plugins/gradle-plugins-2.2.1.jar
7fcd5b2de000-7fcd5b2e6000 r--s 00028000 08:08 3279656                    /home/arthur/.gradle/wrapper/dists/gradle-2.2.1-all/6dibv5rcnnqlfbq9klf8imrndn/gradle-2.2.1/lib/plugins/xml-apis-1.3.04.jar
7fcd5b2e6000-7fcd5b2ec000 r--s 0005b000 08:08 3279654                    /home/arthur/.gradle/wrapper/dists/gradle-2.2.1-all/6dibv5rcnnqlfbq9klf8imrndn/gradle-2.2.1/lib/plugins/jcifs-1.3.17.jar
7fcd5b2ec000-7fcd5b2f2000 r--s 00031000 08:08 3279653                    /home/arthur/.gradle/wrapper/dists/gradle-2.2.1-all/6dibv5rcnnqlfbq9klf8imrndn/gradle-2.2.1/lib/plugins/httpcore-4.2.2.jar
7fcd5b2f2000-7fcd5b2f3000 ---p 00000000 00:00 0 
7fcd5b2f3000-7fcd5b3f3000 rw-p 00000000 00:00 0                          [stack:26539]
7fcd5b3f3000-7fcd5b3f6000 ---p 00000000 00:00 0 
7fcd5b3f6000-7fcd5b4f4000 rw-p 00000000 00:00 0                          [stack:26538]
7fcd5b4f4000-7fcd5b4f7000 ---p 00000000 00:00 0 
7fcd5b4f7000-7fcd5b5f5000 rw-p 00000000 00:00 0                          [stack:26537]
7fcd5b5f5000-7fcd5b5f8000 ---p 00000000 00:00 0 
7fcd5b5f8000-7fcd5b6f6000 rw-p 00000000 00:00 0                          [stack:26536]
7fcd5b6f6000-7fcd5b6f9000 ---p 00000000 00:00 0 
7fcd5b6f9000-7fcd5b7f7000 rw-p 00000000 00:00 0                          [stack:26535]
7fcd5b7f7000-7fcd5b7fa000 ---p 00000000 00:00 0 
7fcd5b7fa000-7fcd5b8f8000 rw-p 00000000 00:00 0                          [stack:26534]
7fcd5b8f8000-7fcd5b8fa000 r-xp 00000000 08:09 5507450                    /usr/lib64/gconv/ISO8859-1.so
7fcd5b8fa000-7fcd5baf9000 ---p 00002000 08:09 5507450                    /usr/lib64/gconv/ISO8859-1.so
7fcd5baf9000-7fcd5bafa000 r--p 00001000 08:09 5507450                    /usr/lib64/gconv/ISO8859-1.so
7fcd5bafa000-7fcd5bafb000 rw-p 00002000 08:09 5507450                    /usr/lib64/gconv/ISO8859-1.so
7fcd5bafb000-7fcd5bafe000 ---p 00000000 00:00 0 
7fcd5bafe000-7fcd5bbfc000 rw-p 00000000 00:00 0                          [stack:26533]
7fcd5bbfc000-7fcd5bbff000 ---p 00000000 00:00 0 
7fcd5bbff000-7fcd5bcfd000 rw-p 00000000 00:00 0                          [stack:26532]
7fcd5bcfd000-7fcd5bcfe000 ---p 00000000 00:00 0 
7fcd5bcfe000-7fcd5c000000 rw-p 00000000 00:00 0                          [stack:26531]
7fcd5c000000-7fcd5c021000 rw-p 00000000 00:00 0 
7fcd5c021000-7fcd60000000 ---p 00000000 00:00 0 
7fcd60000000-7fcd60021000 rw-p 00000000 00:00 0 
7fcd60021000-7fcd64000000 ---p 00000000 00:00 0 
7fcd64000000-7fcd64021000 rw-p 00000000 00:00 0 
7fcd64021000-7fcd68000000 ---p 00000000 00:00 0 
7fcd68000000-7fcd68002000 r--s 00009000 08:08 3279618                    /home/arthur/.gradle/wrapper/dists/gradle-2.2.1-all/6dibv5rcnnqlfbq9klf8imrndn/gradle-2.2.1/lib/plugins/commons-cli-1.2.jar
7fcd68002000-7fcd68005000 r--s 00011000 08:08 3279614                    /home/arthur/.gradle/wrapper/dists/gradle-2.2.1-all/6dibv5rcnnqlfbq9klf8imrndn/gradle-2.2.1/lib/plugins/gradle-plugin-use-2.2.1.jar
7fcd68005000-7fcd6800b000 r--s 00033000 08:08 3279652                    /home/arthur/.gradle/wrapper/dists/gradle-2.2.1-all/6dibv5rcnnqlfbq9klf8imrndn/gradle-2.2.1/lib/plugins/commons-codec-1.6.jar
7fcd6800b000-7fcd68014000 r--s 00060000 08:08 3279650                    /home/arthur/.gradle/wrapper/dists/gradle-2.2.1-all/6dibv5rcnnqlfbq9klf8imrndn/gradle-2.2.1/lib/plugins/httpclient-4.2.2.jar
7fcd68014000-7fcd6802d000 r--s 00129000 08:08 3279629                    /home/arthur/.gradle/wrapper/dists/gradle-2.2.1-all/6dibv5rcnnqlfbq9klf8imrndn/gradle-2.2.1/lib/plugins/maven-ant-tasks-2.1.3.jar
7fcd6802d000-7fcd6c000000 rw-p 00000000 00:00 0 
7fcd6c000000-7fcd6c021000 rw-p 00000000 00:00 0 
7fcd6c021000-7fcd70000000 ---p 00000000 00:00 0 
7fcd70000000-7fcd70001000 r--s 00004000 08:08 3279545                    /home/arthur/.gradle/wrapper/dists/gradle-2.2.1-all/6dibv5rcnnqlfbq9klf8imrndn/gradle-2.2.1/lib/ant-launcher-1.9.3.jar
7fcd70001000-7fcd70003000 r--s 00003000 08:08 3279538                    /home/arthur/.gradle/wrapper/dists/gradle-2.2.1-all/6dibv5rcnnqlfbq9klf8imrndn/gradle-2.2.1/lib/jcl-over-slf4j-1.7.7.jar
7fcd70003000-7fcd70006000 r--s 0001c000 08:08 3279651                    /home/arthur/.gradle/wrapper/dists/gradle-2.2.1-all/6dibv5rcnnqlfbq9klf8imrndn/gradle-2.2.1/lib/plugins/nekohtml-1.9.14.jar
7fcd70006000-7fcd70008000 r--s 00007000 08:08 3279639                    /home/arthur/.gradle/wrapper/dists/gradle-2.2.1-all/6dibv5rcnnqlfbq9klf8imrndn/gradle-2.2.1/lib/plugins/gradle-resources-http-2.2.1.jar
7fcd70008000-7fcd7000c000 r--s 0001d000 08:08 3279642                    /home/arthur/.gradle/wrapper/dists/gradle-2.2.1-all/6dibv5rcnnqlfbq9klf8imrndn/gradle-2.2.1/lib/plugins/xbean-reflect-3.4.jar
7fcd7000c000-7fcd70011000 r--s 0002a000 08:08 3279636                    /home/arthur/.gradle/wrapper/dists/gradle-2.2.1-all/6dibv5rcnnqlfbq9klf8imrndn/gradle-2.2.1/lib/plugins/gson-2.2.4.jar
7fcd70011000-7fcd70015000 r--s 0003d000 08:08 3279641                    /home/arthur/.gradle/wrapper/dists/gradle-2.2.1-all/6dibv5rcnnqlfbq9klf8imrndn/gradle-2.2.1/lib/plugins/jsch-0.1.51.jar
7fcd70015000-7fcd70024000 r--s 000d9000 08:08 3279640                    /home/arthur/.gradle/wrapper/dists/gradle-2.2.1-all/6dibv5rcnnqlfbq9klf8imrndn/gradle-2.2.1/lib/plugins/ivy-2.2.0.jar
7fcd70024000-7fcd70027000 r--s 00018000 08:08 3279525                    /home/arthur/.gradle/wrapper/dists/gradle-2.2.1-all/6dibv5rcnnqlfbq9klf8imrndn/gradle-2.2.1/lib/commons-io-1.4.jar
7fcd70027000-7fcd7002c000 r--s 00041000 08:08 3279526                    /home/arthur/.gradle/wrapper/dists/gradle-2.2.1-all/6dibv5rcnnqlfbq9klf8imrndn/gradle-2.2.1/lib/commons-lang-2.6.jar
7fcd7002c000-7fcd70030000 r--s 0001e000 08:08 3279583                    /home/arthur/.gradle/wrapper/dists/gradle-2.2.1-all/6dibv5rcnnqlfbq9klf8imrndn/gradle-2.2.1/lib/plugins/jarjar-aether-impl-1.13.1.jar
7fcd70030000-7fcd70033000 r--s 00027000 08:08 3279582                    /home/arthur/.gradle/wrapper/dists/gradle-2.2.1-all/6dibv5rcnnqlfbq9klf8imrndn/gradle-2.2.1/lib/plugins/jarjar-maven-model-3.0.4.jar
7fcd70033000-7fcd70036000 r--s 0000b000 08:08 3279581                    /home/arthur/.gradle/wrapper/dists/gradle-2.2.1-all/6dibv5rcnnqlfbq9klf8imrndn/gradle-2.2.1/lib/plugins/jarjar-maven-artifact-3.0.4.jar
7fcd70036000-7fcd7003a000 r--s 0001e000 08:08 3279580                    /home/arthur/.gradle/wrapper/dists/gradle-2.2.1-all/6dibv5rcnnqlfbq9klf8imrndn/gradle-2.2.1/lib/plugins/jarjar-aether-util-1.13.1.jar
7fcd7003a000-7fcd7003c000 r--s 00007000 08:08 3279579                    /home/arthur/.gradle/wrapper/dists/gradle-2.2.1-all/6dibv5rcnnqlfbq9klf8imrndn/gradle-2.2.1/lib/plugins/jarjar-wagon-http-shared4-2.4.jar
7fcd7003c000-7fcd70049000 r--s 00083000 08:08 3279578                    /home/arthur/.gradle/wrapper/dists/gradle-2.2.1-all/6dibv5rcnnqlfbq9klf8imrndn/gradle-2.2.1/lib/plugins/jarjar-maven-core-3.0.4.jar
7fcd70049000-7fcd7004b000 r--s 00003000 08:08 3279577                    /home/arthur/.gradle/wrapper/dists/gradle-2.2.1-all/6dibv5rcnnqlfbq9klf8imrndn/gradle-2.2.1/lib/plugins/jarjar-aether-spi-1.13.1.jar
7fcd7004b000-7fcd7004d000 r--s 00009000 08:08 3279576                    /home/arthur/.gradle/wrapper/dists/gradle-2.2.1-all/6dibv5rcnnqlfbq9klf8imrndn/gradle-2.2.1/lib/plugins/jarjar-maven-settings-builder-3.0.4.jar
7fcd7004d000-7fcd70051000 r--s 00014000 08:08 3279575                    /home/arthur/.gradle/wrapper/dists/gradle-2.2.1-all/6dibv5rcnnqlfbq9klf8imrndn/gradle-2.2.1/lib/plugins/jarjar-aether-api-1.13.1.jar
7fcd70051000-7fcd70052000 r--s 00002000 08:08 3279574                    /home/arthur/.gradle/wrapper/dists/gradle-2.2.1-all/6dibv5rcnnqlfbq9klf8imrndn/gradle-2.2.1/lib/plugins/jarjar-wagon-http-2.4.jar
7fcd70052000-7fcd70059000 r--s 00042000 08:08 3279573                    /home/arthur/.gradle/wrapper/dists/gradle-2.2.1-all/6dibv5rcnnqlfbq9klf8imrndn/gradle-2.2.1/lib/plugins/jarjar-maven-compat-3.0.4.jar
7fcd70059000-7fcd7005b000 r--s 00006000 08:08 3279572                    /home/arthur/.gradle/wrapper/dists/gradle-2.2.1-all/6dibv5rcnnqlfbq9klf8imrndn/gradle-2.2.1/lib/plugins/jarjar-aether-connector-wagon-1.13.1.jar
7fcd7005b000-7fcd7005d000 r--s 00000000 08:08 3279571                    /home/arthur/.gradle/wrapper/dists/gradle-2.2.1-all/6dibv5rcnnqlfbq9klf8imrndn/gradle-2.2.1/lib/plugins/jarjar-plexus-component-annotations-1.5.5.jar
7fcd7005d000-7fcd7005f000 r--s 00006000 08:08 3279570                    /home/arthur/.gradle/wrapper/dists/gradle-2.2.1-all/6dibv5rcnnqlfbq9klf8imrndn/gradle-2.2.1/lib/plugins/jarjar-plexus-sec-dispatcher-1.3.jar
7fcd7005f000-7fcd70064000 r--s 00022000 08:08 3279569                    /home/arthur/.gradle/wrapper/dists/gradle-2.2.1-all/6dibv5rcnnqlfbq9klf8imrndn/gradle-2.2.1/lib/plugins/jarjar-maven-model-builder-3.0.4.jar
7fcd70064000-7fcd70066000 r--s 0000b000 08:08 3279568                    /home/arthur/.gradle/wrapper/dists/gradle-2.2.1-all/6dibv5rcnnqlfbq9klf8imrndn/gradle-2.2.1/lib/plugins/jarjar-maven-plugin-api-3.0.4.jar
7fcd70066000-7fcd70069000 r--s 0000a000 08:08 3279567                    /home/arthur/.gradle/wrapper/dists/gradle-2.2.1-all/6dibv5rcnnqlfbq9klf8imrndn/gradle-2.2.1/lib/plugins/jarjar-plexus-classworlds-2.4.jar
7fcd70069000-7fcd7006d000 r--s 00035000 08:08 3279566                    /home/arthur/.gradle/wrapper/dists/gradle-2.2.1-all/6dibv5rcnnqlfbq9klf8imrndn/gradle-2.2.1/lib/plugins/jarjar-plexus-utils-2.0.6.jar
7fcd7006d000-7fcd7006f000 r--s 0000e000 08:08 3279565                    /home/arthur/.gradle/wrapper/dists/gradle-2.2.1-all/6dibv5rcnnqlfbq9klf8imrndn/gradle-2.2.1/lib/plugins/jarjar-plexus-interpolation-1.14.jar
7fcd7006f000-7fcd70071000 r--s 00002000 08:08 3279564                    /home/arthur/.gradle/wrapper/dists/gradle-2.2.1-all/6dibv5rcnnqlfbq9klf8imrndn/gradle-2.2.1/lib/plugins/jarjar-plexus-cipher-1.7.jar
7fcd70071000-7fcd70073000 r--s 0000c000 08:08 3279563                    /home/arthur/.gradle/wrapper/dists/gradle-2.2.1-all/6dibv5rcnnqlfbq9klf8imrndn/gradle-2.2.1/lib/plugins/jarjar-wagon-provider-api-2.4.jar
7fcd70073000-7fcd70075000 r--s 0000d000 08:08 3279562                    /home/arthur/.gradle/wrapper/dists/gradle-2.2.1-all/6dibv5rcnnqlfbq9klf8imrndn/gradle-2.2.1/lib/plugins/jarjar-maven-aether-provider-3.0.4.jar
7fcd70075000-7fcd7007d000 r--s 00031000 08:08 3279561                    /home/arthur/.gradle/wrapper/dists/gradle-2.2.1-all/6dibv5rcnnqlfbq9klf8imrndn/gradle-2.2.1/lib/plugins/jarjar-plexus-container-default-1.5.5.jar
7fcd7007d000-7fcd70095000 r--s 000b5000 08:08 3279615                    /home/arthur/.gradle/wrapper/dists/gradle-2.2.1-all/6dibv5rcnnqlfbq9klf8imrndn/gradle-2.2.1/lib/plugins/gradle-dependency-management-2.2.1.jar
7fcd70095000-7fcd700a0000 r--s 0011c000 08:09 5513690                    /usr/lib/jvm/java-1.8.0-openjdk-1.8.0.45-31.b13.fc21.x86_64/jre/lib/ext/localedata.jar
7fcd700a0000-7fcd700c8000 r--s 001cf000 08:08 3279518                    /home/arthur/.gradle/wrapper/dists/gradle-2.2.1-all/6dibv5rcnnqlfbq9klf8imrndn/gradle-2.2.1/lib/guava-jdk5-17.0.jar
7fcd700c8000-7fcd700f9000 r--s 00191000 08:08 3279512                    /home/arthur/.gradle/wrapper/dists/gradle-2.2.1-all/6dibv5rcnnqlfbq9klf8imrndn/gradle-2.2.1/lib/gradle-core-2.2.1.jar
7fcd700f9000-7fcd71000000 rw-p 00000000 00:00 0 
7fcd71000000-7fcd71e70000 rwxp 00000000 00:00 0 
7fcd71e70000-7fcd80000000 ---p 00000000 00:00 0 
7fcd80000000-7fcd80d7f000 rw-p 00000000 00:00 0 
7fcd80d7f000-7fcd84000000 ---p 00000000 00:00 0 
7fcd84000000-7fcd84001000 r--s 00007000 08:08 3279560                    /home/arthur/.gradle/wrapper/dists/gradle-2.2.1-all/6dibv5rcnnqlfbq9klf8imrndn/gradle-2.2.1/lib/plugins/jarjar-maven-repository-metadata-3.0.4.jar
7fcd84001000-7fcd84003000 r--s 00000000 08:08 3279530                    /home/arthur/.gradle/wrapper/dists/gradle-2.2.1-all/6dibv5rcnnqlfbq9klf8imrndn/gradle-2.2.1/lib/jul-to-slf4j-1.7.7.jar
7fcd84003000-7fcd8400d000 r--s 0005d000 08:08 3279527                    /home/arthur/.gradle/wrapper/dists/gradle-2.2.1-all/6dibv5rcnnqlfbq9klf8imrndn/gradle-2.2.1/lib/logback-core-1.0.13.jar
7fcd8400d000-7fcd84013000 r--s 0003b000 08:08 3279528                    /home/arthur/.gradle/wrapper/dists/gradle-2.2.1-all/6dibv5rcnnqlfbq9klf8imrndn/gradle-2.2.1/lib/logback-classic-1.0.13.jar
7fcd84013000-7fcd84015000 r--s 00006000 08:08 3279517                    /home/arthur/.gradle/wrapper/dists/gradle-2.2.1-all/6dibv5rcnnqlfbq9klf8imrndn/gradle-2.2.1/lib/slf4j-api-1.7.7.jar
7fcd84015000-7fcd8401e000 r--s 00039000 08:08 3279534                    /home/arthur/.gradle/wrapper/dists/gradle-2.2.1-all/6dibv5rcnnqlfbq9klf8imrndn/gradle-2.2.1/lib/gradle-messaging-2.2.1.jar
7fcd8401e000-7fcd84020000 r--s 00008000 08:08 3279516                    /home/arthur/.gradle/wrapper/dists/gradle-2.2.1-all/6dibv5rcnnqlfbq9klf8imrndn/gradle-2.2.1/lib/gradle-native-2.2.1.jar
7fcd84020000-7fcd84026000 r--s 00026000 08:08 3279511                    /home/arthur/.gradle/wrapper/dists/gradle-2.2.1-all/6dibv5rcnnqlfbq9klf8imrndn/gradle-2.2.1/lib/gradle-base-services-2.2.1.jar
7fcd84026000-7fcd843fa000 rw-p 00000000 00:00 0 
7fcd843fa000-7fcd845c7000 r--s 043a7000 08:09 5385295                    /usr/lib/jvm/java-1.8.0-openjdk-1.8.0.45-31.b13.fc21.x86_64/jre/lib/rt.jar
7fcd845c7000-7fcd84a0a000 rw-p 00000000 00:00 0 
7fcd84a0a000-7fcd84a0b000 ---p 00000000 00:00 0 
7fcd84a0b000-7fcd84b0b000 rw-p 00000000 00:00 0                          [stack:26529]
7fcd84b0b000-7fcd84b0c000 ---p 00000000 00:00 0 
7fcd84b0c000-7fcd84c0c000 rw-p 00000000 00:00 0                          [stack:26528]
7fcd84c0c000-7fcd84c0d000 ---p 00000000 00:00 0 
7fcd84c0d000-7fcd84d0d000 rw-p 00000000 00:00 0                          [stack:26527]
7fcd84d0d000-7fcd84d0e000 ---p 00000000 00:00 0 
7fcd84d0e000-7fcd84e31000 rw-p 00000000 00:00 0                          [stack:26526]
7fcd84e31000-7fcd85097000 ---p 00000000 00:00 0 
7fcd85097000-7fcd850ba000 rw-p 00000000 00:00 0 
7fcd850ba000-7fcd8531f000 ---p 00000000 00:00 0 
7fcd8531f000-7fcd8540b000 rw-p 00000000 00:00 0 
7fcd8540b000-7fcd85464000 ---p 00000000 00:00 0 
7fcd85464000-7fcd8549f000 rw-p 00000000 00:00 0 
7fcd8549f000-7fcd85825000 ---p 00000000 00:00 0 
7fcd85825000-7fcd8582d000 r-xp 00000000 08:09 5513953                    /usr/lib/jvm/java-1.8.0-openjdk-1.8.0.45-31.b13.fc21.x86_64/jre/lib/amd64/libzip.so
7fcd8582d000-7fcd85a2c000 ---p 00008000 08:09 5513953                    /usr/lib/jvm/java-1.8.0-openjdk-1.8.0.45-31.b13.fc21.x86_64/jre/lib/amd64/libzip.so
7fcd85a2c000-7fcd85a2d000 r--p 00007000 08:09 5513953                    /usr/lib/jvm/java-1.8.0-openjdk-1.8.0.45-31.b13.fc21.x86_64/jre/lib/amd64/libzip.so
7fcd85a2d000-7fcd85a2e000 rw-p 00008000 08:09 5513953                    /usr/lib/jvm/java-1.8.0-openjdk-1.8.0.45-31.b13.fc21.x86_64/jre/lib/amd64/libzip.so
7fcd85a2e000-7fcd85a3a000 r-xp 00000000 08:09 5250213                    /usr/lib64/libnss_files-2.20.so
7fcd85a3a000-7fcd85c39000 ---p 0000c000 08:09 5250213                    /usr/lib64/libnss_files-2.20.so
7fcd85c39000-7fcd85c3a000 r--p 0000b000 08:09 5250213                    /usr/lib64/libnss_files-2.20.so
7fcd85c3a000-7fcd85c3b000 rw-p 0000c000 08:09 5250213                    /usr/lib64/libnss_files-2.20.so
7fcd85c3b000-7fcd85c69000 r-xp 00000000 08:09 5513936                    /usr/lib/jvm/java-1.8.0-openjdk-1.8.0.45-31.b13.fc21.x86_64/jre/lib/amd64/libjava.so
7fcd85c69000-7fcd85e68000 ---p 0002e000 08:09 5513936                    /usr/lib/jvm/java-1.8.0-openjdk-1.8.0.45-31.b13.fc21.x86_64/jre/lib/amd64/libjava.so
7fcd85e68000-7fcd85e69000 r--p 0002d000 08:09 5513936                    /usr/lib/jvm/java-1.8.0-openjdk-1.8.0.45-31.b13.fc21.x86_64/jre/lib/amd64/libjava.so
7fcd85e69000-7fcd85e6b000 rw-p 0002e000 08:09 5513936                    /usr/lib/jvm/java-1.8.0-openjdk-1.8.0.45-31.b13.fc21.x86_64/jre/lib/amd64/libjava.so
7fcd85e6b000-7fcd85e78000 r-xp 00000000 08:09 5513952                    /usr/lib/jvm/java-1.8.0-openjdk-1.8.0.45-31.b13.fc21.x86_64/jre/lib/amd64/libverify.so
7fcd85e78000-7fcd86077000 ---p 0000d000 08:09 5513952                    /usr/lib/jvm/java-1.8.0-openjdk-1.8.0.45-31.b13.fc21.x86_64/jre/lib/amd64/libverify.so
7fcd86077000-7fcd86079000 r--p 0000c000 08:09 5513952                    /usr/lib/jvm/java-1.8.0-openjdk-1.8.0.45-31.b13.fc21.x86_64/jre/lib/amd64/libverify.so
7fcd86079000-7fcd8607a000 rw-p 0000e000 08:09 5513952                    /usr/lib/jvm/java-1.8.0-openjdk-1.8.0.45-31.b13.fc21.x86_64/jre/lib/amd64/libverify.so
7fcd8607a000-7fcd86081000 r-xp 00000000 08:09 5250336                    /usr/lib64/librt-2.20.so
7fcd86081000-7fcd86280000 ---p 00007000 08:09 5250336                    /usr/lib64/librt-2.20.so
7fcd86280000-7fcd86281000 r--p 00006000 08:09 5250336                    /usr/lib64/librt-2.20.so
7fcd86281000-7fcd86282000 rw-p 00007000 08:09 5250336                    /usr/lib64/librt-2.20.so
7fcd86282000-7fcd86298000 r-xp 00000000 08:09 5252902                    /usr/lib64/libgcc_s-4.9.2-20150212.so.1
7fcd86298000-7fcd86497000 ---p 00016000 08:09 5252902                    /usr/lib64/libgcc_s-4.9.2-20150212.so.1
7fcd86497000-7fcd86498000 r--p 00015000 08:09 5252902                    /usr/lib64/libgcc_s-4.9.2-20150212.so.1
7fcd86498000-7fcd86499000 rw-p 00016000 08:09 5252902                    /usr/lib64/libgcc_s-4.9.2-20150212.so.1
7fcd86499000-7fcd865a0000 r-xp 00000000 08:09 5249818                    /usr/lib64/libm-2.20.so
7fcd865a0000-7fcd8679f000 ---p 00107000 08:09 5249818                    /usr/lib64/libm-2.20.so
7fcd8679f000-7fcd867a0000 r--p 00106000 08:09 5249818                    /usr/lib64/libm-2.20.so
7fcd867a0000-7fcd867a1000 rw-p 00107000 08:09 5249818                    /usr/lib64/libm-2.20.so
7fcd867a1000-7fcd86891000 r-xp 00000000 08:09 5250418                    /usr/lib64/libstdc++.so.6.0.20
7fcd86891000-7fcd86a91000 ---p 000f0000 08:09 5250418                    /usr/lib64/libstdc++.so.6.0.20
7fcd86a91000-7fcd86a99000 r--p 000f0000 08:09 5250418                    /usr/lib64/libstdc++.so.6.0.20
7fcd86a99000-7fcd86a9b000 rw-p 000f8000 08:09 5250418                    /usr/lib64/libstdc++.so.6.0.20
7fcd86a9b000-7fcd86ab0000 rw-p 00000000 00:00 0 
7fcd86ab0000-7fcd8770e000 r-xp 00000000 08:09 5513957                    /usr/lib/jvm/java-1.8.0-openjdk-1.8.0.45-31.b13.fc21.x86_64/jre/lib/amd64/server/libjvm.so
7fcd8770e000-7fcd8790d000 ---p 00c5e000 08:09 5513957                    /usr/lib/jvm/java-1.8.0-openjdk-1.8.0.45-31.b13.fc21.x86_64/jre/lib/amd64/server/libjvm.so
7fcd8790d000-7fcd879b0000 r--p 00c5d000 08:09 5513957                    /usr/lib/jvm/java-1.8.0-openjdk-1.8.0.45-31.b13.fc21.x86_64/jre/lib/amd64/server/libjvm.so
7fcd879b0000-7fcd879d9000 rw-p 00d00000 08:09 5513957                    /usr/lib/jvm/java-1.8.0-openjdk-1.8.0.45-31.b13.fc21.x86_64/jre/lib/amd64/server/libjvm.so
7fcd879d9000-7fcd87a08000 rw-p 00000000 00:00 0 
7fcd87a08000-7fcd87bbb000 r-xp 00000000 08:09 5249685                    /usr/lib64/libc-2.20.so
7fcd87bbb000-7fcd87dbb000 ---p 001b3000 08:09 5249685                    /usr/lib64/libc-2.20.so
7fcd87dbb000-7fcd87dbf000 r--p 001b3000 08:09 5249685                    /usr/lib64/libc-2.20.so
7fcd87dbf000-7fcd87dc1000 rw-p 001b7000 08:09 5249685                    /usr/lib64/libc-2.20.so
7fcd87dc1000-7fcd87dc5000 rw-p 00000000 00:00 0 
7fcd87dc5000-7fcd87dc8000 r-xp 00000000 08:09 5249795                    /usr/lib64/libdl-2.20.so
7fcd87dc8000-7fcd87fc7000 ---p 00003000 08:09 5249795                    /usr/lib64/libdl-2.20.so
7fcd87fc7000-7fcd87fc8000 r--p 00002000 08:09 5249795                    /usr/lib64/libdl-2.20.so
7fcd87fc8000-7fcd87fc9000 rw-p 00003000 08:09 5249795                    /usr/lib64/libdl-2.20.so
7fcd87fc9000-7fcd87fd7000 r-xp 00000000 08:09 5513923                    /usr/lib/jvm/java-1.8.0-openjdk-1.8.0.45-31.b13.fc21.x86_64/jre/lib/amd64/jli/libjli.so
7fcd87fd7000-7fcd881d6000 ---p 0000e000 08:09 5513923                    /usr/lib/jvm/java-1.8.0-openjdk-1.8.0.45-31.b13.fc21.x86_64/jre/lib/amd64/jli/libjli.so
7fcd881d6000-7fcd881d7000 r--p 0000d000 08:09 5513923                    /usr/lib/jvm/java-1.8.0-openjdk-1.8.0.45-31.b13.fc21.x86_64/jre/lib/amd64/jli/libjli.so
7fcd881d7000-7fcd881d8000 rw-p 0000e000 08:09 5513923                    /usr/lib/jvm/java-1.8.0-openjdk-1.8.0.45-31.b13.fc21.x86_64/jre/lib/amd64/jli/libjli.so
7fcd881d8000-7fcd881ed000 r-xp 00000000 08:09 5251827                    /usr/lib64/libz.so.1.2.8
7fcd881ed000-7fcd883ec000 ---p 00015000 08:09 5251827                    /usr/lib64/libz.so.1.2.8
7fcd883ec000-7fcd883ed000 r--p 00014000 08:09 5251827                    /usr/lib64/libz.so.1.2.8
7fcd883ed000-7fcd883ee000 rw-p 00015000 08:09 5251827                    /usr/lib64/libz.so.1.2.8
7fcd883ee000-7fcd88405000 r-xp 00000000 08:09 5250217                    /usr/lib64/libpthread-2.20.so
7fcd88405000-7fcd88604000 ---p 00017000 08:09 5250217                    /usr/lib64/libpthread-2.20.so
7fcd88604000-7fcd88605000 r--p 00016000 08:09 5250217                    /usr/lib64/libpthread-2.20.so
7fcd88605000-7fcd88606000 rw-p 00017000 08:09 5250217                    /usr/lib64/libpthread-2.20.so
7fcd88606000-7fcd8860a000 rw-p 00000000 00:00 0 
7fcd8860a000-7fcd8862b000 r-xp 00000000 08:09 5252663                    /usr/lib64/ld-2.20.so
7fcd8862b000-7fcd8862c000 r--s 0000b000 08:08 3279559                    /home/arthur/.gradle/wrapper/dists/gradle-2.2.1-all/6dibv5rcnnqlfbq9klf8imrndn/gradle-2.2.1/lib/plugins/jarjar-maven-settings-3.0.4.jar
7fcd8862c000-7fcd8862e000 r--s 00005000 08:08 3279513                    /home/arthur/.gradle/wrapper/dists/gradle-2.2.1-all/6dibv5rcnnqlfbq9klf8imrndn/gradle-2.2.1/lib/gradle-cli-2.2.1.jar
7fcd8862e000-7fcd88632000 r--s 000ad000 08:09 5385289                    /usr/lib/jvm/java-1.8.0-openjdk-1.8.0.45-31.b13.fc21.x86_64/jre/lib/jsse.jar
7fcd88632000-7fcd88639000 r--s 00000000 08:09 5507513                    /usr/lib64/gconv/gconv-modules.cache
7fcd88639000-7fcd88704000 rw-p 00000000 00:00 0 
7fcd88704000-7fcd88707000 ---p 00000000 00:00 0 
7fcd88707000-7fcd8880a000 rw-p 00000000 00:00 0                          [stack:26523]
7fcd8880a000-7fcd8881f000 r--p 00000000 08:09 399868                     /usr/share/locale/pt_BR/LC_MESSAGES/libc.mo
7fcd8881f000-7fcd88820000 r--s 00001000 08:08 3277453                    /home/arthur/.gradle/caches/2.2.1/workerMain/gradle-worker.jar
7fcd88820000-7fcd88828000 rw-s 00000000 00:23 880505                     /tmp/hsperfdata_arthur/26521
7fcd88828000-7fcd88829000 rw-p 00000000 00:00 0 
7fcd88829000-7fcd8882a000 ---p 00000000 00:00 0 
7fcd8882a000-7fcd8882b000 rw-p 00000000 00:00 0 
7fcd8882b000-7fcd8882c000 r--p 00021000 08:09 5252663                    /usr/lib64/ld-2.20.so
7fcd8882c000-7fcd8882d000 rw-p 00022000 08:09 5252663                    /usr/lib64/ld-2.20.so
7fcd8882d000-7fcd8882e000 rw-p 00000000 00:00 0 
7ffd71412000-7ffd71434000 rw-p 00000000 00:00 0                          [stack]
7ffd71589000-7ffd7158b000 r--p 00000000 00:00 0                          [vvar]
7ffd7158b000-7ffd7158d000 r-xp 00000000 00:00 0                          [vdso]
ffffffffff600000-ffffffffff601000 r-xp 00000000 00:00 0                  [vsyscall]

VM Arguments:
jvm_args: -Djava.security.manager=jarjar.org.gradle.process.internal.child.BootstrapSecurityManager -Dfile.encoding=UTF-8 -Duser.country=BR -Duser.language=pt -Duser.variant -ea 
java_command: jarjar.org.gradle.process.internal.launcher.GradleWorkerMain 'Gradle Test Executor 1'
java_class_path (initial): /home/arthur/.gradle/caches/2.2.1/workerMain/gradle-worker.jar
Launcher Type: SUN_STANDARD

Environment Variables:
JAVA_HOME=/usr/lib/jvm/java-7-oracle
PATH=/usr/bin/node:/usr/lib64/qt-3.3/bin:/usr/local/bin:/usr/local/sbin:/usr/bin:/usr/sbin:/bin:/sbin:/home/arthur/Downloads/android-sdk-linux/platform-tools:/usr/lib/jvm/java-7-oracle:/usr/local/ant/bin:/home/arthur/.local/bin:/home/arthur/bin:/home/arthur/.local/bin:/home/arthur/bin
USERNAME=arthur
LD_LIBRARY_PATH=/home/arthur/android-studio/bin:
SHELL=/bin/bash
DISPLAY=:0

Signal Handlers:
SIGSEGV: [libjvm.so+0xa60550], sa_mask[0]=11111111011111111101111111111110, sa_flags=SA_RESTART|SA_SIGINFO
SIGBUS: [libjvm.so+0xa60550], sa_mask[0]=11111111011111111101111111111110, sa_flags=SA_RESTART|SA_SIGINFO
SIGFPE: [libjvm.so+0x8b5d50], sa_mask[0]=11111111011111111101111111111110, sa_flags=SA_RESTART|SA_SIGINFO
SIGPIPE: [libjvm.so+0x8b5d50], sa_mask[0]=11111111011111111101111111111110, sa_flags=SA_RESTART|SA_SIGINFO
SIGXFSZ: [libjvm.so+0x8b5d50], sa_mask[0]=11111111011111111101111111111110, sa_flags=SA_RESTART|SA_SIGINFO
SIGILL: [libjvm.so+0x8b5d50], sa_mask[0]=11111111011111111101111111111110, sa_flags=SA_RESTART|SA_SIGINFO
SIGUSR1: SIG_DFL, sa_mask[0]=00000000000000000000000000000000, sa_flags=none
SIGUSR2: [libjvm.so+0x8b5c00], sa_mask[0]=00100000000000000000000000000000, sa_flags=SA_RESTART|SA_SIGINFO
SIGHUP: [libjvm.so+0x8b5e10], sa_mask[0]=11111111011111111101111111111110, sa_flags=SA_RESTART|SA_SIGINFO
SIGINT: SIG_IGN, sa_mask[0]=00000000000000000000000000000000, sa_flags=none
SIGTERM: [libjvm.so+0x8b5e10], sa_mask[0]=11111111011111111101111111111110, sa_flags=SA_RESTART|SA_SIGINFO
SIGQUIT: [libjvm.so+0x8b5e10], sa_mask[0]=11111111011111111101111111111110, sa_flags=SA_RESTART|SA_SIGINFO


---------------  S Y S T E M  ---------------

OS:Fedora release 21 (Twenty One)

uname:Linux 3.19.5-200.fc21.x86_64 #1 SMP Mon Apr 20 19:51:56 UTC 2015 x86_64
libc:glibc 2.20 NPTL 2.20 
rlimit: STACK 8192k, CORE 0k, NPROC 4096, NOFILE 4096, AS infinity
load average:2,06 2,04 8,21

/proc/meminfo:
MemTotal:        7964248 kB
MemFree:          129636 kB
MemAvailable:      82468 kB
Buffers:             724 kB
Cached:          1292476 kB
SwapCached:        17692 kB
Active:          6182392 kB
Inactive:        1396200 kB
Active(anon):    6170376 kB
Inactive(anon):  1382972 kB
Active(file):      12016 kB
Inactive(file):    13228 kB
Unevictable:         480 kB
Mlocked:             480 kB
SwapTotal:        975868 kB
SwapFree:              0 kB
Dirty:               256 kB
Writeback:             0 kB
AnonPages:       6270168 kB
Mapped:           174812 kB
Shmem:           1267272 kB
Slab:              98332 kB
SReclaimable:      49356 kB
SUnreclaim:        48976 kB
KernelStack:       12992 kB
PageTables:        71680 kB
NFS_Unstable:          0 kB
Bounce:                0 kB
WritebackTmp:          0 kB
CommitLimit:     4957992 kB
Committed_AS:   16873260 kB
VmallocTotal:   34359738367 kB
VmallocUsed:      378896 kB
VmallocChunk:   34359265964 kB
HardwareCorrupted:     0 kB
AnonHugePages:         0 kB
HugePages_Total:       0
HugePages_Free:        0
HugePages_Rsvd:        0
HugePages_Surp:        0
Hugepagesize:       2048 kB
DirectMap4k:      299876 kB
DirectMap2M:     7874560 kB
DirectMap1G:     1048576 kB


CPU:total 4 (4 cores per cpu, 1 threads per core) family 6 model 60 stepping 3, cmov, cx8, fxsr, mmx, sse, sse2, sse3, ssse3, sse4.1, sse4.2, popcnt, avx, avx2, aes, clmul, erms, lzcnt, tsc, tscinvbit, bmi1, bmi2

/proc/cpuinfo:
processor	: 0
vendor_id	: GenuineIntel
cpu family	: 6
model		: 60
model name	: Intel(R) Core(TM) i5-4570 CPU @ 3.20GHz
stepping	: 3
microcode	: 0x1c
cpu MHz		: 3586.875
cache size	: 6144 KB
physical id	: 0
siblings	: 4
core id		: 0
cpu cores	: 4
apicid		: 0
initial apicid	: 0
fpu		: yes
fpu_exception	: yes
cpuid level	: 13
wp		: yes
flags		: fpu vme de pse tsc msr pae mce cx8 apic sep mtrr pge mca cmov pat pse36 clflush dts acpi mmx fxsr sse sse2 ss ht tm pbe syscall nx pdpe1gb rdtscp lm constant_tsc arch_perfmon pebs bts rep_good nopl xtopology nonstop_tsc aperfmperf eagerfpu pni pclmulqdq dtes64 monitor ds_cpl vmx smx est tm2 ssse3 fma cx16 xtpr pdcm pcid sse4_1 sse4_2 x2apic movbe popcnt tsc_deadline_timer aes xsave avx f16c rdrand lahf_lm abm ida arat epb pln pts dtherm tpr_shadow vnmi flexpriority ept vpid fsgsbase tsc_adjust bmi1 avx2 smep bmi2 erms invpcid xsaveopt
bugs		:
bogomips	: 6385.44
clflush size	: 64
cache_alignment	: 64
address sizes	: 39 bits physical, 48 bits virtual
power management:

processor	: 1
vendor_id	: GenuineIntel
cpu family	: 6
model		: 60
model name	: Intel(R) Core(TM) i5-4570 CPU @ 3.20GHz
stepping	: 3
microcode	: 0x1c
cpu MHz		: 3566.500
cache size	: 6144 KB
physical id	: 0
siblings	: 4
core id		: 1
cpu cores	: 4
apicid		: 2
initial apicid	: 2
fpu		: yes
fpu_exception	: yes
cpuid level	: 13
wp		: yes
flags		: fpu vme de pse tsc msr pae mce cx8 apic sep mtrr pge mca cmov pat pse36 clflush dts acpi mmx fxsr sse sse2 ss ht tm pbe syscall nx pdpe1gb rdtscp lm constant_tsc arch_perfmon pebs bts rep_good nopl xtopology nonstop_tsc aperfmperf eagerfpu pni pclmulqdq dtes64 monitor ds_cpl vmx smx est tm2 ssse3 fma cx16 xtpr pdcm pcid sse4_1 sse4_2 x2apic movbe popcnt tsc_deadline_timer aes xsave avx f16c rdrand lahf_lm abm ida arat epb pln pts dtherm tpr_shadow vnmi flexpriority ept vpid fsgsbase tsc_adjust bmi1 avx2 smep bmi2 erms invpcid xsaveopt
bugs		:
bogomips	: 6385.44
clflush size	: 64
cache_alignment	: 64
address sizes	: 39 bits physical, 48 bits virtual
power management:

processor	: 2
vendor_id	: GenuineIntel
cpu family	: 6
model		: 60
model name	: Intel(R) Core(TM) i5-4570 CPU @ 3.20GHz
stepping	: 3
microcode	: 0x1c
cpu MHz		: 3551.000
cache size	: 6144 KB
physical id	: 0
siblings	: 4
core id		: 2
cpu cores	: 4
apicid		: 4
initial apicid	: 4
fpu		: yes
fpu_exception	: yes
cpuid level	: 13
wp		: yes
flags		: fpu vme de pse tsc msr pae mce cx8 apic sep mtrr pge mca cmov pat pse36 clflush dts acpi mmx fxsr sse sse2 ss ht tm pbe syscall nx pdpe1gb rdtscp lm constant_tsc arch_perfmon pebs bts rep_good nopl xtopology nonstop_tsc aperfmperf eagerfpu pni pclmulqdq dtes64 monitor ds_cpl vmx smx est tm2 ssse3 fma cx16 xtpr pdcm pcid sse4_1 sse4_2 x2apic movbe popcnt tsc_deadline_timer aes xsave avx f16c rdrand lahf_lm abm ida arat epb pln pts dtherm tpr_shadow vnmi flexpriority ept vpid fsgsbase tsc_adjust bmi1 avx2 smep bmi2 erms invpcid xsaveopt
bugs		:
bogomips	: 6385.44
clflush size	: 64
cache_alignment	: 64
address sizes	: 39 bits physical, 48 bits virtual
power management:

processor	: 3
vendor_id	: GenuineIntel
cpu family	: 6
model		: 60
model name	: Intel(R) Core(TM) i5-4570 CPU @ 3.20GHz
stepping	: 3
microcode	: 0x1c
cpu MHz		: 3589.250
cache size	: 6144 KB
physical id	: 0
siblings	: 4
core id		: 3
cpu cores	: 4
apicid		: 6
initial apicid	: 6
fpu		: yes
fpu_exception	: yes
cpuid level	: 13
wp		: yes
flags		: fpu vme de pse tsc msr pae mce cx8 apic sep mtrr pge mca cmov pat pse36 clflush dts acpi mmx fxsr sse sse2 ss ht tm pbe syscall nx pdpe1gb rdtscp lm constant_tsc arch_perfmon pebs bts rep_good nopl xtopology nonstop_tsc aperfmperf eagerfpu pni pclmulqdq dtes64 monitor ds_cpl vmx smx est tm2 ssse3 fma cx16 xtpr pdcm pcid sse4_1 sse4_2 x2apic movbe popcnt tsc_deadline_timer aes xsave avx f16c rdrand lahf_lm abm ida arat epb pln pts dtherm tpr_shadow vnmi flexpriority ept vpid fsgsbase tsc_adjust bmi1 avx2 smep bmi2 erms invpcid xsaveopt
bugs		:
bogomips	: 6385.44
clflush size	: 64
cache_alignment	: 64
address sizes	: 39 bits physical, 48 bits virtual
power management:



Memory: 4k page, physical 7964248k(129636k free), swap 975868k(0k free)

vm_info: OpenJDK 64-Bit Server VM (25.45-b02) for linux-amd64 JRE (1.8.0_45-b13), built on Apr 15 2015 07:21:14 by "mockbuild" with gcc 4.9.2 20150212 (Red Hat 4.9.2-6)

time: Tue May 19 17:13:27 2015
elapsed time: 8 seconds (0d 0h 0m 8s)

